[0.437s] Invoking command in '/home/vd/carla-ros-bridge/catkin_ws/build/mpc_ros': AMENT_PREFIX_PATH=/home/vd/carla-ros-bridge/catkin_ws/install/carla_spawn_objects:/home/vd/carla-ros-bridge/catkin_ws/install/carla_manual_control:/home/vd/carla-ros-bridge/catkin_ws/install/ros_compatibility:/home/vd/carla-ros-bridge/catkin_ws/install/carla_msgs:/home/vd/carla-ros-bridge/catkin_ws/install/carla_common:${AMENT_PREFIX_PATH} CMAKE_PREFIX_PATH=/home/vd/carla-ros-bridge/catkin_ws/install/carla_msgs:${CMAKE_PREFIX_PATH} LD_LIBRARY_PATH=/home/vd/carla-ros-bridge/catkin_ws/install/carla_msgs/lib:/home/vd/microros_test/install/micro_ros_agent/lib:/home/vd/microros_test/install/micro_ros_msgs/lib:/home/vd/ros2_ws/install/rtabmap_slam/lib:/home/vd/ros2_ws/install/rtabmap_odom/lib:/home/vd/ros2_ws/install/rtabmap_util/lib:/home/vd/ros2_ws/install/rtabmap_sync/lib:/home/vd/ros2_ws/install/rtabmap_rviz_plugins/lib:/home/vd/ros2_ws/install/rtabmap_conversions/lib:/home/vd/ros2_ws/install/rtabmap_msgs/lib:/home/vd/ros2_ws/install/rtabmap/lib:/home/vd/ros2_ws/install/realsense2_camera/lib:/home/vd/ros2_ws/install/realsense2_camera_msgs/lib:/home/vd/ros2_ws/install/omnidirectional_controllers/lib:/home/vd/ros2_ws/install/nanosaur_msgs/lib:/home/vd/ros2_ws/install/isaac_ros_visual_slam_interfaces/lib:/home/vd/ros2_ws/install/dynamixel_sdk_custom_interfaces/lib:/home/vd/ros2_ws/install/dynamixel_sdk/lib:/home/vd/yolobot/install/yolov8_msgs/lib:/usr/lib/x86_64-linux-gnu/gazebo-11/plugins:/opt/ros/humble/opt/rviz_ogre_vendor/lib:/opt/ros/humble/lib/x86_64-linux-gnu:/opt/ros/humble/lib:/usr/local/cuda-12.4/lib64::/home/vd/acados/lib PYTHONPATH=/home/vd/carla-ros-bridge/catkin_ws/build/mpc_ros/prefix_override:/usr/lib/python3/dist-packages/colcon_core/task/python/colcon_distutils_commands:/home/vd/carla-ros-bridge/catkin_ws/install/mpc_ros/lib/python3.10/site-packages:/home/vd/carla-ros-bridge/catkin_ws/build/carla_spawn_objects:/home/vd/carla-ros-bridge/catkin_ws/install/carla_spawn_objects/lib/python3.10/site-packages:/home/vd/carla-ros-bridge/catkin_ws/build/carla_manual_control/src:/home/vd/carla-ros-bridge/catkin_ws/install/carla_manual_control/lib/python3.10/site-packages:/home/vd/carla-ros-bridge/catkin_ws/build/ros_compatibility/src:/home/vd/carla-ros-bridge/catkin_ws/install/ros_compatibility/lib/python3.10/site-packages:/home/vd/carla-ros-bridge/catkin_ws/install/carla_msgs/local/lib/python3.10/dist-packages:/home/vd/carla-ros-bridge/catkin_ws/build/carla_common/src:/home/vd/carla-ros-bridge/catkin_ws/install/carla_common/lib/python3.10/site-packages:${PYTHONPATH} /usr/bin/python3 -W ignore:setup.py install is deprecated -W ignore:easy_install command is deprecated setup.py develop --editable --build-directory /home/vd/carla-ros-bridge/catkin_ws/build/mpc_ros/build --no-deps symlink_data
[0.607s] running develop
[0.723s] running egg_info
[0.724s] creating mpc_ros.egg-info
[0.724s] writing mpc_ros.egg-info/PKG-INFO
[0.724s] writing dependency_links to mpc_ros.egg-info/dependency_links.txt
[0.724s] writing entry points to mpc_ros.egg-info/entry_points.txt
[0.724s] writing requirements to mpc_ros.egg-info/requires.txt
[0.724s] writing top-level names to mpc_ros.egg-info/top_level.txt
[0.724s] writing manifest file 'mpc_ros.egg-info/SOURCES.txt'
[0.725s] reading manifest file 'mpc_ros.egg-info/SOURCES.txt'
[0.725s] writing manifest file 'mpc_ros.egg-info/SOURCES.txt'
[0.750s] running build_ext
[0.750s] Creating /home/vd/carla-ros-bridge/catkin_ws/install/mpc_ros/lib/python3.10/site-packages/mpc-ros.egg-link (link to .)
[0.751s] Installing carla_map_visualization script to /home/vd/carla-ros-bridge/catkin_ws/install/mpc_ros/lib/mpc_ros
[0.751s] Installing mpc_Town04_launch script to /home/vd/carla-ros-bridge/catkin_ws/install/mpc_ros/lib/mpc_ros
[0.751s] 
[0.751s] Installed /home/vd/carla-ros-bridge/catkin_ws/build/mpc_ros
[0.751s] running symlink_data
[0.751s] symbolically linking /home/vd/carla-ros-bridge/catkin_ws/build/mpc_ros/package.xml -> /home/vd/carla-ros-bridge/catkin_ws/install/mpc_ros/share/mpc_ros
[0.751s] creating /home/vd/carla-ros-bridge/catkin_ws/install/mpc_ros/share/mpc_ros/launch
[0.751s] symbolically linking /home/vd/carla-ros-bridge/catkin_ws/build/mpc_ros/launch/mpc_Town04.launch.py -> /home/vd/carla-ros-bridge/catkin_ws/install/mpc_ros/share/mpc_ros/launch
[0.751s] creating /home/vd/carla-ros-bridge/catkin_ws/install/mpc_ros/share/mpc_ros/config
[0.751s] symbolically linking /home/vd/carla-ros-bridge/catkin_ws/build/mpc_ros/mpc_ros/config.yaml -> /home/vd/carla-ros-bridge/catkin_ws/install/mpc_ros/share/mpc_ros/config
[0.751s] creating /home/vd/carla-ros-bridge/catkin_ws/install/mpc_ros/share/mpc_ros/configure
[0.751s] symbolically linking /home/vd/carla-ros-bridge/catkin_ws/build/mpc_ros/configure/config.yaml -> /home/vd/carla-ros-bridge/catkin_ws/install/mpc_ros/share/mpc_ros/configure
[0.751s] creating /home/vd/carla-ros-bridge/catkin_ws/install/mpc_ros/share/mpc_ros/resource
[0.751s] symbolically linking /home/vd/carla-ros-bridge/catkin_ws/build/mpc_ros/resource/mpc_ros -> /home/vd/carla-ros-bridge/catkin_ws/install/mpc_ros/share/mpc_ros/resource
[0.771s] Invoked command in '/home/vd/carla-ros-bridge/catkin_ws/build/mpc_ros' returned '0': AMENT_PREFIX_PATH=/home/vd/carla-ros-bridge/catkin_ws/install/carla_spawn_objects:/home/vd/carla-ros-bridge/catkin_ws/install/carla_manual_control:/home/vd/carla-ros-bridge/catkin_ws/install/ros_compatibility:/home/vd/carla-ros-bridge/catkin_ws/install/carla_msgs:/home/vd/carla-ros-bridge/catkin_ws/install/carla_common:${AMENT_PREFIX_PATH} CMAKE_PREFIX_PATH=/home/vd/carla-ros-bridge/catkin_ws/install/carla_msgs:${CMAKE_PREFIX_PATH} LD_LIBRARY_PATH=/home/vd/carla-ros-bridge/catkin_ws/install/carla_msgs/lib:/home/vd/microros_test/install/micro_ros_agent/lib:/home/vd/microros_test/install/micro_ros_msgs/lib:/home/vd/ros2_ws/install/rtabmap_slam/lib:/home/vd/ros2_ws/install/rtabmap_odom/lib:/home/vd/ros2_ws/install/rtabmap_util/lib:/home/vd/ros2_ws/install/rtabmap_sync/lib:/home/vd/ros2_ws/install/rtabmap_rviz_plugins/lib:/home/vd/ros2_ws/install/rtabmap_conversions/lib:/home/vd/ros2_ws/install/rtabmap_msgs/lib:/home/vd/ros2_ws/install/rtabmap/lib:/home/vd/ros2_ws/install/realsense2_camera/lib:/home/vd/ros2_ws/install/realsense2_camera_msgs/lib:/home/vd/ros2_ws/install/omnidirectional_controllers/lib:/home/vd/ros2_ws/install/nanosaur_msgs/lib:/home/vd/ros2_ws/install/isaac_ros_visual_slam_interfaces/lib:/home/vd/ros2_ws/install/dynamixel_sdk_custom_interfaces/lib:/home/vd/ros2_ws/install/dynamixel_sdk/lib:/home/vd/yolobot/install/yolov8_msgs/lib:/usr/lib/x86_64-linux-gnu/gazebo-11/plugins:/opt/ros/humble/opt/rviz_ogre_vendor/lib:/opt/ros/humble/lib/x86_64-linux-gnu:/opt/ros/humble/lib:/usr/local/cuda-12.4/lib64::/home/vd/acados/lib PYTHONPATH=/home/vd/carla-ros-bridge/catkin_ws/build/mpc_ros/prefix_override:/usr/lib/python3/dist-packages/colcon_core/task/python/colcon_distutils_commands:/home/vd/carla-ros-bridge/catkin_ws/install/mpc_ros/lib/python3.10/site-packages:/home/vd/carla-ros-bridge/catkin_ws/build/carla_spawn_objects:/home/vd/carla-ros-bridge/catkin_ws/install/carla_spawn_objects/lib/python3.10/site-packages:/home/vd/carla-ros-bridge/catkin_ws/build/carla_manual_control/src:/home/vd/carla-ros-bridge/catkin_ws/install/carla_manual_control/lib/python3.10/site-packages:/home/vd/carla-ros-bridge/catkin_ws/build/ros_compatibility/src:/home/vd/carla-ros-bridge/catkin_ws/install/ros_compatibility/lib/python3.10/site-packages:/home/vd/carla-ros-bridge/catkin_ws/install/carla_msgs/local/lib/python3.10/dist-packages:/home/vd/carla-ros-bridge/catkin_ws/build/carla_common/src:/home/vd/carla-ros-bridge/catkin_ws/install/carla_common/lib/python3.10/site-packages:${PYTHONPATH} /usr/bin/python3 -W ignore:setup.py install is deprecated -W ignore:easy_install command is deprecated setup.py develop --editable --build-directory /home/vd/carla-ros-bridge/catkin_ws/build/mpc_ros/build --no-deps symlink_data
