[1.097s] Invoking command in '/home/vd/carla-ros-bridge/catkin_ws/build/carla_ros_scenario_runner': AMENT_PREFIX_PATH=/home/vd/carla-ros-bridge/catkin_ws/install/carla_ros_scenario_runner_types:/home/vd/carla-ros-bridge/catkin_ws/install/carla_msgs:/home/vd/carla-ros-bridge/catkin_ws/install/carla_common:${AMENT_PREFIX_PATH} CMAKE_PREFIX_PATH=/home/vd/carla-ros-bridge/catkin_ws/install/carla_ros_scenario_runner_types:/home/vd/carla-ros-bridge/catkin_ws/install/carla_msgs:${CMAKE_PREFIX_PATH} LD_LIBRARY_PATH=/home/vd/carla-ros-bridge/catkin_ws/install/carla_ros_scenario_runner_types/lib:/home/vd/carla-ros-bridge/catkin_ws/install/carla_msgs/lib:/home/vd/microros_test/install/micro_ros_agent/lib:/home/vd/microros_test/install/micro_ros_msgs/lib:/home/vd/ros2_ws/install/rtabmap_slam/lib:/home/vd/ros2_ws/install/rtabmap_odom/lib:/home/vd/ros2_ws/install/rtabmap_util/lib:/home/vd/ros2_ws/install/rtabmap_sync/lib:/home/vd/ros2_ws/install/rtabmap_rviz_plugins/lib:/home/vd/ros2_ws/install/rtabmap_conversions/lib:/home/vd/ros2_ws/install/rtabmap_msgs/lib:/home/vd/ros2_ws/install/rtabmap/lib:/home/vd/ros2_ws/install/realsense2_camera/lib:/home/vd/ros2_ws/install/realsense2_camera_msgs/lib:/home/vd/ros2_ws/install/omnidirectional_controllers/lib:/home/vd/ros2_ws/install/nanosaur_msgs/lib:/home/vd/ros2_ws/install/isaac_ros_visual_slam_interfaces/lib:/home/vd/ros2_ws/install/dynamixel_sdk_custom_interfaces/lib:/home/vd/ros2_ws/install/dynamixel_sdk/lib:/home/vd/yolobot/install/yolov8_msgs/lib:/usr/lib/x86_64-linux-gnu/gazebo-11/plugins:/opt/ros/humble/opt/rviz_ogre_vendor/lib:/opt/ros/humble/lib/x86_64-linux-gnu:/opt/ros/humble/lib:/usr/local/cuda-12.4/lib64:/home/vd/acados/lib PYTHONPATH=/home/vd/carla-ros-bridge/catkin_ws/build/carla_ros_scenario_runner/prefix_override:/usr/lib/python3/dist-packages/colcon_core/task/python/colcon_distutils_commands:/home/vd/carla-ros-bridge/catkin_ws/install/carla_ros_scenario_runner/lib/python3.10/site-packages:/home/vd/carla-ros-bridge/catkin_ws/install/carla_ros_scenario_runner_types/local/lib/python3.10/dist-packages:/home/vd/carla-ros-bridge/catkin_ws/install/carla_msgs/local/lib/python3.10/dist-packages:/home/vd/carla-ros-bridge/catkin_ws/build/carla_common/src:/home/vd/carla-ros-bridge/catkin_ws/install/carla_common/lib/python3.10/site-packages:${PYTHONPATH} /usr/bin/python3 -W ignore:setup.py install is deprecated -W ignore:easy_install command is deprecated setup.py develop --editable --build-directory /home/vd/carla-ros-bridge/catkin_ws/build/carla_ros_scenario_runner/build --no-deps symlink_data
[1.265s] running develop
[1.375s] running egg_info
[1.375s] creating src/carla_ros_scenario_runner.egg-info
[1.375s] writing src/carla_ros_scenario_runner.egg-info/PKG-INFO
[1.376s] writing dependency_links to src/carla_ros_scenario_runner.egg-info/dependency_links.txt
[1.376s] writing entry points to src/carla_ros_scenario_runner.egg-info/entry_points.txt
[1.376s] writing requirements to src/carla_ros_scenario_runner.egg-info/requires.txt
[1.376s] writing top-level names to src/carla_ros_scenario_runner.egg-info/top_level.txt
[1.376s] writing manifest file 'src/carla_ros_scenario_runner.egg-info/SOURCES.txt'
[1.377s] reading manifest file 'src/carla_ros_scenario_runner.egg-info/SOURCES.txt'
[1.377s] writing manifest file 'src/carla_ros_scenario_runner.egg-info/SOURCES.txt'
[1.401s] running build_ext
[1.401s] Creating /home/vd/carla-ros-bridge/catkin_ws/install/carla_ros_scenario_runner/lib/python3.10/site-packages/carla-ros-scenario-runner.egg-link (link to src)
[1.401s] Installing carla_ros_scenario_runner script to /home/vd/carla-ros-bridge/catkin_ws/install/carla_ros_scenario_runner/lib/carla_ros_scenario_runner
[1.402s] 
[1.402s] Installed /home/vd/carla-ros-bridge/catkin_ws/build/carla_ros_scenario_runner/src
[1.402s] running symlink_data
[1.402s] creating /home/vd/carla-ros-bridge/catkin_ws/install/carla_ros_scenario_runner/share/ament_index
[1.402s] creating /home/vd/carla-ros-bridge/catkin_ws/install/carla_ros_scenario_runner/share/ament_index/resource_index
[1.402s] creating /home/vd/carla-ros-bridge/catkin_ws/install/carla_ros_scenario_runner/share/ament_index/resource_index/packages
[1.402s] symbolically linking /home/vd/carla-ros-bridge/catkin_ws/build/carla_ros_scenario_runner/resource/carla_ros_scenario_runner -> /home/vd/carla-ros-bridge/catkin_ws/install/carla_ros_scenario_runner/share/ament_index/resource_index/packages
[1.402s] symbolically linking /home/vd/carla-ros-bridge/catkin_ws/build/carla_ros_scenario_runner/package.xml -> /home/vd/carla-ros-bridge/catkin_ws/install/carla_ros_scenario_runner/share/carla_ros_scenario_runner
[1.402s] symbolically linking /home/vd/carla-ros-bridge/catkin_ws/build/carla_ros_scenario_runner/launch/carla_ros_scenario_runner.launch.py -> /home/vd/carla-ros-bridge/catkin_ws/install/carla_ros_scenario_runner/share/carla_ros_scenario_runner
[1.431s] Invoked command in '/home/vd/carla-ros-bridge/catkin_ws/build/carla_ros_scenario_runner' returned '0': AMENT_PREFIX_PATH=/home/vd/carla-ros-bridge/catkin_ws/install/carla_ros_scenario_runner_types:/home/vd/carla-ros-bridge/catkin_ws/install/carla_msgs:/home/vd/carla-ros-bridge/catkin_ws/install/carla_common:${AMENT_PREFIX_PATH} CMAKE_PREFIX_PATH=/home/vd/carla-ros-bridge/catkin_ws/install/carla_ros_scenario_runner_types:/home/vd/carla-ros-bridge/catkin_ws/install/carla_msgs:${CMAKE_PREFIX_PATH} LD_LIBRARY_PATH=/home/vd/carla-ros-bridge/catkin_ws/install/carla_ros_scenario_runner_types/lib:/home/vd/carla-ros-bridge/catkin_ws/install/carla_msgs/lib:/home/vd/microros_test/install/micro_ros_agent/lib:/home/vd/microros_test/install/micro_ros_msgs/lib:/home/vd/ros2_ws/install/rtabmap_slam/lib:/home/vd/ros2_ws/install/rtabmap_odom/lib:/home/vd/ros2_ws/install/rtabmap_util/lib:/home/vd/ros2_ws/install/rtabmap_sync/lib:/home/vd/ros2_ws/install/rtabmap_rviz_plugins/lib:/home/vd/ros2_ws/install/rtabmap_conversions/lib:/home/vd/ros2_ws/install/rtabmap_msgs/lib:/home/vd/ros2_ws/install/rtabmap/lib:/home/vd/ros2_ws/install/realsense2_camera/lib:/home/vd/ros2_ws/install/realsense2_camera_msgs/lib:/home/vd/ros2_ws/install/omnidirectional_controllers/lib:/home/vd/ros2_ws/install/nanosaur_msgs/lib:/home/vd/ros2_ws/install/isaac_ros_visual_slam_interfaces/lib:/home/vd/ros2_ws/install/dynamixel_sdk_custom_interfaces/lib:/home/vd/ros2_ws/install/dynamixel_sdk/lib:/home/vd/yolobot/install/yolov8_msgs/lib:/usr/lib/x86_64-linux-gnu/gazebo-11/plugins:/opt/ros/humble/opt/rviz_ogre_vendor/lib:/opt/ros/humble/lib/x86_64-linux-gnu:/opt/ros/humble/lib:/usr/local/cuda-12.4/lib64:/home/vd/acados/lib PYTHONPATH=/home/vd/carla-ros-bridge/catkin_ws/build/carla_ros_scenario_runner/prefix_override:/usr/lib/python3/dist-packages/colcon_core/task/python/colcon_distutils_commands:/home/vd/carla-ros-bridge/catkin_ws/install/carla_ros_scenario_runner/lib/python3.10/site-packages:/home/vd/carla-ros-bridge/catkin_ws/install/carla_ros_scenario_runner_types/local/lib/python3.10/dist-packages:/home/vd/carla-ros-bridge/catkin_ws/install/carla_msgs/local/lib/python3.10/dist-packages:/home/vd/carla-ros-bridge/catkin_ws/build/carla_common/src:/home/vd/carla-ros-bridge/catkin_ws/install/carla_common/lib/python3.10/site-packages:${PYTHONPATH} /usr/bin/python3 -W ignore:setup.py install is deprecated -W ignore:easy_install command is deprecated setup.py develop --editable --build-directory /home/vd/carla-ros-bridge/catkin_ws/build/carla_ros_scenario_runner/build --no-deps symlink_data
