[0.946s] Invoking command in '/home/vd/carla-ros-bridge/catkin_ws/build/ros_compatibility': PYTHONPATH=/home/vd/carla-ros-bridge/catkin_ws/build/ros_compatibility/prefix_override:/usr/lib/python3/dist-packages/colcon_core/task/python/colcon_distutils_commands:/home/vd/carla-ros-bridge/catkin_ws/install/ros_compatibility/lib/python3.10/site-packages:${PYTHONPATH} /usr/bin/python3 -W ignore:setup.py install is deprecated -W ignore:easy_install command is deprecated setup.py develop --editable --build-directory /home/vd/carla-ros-bridge/catkin_ws/build/ros_compatibility/build --no-deps symlink_data
[1.109s] running develop
[1.220s] running egg_info
[1.220s] creating src/ros_compatibility.egg-info
[1.220s] writing src/ros_compatibility.egg-info/PKG-INFO
[1.220s] writing dependency_links to src/ros_compatibility.egg-info/dependency_links.txt
[1.220s] writing requirements to src/ros_compatibility.egg-info/requires.txt
[1.220s] writing top-level names to src/ros_compatibility.egg-info/top_level.txt
[1.221s] writing manifest file 'src/ros_compatibility.egg-info/SOURCES.txt'
[1.222s] reading manifest file 'src/ros_compatibility.egg-info/SOURCES.txt'
[1.222s] writing manifest file 'src/ros_compatibility.egg-info/SOURCES.txt'
[1.246s] running build_ext
[1.246s] Creating /home/vd/carla-ros-bridge/catkin_ws/install/ros_compatibility/lib/python3.10/site-packages/ros-compatibility.egg-link (link to src)
[1.246s] 
[1.246s] Installed /home/vd/carla-ros-bridge/catkin_ws/build/ros_compatibility/src
[1.246s] running symlink_data
[1.246s] creating /home/vd/carla-ros-bridge/catkin_ws/install/ros_compatibility/share/ament_index
[1.246s] creating /home/vd/carla-ros-bridge/catkin_ws/install/ros_compatibility/share/ament_index/resource_index
[1.246s] creating /home/vd/carla-ros-bridge/catkin_ws/install/ros_compatibility/share/ament_index/resource_index/packages
[1.246s] symbolically linking /home/vd/carla-ros-bridge/catkin_ws/build/ros_compatibility/resource/ros_compatibility -> /home/vd/carla-ros-bridge/catkin_ws/install/ros_compatibility/share/ament_index/resource_index/packages
[1.247s] symbolically linking /home/vd/carla-ros-bridge/catkin_ws/build/ros_compatibility/package.xml -> /home/vd/carla-ros-bridge/catkin_ws/install/ros_compatibility/share/ros_compatibility
[1.270s] Invoked command in '/home/vd/carla-ros-bridge/catkin_ws/build/ros_compatibility' returned '0': PYTHONPATH=/home/vd/carla-ros-bridge/catkin_ws/build/ros_compatibility/prefix_override:/usr/lib/python3/dist-packages/colcon_core/task/python/colcon_distutils_commands:/home/vd/carla-ros-bridge/catkin_ws/install/ros_compatibility/lib/python3.10/site-packages:${PYTHONPATH} /usr/bin/python3 -W ignore:setup.py install is deprecated -W ignore:easy_install command is deprecated setup.py develop --editable --build-directory /home/vd/carla-ros-bridge/catkin_ws/build/ros_compatibility/build --no-deps symlink_data
