[0.475s] Invoking command in '/home/vd/carla-ros-bridge/catkin_ws/build/carla_ros_bridge': AMENT_PREFIX_PATH=/home/vd/carla-ros-bridge/catkin_ws/install/mpc_ros:/home/vd/carla-ros-bridge/catkin_ws/install/carla_spawn_objects:/home/vd/carla-ros-bridge/catkin_ws/install/carla_manual_control:/home/vd/carla-ros-bridge/catkin_ws/install/ros_compatibility:/home/vd/carla-ros-bridge/catkin_ws/install/carla_msgs:/home/vd/carla-ros-bridge/catkin_ws/install/carla_common:${AMENT_PREFIX_PATH} CMAKE_PREFIX_PATH=/home/vd/carla-ros-bridge/catkin_ws/install/carla_msgs:${CMAKE_PREFIX_PATH} LD_LIBRARY_PATH=/home/vd/carla-ros-bridge/catkin_ws/install/carla_msgs/lib:/home/vd/microros_test/install/micro_ros_agent/lib:/home/vd/microros_test/install/micro_ros_msgs/lib:/home/vd/ros2_ws/install/rtabmap_slam/lib:/home/vd/ros2_ws/install/rtabmap_odom/lib:/home/vd/ros2_ws/install/rtabmap_util/lib:/home/vd/ros2_ws/install/rtabmap_sync/lib:/home/vd/ros2_ws/install/rtabmap_rviz_plugins/lib:/home/vd/ros2_ws/install/rtabmap_conversions/lib:/home/vd/ros2_ws/install/rtabmap_msgs/lib:/home/vd/ros2_ws/install/rtabmap/lib:/home/vd/ros2_ws/install/realsense2_camera/lib:/home/vd/ros2_ws/install/realsense2_camera_msgs/lib:/home/vd/ros2_ws/install/omnidirectional_controllers/lib:/home/vd/ros2_ws/install/nanosaur_msgs/lib:/home/vd/ros2_ws/install/isaac_ros_visual_slam_interfaces/lib:/home/vd/ros2_ws/install/dynamixel_sdk_custom_interfaces/lib:/home/vd/ros2_ws/install/dynamixel_sdk/lib:/home/vd/yolobot/install/yolov8_msgs/lib:/usr/lib/x86_64-linux-gnu/gazebo-11/plugins:/opt/ros/humble/opt/rviz_ogre_vendor/lib:/opt/ros/humble/lib/x86_64-linux-gnu:/opt/ros/humble/lib:/usr/local/cuda-12.4/lib64::/home/vd/acados/lib PYTHONPATH=/home/vd/carla-ros-bridge/catkin_ws/build/carla_ros_bridge/prefix_override:/usr/lib/python3/dist-packages/colcon_core/task/python/colcon_distutils_commands:/home/vd/carla-ros-bridge/catkin_ws/install/carla_ros_bridge/lib/python3.10/site-packages:/home/vd/carla-ros-bridge/catkin_ws/build/mpc_ros:/home/vd/carla-ros-bridge/catkin_ws/install/mpc_ros/lib/python3.10/site-packages:/home/vd/carla-ros-bridge/catkin_ws/build/carla_spawn_objects:/home/vd/carla-ros-bridge/catkin_ws/install/carla_spawn_objects/lib/python3.10/site-packages:/home/vd/carla-ros-bridge/catkin_ws/build/carla_manual_control/src:/home/vd/carla-ros-bridge/catkin_ws/install/carla_manual_control/lib/python3.10/site-packages:/home/vd/carla-ros-bridge/catkin_ws/build/ros_compatibility/src:/home/vd/carla-ros-bridge/catkin_ws/install/ros_compatibility/lib/python3.10/site-packages:/home/vd/carla-ros-bridge/catkin_ws/install/carla_msgs/local/lib/python3.10/dist-packages:/home/vd/carla-ros-bridge/catkin_ws/build/carla_common/src:/home/vd/carla-ros-bridge/catkin_ws/install/carla_common/lib/python3.10/site-packages:${PYTHONPATH} /usr/bin/python3 -W ignore:setup.py install is deprecated -W ignore:easy_install command is deprecated setup.py develop --editable --build-directory /home/vd/carla-ros-bridge/catkin_ws/build/carla_ros_bridge/build --no-deps symlink_data
[0.644s] running develop
[0.767s] running egg_info
[0.767s] creating src/carla_ros_bridge.egg-info
[0.767s] writing src/carla_ros_bridge.egg-info/PKG-INFO
[0.767s] writing dependency_links to src/carla_ros_bridge.egg-info/dependency_links.txt
[0.767s] writing entry points to src/carla_ros_bridge.egg-info/entry_points.txt
[0.767s] writing requirements to src/carla_ros_bridge.egg-info/requires.txt
[0.767s] writing top-level names to src/carla_ros_bridge.egg-info/top_level.txt
[0.767s] writing manifest file 'src/carla_ros_bridge.egg-info/SOURCES.txt'
[0.769s] reading manifest file 'src/carla_ros_bridge.egg-info/SOURCES.txt'
[0.769s] writing manifest file 'src/carla_ros_bridge.egg-info/SOURCES.txt'
[0.795s] running build_ext
[0.795s] Creating /home/vd/carla-ros-bridge/catkin_ws/install/carla_ros_bridge/lib/python3.10/site-packages/carla-ros-bridge.egg-link (link to src)
[0.796s] Installing bridge script to /home/vd/carla-ros-bridge/catkin_ws/install/carla_ros_bridge/lib/carla_ros_bridge
[0.796s] Installing carla_ros_bridge script to /home/vd/carla-ros-bridge/catkin_ws/install/carla_ros_bridge/lib/carla_ros_bridge
[0.796s] 
[0.796s] Installed /home/vd/carla-ros-bridge/catkin_ws/build/carla_ros_bridge/src
[0.796s] running symlink_data
[0.796s] creating /home/vd/carla-ros-bridge/catkin_ws/install/carla_ros_bridge/share/ament_index
[0.797s] creating /home/vd/carla-ros-bridge/catkin_ws/install/carla_ros_bridge/share/ament_index/resource_index
[0.797s] creating /home/vd/carla-ros-bridge/catkin_ws/install/carla_ros_bridge/share/ament_index/resource_index/packages
[0.797s] symbolically linking /home/vd/carla-ros-bridge/catkin_ws/build/carla_ros_bridge/resource/carla_ros_bridge -> /home/vd/carla-ros-bridge/catkin_ws/install/carla_ros_bridge/share/ament_index/resource_index/packages
[0.797s] symbolically linking /home/vd/carla-ros-bridge/catkin_ws/build/carla_ros_bridge/package.xml -> /home/vd/carla-ros-bridge/catkin_ws/install/carla_ros_bridge/share/carla_ros_bridge
[0.797s] symbolically linking /home/vd/carla-ros-bridge/catkin_ws/build/carla_ros_bridge/launch/firetruck_intrusion_with_bridge.launch.py -> /home/vd/carla-ros-bridge/catkin_ws/install/carla_ros_bridge/share/carla_ros_bridge
[0.797s] symbolically linking /home/vd/carla-ros-bridge/catkin_ws/build/carla_ros_bridge/launch/carla_ros_bridge.launch.py -> /home/vd/carla-ros-bridge/catkin_ws/install/carla_ros_bridge/share/carla_ros_bridge
[0.797s] symbolically linking /home/vd/carla-ros-bridge/catkin_ws/build/carla_ros_bridge/launch/run_car_sim_Town04.launch.py -> /home/vd/carla-ros-bridge/catkin_ws/install/carla_ros_bridge/share/carla_ros_bridge
[0.797s] symbolically linking /home/vd/carla-ros-bridge/catkin_ws/build/carla_ros_bridge/launch/carla_ros_bridge_with_example_ego_vehicle.launch.py -> /home/vd/carla-ros-bridge/catkin_ws/install/carla_ros_bridge/share/carla_ros_bridge
[0.797s] creating /home/vd/carla-ros-bridge/catkin_ws/install/carla_ros_bridge/share/carla_ros_bridge/test
[0.797s] symbolically linking /home/vd/carla-ros-bridge/catkin_ws/build/carla_ros_bridge/test/test_objects.json -> /home/vd/carla-ros-bridge/catkin_ws/install/carla_ros_bridge/share/carla_ros_bridge/test
[0.822s] Invoked command in '/home/vd/carla-ros-bridge/catkin_ws/build/carla_ros_bridge' returned '0': AMENT_PREFIX_PATH=/home/vd/carla-ros-bridge/catkin_ws/install/mpc_ros:/home/vd/carla-ros-bridge/catkin_ws/install/carla_spawn_objects:/home/vd/carla-ros-bridge/catkin_ws/install/carla_manual_control:/home/vd/carla-ros-bridge/catkin_ws/install/ros_compatibility:/home/vd/carla-ros-bridge/catkin_ws/install/carla_msgs:/home/vd/carla-ros-bridge/catkin_ws/install/carla_common:${AMENT_PREFIX_PATH} CMAKE_PREFIX_PATH=/home/vd/carla-ros-bridge/catkin_ws/install/carla_msgs:${CMAKE_PREFIX_PATH} LD_LIBRARY_PATH=/home/vd/carla-ros-bridge/catkin_ws/install/carla_msgs/lib:/home/vd/microros_test/install/micro_ros_agent/lib:/home/vd/microros_test/install/micro_ros_msgs/lib:/home/vd/ros2_ws/install/rtabmap_slam/lib:/home/vd/ros2_ws/install/rtabmap_odom/lib:/home/vd/ros2_ws/install/rtabmap_util/lib:/home/vd/ros2_ws/install/rtabmap_sync/lib:/home/vd/ros2_ws/install/rtabmap_rviz_plugins/lib:/home/vd/ros2_ws/install/rtabmap_conversions/lib:/home/vd/ros2_ws/install/rtabmap_msgs/lib:/home/vd/ros2_ws/install/rtabmap/lib:/home/vd/ros2_ws/install/realsense2_camera/lib:/home/vd/ros2_ws/install/realsense2_camera_msgs/lib:/home/vd/ros2_ws/install/omnidirectional_controllers/lib:/home/vd/ros2_ws/install/nanosaur_msgs/lib:/home/vd/ros2_ws/install/isaac_ros_visual_slam_interfaces/lib:/home/vd/ros2_ws/install/dynamixel_sdk_custom_interfaces/lib:/home/vd/ros2_ws/install/dynamixel_sdk/lib:/home/vd/yolobot/install/yolov8_msgs/lib:/usr/lib/x86_64-linux-gnu/gazebo-11/plugins:/opt/ros/humble/opt/rviz_ogre_vendor/lib:/opt/ros/humble/lib/x86_64-linux-gnu:/opt/ros/humble/lib:/usr/local/cuda-12.4/lib64::/home/vd/acados/lib PYTHONPATH=/home/vd/carla-ros-bridge/catkin_ws/build/carla_ros_bridge/prefix_override:/usr/lib/python3/dist-packages/colcon_core/task/python/colcon_distutils_commands:/home/vd/carla-ros-bridge/catkin_ws/install/carla_ros_bridge/lib/python3.10/site-packages:/home/vd/carla-ros-bridge/catkin_ws/build/mpc_ros:/home/vd/carla-ros-bridge/catkin_ws/install/mpc_ros/lib/python3.10/site-packages:/home/vd/carla-ros-bridge/catkin_ws/build/carla_spawn_objects:/home/vd/carla-ros-bridge/catkin_ws/install/carla_spawn_objects/lib/python3.10/site-packages:/home/vd/carla-ros-bridge/catkin_ws/build/carla_manual_control/src:/home/vd/carla-ros-bridge/catkin_ws/install/carla_manual_control/lib/python3.10/site-packages:/home/vd/carla-ros-bridge/catkin_ws/build/ros_compatibility/src:/home/vd/carla-ros-bridge/catkin_ws/install/ros_compatibility/lib/python3.10/site-packages:/home/vd/carla-ros-bridge/catkin_ws/install/carla_msgs/local/lib/python3.10/dist-packages:/home/vd/carla-ros-bridge/catkin_ws/build/carla_common/src:/home/vd/carla-ros-bridge/catkin_ws/install/carla_common/lib/python3.10/site-packages:${PYTHONPATH} /usr/bin/python3 -W ignore:setup.py install is deprecated -W ignore:easy_install command is deprecated setup.py develop --editable --build-directory /home/vd/carla-ros-bridge/catkin_ws/build/carla_ros_bridge/build --no-deps symlink_data
