running develop
running egg_info
creating src/rqt_carla_control.egg-info
writing src/rqt_carla_control.egg-info/PKG-INFO
writing dependency_links to src/rqt_carla_control.egg-info/dependency_links.txt
writing requirements to src/rqt_carla_control.egg-info/requires.txt
writing top-level names to src/rqt_carla_control.egg-info/top_level.txt
writing manifest file 'src/rqt_carla_control.egg-info/SOURCES.txt'
reading manifest file 'src/rqt_carla_control.egg-info/SOURCES.txt'
writing manifest file 'src/rqt_carla_control.egg-info/SOURCES.txt'
running build_ext
Creating /home/vd/carla-ros-bridge/catkin_ws/install/rqt_carla_control/lib/python3.10/site-packages/rqt-carla-control.egg-link (link to src)
Installing rqt_carla_control script to /home/vd/carla-ros-bridge/catkin_ws/install/rqt_carla_control/lib/rqt_carla_control

Installed /home/vd/carla-ros-bridge/catkin_ws/build/rqt_carla_control/src
running symlink_data
creating /home/vd/carla-ros-bridge/catkin_ws/install/rqt_carla_control/share/ament_index
creating /home/vd/carla-ros-bridge/catkin_ws/install/rqt_carla_control/share/ament_index/resource_index
creating /home/vd/carla-ros-bridge/catkin_ws/install/rqt_carla_control/share/ament_index/resource_index/packages
symbolically linking /home/vd/carla-ros-bridge/catkin_ws/build/rqt_carla_control/resource/rqt_carla_control -> /home/vd/carla-ros-bridge/catkin_ws/install/rqt_carla_control/share/ament_index/resource_index/packages
symbolically linking /home/vd/carla-ros-bridge/catkin_ws/build/rqt_carla_control/package.xml -> /home/vd/carla-ros-bridge/catkin_ws/install/rqt_carla_control/share/rqt_carla_control
symbolically linking /home/vd/carla-ros-bridge/catkin_ws/build/rqt_carla_control/plugin.xml -> /home/vd/carla-ros-bridge/catkin_ws/install/rqt_carla_control/share/rqt_carla_control
creating /home/vd/carla-ros-bridge/catkin_ws/install/rqt_carla_control/share/rqt_carla_control/resource
symbolically linking /home/vd/carla-ros-bridge/catkin_ws/build/rqt_carla_control/resource/CarlaControl.ui -> /home/vd/carla-ros-bridge/catkin_ws/install/rqt_carla_control/share/rqt_carla_control/resource
symbolically linking /home/vd/carla-ros-bridge/catkin_ws/build/rqt_carla_control/resource/pause.png -> /home/vd/carla-ros-bridge/catkin_ws/install/rqt_carla_control/share/rqt_carla_control/resource
symbolically linking /home/vd/carla-ros-bridge/catkin_ws/build/rqt_carla_control/resource/play.png -> /home/vd/carla-ros-bridge/catkin_ws/install/rqt_carla_control/share/rqt_carla_control/resource
symbolically linking /home/vd/carla-ros-bridge/catkin_ws/build/rqt_carla_control/resource/step_once.png -> /home/vd/carla-ros-bridge/catkin_ws/install/rqt_carla_control/share/rqt_carla_control/resource
