[0.942s] Invoking command in '/home/vd/carla-ros-bridge/catkin_ws/build/rqt_carla_control': PYTHONPATH=/home/vd/carla-ros-bridge/catkin_ws/build/rqt_carla_control/prefix_override:/usr/lib/python3/dist-packages/colcon_core/task/python/colcon_distutils_commands:/home/vd/carla-ros-bridge/catkin_ws/install/rqt_carla_control/lib/python3.10/site-packages:${PYTHONPATH} /usr/bin/python3 -W ignore:setup.py install is deprecated -W ignore:easy_install command is deprecated setup.py develop --editable --build-directory /home/vd/carla-ros-bridge/catkin_ws/build/rqt_carla_control/build --no-deps symlink_data
[1.100s] running develop
[1.211s] running egg_info
[1.211s] creating src/rqt_carla_control.egg-info
[1.211s] writing src/rqt_carla_control.egg-info/PKG-INFO
[1.211s] writing dependency_links to src/rqt_carla_control.egg-info/dependency_links.txt
[1.211s] writing requirements to src/rqt_carla_control.egg-info/requires.txt
[1.211s] writing top-level names to src/rqt_carla_control.egg-info/top_level.txt
[1.211s] writing manifest file 'src/rqt_carla_control.egg-info/SOURCES.txt'
[1.212s] reading manifest file 'src/rqt_carla_control.egg-info/SOURCES.txt'
[1.212s] writing manifest file 'src/rqt_carla_control.egg-info/SOURCES.txt'
[1.236s] running build_ext
[1.236s] Creating /home/vd/carla-ros-bridge/catkin_ws/install/rqt_carla_control/lib/python3.10/site-packages/rqt-carla-control.egg-link (link to src)
[1.237s] Installing rqt_carla_control script to /home/vd/carla-ros-bridge/catkin_ws/install/rqt_carla_control/lib/rqt_carla_control
[1.237s] 
[1.237s] Installed /home/vd/carla-ros-bridge/catkin_ws/build/rqt_carla_control/src
[1.237s] running symlink_data
[1.237s] creating /home/vd/carla-ros-bridge/catkin_ws/install/rqt_carla_control/share/ament_index
[1.237s] creating /home/vd/carla-ros-bridge/catkin_ws/install/rqt_carla_control/share/ament_index/resource_index
[1.238s] creating /home/vd/carla-ros-bridge/catkin_ws/install/rqt_carla_control/share/ament_index/resource_index/packages
[1.238s] symbolically linking /home/vd/carla-ros-bridge/catkin_ws/build/rqt_carla_control/resource/rqt_carla_control -> /home/vd/carla-ros-bridge/catkin_ws/install/rqt_carla_control/share/ament_index/resource_index/packages
[1.238s] symbolically linking /home/vd/carla-ros-bridge/catkin_ws/build/rqt_carla_control/package.xml -> /home/vd/carla-ros-bridge/catkin_ws/install/rqt_carla_control/share/rqt_carla_control
[1.238s] symbolically linking /home/vd/carla-ros-bridge/catkin_ws/build/rqt_carla_control/plugin.xml -> /home/vd/carla-ros-bridge/catkin_ws/install/rqt_carla_control/share/rqt_carla_control
[1.238s] creating /home/vd/carla-ros-bridge/catkin_ws/install/rqt_carla_control/share/rqt_carla_control/resource
[1.238s] symbolically linking /home/vd/carla-ros-bridge/catkin_ws/build/rqt_carla_control/resource/CarlaControl.ui -> /home/vd/carla-ros-bridge/catkin_ws/install/rqt_carla_control/share/rqt_carla_control/resource
[1.238s] symbolically linking /home/vd/carla-ros-bridge/catkin_ws/build/rqt_carla_control/resource/pause.png -> /home/vd/carla-ros-bridge/catkin_ws/install/rqt_carla_control/share/rqt_carla_control/resource
[1.238s] symbolically linking /home/vd/carla-ros-bridge/catkin_ws/build/rqt_carla_control/resource/play.png -> /home/vd/carla-ros-bridge/catkin_ws/install/rqt_carla_control/share/rqt_carla_control/resource
[1.238s] symbolically linking /home/vd/carla-ros-bridge/catkin_ws/build/rqt_carla_control/resource/step_once.png -> /home/vd/carla-ros-bridge/catkin_ws/install/rqt_carla_control/share/rqt_carla_control/resource
[1.262s] Invoked command in '/home/vd/carla-ros-bridge/catkin_ws/build/rqt_carla_control' returned '0': PYTHONPATH=/home/vd/carla-ros-bridge/catkin_ws/build/rqt_carla_control/prefix_override:/usr/lib/python3/dist-packages/colcon_core/task/python/colcon_distutils_commands:/home/vd/carla-ros-bridge/catkin_ws/install/rqt_carla_control/lib/python3.10/site-packages:${PYTHONPATH} /usr/bin/python3 -W ignore:setup.py install is deprecated -W ignore:easy_install command is deprecated setup.py develop --editable --build-directory /home/vd/carla-ros-bridge/catkin_ws/build/rqt_carla_control/build --no-deps symlink_data
