[0.949s] Invoking command in '/home/vd/carla-ros-bridge/catkin_ws/build/carla_twist_to_control': PYTHONPATH=/home/vd/carla-ros-bridge/catkin_ws/build/carla_twist_to_control/prefix_override:/usr/lib/python3/dist-packages/colcon_core/task/python/colcon_distutils_commands:/home/vd/carla-ros-bridge/catkin_ws/install/carla_twist_to_control/lib/python3.10/site-packages:${PYTHONPATH} /usr/bin/python3 -W ignore:setup.py install is deprecated -W ignore:easy_install command is deprecated setup.py develop --editable --build-directory /home/vd/carla-ros-bridge/catkin_ws/build/carla_twist_to_control/build --no-deps symlink_data
[1.108s] running develop
[1.219s] running egg_info
[1.219s] creating src/carla_twist_to_control.egg-info
[1.219s] writing src/carla_twist_to_control.egg-info/PKG-INFO
[1.219s] writing dependency_links to src/carla_twist_to_control.egg-info/dependency_links.txt
[1.219s] writing entry points to src/carla_twist_to_control.egg-info/entry_points.txt
[1.219s] writing requirements to src/carla_twist_to_control.egg-info/requires.txt
[1.219s] writing top-level names to src/carla_twist_to_control.egg-info/top_level.txt
[1.219s] writing manifest file 'src/carla_twist_to_control.egg-info/SOURCES.txt'
[1.220s] reading manifest file 'src/carla_twist_to_control.egg-info/SOURCES.txt'
[1.221s] writing manifest file 'src/carla_twist_to_control.egg-info/SOURCES.txt'
[1.246s] running build_ext
[1.246s] Creating /home/vd/carla-ros-bridge/catkin_ws/install/carla_twist_to_control/lib/python3.10/site-packages/carla-twist-to-control.egg-link (link to src)
[1.246s] Installing carla_twist_to_control script to /home/vd/carla-ros-bridge/catkin_ws/install/carla_twist_to_control/lib/carla_twist_to_control
[1.247s] 
[1.247s] Installed /home/vd/carla-ros-bridge/catkin_ws/build/carla_twist_to_control/src
[1.247s] running symlink_data
[1.247s] creating /home/vd/carla-ros-bridge/catkin_ws/install/carla_twist_to_control/share/ament_index
[1.247s] creating /home/vd/carla-ros-bridge/catkin_ws/install/carla_twist_to_control/share/ament_index/resource_index
[1.247s] creating /home/vd/carla-ros-bridge/catkin_ws/install/carla_twist_to_control/share/ament_index/resource_index/packages
[1.247s] symbolically linking /home/vd/carla-ros-bridge/catkin_ws/build/carla_twist_to_control/resource/carla_twist_to_control -> /home/vd/carla-ros-bridge/catkin_ws/install/carla_twist_to_control/share/ament_index/resource_index/packages
[1.247s] symbolically linking /home/vd/carla-ros-bridge/catkin_ws/build/carla_twist_to_control/package.xml -> /home/vd/carla-ros-bridge/catkin_ws/install/carla_twist_to_control/share/carla_twist_to_control
[1.247s] symbolically linking /home/vd/carla-ros-bridge/catkin_ws/build/carla_twist_to_control/launch/carla_twist_to_control.launch.py -> /home/vd/carla-ros-bridge/catkin_ws/install/carla_twist_to_control/share/carla_twist_to_control
[1.275s] Invoked command in '/home/vd/carla-ros-bridge/catkin_ws/build/carla_twist_to_control' returned '0': PYTHONPATH=/home/vd/carla-ros-bridge/catkin_ws/build/carla_twist_to_control/prefix_override:/usr/lib/python3/dist-packages/colcon_core/task/python/colcon_distutils_commands:/home/vd/carla-ros-bridge/catkin_ws/install/carla_twist_to_control/lib/python3.10/site-packages:${PYTHONPATH} /usr/bin/python3 -W ignore:setup.py install is deprecated -W ignore:easy_install command is deprecated setup.py develop --editable --build-directory /home/vd/carla-ros-bridge/catkin_ws/build/carla_twist_to_control/build --no-deps symlink_data
