[0.958s] Invoking command in '/home/vd/carla-ros-bridge/catkin_ws/build/carla_common': PYTHONPATH=/home/vd/carla-ros-bridge/catkin_ws/build/carla_common/prefix_override:/usr/lib/python3/dist-packages/colcon_core/task/python/colcon_distutils_commands:/home/vd/carla-ros-bridge/catkin_ws/install/carla_common/lib/python3.10/site-packages:${PYTHONPATH} /usr/bin/python3 -W ignore:setup.py install is deprecated -W ignore:easy_install command is deprecated setup.py develop --editable --build-directory /home/vd/carla-ros-bridge/catkin_ws/build/carla_common/build --no-deps symlink_data
[1.118s] running develop
[1.229s] running egg_info
[1.229s] creating src/carla_common.egg-info
[1.229s] writing src/carla_common.egg-info/PKG-INFO
[1.229s] writing dependency_links to src/carla_common.egg-info/dependency_links.txt
[1.229s] writing requirements to src/carla_common.egg-info/requires.txt
[1.229s] writing top-level names to src/carla_common.egg-info/top_level.txt
[1.229s] writing manifest file 'src/carla_common.egg-info/SOURCES.txt'
[1.230s] reading manifest file 'src/carla_common.egg-info/SOURCES.txt'
[1.230s] writing manifest file 'src/carla_common.egg-info/SOURCES.txt'
[1.255s] running build_ext
[1.255s] Creating /home/vd/carla-ros-bridge/catkin_ws/install/carla_common/lib/python3.10/site-packages/carla-common.egg-link (link to src)
[1.256s] 
[1.256s] Installed /home/vd/carla-ros-bridge/catkin_ws/build/carla_common/src
[1.256s] running symlink_data
[1.256s] creating /home/vd/carla-ros-bridge/catkin_ws/install/carla_common/share/ament_index
[1.256s] creating /home/vd/carla-ros-bridge/catkin_ws/install/carla_common/share/ament_index/resource_index
[1.256s] creating /home/vd/carla-ros-bridge/catkin_ws/install/carla_common/share/ament_index/resource_index/packages
[1.256s] symbolically linking /home/vd/carla-ros-bridge/catkin_ws/build/carla_common/resource/carla_common -> /home/vd/carla-ros-bridge/catkin_ws/install/carla_common/share/ament_index/resource_index/packages
[1.256s] symbolically linking /home/vd/carla-ros-bridge/catkin_ws/build/carla_common/package.xml -> /home/vd/carla-ros-bridge/catkin_ws/install/carla_common/share/carla_common
[1.281s] Invoked command in '/home/vd/carla-ros-bridge/catkin_ws/build/carla_common' returned '0': PYTHONPATH=/home/vd/carla-ros-bridge/catkin_ws/build/carla_common/prefix_override:/usr/lib/python3/dist-packages/colcon_core/task/python/colcon_distutils_commands:/home/vd/carla-ros-bridge/catkin_ws/install/carla_common/lib/python3.10/site-packages:${PYTHONPATH} /usr/bin/python3 -W ignore:setup.py install is deprecated -W ignore:easy_install command is deprecated setup.py develop --editable --build-directory /home/vd/carla-ros-bridge/catkin_ws/build/carla_common/build --no-deps symlink_data
