[0.012s] Invoking command in '/home/vd/carla-ros-bridge/catkin_ws/build/carla_ackermann_msgs': CMAKE_PREFIX_PATH=/home/vd/carla-ros-bridge/catkin_ws/install/carla_msgs:/home/vd/carla-ros-bridge/catkin_ws/install/pcl_recorder:/home/vd/carla-ros-bridge/catkin_ws/install/carla_ad_demo:/home/vd/carla-ros-bridge/catkin_ws/install/rviz_carla_plugin:/home/vd/carla-ros-bridge/catkin_ws/install/carla_waypoint_types:/home/vd/carla-ros-bridge/catkin_ws/install/carla_ros_scenario_runner_types:/home/vd/carla-ros-bridge/catkin_ws/install/carla_ackermann_msgs:/home/vd/microros_test/install/micro_ros_setup:/home/vd/microros_test/install/micro_ros_agent:/home/vd/microros_test/install/micro_ros_msgs:/home/vd/ros2_ws/install/rtabmap_ros:/home/vd/ros2_ws/install/rtabmap_demos:/home/vd/ros2_ws/install/turtlebot3_gazebo:/home/vd/ros2_ws/install/rtabmap_launch:/home/vd/ros2_ws/install/rtabmap_examples:/home/vd/ros2_ws/install/rtabmap_viz:/home/vd/ros2_ws/install/rtabmap_slam:/home/vd/ros2_ws/install/rtabmap_odom:/home/vd/ros2_ws/install/rtabmap_util:/home/vd/ros2_ws/install/rtabmap_sync:/home/vd/ros2_ws/install/rtabmap_rviz_plugins:/home/vd/ros2_ws/install/rtabmap_conversions:/home/vd/carla-ros-bridge/catkin_ws/install/carla_ackermann_control:/home/vd/carla-ros-bridge/catkin_ws/install/carla_ros_bridge:/home/vd/carla-ros-bridge/catkin_ws/install/mpc_ros:/home/vd/carla-ros-bridge/catkin_ws/install/rqt_carla_control:/home/vd/carla-ros-bridge/catkin_ws/install/carla_waypoint_publisher:/home/vd/carla-ros-bridge/catkin_ws/install/carla_spawn_objects:/home/vd/carla-ros-bridge/catkin_ws/install/carla_manual_control:/home/vd/carla-ros-bridge/catkin_ws/install/carla_ad_agent:/home/vd/carla-ros-bridge/catkin_ws/install/ros_compatibility:/home/vd/carla-ros-bridge/catkin_ws/install/carla_walker_agent:/home/vd/carla-ros-bridge/catkin_ws/install/carla_twist_to_control:/home/vd/carla-ros-bridge/catkin_ws/install/carla_ros_scenario_runner:/home/vd/carla-ros-bridge/catkin_ws/install/carla_common:/home/vd/microros_test/install/ackerman_commando:/home/vd/ros2_ws/install/rtabmap_python:/home/vd/ros2_ws/install/robot_math:/home/vd/ros2_ws/install/my_robot_controller:/home/vd/ros2_ws/install/isaac_ros_test:/home/vd/turtlebot3_ws/install/turtlebot3_teleop:/home/vd/turtlebot3_ws/install/turtlebot3_example:/opt/ros/humble:/home/vd/ros2_ws/install/rtabmap_msgs:/home/vd/ros2_ws/install/rtabmap:/home/vd/ros2_ws/install/realsense2_description:/home/vd/ros2_ws/install/realsense2_camera:/home/vd/ros2_ws/install/realsense2_camera_msgs:/home/vd/ros2_ws/install/point_cloud_perception:/home/vd/ros2_ws/install/omnidirectional_controllers:/home/vd/ros2_ws/install/nvidia_kaya:/home/vd/ros2_ws/install/nodes:/home/vd/ros2_ws/install/navigation_tb3:/home/vd/ros2_ws/install/nanosaur_perception:/home/vd/ros2_ws/install/nanosaur:/home/vd/ros2_ws/install/nanosaur_msgs:/home/vd/ros2_ws/install/nanosaur_description:/home/vd/ros2_ws/install/nanosaur_control:/home/vd/ros2_ws/install/my_package:/home/vd/ros2_ws/install/isaac_ros_visual_slam_interfaces:/home/vd/ros2_ws/install/dynamixel_sdk_examples:/home/vd/ros2_ws/install/dynamixel_sdk_custom_interfaces:/home/vd/ros2_ws/install/dynamixel_sdk:/home/vd/ros2_ws/install/articubot_one:/home/vd/turtlebot3_ws/install/turtlebot3:/home/vd/turtlebot3_ws/install/turtlebot3_bringup:/home/vd/turtlebot3_ws/install/turtlebot3_node:/home/vd/turtlebot3_ws/install/turtlebot3_description:/home/vd/turtlebot3_ws/install/ld08_driver:/home/vd/yolobot/install/yolov8_msgs:/home/vd/yolobot/install/yolobot_recognition:/home/vd/yolobot/install/yolobot_gazebo:/home/vd/yolobot/install/yolobot_description:/home/vd/yolobot/install/yolobot_control LD_LIBRARY_PATH=/home/vd/carla-ros-bridge/catkin_ws/install/carla_msgs/lib:/home/vd/carla-ros-bridge/catkin_ws/install/rviz_carla_plugin/lib:/home/vd/carla-ros-bridge/catkin_ws/install/carla_waypoint_types/lib:/home/vd/carla-ros-bridge/catkin_ws/install/carla_ros_scenario_runner_types/lib:/home/vd/carla-ros-bridge/catkin_ws/install/carla_ackermann_msgs/lib:/home/vd/microros_test/install/micro_ros_agent/lib:/home/vd/microros_test/install/micro_ros_msgs/lib:/home/vd/ros2_ws/install/rtabmap_slam/lib:/home/vd/ros2_ws/install/rtabmap_odom/lib:/home/vd/ros2_ws/install/rtabmap_util/lib:/home/vd/ros2_ws/install/rtabmap_sync/lib:/home/vd/ros2_ws/install/rtabmap_rviz_plugins/lib:/home/vd/ros2_ws/install/rtabmap_conversions/lib:/home/vd/ros2_ws/install/rtabmap_msgs/lib:/home/vd/ros2_ws/install/rtabmap/lib:/home/vd/ros2_ws/install/realsense2_camera/lib:/home/vd/ros2_ws/install/realsense2_camera_msgs/lib:/home/vd/ros2_ws/install/omnidirectional_controllers/lib:/home/vd/ros2_ws/install/nanosaur_msgs/lib:/home/vd/ros2_ws/install/isaac_ros_visual_slam_interfaces/lib:/home/vd/ros2_ws/install/dynamixel_sdk_custom_interfaces/lib:/home/vd/ros2_ws/install/dynamixel_sdk/lib:/home/vd/yolobot/install/yolov8_msgs/lib:/usr/lib/x86_64-linux-gnu/gazebo-11/plugins:/opt/ros/humble/opt/rviz_ogre_vendor/lib:/opt/ros/humble/lib/x86_64-linux-gnu:/opt/ros/humble/lib:/usr/local/cuda-12.4/lib64::/home/vd/acados/lib /usr/bin/cmake --build /home/vd/carla-ros-bridge/catkin_ws/build/carla_ackermann_msgs -- -j24 -l24
[0.061s] [ 11%] Built target carla_ackermann_msgs__rosidl_generator_c
[0.062s] [ 12%] Built target carla_ackermann_msgs__cpp
[0.068s] [ 12%] Built target ament_cmake_python_symlink_carla_ackermann_msgs
[0.078s] [ 23%] Built target carla_ackermann_msgs__rosidl_typesupport_introspection_c
[0.079s] [ 34%] Built target carla_ackermann_msgs__rosidl_typesupport_c
[0.080s] [ 46%] Built target carla_ackermann_msgs__rosidl_typesupport_fastrtps_c
[0.082s] [ 57%] Built target carla_ackermann_msgs__rosidl_typesupport_introspection_cpp
[0.089s] [ 68%] Built target carla_ackermann_msgs__rosidl_typesupport_fastrtps_cpp
[0.093s] [ 79%] Built target carla_ackermann_msgs__rosidl_typesupport_cpp
[0.113s] [ 79%] Built target carla_ackermann_msgs
[0.133s] [ 80%] Built target carla_ackermann_msgs__py
[0.158s] [ 90%] Built target carla_ackermann_msgs__rosidl_generator_py
[0.181s] [ 93%] Built target carla_ackermann_msgs__rosidl_typesupport_introspection_c__pyext
[0.181s] [ 96%] Built target carla_ackermann_msgs__rosidl_typesupport_fastrtps_c__pyext
[0.182s] [100%] Built target carla_ackermann_msgs__rosidl_typesupport_c__pyext
[0.247s] running egg_info
[0.247s] writing carla_ackermann_msgs.egg-info/PKG-INFO
[0.247s] writing dependency_links to carla_ackermann_msgs.egg-info/dependency_links.txt
[0.247s] writing top-level names to carla_ackermann_msgs.egg-info/top_level.txt
[0.249s] reading manifest file 'carla_ackermann_msgs.egg-info/SOURCES.txt'
[0.249s] writing manifest file 'carla_ackermann_msgs.egg-info/SOURCES.txt'
[0.269s] [100%] Built target ament_cmake_python_build_carla_ackermann_msgs_egg
[0.278s] Invoked command in '/home/vd/carla-ros-bridge/catkin_ws/build/carla_ackermann_msgs' returned '0': CMAKE_PREFIX_PATH=/home/vd/carla-ros-bridge/catkin_ws/install/carla_msgs:/home/vd/carla-ros-bridge/catkin_ws/install/pcl_recorder:/home/vd/carla-ros-bridge/catkin_ws/install/carla_ad_demo:/home/vd/carla-ros-bridge/catkin_ws/install/rviz_carla_plugin:/home/vd/carla-ros-bridge/catkin_ws/install/carla_waypoint_types:/home/vd/carla-ros-bridge/catkin_ws/install/carla_ros_scenario_runner_types:/home/vd/carla-ros-bridge/catkin_ws/install/carla_ackermann_msgs:/home/vd/microros_test/install/micro_ros_setup:/home/vd/microros_test/install/micro_ros_agent:/home/vd/microros_test/install/micro_ros_msgs:/home/vd/ros2_ws/install/rtabmap_ros:/home/vd/ros2_ws/install/rtabmap_demos:/home/vd/ros2_ws/install/turtlebot3_gazebo:/home/vd/ros2_ws/install/rtabmap_launch:/home/vd/ros2_ws/install/rtabmap_examples:/home/vd/ros2_ws/install/rtabmap_viz:/home/vd/ros2_ws/install/rtabmap_slam:/home/vd/ros2_ws/install/rtabmap_odom:/home/vd/ros2_ws/install/rtabmap_util:/home/vd/ros2_ws/install/rtabmap_sync:/home/vd/ros2_ws/install/rtabmap_rviz_plugins:/home/vd/ros2_ws/install/rtabmap_conversions:/home/vd/carla-ros-bridge/catkin_ws/install/carla_ackermann_control:/home/vd/carla-ros-bridge/catkin_ws/install/carla_ros_bridge:/home/vd/carla-ros-bridge/catkin_ws/install/mpc_ros:/home/vd/carla-ros-bridge/catkin_ws/install/rqt_carla_control:/home/vd/carla-ros-bridge/catkin_ws/install/carla_waypoint_publisher:/home/vd/carla-ros-bridge/catkin_ws/install/carla_spawn_objects:/home/vd/carla-ros-bridge/catkin_ws/install/carla_manual_control:/home/vd/carla-ros-bridge/catkin_ws/install/carla_ad_agent:/home/vd/carla-ros-bridge/catkin_ws/install/ros_compatibility:/home/vd/carla-ros-bridge/catkin_ws/install/carla_walker_agent:/home/vd/carla-ros-bridge/catkin_ws/install/carla_twist_to_control:/home/vd/carla-ros-bridge/catkin_ws/install/carla_ros_scenario_runner:/home/vd/carla-ros-bridge/catkin_ws/install/carla_common:/home/vd/microros_test/install/ackerman_commando:/home/vd/ros2_ws/install/rtabmap_python:/home/vd/ros2_ws/install/robot_math:/home/vd/ros2_ws/install/my_robot_controller:/home/vd/ros2_ws/install/isaac_ros_test:/home/vd/turtlebot3_ws/install/turtlebot3_teleop:/home/vd/turtlebot3_ws/install/turtlebot3_example:/opt/ros/humble:/home/vd/ros2_ws/install/rtabmap_msgs:/home/vd/ros2_ws/install/rtabmap:/home/vd/ros2_ws/install/realsense2_description:/home/vd/ros2_ws/install/realsense2_camera:/home/vd/ros2_ws/install/realsense2_camera_msgs:/home/vd/ros2_ws/install/point_cloud_perception:/home/vd/ros2_ws/install/omnidirectional_controllers:/home/vd/ros2_ws/install/nvidia_kaya:/home/vd/ros2_ws/install/nodes:/home/vd/ros2_ws/install/navigation_tb3:/home/vd/ros2_ws/install/nanosaur_perception:/home/vd/ros2_ws/install/nanosaur:/home/vd/ros2_ws/install/nanosaur_msgs:/home/vd/ros2_ws/install/nanosaur_description:/home/vd/ros2_ws/install/nanosaur_control:/home/vd/ros2_ws/install/my_package:/home/vd/ros2_ws/install/isaac_ros_visual_slam_interfaces:/home/vd/ros2_ws/install/dynamixel_sdk_examples:/home/vd/ros2_ws/install/dynamixel_sdk_custom_interfaces:/home/vd/ros2_ws/install/dynamixel_sdk:/home/vd/ros2_ws/install/articubot_one:/home/vd/turtlebot3_ws/install/turtlebot3:/home/vd/turtlebot3_ws/install/turtlebot3_bringup:/home/vd/turtlebot3_ws/install/turtlebot3_node:/home/vd/turtlebot3_ws/install/turtlebot3_description:/home/vd/turtlebot3_ws/install/ld08_driver:/home/vd/yolobot/install/yolov8_msgs:/home/vd/yolobot/install/yolobot_recognition:/home/vd/yolobot/install/yolobot_gazebo:/home/vd/yolobot/install/yolobot_description:/home/vd/yolobot/install/yolobot_control LD_LIBRARY_PATH=/home/vd/carla-ros-bridge/catkin_ws/install/carla_msgs/lib:/home/vd/carla-ros-bridge/catkin_ws/install/rviz_carla_plugin/lib:/home/vd/carla-ros-bridge/catkin_ws/install/carla_waypoint_types/lib:/home/vd/carla-ros-bridge/catkin_ws/install/carla_ros_scenario_runner_types/lib:/home/vd/carla-ros-bridge/catkin_ws/install/carla_ackermann_msgs/lib:/home/vd/microros_test/install/micro_ros_agent/lib:/home/vd/microros_test/install/micro_ros_msgs/lib:/home/vd/ros2_ws/install/rtabmap_slam/lib:/home/vd/ros2_ws/install/rtabmap_odom/lib:/home/vd/ros2_ws/install/rtabmap_util/lib:/home/vd/ros2_ws/install/rtabmap_sync/lib:/home/vd/ros2_ws/install/rtabmap_rviz_plugins/lib:/home/vd/ros2_ws/install/rtabmap_conversions/lib:/home/vd/ros2_ws/install/rtabmap_msgs/lib:/home/vd/ros2_ws/install/rtabmap/lib:/home/vd/ros2_ws/install/realsense2_camera/lib:/home/vd/ros2_ws/install/realsense2_camera_msgs/lib:/home/vd/ros2_ws/install/omnidirectional_controllers/lib:/home/vd/ros2_ws/install/nanosaur_msgs/lib:/home/vd/ros2_ws/install/isaac_ros_visual_slam_interfaces/lib:/home/vd/ros2_ws/install/dynamixel_sdk_custom_interfaces/lib:/home/vd/ros2_ws/install/dynamixel_sdk/lib:/home/vd/yolobot/install/yolov8_msgs/lib:/usr/lib/x86_64-linux-gnu/gazebo-11/plugins:/opt/ros/humble/opt/rviz_ogre_vendor/lib:/opt/ros/humble/lib/x86_64-linux-gnu:/opt/ros/humble/lib:/usr/local/cuda-12.4/lib64::/home/vd/acados/lib /usr/bin/cmake --build /home/vd/carla-ros-bridge/catkin_ws/build/carla_ackermann_msgs -- -j24 -l24
[0.279s] Invoking command in '/home/vd/carla-ros-bridge/catkin_ws/build/carla_ackermann_msgs': CMAKE_PREFIX_PATH=/home/vd/carla-ros-bridge/catkin_ws/install/carla_msgs:/home/vd/carla-ros-bridge/catkin_ws/install/pcl_recorder:/home/vd/carla-ros-bridge/catkin_ws/install/carla_ad_demo:/home/vd/carla-ros-bridge/catkin_ws/install/rviz_carla_plugin:/home/vd/carla-ros-bridge/catkin_ws/install/carla_waypoint_types:/home/vd/carla-ros-bridge/catkin_ws/install/carla_ros_scenario_runner_types:/home/vd/carla-ros-bridge/catkin_ws/install/carla_ackermann_msgs:/home/vd/microros_test/install/micro_ros_setup:/home/vd/microros_test/install/micro_ros_agent:/home/vd/microros_test/install/micro_ros_msgs:/home/vd/ros2_ws/install/rtabmap_ros:/home/vd/ros2_ws/install/rtabmap_demos:/home/vd/ros2_ws/install/turtlebot3_gazebo:/home/vd/ros2_ws/install/rtabmap_launch:/home/vd/ros2_ws/install/rtabmap_examples:/home/vd/ros2_ws/install/rtabmap_viz:/home/vd/ros2_ws/install/rtabmap_slam:/home/vd/ros2_ws/install/rtabmap_odom:/home/vd/ros2_ws/install/rtabmap_util:/home/vd/ros2_ws/install/rtabmap_sync:/home/vd/ros2_ws/install/rtabmap_rviz_plugins:/home/vd/ros2_ws/install/rtabmap_conversions:/home/vd/carla-ros-bridge/catkin_ws/install/carla_ackermann_control:/home/vd/carla-ros-bridge/catkin_ws/install/carla_ros_bridge:/home/vd/carla-ros-bridge/catkin_ws/install/mpc_ros:/home/vd/carla-ros-bridge/catkin_ws/install/rqt_carla_control:/home/vd/carla-ros-bridge/catkin_ws/install/carla_waypoint_publisher:/home/vd/carla-ros-bridge/catkin_ws/install/carla_spawn_objects:/home/vd/carla-ros-bridge/catkin_ws/install/carla_manual_control:/home/vd/carla-ros-bridge/catkin_ws/install/carla_ad_agent:/home/vd/carla-ros-bridge/catkin_ws/install/ros_compatibility:/home/vd/carla-ros-bridge/catkin_ws/install/carla_walker_agent:/home/vd/carla-ros-bridge/catkin_ws/install/carla_twist_to_control:/home/vd/carla-ros-bridge/catkin_ws/install/carla_ros_scenario_runner:/home/vd/carla-ros-bridge/catkin_ws/install/carla_common:/home/vd/microros_test/install/ackerman_commando:/home/vd/ros2_ws/install/rtabmap_python:/home/vd/ros2_ws/install/robot_math:/home/vd/ros2_ws/install/my_robot_controller:/home/vd/ros2_ws/install/isaac_ros_test:/home/vd/turtlebot3_ws/install/turtlebot3_teleop:/home/vd/turtlebot3_ws/install/turtlebot3_example:/opt/ros/humble:/home/vd/ros2_ws/install/rtabmap_msgs:/home/vd/ros2_ws/install/rtabmap:/home/vd/ros2_ws/install/realsense2_description:/home/vd/ros2_ws/install/realsense2_camera:/home/vd/ros2_ws/install/realsense2_camera_msgs:/home/vd/ros2_ws/install/point_cloud_perception:/home/vd/ros2_ws/install/omnidirectional_controllers:/home/vd/ros2_ws/install/nvidia_kaya:/home/vd/ros2_ws/install/nodes:/home/vd/ros2_ws/install/navigation_tb3:/home/vd/ros2_ws/install/nanosaur_perception:/home/vd/ros2_ws/install/nanosaur:/home/vd/ros2_ws/install/nanosaur_msgs:/home/vd/ros2_ws/install/nanosaur_description:/home/vd/ros2_ws/install/nanosaur_control:/home/vd/ros2_ws/install/my_package:/home/vd/ros2_ws/install/isaac_ros_visual_slam_interfaces:/home/vd/ros2_ws/install/dynamixel_sdk_examples:/home/vd/ros2_ws/install/dynamixel_sdk_custom_interfaces:/home/vd/ros2_ws/install/dynamixel_sdk:/home/vd/ros2_ws/install/articubot_one:/home/vd/turtlebot3_ws/install/turtlebot3:/home/vd/turtlebot3_ws/install/turtlebot3_bringup:/home/vd/turtlebot3_ws/install/turtlebot3_node:/home/vd/turtlebot3_ws/install/turtlebot3_description:/home/vd/turtlebot3_ws/install/ld08_driver:/home/vd/yolobot/install/yolov8_msgs:/home/vd/yolobot/install/yolobot_recognition:/home/vd/yolobot/install/yolobot_gazebo:/home/vd/yolobot/install/yolobot_description:/home/vd/yolobot/install/yolobot_control LD_LIBRARY_PATH=/home/vd/carla-ros-bridge/catkin_ws/install/carla_msgs/lib:/home/vd/carla-ros-bridge/catkin_ws/install/rviz_carla_plugin/lib:/home/vd/carla-ros-bridge/catkin_ws/install/carla_waypoint_types/lib:/home/vd/carla-ros-bridge/catkin_ws/install/carla_ros_scenario_runner_types/lib:/home/vd/carla-ros-bridge/catkin_ws/install/carla_ackermann_msgs/lib:/home/vd/microros_test/install/micro_ros_agent/lib:/home/vd/microros_test/install/micro_ros_msgs/lib:/home/vd/ros2_ws/install/rtabmap_slam/lib:/home/vd/ros2_ws/install/rtabmap_odom/lib:/home/vd/ros2_ws/install/rtabmap_util/lib:/home/vd/ros2_ws/install/rtabmap_sync/lib:/home/vd/ros2_ws/install/rtabmap_rviz_plugins/lib:/home/vd/ros2_ws/install/rtabmap_conversions/lib:/home/vd/ros2_ws/install/rtabmap_msgs/lib:/home/vd/ros2_ws/install/rtabmap/lib:/home/vd/ros2_ws/install/realsense2_camera/lib:/home/vd/ros2_ws/install/realsense2_camera_msgs/lib:/home/vd/ros2_ws/install/omnidirectional_controllers/lib:/home/vd/ros2_ws/install/nanosaur_msgs/lib:/home/vd/ros2_ws/install/isaac_ros_visual_slam_interfaces/lib:/home/vd/ros2_ws/install/dynamixel_sdk_custom_interfaces/lib:/home/vd/ros2_ws/install/dynamixel_sdk/lib:/home/vd/yolobot/install/yolov8_msgs/lib:/usr/lib/x86_64-linux-gnu/gazebo-11/plugins:/opt/ros/humble/opt/rviz_ogre_vendor/lib:/opt/ros/humble/lib/x86_64-linux-gnu:/opt/ros/humble/lib:/usr/local/cuda-12.4/lib64::/home/vd/acados/lib /usr/bin/cmake --install /home/vd/carla-ros-bridge/catkin_ws/build/carla_ackermann_msgs
[0.285s] -- Install configuration: ""
[0.285s] -- Execute custom install script
[0.285s] -- Up-to-date symlink: /home/vd/carla-ros-bridge/catkin_ws/install/carla_ackermann_msgs/share/ament_index/resource_index/rosidl_interfaces/carla_ackermann_msgs
[0.286s] -- Up-to-date symlink: /home/vd/carla-ros-bridge/catkin_ws/install/carla_ackermann_msgs/include/carla_ackermann_msgs/carla_ackermann_msgs/msg/detail/ego_vehicle_control_current__functions.h
[0.286s] -- Up-to-date symlink: /home/vd/carla-ros-bridge/catkin_ws/install/carla_ackermann_msgs/include/carla_ackermann_msgs/carla_ackermann_msgs/msg/detail/ego_vehicle_control_current__struct.h
[0.286s] -- Up-to-date symlink: /home/vd/carla-ros-bridge/catkin_ws/install/carla_ackermann_msgs/include/carla_ackermann_msgs/carla_ackermann_msgs/msg/detail/ego_vehicle_control_current__type_support.h
[0.286s] -- Up-to-date symlink: /home/vd/carla-ros-bridge/catkin_ws/install/carla_ackermann_msgs/include/carla_ackermann_msgs/carla_ackermann_msgs/msg/detail/ego_vehicle_control_info__functions.h
[0.286s] -- Up-to-date symlink: /home/vd/carla-ros-bridge/catkin_ws/install/carla_ackermann_msgs/include/carla_ackermann_msgs/carla_ackermann_msgs/msg/detail/ego_vehicle_control_info__struct.h
[0.286s] -- Up-to-date symlink: /home/vd/carla-ros-bridge/catkin_ws/install/carla_ackermann_msgs/include/carla_ackermann_msgs/carla_ackermann_msgs/msg/detail/ego_vehicle_control_info__type_support.h
[0.286s] -- Up-to-date symlink: /home/vd/carla-ros-bridge/catkin_ws/install/carla_ackermann_msgs/include/carla_ackermann_msgs/carla_ackermann_msgs/msg/detail/ego_vehicle_control_maxima__functions.h
[0.286s] -- Up-to-date symlink: /home/vd/carla-ros-bridge/catkin_ws/install/carla_ackermann_msgs/include/carla_ackermann_msgs/carla_ackermann_msgs/msg/detail/ego_vehicle_control_maxima__struct.h
[0.286s] -- Up-to-date symlink: /home/vd/carla-ros-bridge/catkin_ws/install/carla_ackermann_msgs/include/carla_ackermann_msgs/carla_ackermann_msgs/msg/detail/ego_vehicle_control_maxima__type_support.h
[0.286s] -- Up-to-date symlink: /home/vd/carla-ros-bridge/catkin_ws/install/carla_ackermann_msgs/include/carla_ackermann_msgs/carla_ackermann_msgs/msg/detail/ego_vehicle_control_status__functions.h
[0.286s] -- Up-to-date symlink: /home/vd/carla-ros-bridge/catkin_ws/install/carla_ackermann_msgs/include/carla_ackermann_msgs/carla_ackermann_msgs/msg/detail/ego_vehicle_control_status__struct.h
[0.286s] -- Up-to-date symlink: /home/vd/carla-ros-bridge/catkin_ws/install/carla_ackermann_msgs/include/carla_ackermann_msgs/carla_ackermann_msgs/msg/detail/ego_vehicle_control_status__type_support.h
[0.286s] -- Up-to-date symlink: /home/vd/carla-ros-bridge/catkin_ws/install/carla_ackermann_msgs/include/carla_ackermann_msgs/carla_ackermann_msgs/msg/detail/ego_vehicle_control_target__functions.h
[0.286s] -- Up-to-date symlink: /home/vd/carla-ros-bridge/catkin_ws/install/carla_ackermann_msgs/include/carla_ackermann_msgs/carla_ackermann_msgs/msg/detail/ego_vehicle_control_target__struct.h
[0.286s] -- Up-to-date symlink: /home/vd/carla-ros-bridge/catkin_ws/install/carla_ackermann_msgs/include/carla_ackermann_msgs/carla_ackermann_msgs/msg/detail/ego_vehicle_control_target__type_support.h
[0.286s] -- Up-to-date symlink: /home/vd/carla-ros-bridge/catkin_ws/install/carla_ackermann_msgs/include/carla_ackermann_msgs/carla_ackermann_msgs/msg/ego_vehicle_control_current.h
[0.286s] -- Up-to-date symlink: /home/vd/carla-ros-bridge/catkin_ws/install/carla_ackermann_msgs/include/carla_ackermann_msgs/carla_ackermann_msgs/msg/ego_vehicle_control_info.h
[0.286s] -- Up-to-date symlink: /home/vd/carla-ros-bridge/catkin_ws/install/carla_ackermann_msgs/include/carla_ackermann_msgs/carla_ackermann_msgs/msg/ego_vehicle_control_maxima.h
[0.286s] -- Up-to-date symlink: /home/vd/carla-ros-bridge/catkin_ws/install/carla_ackermann_msgs/include/carla_ackermann_msgs/carla_ackermann_msgs/msg/ego_vehicle_control_status.h
[0.286s] -- Up-to-date symlink: /home/vd/carla-ros-bridge/catkin_ws/install/carla_ackermann_msgs/include/carla_ackermann_msgs/carla_ackermann_msgs/msg/ego_vehicle_control_target.h
[0.286s] -- Up-to-date symlink: /home/vd/carla-ros-bridge/catkin_ws/install/carla_ackermann_msgs/include/carla_ackermann_msgs/carla_ackermann_msgs/msg/rosidl_generator_c__visibility_control.h
[0.286s] -- Up-to-date symlink: /home/vd/carla-ros-bridge/catkin_ws/install/carla_ackermann_msgs/share/carla_ackermann_msgs/environment/library_path.sh
[0.287s] -- Up-to-date symlink: /home/vd/carla-ros-bridge/catkin_ws/install/carla_ackermann_msgs/share/carla_ackermann_msgs/environment/library_path.dsv
[0.287s] -- Up-to-date symlink: /home/vd/carla-ros-bridge/catkin_ws/install/carla_ackermann_msgs/include/carla_ackermann_msgs/carla_ackermann_msgs/msg/detail/ego_vehicle_control_current__rosidl_typesupport_fastrtps_c.h
[0.287s] -- Up-to-date symlink: /home/vd/carla-ros-bridge/catkin_ws/install/carla_ackermann_msgs/include/carla_ackermann_msgs/carla_ackermann_msgs/msg/detail/ego_vehicle_control_info__rosidl_typesupport_fastrtps_c.h
[0.287s] -- Up-to-date symlink: /home/vd/carla-ros-bridge/catkin_ws/install/carla_ackermann_msgs/include/carla_ackermann_msgs/carla_ackermann_msgs/msg/detail/ego_vehicle_control_maxima__rosidl_typesupport_fastrtps_c.h
[0.287s] -- Up-to-date symlink: /home/vd/carla-ros-bridge/catkin_ws/install/carla_ackermann_msgs/include/carla_ackermann_msgs/carla_ackermann_msgs/msg/detail/ego_vehicle_control_status__rosidl_typesupport_fastrtps_c.h
[0.287s] -- Up-to-date symlink: /home/vd/carla-ros-bridge/catkin_ws/install/carla_ackermann_msgs/include/carla_ackermann_msgs/carla_ackermann_msgs/msg/detail/ego_vehicle_control_target__rosidl_typesupport_fastrtps_c.h
[0.287s] -- Up-to-date symlink: /home/vd/carla-ros-bridge/catkin_ws/install/carla_ackermann_msgs/include/carla_ackermann_msgs/carla_ackermann_msgs/msg/rosidl_typesupport_fastrtps_c__visibility_control.h
[0.287s] -- Up-to-date symlink: /home/vd/carla-ros-bridge/catkin_ws/install/carla_ackermann_msgs/include/carla_ackermann_msgs/carla_ackermann_msgs/msg/detail/ego_vehicle_control_current__builder.hpp
[0.287s] -- Up-to-date symlink: /home/vd/carla-ros-bridge/catkin_ws/install/carla_ackermann_msgs/include/carla_ackermann_msgs/carla_ackermann_msgs/msg/detail/ego_vehicle_control_current__struct.hpp
[0.288s] -- Up-to-date symlink: /home/vd/carla-ros-bridge/catkin_ws/install/carla_ackermann_msgs/include/carla_ackermann_msgs/carla_ackermann_msgs/msg/detail/ego_vehicle_control_current__traits.hpp
[0.288s] -- Up-to-date symlink: /home/vd/carla-ros-bridge/catkin_ws/install/carla_ackermann_msgs/include/carla_ackermann_msgs/carla_ackermann_msgs/msg/detail/ego_vehicle_control_current__type_support.hpp
[0.288s] -- Up-to-date symlink: /home/vd/carla-ros-bridge/catkin_ws/install/carla_ackermann_msgs/include/carla_ackermann_msgs/carla_ackermann_msgs/msg/detail/ego_vehicle_control_info__builder.hpp
[0.288s] -- Up-to-date symlink: /home/vd/carla-ros-bridge/catkin_ws/install/carla_ackermann_msgs/include/carla_ackermann_msgs/carla_ackermann_msgs/msg/detail/ego_vehicle_control_info__struct.hpp
[0.288s] -- Up-to-date symlink: /home/vd/carla-ros-bridge/catkin_ws/install/carla_ackermann_msgs/include/carla_ackermann_msgs/carla_ackermann_msgs/msg/detail/ego_vehicle_control_info__traits.hpp
[0.288s] -- Up-to-date symlink: /home/vd/carla-ros-bridge/catkin_ws/install/carla_ackermann_msgs/include/carla_ackermann_msgs/carla_ackermann_msgs/msg/detail/ego_vehicle_control_info__type_support.hpp
[0.288s] -- Up-to-date symlink: /home/vd/carla-ros-bridge/catkin_ws/install/carla_ackermann_msgs/include/carla_ackermann_msgs/carla_ackermann_msgs/msg/detail/ego_vehicle_control_maxima__builder.hpp
[0.288s] -- Up-to-date symlink: /home/vd/carla-ros-bridge/catkin_ws/install/carla_ackermann_msgs/include/carla_ackermann_msgs/carla_ackermann_msgs/msg/detail/ego_vehicle_control_maxima__struct.hpp
[0.288s] -- Up-to-date symlink: /home/vd/carla-ros-bridge/catkin_ws/install/carla_ackermann_msgs/include/carla_ackermann_msgs/carla_ackermann_msgs/msg/detail/ego_vehicle_control_maxima__traits.hpp
[0.288s] -- Up-to-date symlink: /home/vd/carla-ros-bridge/catkin_ws/install/carla_ackermann_msgs/include/carla_ackermann_msgs/carla_ackermann_msgs/msg/detail/ego_vehicle_control_maxima__type_support.hpp
[0.288s] -- Up-to-date symlink: /home/vd/carla-ros-bridge/catkin_ws/install/carla_ackermann_msgs/include/carla_ackermann_msgs/carla_ackermann_msgs/msg/detail/ego_vehicle_control_status__builder.hpp
[0.288s] -- Up-to-date symlink: /home/vd/carla-ros-bridge/catkin_ws/install/carla_ackermann_msgs/include/carla_ackermann_msgs/carla_ackermann_msgs/msg/detail/ego_vehicle_control_status__struct.hpp
[0.288s] -- Up-to-date symlink: /home/vd/carla-ros-bridge/catkin_ws/install/carla_ackermann_msgs/include/carla_ackermann_msgs/carla_ackermann_msgs/msg/detail/ego_vehicle_control_status__traits.hpp
[0.288s] -- Up-to-date symlink: /home/vd/carla-ros-bridge/catkin_ws/install/carla_ackermann_msgs/include/carla_ackermann_msgs/carla_ackermann_msgs/msg/detail/ego_vehicle_control_status__type_support.hpp
[0.288s] -- Up-to-date symlink: /home/vd/carla-ros-bridge/catkin_ws/install/carla_ackermann_msgs/include/carla_ackermann_msgs/carla_ackermann_msgs/msg/detail/ego_vehicle_control_target__builder.hpp
[0.288s] -- Up-to-date symlink: /home/vd/carla-ros-bridge/catkin_ws/install/carla_ackermann_msgs/include/carla_ackermann_msgs/carla_ackermann_msgs/msg/detail/ego_vehicle_control_target__struct.hpp
[0.288s] -- Up-to-date symlink: /home/vd/carla-ros-bridge/catkin_ws/install/carla_ackermann_msgs/include/carla_ackermann_msgs/carla_ackermann_msgs/msg/detail/ego_vehicle_control_target__traits.hpp
[0.288s] -- Up-to-date symlink: /home/vd/carla-ros-bridge/catkin_ws/install/carla_ackermann_msgs/include/carla_ackermann_msgs/carla_ackermann_msgs/msg/detail/ego_vehicle_control_target__type_support.hpp
[0.288s] -- Up-to-date symlink: /home/vd/carla-ros-bridge/catkin_ws/install/carla_ackermann_msgs/include/carla_ackermann_msgs/carla_ackermann_msgs/msg/ego_vehicle_control_current.hpp
[0.288s] -- Up-to-date symlink: /home/vd/carla-ros-bridge/catkin_ws/install/carla_ackermann_msgs/include/carla_ackermann_msgs/carla_ackermann_msgs/msg/ego_vehicle_control_info.hpp
[0.288s] -- Up-to-date symlink: /home/vd/carla-ros-bridge/catkin_ws/install/carla_ackermann_msgs/include/carla_ackermann_msgs/carla_ackermann_msgs/msg/ego_vehicle_control_maxima.hpp
[0.288s] -- Up-to-date symlink: /home/vd/carla-ros-bridge/catkin_ws/install/carla_ackermann_msgs/include/carla_ackermann_msgs/carla_ackermann_msgs/msg/ego_vehicle_control_status.hpp
[0.288s] -- Up-to-date symlink: /home/vd/carla-ros-bridge/catkin_ws/install/carla_ackermann_msgs/include/carla_ackermann_msgs/carla_ackermann_msgs/msg/ego_vehicle_control_target.hpp
[0.288s] -- Up-to-date symlink: /home/vd/carla-ros-bridge/catkin_ws/install/carla_ackermann_msgs/include/carla_ackermann_msgs/carla_ackermann_msgs/msg/rosidl_generator_cpp__visibility_control.hpp
[0.291s] -- Up-to-date symlink: /home/vd/carla-ros-bridge/catkin_ws/install/carla_ackermann_msgs/include/carla_ackermann_msgs/carla_ackermann_msgs/msg/detail/ego_vehicle_control_current__rosidl_typesupport_fastrtps_cpp.hpp
[0.291s] -- Up-to-date symlink: /home/vd/carla-ros-bridge/catkin_ws/install/carla_ackermann_msgs/include/carla_ackermann_msgs/carla_ackermann_msgs/msg/detail/ego_vehicle_control_info__rosidl_typesupport_fastrtps_cpp.hpp
[0.291s] -- Up-to-date symlink: /home/vd/carla-ros-bridge/catkin_ws/install/carla_ackermann_msgs/include/carla_ackermann_msgs/carla_ackermann_msgs/msg/detail/ego_vehicle_control_maxima__rosidl_typesupport_fastrtps_cpp.hpp
[0.291s] -- Up-to-date symlink: /home/vd/carla-ros-bridge/catkin_ws/install/carla_ackermann_msgs/include/carla_ackermann_msgs/carla_ackermann_msgs/msg/detail/ego_vehicle_control_status__rosidl_typesupport_fastrtps_cpp.hpp
[0.291s] -- Up-to-date symlink: /home/vd/carla-ros-bridge/catkin_ws/install/carla_ackermann_msgs/include/carla_ackermann_msgs/carla_ackermann_msgs/msg/detail/ego_vehicle_control_target__rosidl_typesupport_fastrtps_cpp.hpp
[0.291s] -- Up-to-date symlink: /home/vd/carla-ros-bridge/catkin_ws/install/carla_ackermann_msgs/include/carla_ackermann_msgs/carla_ackermann_msgs/msg/rosidl_typesupport_fastrtps_cpp__visibility_control.h
[0.291s] -- Up-to-date symlink: /home/vd/carla-ros-bridge/catkin_ws/install/carla_ackermann_msgs/include/carla_ackermann_msgs/carla_ackermann_msgs/msg/detail/ego_vehicle_control_current__rosidl_typesupport_introspection_c.h
[0.291s] -- Up-to-date symlink: /home/vd/carla-ros-bridge/catkin_ws/install/carla_ackermann_msgs/include/carla_ackermann_msgs/carla_ackermann_msgs/msg/detail/ego_vehicle_control_info__rosidl_typesupport_introspection_c.h
[0.291s] -- Up-to-date symlink: /home/vd/carla-ros-bridge/catkin_ws/install/carla_ackermann_msgs/include/carla_ackermann_msgs/carla_ackermann_msgs/msg/detail/ego_vehicle_control_maxima__rosidl_typesupport_introspection_c.h
[0.291s] -- Up-to-date symlink: /home/vd/carla-ros-bridge/catkin_ws/install/carla_ackermann_msgs/include/carla_ackermann_msgs/carla_ackermann_msgs/msg/detail/ego_vehicle_control_status__rosidl_typesupport_introspection_c.h
[0.291s] -- Up-to-date symlink: /home/vd/carla-ros-bridge/catkin_ws/install/carla_ackermann_msgs/include/carla_ackermann_msgs/carla_ackermann_msgs/msg/detail/ego_vehicle_control_target__rosidl_typesupport_introspection_c.h
[0.291s] -- Up-to-date symlink: /home/vd/carla-ros-bridge/catkin_ws/install/carla_ackermann_msgs/include/carla_ackermann_msgs/carla_ackermann_msgs/msg/rosidl_typesupport_introspection_c__visibility_control.h
[0.291s] -- Up-to-date symlink: /home/vd/carla-ros-bridge/catkin_ws/install/carla_ackermann_msgs/include/carla_ackermann_msgs/carla_ackermann_msgs/msg/detail/ego_vehicle_control_current__rosidl_typesupport_introspection_cpp.hpp
[0.291s] -- Up-to-date symlink: /home/vd/carla-ros-bridge/catkin_ws/install/carla_ackermann_msgs/include/carla_ackermann_msgs/carla_ackermann_msgs/msg/detail/ego_vehicle_control_info__rosidl_typesupport_introspection_cpp.hpp
[0.291s] -- Up-to-date symlink: /home/vd/carla-ros-bridge/catkin_ws/install/carla_ackermann_msgs/include/carla_ackermann_msgs/carla_ackermann_msgs/msg/detail/ego_vehicle_control_maxima__rosidl_typesupport_introspection_cpp.hpp
[0.291s] -- Up-to-date symlink: /home/vd/carla-ros-bridge/catkin_ws/install/carla_ackermann_msgs/include/carla_ackermann_msgs/carla_ackermann_msgs/msg/detail/ego_vehicle_control_status__rosidl_typesupport_introspection_cpp.hpp
[0.291s] -- Up-to-date symlink: /home/vd/carla-ros-bridge/catkin_ws/install/carla_ackermann_msgs/include/carla_ackermann_msgs/carla_ackermann_msgs/msg/detail/ego_vehicle_control_target__rosidl_typesupport_introspection_cpp.hpp
[0.292s] -- Up-to-date symlink: /home/vd/carla-ros-bridge/catkin_ws/install/carla_ackermann_msgs/share/carla_ackermann_msgs/environment/pythonpath.sh
[0.292s] -- Up-to-date symlink: /home/vd/carla-ros-bridge/catkin_ws/install/carla_ackermann_msgs/share/carla_ackermann_msgs/environment/pythonpath.dsv
[0.292s] -- Up-to-date symlink: /home/vd/carla-ros-bridge/catkin_ws/install/carla_ackermann_msgs/local/lib/python3.10/dist-packages/carla_ackermann_msgs-1.0.0-py3.10.egg-info/PKG-INFO
[0.292s] -- Up-to-date symlink: /home/vd/carla-ros-bridge/catkin_ws/install/carla_ackermann_msgs/local/lib/python3.10/dist-packages/carla_ackermann_msgs-1.0.0-py3.10.egg-info/SOURCES.txt
[0.292s] -- Up-to-date symlink: /home/vd/carla-ros-bridge/catkin_ws/install/carla_ackermann_msgs/local/lib/python3.10/dist-packages/carla_ackermann_msgs-1.0.0-py3.10.egg-info/dependency_links.txt
[0.292s] -- Up-to-date symlink: /home/vd/carla-ros-bridge/catkin_ws/install/carla_ackermann_msgs/local/lib/python3.10/dist-packages/carla_ackermann_msgs-1.0.0-py3.10.egg-info/top_level.txt
[0.292s] -- Up-to-date symlink: /home/vd/carla-ros-bridge/catkin_ws/install/carla_ackermann_msgs/local/lib/python3.10/dist-packages/carla_ackermann_msgs/__init__.py
[0.292s] -- Up-to-date symlink: /home/vd/carla-ros-bridge/catkin_ws/install/carla_ackermann_msgs/local/lib/python3.10/dist-packages/carla_ackermann_msgs/_carla_ackermann_msgs_s.ep.rosidl_typesupport_c.c
[0.292s] -- Up-to-date symlink: /home/vd/carla-ros-bridge/catkin_ws/install/carla_ackermann_msgs/local/lib/python3.10/dist-packages/carla_ackermann_msgs/_carla_ackermann_msgs_s.ep.rosidl_typesupport_fastrtps_c.c
[0.292s] -- Up-to-date symlink: /home/vd/carla-ros-bridge/catkin_ws/install/carla_ackermann_msgs/local/lib/python3.10/dist-packages/carla_ackermann_msgs/_carla_ackermann_msgs_s.ep.rosidl_typesupport_introspection_c.c
[0.292s] -- Up-to-date symlink: /home/vd/carla-ros-bridge/catkin_ws/install/carla_ackermann_msgs/local/lib/python3.10/dist-packages/carla_ackermann_msgs/carla_ackermann_msgs_s__rosidl_typesupport_c.cpython-310-x86_64-linux-gnu.so
[0.292s] -- Up-to-date symlink: /home/vd/carla-ros-bridge/catkin_ws/install/carla_ackermann_msgs/local/lib/python3.10/dist-packages/carla_ackermann_msgs/carla_ackermann_msgs_s__rosidl_typesupport_fastrtps_c.cpython-310-x86_64-linux-gnu.so
[0.292s] -- Up-to-date symlink: /home/vd/carla-ros-bridge/catkin_ws/install/carla_ackermann_msgs/local/lib/python3.10/dist-packages/carla_ackermann_msgs/carla_ackermann_msgs_s__rosidl_typesupport_introspection_c.cpython-310-x86_64-linux-gnu.so
[0.292s] -- Up-to-date symlink: /home/vd/carla-ros-bridge/catkin_ws/install/carla_ackermann_msgs/local/lib/python3.10/dist-packages/carla_ackermann_msgs/libcarla_ackermann_msgs__rosidl_generator_py.so
[0.292s] -- Up-to-date symlink: /home/vd/carla-ros-bridge/catkin_ws/install/carla_ackermann_msgs/local/lib/python3.10/dist-packages/carla_ackermann_msgs/msg/__init__.py
[0.292s] -- Up-to-date symlink: /home/vd/carla-ros-bridge/catkin_ws/install/carla_ackermann_msgs/local/lib/python3.10/dist-packages/carla_ackermann_msgs/msg/_ego_vehicle_control_current.py
[0.293s] -- Up-to-date symlink: /home/vd/carla-ros-bridge/catkin_ws/install/carla_ackermann_msgs/local/lib/python3.10/dist-packages/carla_ackermann_msgs/msg/_ego_vehicle_control_current_s.c
[0.293s] -- Up-to-date symlink: /home/vd/carla-ros-bridge/catkin_ws/install/carla_ackermann_msgs/local/lib/python3.10/dist-packages/carla_ackermann_msgs/msg/_ego_vehicle_control_info.py
[0.293s] -- Up-to-date symlink: /home/vd/carla-ros-bridge/catkin_ws/install/carla_ackermann_msgs/local/lib/python3.10/dist-packages/carla_ackermann_msgs/msg/_ego_vehicle_control_info_s.c
[0.293s] -- Up-to-date symlink: /home/vd/carla-ros-bridge/catkin_ws/install/carla_ackermann_msgs/local/lib/python3.10/dist-packages/carla_ackermann_msgs/msg/_ego_vehicle_control_maxima.py
[0.293s] -- Up-to-date symlink: /home/vd/carla-ros-bridge/catkin_ws/install/carla_ackermann_msgs/local/lib/python3.10/dist-packages/carla_ackermann_msgs/msg/_ego_vehicle_control_maxima_s.c
[0.293s] -- Up-to-date symlink: /home/vd/carla-ros-bridge/catkin_ws/install/carla_ackermann_msgs/local/lib/python3.10/dist-packages/carla_ackermann_msgs/msg/_ego_vehicle_control_status.py
[0.293s] -- Up-to-date symlink: /home/vd/carla-ros-bridge/catkin_ws/install/carla_ackermann_msgs/local/lib/python3.10/dist-packages/carla_ackermann_msgs/msg/_ego_vehicle_control_status_s.c
[0.293s] -- Up-to-date symlink: /home/vd/carla-ros-bridge/catkin_ws/install/carla_ackermann_msgs/local/lib/python3.10/dist-packages/carla_ackermann_msgs/msg/_ego_vehicle_control_target.py
[0.293s] -- Up-to-date symlink: /home/vd/carla-ros-bridge/catkin_ws/install/carla_ackermann_msgs/local/lib/python3.10/dist-packages/carla_ackermann_msgs/msg/_ego_vehicle_control_target_s.c
[0.293s] -- Up-to-date symlink: /home/vd/carla-ros-bridge/catkin_ws/install/carla_ackermann_msgs/local/lib/python3.10/dist-packages/carla_ackermann_msgs/carla_ackermann_msgs_s__rosidl_typesupport_fastrtps_c.cpython-310-x86_64-linux-gnu.so
[0.293s] -- Up-to-date symlink: /home/vd/carla-ros-bridge/catkin_ws/install/carla_ackermann_msgs/local/lib/python3.10/dist-packages/carla_ackermann_msgs/carla_ackermann_msgs_s__rosidl_typesupport_introspection_c.cpython-310-x86_64-linux-gnu.so
[0.293s] -- Up-to-date symlink: /home/vd/carla-ros-bridge/catkin_ws/install/carla_ackermann_msgs/local/lib/python3.10/dist-packages/carla_ackermann_msgs/carla_ackermann_msgs_s__rosidl_typesupport_c.cpython-310-x86_64-linux-gnu.so
[0.293s] -- Up-to-date symlink: /home/vd/carla-ros-bridge/catkin_ws/install/carla_ackermann_msgs/share/carla_ackermann_msgs/msg/EgoVehicleControlInfo.idl
[0.293s] -- Up-to-date symlink: /home/vd/carla-ros-bridge/catkin_ws/install/carla_ackermann_msgs/share/carla_ackermann_msgs/msg/EgoVehicleControlCurrent.idl
[0.293s] -- Up-to-date symlink: /home/vd/carla-ros-bridge/catkin_ws/install/carla_ackermann_msgs/share/carla_ackermann_msgs/msg/EgoVehicleControlMaxima.idl
[0.293s] -- Up-to-date symlink: /home/vd/carla-ros-bridge/catkin_ws/install/carla_ackermann_msgs/share/carla_ackermann_msgs/msg/EgoVehicleControlStatus.idl
[0.293s] -- Up-to-date symlink: /home/vd/carla-ros-bridge/catkin_ws/install/carla_ackermann_msgs/share/carla_ackermann_msgs/msg/EgoVehicleControlTarget.idl
[0.294s] -- Up-to-date symlink: /home/vd/carla-ros-bridge/catkin_ws/install/carla_ackermann_msgs/share/carla_ackermann_msgs/msg/EgoVehicleControlInfo.msg
[0.294s] -- Up-to-date symlink: /home/vd/carla-ros-bridge/catkin_ws/install/carla_ackermann_msgs/share/carla_ackermann_msgs/msg/EgoVehicleControlCurrent.msg
[0.294s] -- Up-to-date symlink: /home/vd/carla-ros-bridge/catkin_ws/install/carla_ackermann_msgs/share/carla_ackermann_msgs/msg/EgoVehicleControlMaxima.msg
[0.294s] -- Up-to-date symlink: /home/vd/carla-ros-bridge/catkin_ws/install/carla_ackermann_msgs/share/carla_ackermann_msgs/msg/EgoVehicleControlStatus.msg
[0.294s] -- Up-to-date symlink: /home/vd/carla-ros-bridge/catkin_ws/install/carla_ackermann_msgs/share/carla_ackermann_msgs/msg/EgoVehicleControlTarget.msg
[0.294s] -- Up-to-date symlink: /home/vd/carla-ros-bridge/catkin_ws/install/carla_ackermann_msgs/share/ament_index/resource_index/package_run_dependencies/carla_ackermann_msgs
[0.294s] -- Up-to-date symlink: /home/vd/carla-ros-bridge/catkin_ws/install/carla_ackermann_msgs/share/ament_index/resource_index/parent_prefix_path/carla_ackermann_msgs
[0.294s] -- Up-to-date symlink: /home/vd/carla-ros-bridge/catkin_ws/install/carla_ackermann_msgs/share/carla_ackermann_msgs/environment/ament_prefix_path.sh
[0.294s] -- Up-to-date symlink: /home/vd/carla-ros-bridge/catkin_ws/install/carla_ackermann_msgs/share/carla_ackermann_msgs/environment/ament_prefix_path.dsv
[0.294s] -- Up-to-date symlink: /home/vd/carla-ros-bridge/catkin_ws/install/carla_ackermann_msgs/share/carla_ackermann_msgs/environment/path.sh
[0.294s] -- Up-to-date symlink: /home/vd/carla-ros-bridge/catkin_ws/install/carla_ackermann_msgs/share/carla_ackermann_msgs/environment/path.dsv
[0.294s] -- Up-to-date symlink: /home/vd/carla-ros-bridge/catkin_ws/install/carla_ackermann_msgs/share/carla_ackermann_msgs/local_setup.bash
[0.294s] -- Up-to-date symlink: /home/vd/carla-ros-bridge/catkin_ws/install/carla_ackermann_msgs/share/carla_ackermann_msgs/local_setup.sh
[0.294s] -- Up-to-date symlink: /home/vd/carla-ros-bridge/catkin_ws/install/carla_ackermann_msgs/share/carla_ackermann_msgs/local_setup.zsh
[0.294s] -- Up-to-date symlink: /home/vd/carla-ros-bridge/catkin_ws/install/carla_ackermann_msgs/share/carla_ackermann_msgs/local_setup.dsv
[0.294s] -- Symlinking: /home/vd/carla-ros-bridge/catkin_ws/install/carla_ackermann_msgs/share/carla_ackermann_msgs/package.dsv
[0.301s] -- Up-to-date symlink: /home/vd/carla-ros-bridge/catkin_ws/install/carla_ackermann_msgs/share/ament_index/resource_index/packages/carla_ackermann_msgs
[0.301s] -- Up-to-date symlink: /home/vd/carla-ros-bridge/catkin_ws/install/carla_ackermann_msgs/share/carla_ackermann_msgs/cmake/rosidl_cmake-extras.cmake
[0.301s] -- Up-to-date symlink: /home/vd/carla-ros-bridge/catkin_ws/install/carla_ackermann_msgs/share/carla_ackermann_msgs/cmake/ament_cmake_export_dependencies-extras.cmake
[0.301s] -- Up-to-date symlink: /home/vd/carla-ros-bridge/catkin_ws/install/carla_ackermann_msgs/share/carla_ackermann_msgs/cmake/ament_cmake_export_include_directories-extras.cmake
[0.301s] -- Up-to-date symlink: /home/vd/carla-ros-bridge/catkin_ws/install/carla_ackermann_msgs/share/carla_ackermann_msgs/cmake/ament_cmake_export_libraries-extras.cmake
[0.301s] -- Up-to-date symlink: /home/vd/carla-ros-bridge/catkin_ws/install/carla_ackermann_msgs/share/carla_ackermann_msgs/cmake/ament_cmake_export_targets-extras.cmake
[0.301s] -- Up-to-date symlink: /home/vd/carla-ros-bridge/catkin_ws/install/carla_ackermann_msgs/share/carla_ackermann_msgs/cmake/rosidl_cmake_export_typesupport_targets-extras.cmake
[0.301s] -- Up-to-date symlink: /home/vd/carla-ros-bridge/catkin_ws/install/carla_ackermann_msgs/share/carla_ackermann_msgs/cmake/rosidl_cmake_export_typesupport_libraries-extras.cmake
[0.301s] -- Up-to-date symlink: /home/vd/carla-ros-bridge/catkin_ws/install/carla_ackermann_msgs/share/carla_ackermann_msgs/cmake/carla_ackermann_msgsConfig.cmake
[0.301s] -- Up-to-date symlink: /home/vd/carla-ros-bridge/catkin_ws/install/carla_ackermann_msgs/share/carla_ackermann_msgs/cmake/carla_ackermann_msgsConfig-version.cmake
[0.301s] -- Up-to-date symlink: /home/vd/carla-ros-bridge/catkin_ws/install/carla_ackermann_msgs/share/carla_ackermann_msgs/package.xml
[0.302s] -- Up-to-date: /home/vd/carla-ros-bridge/catkin_ws/install/carla_ackermann_msgs/lib/libcarla_ackermann_msgs__rosidl_generator_c.so
[0.302s] -- Up-to-date: /home/vd/carla-ros-bridge/catkin_ws/install/carla_ackermann_msgs/lib/libcarla_ackermann_msgs__rosidl_typesupport_fastrtps_c.so
[0.302s] -- Up-to-date: /home/vd/carla-ros-bridge/catkin_ws/install/carla_ackermann_msgs/lib/libcarla_ackermann_msgs__rosidl_typesupport_fastrtps_cpp.so
[0.302s] -- Up-to-date: /home/vd/carla-ros-bridge/catkin_ws/install/carla_ackermann_msgs/lib/libcarla_ackermann_msgs__rosidl_typesupport_introspection_c.so
[0.302s] -- Up-to-date: /home/vd/carla-ros-bridge/catkin_ws/install/carla_ackermann_msgs/lib/libcarla_ackermann_msgs__rosidl_typesupport_c.so
[0.302s] -- Up-to-date: /home/vd/carla-ros-bridge/catkin_ws/install/carla_ackermann_msgs/lib/libcarla_ackermann_msgs__rosidl_typesupport_introspection_cpp.so
[0.302s] -- Up-to-date: /home/vd/carla-ros-bridge/catkin_ws/install/carla_ackermann_msgs/lib/libcarla_ackermann_msgs__rosidl_typesupport_cpp.so
[0.339s] Listing '/home/vd/carla-ros-bridge/catkin_ws/install/carla_ackermann_msgs/local/lib/python3.10/dist-packages/carla_ackermann_msgs'...
[0.339s] Listing '/home/vd/carla-ros-bridge/catkin_ws/install/carla_ackermann_msgs/local/lib/python3.10/dist-packages/carla_ackermann_msgs/msg'...
[0.342s] -- Up-to-date: /home/vd/carla-ros-bridge/catkin_ws/install/carla_ackermann_msgs/lib/libcarla_ackermann_msgs__rosidl_generator_py.so
[0.342s] -- Up-to-date: /home/vd/carla-ros-bridge/catkin_ws/install/carla_ackermann_msgs/share/carla_ackermann_msgs/cmake/export_carla_ackermann_msgs__rosidl_generator_cExport.cmake
[0.342s] -- Up-to-date: /home/vd/carla-ros-bridge/catkin_ws/install/carla_ackermann_msgs/share/carla_ackermann_msgs/cmake/export_carla_ackermann_msgs__rosidl_generator_cExport-noconfig.cmake
[0.342s] -- Up-to-date: /home/vd/carla-ros-bridge/catkin_ws/install/carla_ackermann_msgs/share/carla_ackermann_msgs/cmake/export_carla_ackermann_msgs__rosidl_typesupport_fastrtps_cExport.cmake
[0.342s] -- Up-to-date: /home/vd/carla-ros-bridge/catkin_ws/install/carla_ackermann_msgs/share/carla_ackermann_msgs/cmake/export_carla_ackermann_msgs__rosidl_typesupport_fastrtps_cExport-noconfig.cmake
[0.342s] -- Up-to-date: /home/vd/carla-ros-bridge/catkin_ws/install/carla_ackermann_msgs/share/carla_ackermann_msgs/cmake/export_carla_ackermann_msgs__rosidl_generator_cppExport.cmake
[0.342s] -- Up-to-date: /home/vd/carla-ros-bridge/catkin_ws/install/carla_ackermann_msgs/share/carla_ackermann_msgs/cmake/export_carla_ackermann_msgs__rosidl_typesupport_fastrtps_cppExport.cmake
[0.342s] -- Up-to-date: /home/vd/carla-ros-bridge/catkin_ws/install/carla_ackermann_msgs/share/carla_ackermann_msgs/cmake/export_carla_ackermann_msgs__rosidl_typesupport_fastrtps_cppExport-noconfig.cmake
[0.342s] -- Up-to-date: /home/vd/carla-ros-bridge/catkin_ws/install/carla_ackermann_msgs/share/carla_ackermann_msgs/cmake/carla_ackermann_msgs__rosidl_typesupport_introspection_cExport.cmake
[0.342s] -- Up-to-date: /home/vd/carla-ros-bridge/catkin_ws/install/carla_ackermann_msgs/share/carla_ackermann_msgs/cmake/carla_ackermann_msgs__rosidl_typesupport_introspection_cExport-noconfig.cmake
[0.342s] -- Up-to-date: /home/vd/carla-ros-bridge/catkin_ws/install/carla_ackermann_msgs/share/carla_ackermann_msgs/cmake/carla_ackermann_msgs__rosidl_typesupport_cExport.cmake
[0.342s] -- Up-to-date: /home/vd/carla-ros-bridge/catkin_ws/install/carla_ackermann_msgs/share/carla_ackermann_msgs/cmake/carla_ackermann_msgs__rosidl_typesupport_cExport-noconfig.cmake
[0.342s] -- Up-to-date: /home/vd/carla-ros-bridge/catkin_ws/install/carla_ackermann_msgs/share/carla_ackermann_msgs/cmake/carla_ackermann_msgs__rosidl_typesupport_introspection_cppExport.cmake
[0.342s] -- Up-to-date: /home/vd/carla-ros-bridge/catkin_ws/install/carla_ackermann_msgs/share/carla_ackermann_msgs/cmake/carla_ackermann_msgs__rosidl_typesupport_introspection_cppExport-noconfig.cmake
[0.343s] -- Up-to-date: /home/vd/carla-ros-bridge/catkin_ws/install/carla_ackermann_msgs/share/carla_ackermann_msgs/cmake/carla_ackermann_msgs__rosidl_typesupport_cppExport.cmake
[0.343s] -- Up-to-date: /home/vd/carla-ros-bridge/catkin_ws/install/carla_ackermann_msgs/share/carla_ackermann_msgs/cmake/carla_ackermann_msgs__rosidl_typesupport_cppExport-noconfig.cmake
[0.343s] -- Up-to-date: /home/vd/carla-ros-bridge/catkin_ws/install/carla_ackermann_msgs/share/carla_ackermann_msgs/cmake/export_carla_ackermann_msgs__rosidl_generator_pyExport.cmake
[0.343s] -- Up-to-date: /home/vd/carla-ros-bridge/catkin_ws/install/carla_ackermann_msgs/share/carla_ackermann_msgs/cmake/export_carla_ackermann_msgs__rosidl_generator_pyExport-noconfig.cmake
[0.344s] Invoked command in '/home/vd/carla-ros-bridge/catkin_ws/build/carla_ackermann_msgs' returned '0': CMAKE_PREFIX_PATH=/home/vd/carla-ros-bridge/catkin_ws/install/carla_msgs:/home/vd/carla-ros-bridge/catkin_ws/install/pcl_recorder:/home/vd/carla-ros-bridge/catkin_ws/install/carla_ad_demo:/home/vd/carla-ros-bridge/catkin_ws/install/rviz_carla_plugin:/home/vd/carla-ros-bridge/catkin_ws/install/carla_waypoint_types:/home/vd/carla-ros-bridge/catkin_ws/install/carla_ros_scenario_runner_types:/home/vd/carla-ros-bridge/catkin_ws/install/carla_ackermann_msgs:/home/vd/microros_test/install/micro_ros_setup:/home/vd/microros_test/install/micro_ros_agent:/home/vd/microros_test/install/micro_ros_msgs:/home/vd/ros2_ws/install/rtabmap_ros:/home/vd/ros2_ws/install/rtabmap_demos:/home/vd/ros2_ws/install/turtlebot3_gazebo:/home/vd/ros2_ws/install/rtabmap_launch:/home/vd/ros2_ws/install/rtabmap_examples:/home/vd/ros2_ws/install/rtabmap_viz:/home/vd/ros2_ws/install/rtabmap_slam:/home/vd/ros2_ws/install/rtabmap_odom:/home/vd/ros2_ws/install/rtabmap_util:/home/vd/ros2_ws/install/rtabmap_sync:/home/vd/ros2_ws/install/rtabmap_rviz_plugins:/home/vd/ros2_ws/install/rtabmap_conversions:/home/vd/carla-ros-bridge/catkin_ws/install/carla_ackermann_control:/home/vd/carla-ros-bridge/catkin_ws/install/carla_ros_bridge:/home/vd/carla-ros-bridge/catkin_ws/install/mpc_ros:/home/vd/carla-ros-bridge/catkin_ws/install/rqt_carla_control:/home/vd/carla-ros-bridge/catkin_ws/install/carla_waypoint_publisher:/home/vd/carla-ros-bridge/catkin_ws/install/carla_spawn_objects:/home/vd/carla-ros-bridge/catkin_ws/install/carla_manual_control:/home/vd/carla-ros-bridge/catkin_ws/install/carla_ad_agent:/home/vd/carla-ros-bridge/catkin_ws/install/ros_compatibility:/home/vd/carla-ros-bridge/catkin_ws/install/carla_walker_agent:/home/vd/carla-ros-bridge/catkin_ws/install/carla_twist_to_control:/home/vd/carla-ros-bridge/catkin_ws/install/carla_ros_scenario_runner:/home/vd/carla-ros-bridge/catkin_ws/install/carla_common:/home/vd/microros_test/install/ackerman_commando:/home/vd/ros2_ws/install/rtabmap_python:/home/vd/ros2_ws/install/robot_math:/home/vd/ros2_ws/install/my_robot_controller:/home/vd/ros2_ws/install/isaac_ros_test:/home/vd/turtlebot3_ws/install/turtlebot3_teleop:/home/vd/turtlebot3_ws/install/turtlebot3_example:/opt/ros/humble:/home/vd/ros2_ws/install/rtabmap_msgs:/home/vd/ros2_ws/install/rtabmap:/home/vd/ros2_ws/install/realsense2_description:/home/vd/ros2_ws/install/realsense2_camera:/home/vd/ros2_ws/install/realsense2_camera_msgs:/home/vd/ros2_ws/install/point_cloud_perception:/home/vd/ros2_ws/install/omnidirectional_controllers:/home/vd/ros2_ws/install/nvidia_kaya:/home/vd/ros2_ws/install/nodes:/home/vd/ros2_ws/install/navigation_tb3:/home/vd/ros2_ws/install/nanosaur_perception:/home/vd/ros2_ws/install/nanosaur:/home/vd/ros2_ws/install/nanosaur_msgs:/home/vd/ros2_ws/install/nanosaur_description:/home/vd/ros2_ws/install/nanosaur_control:/home/vd/ros2_ws/install/my_package:/home/vd/ros2_ws/install/isaac_ros_visual_slam_interfaces:/home/vd/ros2_ws/install/dynamixel_sdk_examples:/home/vd/ros2_ws/install/dynamixel_sdk_custom_interfaces:/home/vd/ros2_ws/install/dynamixel_sdk:/home/vd/ros2_ws/install/articubot_one:/home/vd/turtlebot3_ws/install/turtlebot3:/home/vd/turtlebot3_ws/install/turtlebot3_bringup:/home/vd/turtlebot3_ws/install/turtlebot3_node:/home/vd/turtlebot3_ws/install/turtlebot3_description:/home/vd/turtlebot3_ws/install/ld08_driver:/home/vd/yolobot/install/yolov8_msgs:/home/vd/yolobot/install/yolobot_recognition:/home/vd/yolobot/install/yolobot_gazebo:/home/vd/yolobot/install/yolobot_description:/home/vd/yolobot/install/yolobot_control LD_LIBRARY_PATH=/home/vd/carla-ros-bridge/catkin_ws/install/carla_msgs/lib:/home/vd/carla-ros-bridge/catkin_ws/install/rviz_carla_plugin/lib:/home/vd/carla-ros-bridge/catkin_ws/install/carla_waypoint_types/lib:/home/vd/carla-ros-bridge/catkin_ws/install/carla_ros_scenario_runner_types/lib:/home/vd/carla-ros-bridge/catkin_ws/install/carla_ackermann_msgs/lib:/home/vd/microros_test/install/micro_ros_agent/lib:/home/vd/microros_test/install/micro_ros_msgs/lib:/home/vd/ros2_ws/install/rtabmap_slam/lib:/home/vd/ros2_ws/install/rtabmap_odom/lib:/home/vd/ros2_ws/install/rtabmap_util/lib:/home/vd/ros2_ws/install/rtabmap_sync/lib:/home/vd/ros2_ws/install/rtabmap_rviz_plugins/lib:/home/vd/ros2_ws/install/rtabmap_conversions/lib:/home/vd/ros2_ws/install/rtabmap_msgs/lib:/home/vd/ros2_ws/install/rtabmap/lib:/home/vd/ros2_ws/install/realsense2_camera/lib:/home/vd/ros2_ws/install/realsense2_camera_msgs/lib:/home/vd/ros2_ws/install/omnidirectional_controllers/lib:/home/vd/ros2_ws/install/nanosaur_msgs/lib:/home/vd/ros2_ws/install/isaac_ros_visual_slam_interfaces/lib:/home/vd/ros2_ws/install/dynamixel_sdk_custom_interfaces/lib:/home/vd/ros2_ws/install/dynamixel_sdk/lib:/home/vd/yolobot/install/yolov8_msgs/lib:/usr/lib/x86_64-linux-gnu/gazebo-11/plugins:/opt/ros/humble/opt/rviz_ogre_vendor/lib:/opt/ros/humble/lib/x86_64-linux-gnu:/opt/ros/humble/lib:/usr/local/cuda-12.4/lib64::/home/vd/acados/lib /usr/bin/cmake --install /home/vd/carla-ros-bridge/catkin_ws/build/carla_ackermann_msgs
