running develop
running egg_info
creating src/carla_spawn_objects.egg-info
writing src/carla_spawn_objects.egg-info/PKG-INFO
writing dependency_links to src/carla_spawn_objects.egg-info/dependency_links.txt
writing entry points to src/carla_spawn_objects.egg-info/entry_points.txt
writing requirements to src/carla_spawn_objects.egg-info/requires.txt
writing top-level names to src/carla_spawn_objects.egg-info/top_level.txt
writing manifest file 'src/carla_spawn_objects.egg-info/SOURCES.txt'
reading manifest file 'src/carla_spawn_objects.egg-info/SOURCES.txt'
writing manifest file 'src/carla_spawn_objects.egg-info/SOURCES.txt'
running build_ext
Creating /home/vd/carla-ros-bridge/catkin_ws/install/carla_spawn_objects/lib/python3.10/site-packages/carla-spawn-objects.egg-link (link to src)
Installing carla_spawn_objects script to /home/vd/carla-ros-bridge/catkin_ws/install/carla_spawn_objects/lib/carla_spawn_objects
Installing set_initial_pose script to /home/vd/carla-ros-bridge/catkin_ws/install/carla_spawn_objects/lib/carla_spawn_objects

Installed /home/vd/carla-ros-bridge/catkin_ws/build/carla_spawn_objects/src
running symlink_data
creating /home/vd/carla-ros-bridge/catkin_ws/install/carla_spawn_objects/share/carla_spawn_objects/launch
symbolically linking /home/vd/carla-ros-bridge/catkin_ws/build/carla_spawn_objects/launch/set_initial_pose.launch.py -> /home/vd/carla-ros-bridge/catkin_ws/install/carla_spawn_objects/share/carla_spawn_objects/launch
symbolically linking /home/vd/carla-ros-bridge/catkin_ws/build/carla_spawn_objects/launch/carla_example_ego_vehicle.launch.py -> /home/vd/carla-ros-bridge/catkin_ws/install/carla_spawn_objects/share/carla_spawn_objects/launch
symbolically linking /home/vd/carla-ros-bridge/catkin_ws/build/carla_spawn_objects/launch/carla_spawn_objects.launch.py -> /home/vd/carla-ros-bridge/catkin_ws/install/carla_spawn_objects/share/carla_spawn_objects/launch
symbolically linking /home/vd/carla-ros-bridge/catkin_ws/build/carla_spawn_objects/config/Town04.json -> /home/vd/carla-ros-bridge/catkin_ws/install/carla_spawn_objects/share/carla_spawn_objects/config
