[0.340s] Invoking command in '/home/vd/carla-ros-bridge/catkin_ws/build/carla_ackermann_msgs': AMENT_PREFIX_PATH=/home/vd/carla-ros-bridge/catkin_ws/install/carla_msgs:${AMENT_PREFIX_PATH} CMAKE_PREFIX_PATH=/home/vd/carla-ros-bridge/catkin_ws/install/carla_msgs:/home/vd/microros_test/install/micro_ros_setup:/home/vd/microros_test/install/micro_ros_agent:/home/vd/microros_test/install/micro_ros_msgs:/home/vd/ros2_ws/install/rtabmap_ros:/home/vd/ros2_ws/install/rtabmap_demos:/home/vd/ros2_ws/install/turtlebot3_gazebo:/home/vd/ros2_ws/install/rtabmap_launch:/home/vd/ros2_ws/install/rtabmap_examples:/home/vd/ros2_ws/install/rtabmap_viz:/home/vd/ros2_ws/install/rtabmap_slam:/home/vd/ros2_ws/install/rtabmap_odom:/home/vd/ros2_ws/install/rtabmap_util:/home/vd/ros2_ws/install/rtabmap_sync:/home/vd/ros2_ws/install/rtabmap_rviz_plugins:/home/vd/ros2_ws/install/rtabmap_conversions:/home/vd/microros_test/install/ackerman_commando:/home/vd/ros2_ws/install/rtabmap_python:/home/vd/ros2_ws/install/robot_math:/home/vd/ros2_ws/install/my_robot_controller:/home/vd/ros2_ws/install/isaac_ros_test:/home/vd/turtlebot3_ws/install/turtlebot3_teleop:/home/vd/turtlebot3_ws/install/turtlebot3_example:/opt/ros/humble:/home/vd/ros2_ws/install/rtabmap_msgs:/home/vd/ros2_ws/install/rtabmap:/home/vd/ros2_ws/install/realsense2_description:/home/vd/ros2_ws/install/realsense2_camera:/home/vd/ros2_ws/install/realsense2_camera_msgs:/home/vd/ros2_ws/install/point_cloud_perception:/home/vd/ros2_ws/install/omnidirectional_controllers:/home/vd/ros2_ws/install/nvidia_kaya:/home/vd/ros2_ws/install/nodes:/home/vd/ros2_ws/install/navigation_tb3:/home/vd/ros2_ws/install/nanosaur_perception:/home/vd/ros2_ws/install/nanosaur:/home/vd/ros2_ws/install/nanosaur_msgs:/home/vd/ros2_ws/install/nanosaur_description:/home/vd/ros2_ws/install/nanosaur_control:/home/vd/ros2_ws/install/my_package:/home/vd/ros2_ws/install/isaac_ros_visual_slam_interfaces:/home/vd/ros2_ws/install/dynamixel_sdk_examples:/home/vd/ros2_ws/install/dynamixel_sdk_custom_interfaces:/home/vd/ros2_ws/install/dynamixel_sdk:/home/vd/ros2_ws/install/articubot_one:/home/vd/turtlebot3_ws/install/turtlebot3:/home/vd/turtlebot3_ws/install/turtlebot3_bringup:/home/vd/turtlebot3_ws/install/turtlebot3_node:/home/vd/turtlebot3_ws/install/turtlebot3_description:/home/vd/turtlebot3_ws/install/ld08_driver:/home/vd/yolobot/install/yolov8_msgs:/home/vd/yolobot/install/yolobot_recognition:/home/vd/yolobot/install/yolobot_gazebo:/home/vd/yolobot/install/yolobot_description:/home/vd/yolobot/install/yolobot_control LD_LIBRARY_PATH=/home/vd/carla-ros-bridge/catkin_ws/install/carla_msgs/lib:/home/vd/microros_test/install/micro_ros_agent/lib:/home/vd/microros_test/install/micro_ros_msgs/lib:/home/vd/ros2_ws/install/rtabmap_slam/lib:/home/vd/ros2_ws/install/rtabmap_odom/lib:/home/vd/ros2_ws/install/rtabmap_util/lib:/home/vd/ros2_ws/install/rtabmap_sync/lib:/home/vd/ros2_ws/install/rtabmap_rviz_plugins/lib:/home/vd/ros2_ws/install/rtabmap_conversions/lib:/home/vd/ros2_ws/install/rtabmap_msgs/lib:/home/vd/ros2_ws/install/rtabmap/lib:/home/vd/ros2_ws/install/realsense2_camera/lib:/home/vd/ros2_ws/install/realsense2_camera_msgs/lib:/home/vd/ros2_ws/install/omnidirectional_controllers/lib:/home/vd/ros2_ws/install/nanosaur_msgs/lib:/home/vd/ros2_ws/install/isaac_ros_visual_slam_interfaces/lib:/home/vd/ros2_ws/install/dynamixel_sdk_custom_interfaces/lib:/home/vd/ros2_ws/install/dynamixel_sdk/lib:/home/vd/yolobot/install/yolov8_msgs/lib:/usr/lib/x86_64-linux-gnu/gazebo-11/plugins:/opt/ros/humble/opt/rviz_ogre_vendor/lib:/opt/ros/humble/lib/x86_64-linux-gnu:/opt/ros/humble/lib:/usr/local/cuda-12.4/lib64::/home/vd/acados/lib PYTHONPATH=/home/vd/carla-ros-bridge/catkin_ws/install/carla_msgs/local/lib/python3.10/dist-packages:${PYTHONPATH} /usr/bin/cmake /home/vd/carla-ros-bridge/catkin_ws/src/carla-ros-bridge/carla_ackermann_msgs -DAMENT_CMAKE_SYMLINK_INSTALL=1 -DCMAKE_INSTALL_PREFIX=/home/vd/carla-ros-bridge/catkin_ws/install/carla_ackermann_msgs
[0.675s] -- The C compiler identification is GNU 12.3.0
[0.675s] -- The CXX compiler identification is GNU 12.3.0
[0.676s] -- Detecting C compiler ABI info
[0.676s] -- Detecting C compiler ABI info - done
[0.676s] -- Check for working C compiler: /usr/lib/ccache/gcc - skipped
[0.676s] -- Detecting C compile features
[0.676s] -- Detecting C compile features - done
[0.676s] -- Detecting CXX compiler ABI info
[0.676s] -- Detecting CXX compiler ABI info - done
[0.676s] -- Check for working CXX compiler: /usr/lib/ccache/g++ - skipped
[0.676s] -- Detecting CXX compile features
[0.676s] -- Detecting CXX compile features - done
[0.676s] -- Found ros_environment: 3.2.2 (/opt/ros/humble/share/ros_environment/cmake)
[0.676s] -- Found ament_cmake: 1.3.11 (/opt/ros/humble/share/ament_cmake/cmake)
[0.676s] -- Found Python3: /usr/bin/python3 (found version "3.10.12") found components: Interpreter 
[0.703s] -- Override CMake install command with custom implementation using symlinks instead of copying resources
[0.731s] -- Found builtin_interfaces: 1.2.1 (/opt/ros/humble/share/builtin_interfaces/cmake)
[0.755s] -- Found rosidl_generator_c: 3.1.6 (/opt/ros/humble/share/rosidl_generator_c/cmake)
[0.760s] -- Found rosidl_adapter: 3.1.6 (/opt/ros/humble/share/rosidl_adapter/cmake)
[0.766s] -- Found rosidl_generator_cpp: 3.1.6 (/opt/ros/humble/share/rosidl_generator_cpp/cmake)
[0.775s] -- Using all available rosidl_typesupport_c: rosidl_typesupport_fastrtps_c;rosidl_typesupport_introspection_c
[0.786s] -- Using all available rosidl_typesupport_cpp: rosidl_typesupport_fastrtps_cpp;rosidl_typesupport_introspection_cpp
[0.798s] -- Found std_msgs: 4.8.0 (/opt/ros/humble/share/std_msgs/cmake)
[0.803s] -- Found carla_msgs: 1.3.0 (/home/vd/carla-ros-bridge/catkin_ws/install/carla_msgs/share/carla_msgs/cmake)
[0.829s] -- Found rosidl_default_generators: 1.2.0 (/opt/ros/humble/share/rosidl_default_generators/cmake)
[1.047s] -- Found ament_cmake_cppcheck: 0.12.12 (/opt/ros/humble/share/ament_cmake_cppcheck/cmake)
[1.050s] -- Found ament_cmake_cpplint: 0.12.12 (/opt/ros/humble/share/ament_cmake_cpplint/cmake)
[1.052s] -- Found ament_cmake_uncrustify: 0.12.12 (/opt/ros/humble/share/ament_cmake_uncrustify/cmake)
[1.054s] -- Found ament_cmake_ros: 0.10.0 (/opt/ros/humble/share/ament_cmake_ros/cmake)
[1.409s] -- Using all available rosidl_typesupport_c: rosidl_typesupport_fastrtps_c;rosidl_typesupport_introspection_c
[1.531s] -- Using all available rosidl_typesupport_cpp: rosidl_typesupport_fastrtps_cpp;rosidl_typesupport_introspection_cpp
[1.556s] -- Found PythonInterp: /usr/bin/python3 (found suitable version "3.10.12", minimum required is "3.6") 
[1.559s] -- Found python_cmake_module: 0.10.0 (/opt/ros/humble/share/python_cmake_module/cmake)
[1.583s] -- Found PythonLibs: /usr/lib/x86_64-linux-gnu/libpython3.10.so (found suitable version "3.10.12", minimum required is "3.5") 
[1.583s] -- Using PYTHON_EXECUTABLE: /usr/bin/python3
[1.583s] -- Using PYTHON_INCLUDE_DIRS: /usr/include/python3.10
[1.584s] -- Using PYTHON_LIBRARIES: /usr/lib/x86_64-linux-gnu/libpython3.10.so
[1.599s] -- Found PythonExtra: .so  
[1.668s] -- Found ament_cmake_flake8: 0.12.12 (/opt/ros/humble/share/ament_cmake_flake8/cmake)
[1.670s] -- Found ament_cmake_pep257: 0.12.12 (/opt/ros/humble/share/ament_cmake_pep257/cmake)
[1.673s] -- Found ament_lint_auto: 0.12.12 (/opt/ros/humble/share/ament_lint_auto/cmake)
[1.683s] -- Added test 'copyright' to check source files copyright and LICENSE
[1.683s] -- Added test 'lint_cmake' to check CMake code style
[1.684s] -- Added test 'xmllint' to check XML markup files
[1.686s] -- Configuring done
[1.707s] -- Generating done
[1.714s] -- Build files have been written to: /home/vd/carla-ros-bridge/catkin_ws/build/carla_ackermann_msgs
[1.720s] Invoked command in '/home/vd/carla-ros-bridge/catkin_ws/build/carla_ackermann_msgs' returned '0': AMENT_PREFIX_PATH=/home/vd/carla-ros-bridge/catkin_ws/install/carla_msgs:${AMENT_PREFIX_PATH} CMAKE_PREFIX_PATH=/home/vd/carla-ros-bridge/catkin_ws/install/carla_msgs:/home/vd/microros_test/install/micro_ros_setup:/home/vd/microros_test/install/micro_ros_agent:/home/vd/microros_test/install/micro_ros_msgs:/home/vd/ros2_ws/install/rtabmap_ros:/home/vd/ros2_ws/install/rtabmap_demos:/home/vd/ros2_ws/install/turtlebot3_gazebo:/home/vd/ros2_ws/install/rtabmap_launch:/home/vd/ros2_ws/install/rtabmap_examples:/home/vd/ros2_ws/install/rtabmap_viz:/home/vd/ros2_ws/install/rtabmap_slam:/home/vd/ros2_ws/install/rtabmap_odom:/home/vd/ros2_ws/install/rtabmap_util:/home/vd/ros2_ws/install/rtabmap_sync:/home/vd/ros2_ws/install/rtabmap_rviz_plugins:/home/vd/ros2_ws/install/rtabmap_conversions:/home/vd/microros_test/install/ackerman_commando:/home/vd/ros2_ws/install/rtabmap_python:/home/vd/ros2_ws/install/robot_math:/home/vd/ros2_ws/install/my_robot_controller:/home/vd/ros2_ws/install/isaac_ros_test:/home/vd/turtlebot3_ws/install/turtlebot3_teleop:/home/vd/turtlebot3_ws/install/turtlebot3_example:/opt/ros/humble:/home/vd/ros2_ws/install/rtabmap_msgs:/home/vd/ros2_ws/install/rtabmap:/home/vd/ros2_ws/install/realsense2_description:/home/vd/ros2_ws/install/realsense2_camera:/home/vd/ros2_ws/install/realsense2_camera_msgs:/home/vd/ros2_ws/install/point_cloud_perception:/home/vd/ros2_ws/install/omnidirectional_controllers:/home/vd/ros2_ws/install/nvidia_kaya:/home/vd/ros2_ws/install/nodes:/home/vd/ros2_ws/install/navigation_tb3:/home/vd/ros2_ws/install/nanosaur_perception:/home/vd/ros2_ws/install/nanosaur:/home/vd/ros2_ws/install/nanosaur_msgs:/home/vd/ros2_ws/install/nanosaur_description:/home/vd/ros2_ws/install/nanosaur_control:/home/vd/ros2_ws/install/my_package:/home/vd/ros2_ws/install/isaac_ros_visual_slam_interfaces:/home/vd/ros2_ws/install/dynamixel_sdk_examples:/home/vd/ros2_ws/install/dynamixel_sdk_custom_interfaces:/home/vd/ros2_ws/install/dynamixel_sdk:/home/vd/ros2_ws/install/articubot_one:/home/vd/turtlebot3_ws/install/turtlebot3:/home/vd/turtlebot3_ws/install/turtlebot3_bringup:/home/vd/turtlebot3_ws/install/turtlebot3_node:/home/vd/turtlebot3_ws/install/turtlebot3_description:/home/vd/turtlebot3_ws/install/ld08_driver:/home/vd/yolobot/install/yolov8_msgs:/home/vd/yolobot/install/yolobot_recognition:/home/vd/yolobot/install/yolobot_gazebo:/home/vd/yolobot/install/yolobot_description:/home/vd/yolobot/install/yolobot_control LD_LIBRARY_PATH=/home/vd/carla-ros-bridge/catkin_ws/install/carla_msgs/lib:/home/vd/microros_test/install/micro_ros_agent/lib:/home/vd/microros_test/install/micro_ros_msgs/lib:/home/vd/ros2_ws/install/rtabmap_slam/lib:/home/vd/ros2_ws/install/rtabmap_odom/lib:/home/vd/ros2_ws/install/rtabmap_util/lib:/home/vd/ros2_ws/install/rtabmap_sync/lib:/home/vd/ros2_ws/install/rtabmap_rviz_plugins/lib:/home/vd/ros2_ws/install/rtabmap_conversions/lib:/home/vd/ros2_ws/install/rtabmap_msgs/lib:/home/vd/ros2_ws/install/rtabmap/lib:/home/vd/ros2_ws/install/realsense2_camera/lib:/home/vd/ros2_ws/install/realsense2_camera_msgs/lib:/home/vd/ros2_ws/install/omnidirectional_controllers/lib:/home/vd/ros2_ws/install/nanosaur_msgs/lib:/home/vd/ros2_ws/install/isaac_ros_visual_slam_interfaces/lib:/home/vd/ros2_ws/install/dynamixel_sdk_custom_interfaces/lib:/home/vd/ros2_ws/install/dynamixel_sdk/lib:/home/vd/yolobot/install/yolov8_msgs/lib:/usr/lib/x86_64-linux-gnu/gazebo-11/plugins:/opt/ros/humble/opt/rviz_ogre_vendor/lib:/opt/ros/humble/lib/x86_64-linux-gnu:/opt/ros/humble/lib:/usr/local/cuda-12.4/lib64::/home/vd/acados/lib PYTHONPATH=/home/vd/carla-ros-bridge/catkin_ws/install/carla_msgs/local/lib/python3.10/dist-packages:${PYTHONPATH} /usr/bin/cmake /home/vd/carla-ros-bridge/catkin_ws/src/carla-ros-bridge/carla_ackermann_msgs -DAMENT_CMAKE_SYMLINK_INSTALL=1 -DCMAKE_INSTALL_PREFIX=/home/vd/carla-ros-bridge/catkin_ws/install/carla_ackermann_msgs
[1.721s] Invoking command in '/home/vd/carla-ros-bridge/catkin_ws/build/carla_ackermann_msgs': AMENT_PREFIX_PATH=/home/vd/carla-ros-bridge/catkin_ws/install/carla_msgs:${AMENT_PREFIX_PATH} CMAKE_PREFIX_PATH=/home/vd/carla-ros-bridge/catkin_ws/install/carla_msgs:/home/vd/microros_test/install/micro_ros_setup:/home/vd/microros_test/install/micro_ros_agent:/home/vd/microros_test/install/micro_ros_msgs:/home/vd/ros2_ws/install/rtabmap_ros:/home/vd/ros2_ws/install/rtabmap_demos:/home/vd/ros2_ws/install/turtlebot3_gazebo:/home/vd/ros2_ws/install/rtabmap_launch:/home/vd/ros2_ws/install/rtabmap_examples:/home/vd/ros2_ws/install/rtabmap_viz:/home/vd/ros2_ws/install/rtabmap_slam:/home/vd/ros2_ws/install/rtabmap_odom:/home/vd/ros2_ws/install/rtabmap_util:/home/vd/ros2_ws/install/rtabmap_sync:/home/vd/ros2_ws/install/rtabmap_rviz_plugins:/home/vd/ros2_ws/install/rtabmap_conversions:/home/vd/microros_test/install/ackerman_commando:/home/vd/ros2_ws/install/rtabmap_python:/home/vd/ros2_ws/install/robot_math:/home/vd/ros2_ws/install/my_robot_controller:/home/vd/ros2_ws/install/isaac_ros_test:/home/vd/turtlebot3_ws/install/turtlebot3_teleop:/home/vd/turtlebot3_ws/install/turtlebot3_example:/opt/ros/humble:/home/vd/ros2_ws/install/rtabmap_msgs:/home/vd/ros2_ws/install/rtabmap:/home/vd/ros2_ws/install/realsense2_description:/home/vd/ros2_ws/install/realsense2_camera:/home/vd/ros2_ws/install/realsense2_camera_msgs:/home/vd/ros2_ws/install/point_cloud_perception:/home/vd/ros2_ws/install/omnidirectional_controllers:/home/vd/ros2_ws/install/nvidia_kaya:/home/vd/ros2_ws/install/nodes:/home/vd/ros2_ws/install/navigation_tb3:/home/vd/ros2_ws/install/nanosaur_perception:/home/vd/ros2_ws/install/nanosaur:/home/vd/ros2_ws/install/nanosaur_msgs:/home/vd/ros2_ws/install/nanosaur_description:/home/vd/ros2_ws/install/nanosaur_control:/home/vd/ros2_ws/install/my_package:/home/vd/ros2_ws/install/isaac_ros_visual_slam_interfaces:/home/vd/ros2_ws/install/dynamixel_sdk_examples:/home/vd/ros2_ws/install/dynamixel_sdk_custom_interfaces:/home/vd/ros2_ws/install/dynamixel_sdk:/home/vd/ros2_ws/install/articubot_one:/home/vd/turtlebot3_ws/install/turtlebot3:/home/vd/turtlebot3_ws/install/turtlebot3_bringup:/home/vd/turtlebot3_ws/install/turtlebot3_node:/home/vd/turtlebot3_ws/install/turtlebot3_description:/home/vd/turtlebot3_ws/install/ld08_driver:/home/vd/yolobot/install/yolov8_msgs:/home/vd/yolobot/install/yolobot_recognition:/home/vd/yolobot/install/yolobot_gazebo:/home/vd/yolobot/install/yolobot_description:/home/vd/yolobot/install/yolobot_control LD_LIBRARY_PATH=/home/vd/carla-ros-bridge/catkin_ws/install/carla_msgs/lib:/home/vd/microros_test/install/micro_ros_agent/lib:/home/vd/microros_test/install/micro_ros_msgs/lib:/home/vd/ros2_ws/install/rtabmap_slam/lib:/home/vd/ros2_ws/install/rtabmap_odom/lib:/home/vd/ros2_ws/install/rtabmap_util/lib:/home/vd/ros2_ws/install/rtabmap_sync/lib:/home/vd/ros2_ws/install/rtabmap_rviz_plugins/lib:/home/vd/ros2_ws/install/rtabmap_conversions/lib:/home/vd/ros2_ws/install/rtabmap_msgs/lib:/home/vd/ros2_ws/install/rtabmap/lib:/home/vd/ros2_ws/install/realsense2_camera/lib:/home/vd/ros2_ws/install/realsense2_camera_msgs/lib:/home/vd/ros2_ws/install/omnidirectional_controllers/lib:/home/vd/ros2_ws/install/nanosaur_msgs/lib:/home/vd/ros2_ws/install/isaac_ros_visual_slam_interfaces/lib:/home/vd/ros2_ws/install/dynamixel_sdk_custom_interfaces/lib:/home/vd/ros2_ws/install/dynamixel_sdk/lib:/home/vd/yolobot/install/yolov8_msgs/lib:/usr/lib/x86_64-linux-gnu/gazebo-11/plugins:/opt/ros/humble/opt/rviz_ogre_vendor/lib:/opt/ros/humble/lib/x86_64-linux-gnu:/opt/ros/humble/lib:/usr/local/cuda-12.4/lib64::/home/vd/acados/lib PYTHONPATH=/home/vd/carla-ros-bridge/catkin_ws/install/carla_msgs/local/lib/python3.10/dist-packages:${PYTHONPATH} /usr/bin/cmake --build /home/vd/carla-ros-bridge/catkin_ws/build/carla_ackermann_msgs -- -j24 -l24
[1.755s] [  1%] [34m[1mGenerating C code for ROS interfaces[0m
[1.760s] [  3%] [34m[1mGenerating C++ code for ROS interfaces[0m
[1.769s] [  3%] Built target ament_cmake_python_symlink_carla_ackermann_msgs
[1.928s] running egg_info
[1.928s] creating carla_ackermann_msgs.egg-info
[1.928s] writing carla_ackermann_msgs.egg-info/PKG-INFO
[1.928s] writing dependency_links to carla_ackermann_msgs.egg-info/dependency_links.txt
[1.929s] writing top-level names to carla_ackermann_msgs.egg-info/top_level.txt
[1.929s] writing manifest file 'carla_ackermann_msgs.egg-info/SOURCES.txt'
[1.930s] reading manifest file 'carla_ackermann_msgs.egg-info/SOURCES.txt'
[1.930s] writing manifest file 'carla_ackermann_msgs.egg-info/SOURCES.txt'
[1.948s] [  3%] Built target ament_cmake_python_build_carla_ackermann_msgs_egg
[2.070s] [  4%] [32mBuilding C object CMakeFiles/carla_ackermann_msgs__rosidl_generator_c.dir/rosidl_generator_c/carla_ackermann_msgs/msg/detail/ego_vehicle_control_current__functions.c.o[0m
[2.070s] [  6%] [32mBuilding C object CMakeFiles/carla_ackermann_msgs__rosidl_generator_c.dir/rosidl_generator_c/carla_ackermann_msgs/msg/detail/ego_vehicle_control_info__functions.c.o[0m
[2.070s] [  7%] [32mBuilding C object CMakeFiles/carla_ackermann_msgs__rosidl_generator_c.dir/rosidl_generator_c/carla_ackermann_msgs/msg/detail/ego_vehicle_control_maxima__functions.c.o[0m
[2.070s] [  9%] [32mBuilding C object CMakeFiles/carla_ackermann_msgs__rosidl_generator_c.dir/rosidl_generator_c/carla_ackermann_msgs/msg/detail/ego_vehicle_control_status__functions.c.o[0m
[2.071s] [  9%] Built target carla_ackermann_msgs__cpp
[2.072s] [ 11%] [32mBuilding C object CMakeFiles/carla_ackermann_msgs__rosidl_generator_c.dir/rosidl_generator_c/carla_ackermann_msgs/msg/detail/ego_vehicle_control_target__functions.c.o[0m
[2.078s] [ 14%] [34m[1mGenerating C++ type support for eProsima Fast-RTPS[0m
[2.078s] [ 14%] [34m[1mGenerating C++ type support dispatch for ROS interfaces[0m
[2.078s] [ 15%] [34m[1mGenerating C++ introspection for ROS interfaces[0m
[2.079s] [ 17%] [32m[1mLinking C shared library libcarla_ackermann_msgs__rosidl_generator_c.so[0m
[2.110s] [ 17%] Built target carla_ackermann_msgs__rosidl_generator_c
[2.121s] [ 22%] [34m[1mGenerating C introspection for ROS interfaces[0m
[2.121s] [ 22%] [34m[1mGenerating C type support for eProsima Fast-RTPS[0m
[2.121s] [ 22%] [34m[1mGenerating C type support dispatch for ROS interfaces[0m
[2.332s] [ 25%] [32mBuilding CXX object CMakeFiles/carla_ackermann_msgs__rosidl_typesupport_cpp.dir/rosidl_typesupport_cpp/carla_ackermann_msgs/msg/ego_vehicle_control_current__type_support.cpp.o[0m
[2.332s] [ 25%] [32mBuilding CXX object CMakeFiles/carla_ackermann_msgs__rosidl_typesupport_cpp.dir/rosidl_typesupport_cpp/carla_ackermann_msgs/msg/ego_vehicle_control_maxima__type_support.cpp.o[0m
[2.332s] [ 26%] [32mBuilding CXX object CMakeFiles/carla_ackermann_msgs__rosidl_typesupport_cpp.dir/rosidl_typesupport_cpp/carla_ackermann_msgs/msg/ego_vehicle_control_info__type_support.cpp.o[0m
[2.333s] [ 28%] [32mBuilding CXX object CMakeFiles/carla_ackermann_msgs__rosidl_typesupport_cpp.dir/rosidl_typesupport_cpp/carla_ackermann_msgs/msg/ego_vehicle_control_status__type_support.cpp.o[0m
[2.333s] [ 30%] [32mBuilding CXX object CMakeFiles/carla_ackermann_msgs__rosidl_typesupport_cpp.dir/rosidl_typesupport_cpp/carla_ackermann_msgs/msg/ego_vehicle_control_target__type_support.cpp.o[0m
[2.346s] [ 31%] [32m[1mLinking CXX shared library libcarla_ackermann_msgs__rosidl_typesupport_cpp.so[0m
[2.349s] [ 33%] [32mBuilding CXX object CMakeFiles/carla_ackermann_msgs__rosidl_typesupport_introspection_cpp.dir/rosidl_typesupport_introspection_cpp/carla_ackermann_msgs/msg/detail/ego_vehicle_control_current__type_support.cpp.o[0m
[2.350s] [ 34%] [32mBuilding CXX object CMakeFiles/carla_ackermann_msgs__rosidl_typesupport_introspection_cpp.dir/rosidl_typesupport_introspection_cpp/carla_ackermann_msgs/msg/detail/ego_vehicle_control_info__type_support.cpp.o[0m
[2.350s] [ 36%] [32mBuilding CXX object CMakeFiles/carla_ackermann_msgs__rosidl_typesupport_introspection_cpp.dir/rosidl_typesupport_introspection_cpp/carla_ackermann_msgs/msg/detail/ego_vehicle_control_status__type_support.cpp.o[0m
[2.350s] [ 38%] [32mBuilding CXX object CMakeFiles/carla_ackermann_msgs__rosidl_typesupport_introspection_cpp.dir/rosidl_typesupport_introspection_cpp/carla_ackermann_msgs/msg/detail/ego_vehicle_control_target__type_support.cpp.o[0m
[2.350s] [ 39%] [32mBuilding CXX object CMakeFiles/carla_ackermann_msgs__rosidl_typesupport_introspection_cpp.dir/rosidl_typesupport_introspection_cpp/carla_ackermann_msgs/msg/detail/ego_vehicle_control_maxima__type_support.cpp.o[0m
[2.364s] [ 41%] [32m[1mLinking CXX shared library libcarla_ackermann_msgs__rosidl_typesupport_introspection_cpp.so[0m
[2.366s] [ 44%] [32mBuilding CXX object CMakeFiles/carla_ackermann_msgs__rosidl_typesupport_fastrtps_cpp.dir/rosidl_typesupport_fastrtps_cpp/carla_ackermann_msgs/msg/detail/dds_fastrtps/ego_vehicle_control_status__type_support.cpp.o[0m
[2.367s] [ 44%] [32mBuilding CXX object CMakeFiles/carla_ackermann_msgs__rosidl_typesupport_fastrtps_cpp.dir/rosidl_typesupport_fastrtps_cpp/carla_ackermann_msgs/msg/detail/dds_fastrtps/ego_vehicle_control_info__type_support.cpp.o[0m
[2.368s] [ 46%] [32mBuilding CXX object CMakeFiles/carla_ackermann_msgs__rosidl_typesupport_fastrtps_cpp.dir/rosidl_typesupport_fastrtps_cpp/carla_ackermann_msgs/msg/detail/dds_fastrtps/ego_vehicle_control_maxima__type_support.cpp.o[0m
[2.368s] [ 47%] [32mBuilding CXX object CMakeFiles/carla_ackermann_msgs__rosidl_typesupport_fastrtps_cpp.dir/rosidl_typesupport_fastrtps_cpp/carla_ackermann_msgs/msg/detail/dds_fastrtps/ego_vehicle_control_target__type_support.cpp.o[0m
[2.369s] [ 49%] [32mBuilding CXX object CMakeFiles/carla_ackermann_msgs__rosidl_typesupport_fastrtps_cpp.dir/rosidl_typesupport_fastrtps_cpp/carla_ackermann_msgs/msg/detail/dds_fastrtps/ego_vehicle_control_current__type_support.cpp.o[0m
[2.373s] [ 49%] Built target carla_ackermann_msgs__rosidl_typesupport_cpp
[2.410s] [ 49%] Built target carla_ackermann_msgs__rosidl_typesupport_introspection_cpp
[2.427s] [ 50%] [32mBuilding C object CMakeFiles/carla_ackermann_msgs__rosidl_typesupport_introspection_c.dir/rosidl_typesupport_introspection_c/carla_ackermann_msgs/msg/detail/ego_vehicle_control_current__type_support.c.o[0m
[2.427s] [ 52%] [32mBuilding C object CMakeFiles/carla_ackermann_msgs__rosidl_typesupport_introspection_c.dir/rosidl_typesupport_introspection_c/carla_ackermann_msgs/msg/detail/ego_vehicle_control_info__type_support.c.o[0m
[2.427s] [ 53%] [32mBuilding C object CMakeFiles/carla_ackermann_msgs__rosidl_typesupport_introspection_c.dir/rosidl_typesupport_introspection_c/carla_ackermann_msgs/msg/detail/ego_vehicle_control_target__type_support.c.o[0m
[2.427s] [ 55%] [32mBuilding C object CMakeFiles/carla_ackermann_msgs__rosidl_typesupport_introspection_c.dir/rosidl_typesupport_introspection_c/carla_ackermann_msgs/msg/detail/ego_vehicle_control_status__type_support.c.o[0m
[2.428s] [ 57%] [32mBuilding C object CMakeFiles/carla_ackermann_msgs__rosidl_typesupport_introspection_c.dir/rosidl_typesupport_introspection_c/carla_ackermann_msgs/msg/detail/ego_vehicle_control_maxima__type_support.c.o[0m
[2.434s] [ 58%] [32mBuilding CXX object CMakeFiles/carla_ackermann_msgs__rosidl_typesupport_fastrtps_c.dir/rosidl_typesupport_fastrtps_c/carla_ackermann_msgs/msg/detail/ego_vehicle_control_maxima__type_support_c.cpp.o[0m
[2.436s] [ 60%] [32mBuilding CXX object CMakeFiles/carla_ackermann_msgs__rosidl_typesupport_fastrtps_c.dir/rosidl_typesupport_fastrtps_c/carla_ackermann_msgs/msg/detail/ego_vehicle_control_current__type_support_c.cpp.o[0m
[2.436s] [ 61%] [32mBuilding CXX object CMakeFiles/carla_ackermann_msgs__rosidl_typesupport_fastrtps_c.dir/rosidl_typesupport_fastrtps_c/carla_ackermann_msgs/msg/detail/ego_vehicle_control_status__type_support_c.cpp.o[0m
[2.436s] [ 63%] [32mBuilding CXX object CMakeFiles/carla_ackermann_msgs__rosidl_typesupport_fastrtps_c.dir/rosidl_typesupport_fastrtps_c/carla_ackermann_msgs/msg/detail/ego_vehicle_control_target__type_support_c.cpp.o[0m
[2.437s] [ 65%] [32mBuilding CXX object CMakeFiles/carla_ackermann_msgs__rosidl_typesupport_fastrtps_c.dir/rosidl_typesupport_fastrtps_c/carla_ackermann_msgs/msg/detail/ego_vehicle_control_info__type_support_c.cpp.o[0m
[2.437s] [ 66%] [32m[1mLinking CXX shared library libcarla_ackermann_msgs__rosidl_typesupport_fastrtps_cpp.so[0m
[2.453s] [ 68%] [32m[1mLinking C shared library libcarla_ackermann_msgs__rosidl_typesupport_introspection_c.so[0m
[2.477s] [ 69%] [32mBuilding CXX object CMakeFiles/carla_ackermann_msgs__rosidl_typesupport_c.dir/rosidl_typesupport_c/carla_ackermann_msgs/msg/ego_vehicle_control_target__type_support.cpp.o[0m
[2.477s] [ 71%] [32mBuilding CXX object CMakeFiles/carla_ackermann_msgs__rosidl_typesupport_c.dir/rosidl_typesupport_c/carla_ackermann_msgs/msg/ego_vehicle_control_status__type_support.cpp.o[0m
[2.479s] [ 74%] [32mBuilding CXX object CMakeFiles/carla_ackermann_msgs__rosidl_typesupport_c.dir/rosidl_typesupport_c/carla_ackermann_msgs/msg/ego_vehicle_control_info__type_support.cpp.o[0m
[2.479s] [ 74%] [32mBuilding CXX object CMakeFiles/carla_ackermann_msgs__rosidl_typesupport_c.dir/rosidl_typesupport_c/carla_ackermann_msgs/msg/ego_vehicle_control_current__type_support.cpp.o[0m
[2.479s] [ 76%] [32mBuilding CXX object CMakeFiles/carla_ackermann_msgs__rosidl_typesupport_c.dir/rosidl_typesupport_c/carla_ackermann_msgs/msg/ego_vehicle_control_maxima__type_support.cpp.o[0m
[2.481s] [ 76%] Built target carla_ackermann_msgs__rosidl_typesupport_introspection_c
[2.484s] [ 76%] Built target carla_ackermann_msgs__rosidl_typesupport_fastrtps_cpp
[2.490s] [ 77%] [32m[1mLinking CXX shared library libcarla_ackermann_msgs__rosidl_typesupport_c.so[0m
[2.490s] [ 79%] [32m[1mLinking CXX shared library libcarla_ackermann_msgs__rosidl_typesupport_fastrtps_c.so[0m
[2.519s] [ 79%] Built target carla_ackermann_msgs__rosidl_typesupport_c
[2.537s] [ 79%] Built target carla_ackermann_msgs__rosidl_typesupport_fastrtps_c
[2.555s] [ 79%] Built target carla_ackermann_msgs
[2.569s] [ 80%] [34m[1mGenerating Python code for ROS interfaces[0m
[3.061s] [ 80%] Built target carla_ackermann_msgs__py
[3.078s] [ 84%] [32mBuilding C object CMakeFiles/carla_ackermann_msgs__rosidl_generator_py.dir/rosidl_generator_py/carla_ackermann_msgs/msg/_ego_vehicle_control_info_s.c.o[0m
[3.078s] [ 84%] [32mBuilding C object CMakeFiles/carla_ackermann_msgs__rosidl_generator_py.dir/rosidl_generator_py/carla_ackermann_msgs/msg/_ego_vehicle_control_target_s.c.o[0m
[3.078s] [ 85%] [32mBuilding C object CMakeFiles/carla_ackermann_msgs__rosidl_generator_py.dir/rosidl_generator_py/carla_ackermann_msgs/msg/_ego_vehicle_control_maxima_s.c.o[0m
[3.079s] [ 87%] [32mBuilding C object CMakeFiles/carla_ackermann_msgs__rosidl_generator_py.dir/rosidl_generator_py/carla_ackermann_msgs/msg/_ego_vehicle_control_current_s.c.o[0m
[3.080s] [ 88%] [32mBuilding C object CMakeFiles/carla_ackermann_msgs__rosidl_generator_py.dir/rosidl_generator_py/carla_ackermann_msgs/msg/_ego_vehicle_control_status_s.c.o[0m
[3.093s] [ 90%] [32m[1mLinking C shared library rosidl_generator_py/carla_ackermann_msgs/libcarla_ackermann_msgs__rosidl_generator_py.so[0m
[3.126s] [ 90%] Built target carla_ackermann_msgs__rosidl_generator_py
[3.144s] [ 92%] [32mBuilding C object CMakeFiles/carla_ackermann_msgs__rosidl_typesupport_fastrtps_c__pyext.dir/rosidl_generator_py/carla_ackermann_msgs/_carla_ackermann_msgs_s.ep.rosidl_typesupport_fastrtps_c.c.o[0m
[3.146s] [ 93%] [32mBuilding C object CMakeFiles/carla_ackermann_msgs__rosidl_typesupport_introspection_c__pyext.dir/rosidl_generator_py/carla_ackermann_msgs/_carla_ackermann_msgs_s.ep.rosidl_typesupport_introspection_c.c.o[0m
[3.147s] [ 95%] [32mBuilding C object CMakeFiles/carla_ackermann_msgs__rosidl_typesupport_c__pyext.dir/rosidl_generator_py/carla_ackermann_msgs/_carla_ackermann_msgs_s.ep.rosidl_typesupport_c.c.o[0m
[3.156s] [ 98%] [32m[1mLinking C shared library rosidl_generator_py/carla_ackermann_msgs/carla_ackermann_msgs_s__rosidl_typesupport_introspection_c.cpython-310-x86_64-linux-gnu.so[0m
[3.156s] [ 98%] [32m[1mLinking C shared library rosidl_generator_py/carla_ackermann_msgs/carla_ackermann_msgs_s__rosidl_typesupport_fastrtps_c.cpython-310-x86_64-linux-gnu.so[0m
[3.161s] [100%] [32m[1mLinking C shared library rosidl_generator_py/carla_ackermann_msgs/carla_ackermann_msgs_s__rosidl_typesupport_c.cpython-310-x86_64-linux-gnu.so[0m
[3.190s] [100%] Built target carla_ackermann_msgs__rosidl_typesupport_fastrtps_c__pyext
[3.191s] [100%] Built target carla_ackermann_msgs__rosidl_typesupport_introspection_c__pyext
[3.194s] [100%] Built target carla_ackermann_msgs__rosidl_typesupport_c__pyext
[3.202s] Invoked command in '/home/vd/carla-ros-bridge/catkin_ws/build/carla_ackermann_msgs' returned '0': AMENT_PREFIX_PATH=/home/vd/carla-ros-bridge/catkin_ws/install/carla_msgs:${AMENT_PREFIX_PATH} CMAKE_PREFIX_PATH=/home/vd/carla-ros-bridge/catkin_ws/install/carla_msgs:/home/vd/microros_test/install/micro_ros_setup:/home/vd/microros_test/install/micro_ros_agent:/home/vd/microros_test/install/micro_ros_msgs:/home/vd/ros2_ws/install/rtabmap_ros:/home/vd/ros2_ws/install/rtabmap_demos:/home/vd/ros2_ws/install/turtlebot3_gazebo:/home/vd/ros2_ws/install/rtabmap_launch:/home/vd/ros2_ws/install/rtabmap_examples:/home/vd/ros2_ws/install/rtabmap_viz:/home/vd/ros2_ws/install/rtabmap_slam:/home/vd/ros2_ws/install/rtabmap_odom:/home/vd/ros2_ws/install/rtabmap_util:/home/vd/ros2_ws/install/rtabmap_sync:/home/vd/ros2_ws/install/rtabmap_rviz_plugins:/home/vd/ros2_ws/install/rtabmap_conversions:/home/vd/microros_test/install/ackerman_commando:/home/vd/ros2_ws/install/rtabmap_python:/home/vd/ros2_ws/install/robot_math:/home/vd/ros2_ws/install/my_robot_controller:/home/vd/ros2_ws/install/isaac_ros_test:/home/vd/turtlebot3_ws/install/turtlebot3_teleop:/home/vd/turtlebot3_ws/install/turtlebot3_example:/opt/ros/humble:/home/vd/ros2_ws/install/rtabmap_msgs:/home/vd/ros2_ws/install/rtabmap:/home/vd/ros2_ws/install/realsense2_description:/home/vd/ros2_ws/install/realsense2_camera:/home/vd/ros2_ws/install/realsense2_camera_msgs:/home/vd/ros2_ws/install/point_cloud_perception:/home/vd/ros2_ws/install/omnidirectional_controllers:/home/vd/ros2_ws/install/nvidia_kaya:/home/vd/ros2_ws/install/nodes:/home/vd/ros2_ws/install/navigation_tb3:/home/vd/ros2_ws/install/nanosaur_perception:/home/vd/ros2_ws/install/nanosaur:/home/vd/ros2_ws/install/nanosaur_msgs:/home/vd/ros2_ws/install/nanosaur_description:/home/vd/ros2_ws/install/nanosaur_control:/home/vd/ros2_ws/install/my_package:/home/vd/ros2_ws/install/isaac_ros_visual_slam_interfaces:/home/vd/ros2_ws/install/dynamixel_sdk_examples:/home/vd/ros2_ws/install/dynamixel_sdk_custom_interfaces:/home/vd/ros2_ws/install/dynamixel_sdk:/home/vd/ros2_ws/install/articubot_one:/home/vd/turtlebot3_ws/install/turtlebot3:/home/vd/turtlebot3_ws/install/turtlebot3_bringup:/home/vd/turtlebot3_ws/install/turtlebot3_node:/home/vd/turtlebot3_ws/install/turtlebot3_description:/home/vd/turtlebot3_ws/install/ld08_driver:/home/vd/yolobot/install/yolov8_msgs:/home/vd/yolobot/install/yolobot_recognition:/home/vd/yolobot/install/yolobot_gazebo:/home/vd/yolobot/install/yolobot_description:/home/vd/yolobot/install/yolobot_control LD_LIBRARY_PATH=/home/vd/carla-ros-bridge/catkin_ws/install/carla_msgs/lib:/home/vd/microros_test/install/micro_ros_agent/lib:/home/vd/microros_test/install/micro_ros_msgs/lib:/home/vd/ros2_ws/install/rtabmap_slam/lib:/home/vd/ros2_ws/install/rtabmap_odom/lib:/home/vd/ros2_ws/install/rtabmap_util/lib:/home/vd/ros2_ws/install/rtabmap_sync/lib:/home/vd/ros2_ws/install/rtabmap_rviz_plugins/lib:/home/vd/ros2_ws/install/rtabmap_conversions/lib:/home/vd/ros2_ws/install/rtabmap_msgs/lib:/home/vd/ros2_ws/install/rtabmap/lib:/home/vd/ros2_ws/install/realsense2_camera/lib:/home/vd/ros2_ws/install/realsense2_camera_msgs/lib:/home/vd/ros2_ws/install/omnidirectional_controllers/lib:/home/vd/ros2_ws/install/nanosaur_msgs/lib:/home/vd/ros2_ws/install/isaac_ros_visual_slam_interfaces/lib:/home/vd/ros2_ws/install/dynamixel_sdk_custom_interfaces/lib:/home/vd/ros2_ws/install/dynamixel_sdk/lib:/home/vd/yolobot/install/yolov8_msgs/lib:/usr/lib/x86_64-linux-gnu/gazebo-11/plugins:/opt/ros/humble/opt/rviz_ogre_vendor/lib:/opt/ros/humble/lib/x86_64-linux-gnu:/opt/ros/humble/lib:/usr/local/cuda-12.4/lib64::/home/vd/acados/lib PYTHONPATH=/home/vd/carla-ros-bridge/catkin_ws/install/carla_msgs/local/lib/python3.10/dist-packages:${PYTHONPATH} /usr/bin/cmake --build /home/vd/carla-ros-bridge/catkin_ws/build/carla_ackermann_msgs -- -j24 -l24
[3.203s] Invoking command in '/home/vd/carla-ros-bridge/catkin_ws/build/carla_ackermann_msgs': AMENT_PREFIX_PATH=/home/vd/carla-ros-bridge/catkin_ws/install/carla_msgs:${AMENT_PREFIX_PATH} CMAKE_PREFIX_PATH=/home/vd/carla-ros-bridge/catkin_ws/install/carla_msgs:/home/vd/microros_test/install/micro_ros_setup:/home/vd/microros_test/install/micro_ros_agent:/home/vd/microros_test/install/micro_ros_msgs:/home/vd/ros2_ws/install/rtabmap_ros:/home/vd/ros2_ws/install/rtabmap_demos:/home/vd/ros2_ws/install/turtlebot3_gazebo:/home/vd/ros2_ws/install/rtabmap_launch:/home/vd/ros2_ws/install/rtabmap_examples:/home/vd/ros2_ws/install/rtabmap_viz:/home/vd/ros2_ws/install/rtabmap_slam:/home/vd/ros2_ws/install/rtabmap_odom:/home/vd/ros2_ws/install/rtabmap_util:/home/vd/ros2_ws/install/rtabmap_sync:/home/vd/ros2_ws/install/rtabmap_rviz_plugins:/home/vd/ros2_ws/install/rtabmap_conversions:/home/vd/microros_test/install/ackerman_commando:/home/vd/ros2_ws/install/rtabmap_python:/home/vd/ros2_ws/install/robot_math:/home/vd/ros2_ws/install/my_robot_controller:/home/vd/ros2_ws/install/isaac_ros_test:/home/vd/turtlebot3_ws/install/turtlebot3_teleop:/home/vd/turtlebot3_ws/install/turtlebot3_example:/opt/ros/humble:/home/vd/ros2_ws/install/rtabmap_msgs:/home/vd/ros2_ws/install/rtabmap:/home/vd/ros2_ws/install/realsense2_description:/home/vd/ros2_ws/install/realsense2_camera:/home/vd/ros2_ws/install/realsense2_camera_msgs:/home/vd/ros2_ws/install/point_cloud_perception:/home/vd/ros2_ws/install/omnidirectional_controllers:/home/vd/ros2_ws/install/nvidia_kaya:/home/vd/ros2_ws/install/nodes:/home/vd/ros2_ws/install/navigation_tb3:/home/vd/ros2_ws/install/nanosaur_perception:/home/vd/ros2_ws/install/nanosaur:/home/vd/ros2_ws/install/nanosaur_msgs:/home/vd/ros2_ws/install/nanosaur_description:/home/vd/ros2_ws/install/nanosaur_control:/home/vd/ros2_ws/install/my_package:/home/vd/ros2_ws/install/isaac_ros_visual_slam_interfaces:/home/vd/ros2_ws/install/dynamixel_sdk_examples:/home/vd/ros2_ws/install/dynamixel_sdk_custom_interfaces:/home/vd/ros2_ws/install/dynamixel_sdk:/home/vd/ros2_ws/install/articubot_one:/home/vd/turtlebot3_ws/install/turtlebot3:/home/vd/turtlebot3_ws/install/turtlebot3_bringup:/home/vd/turtlebot3_ws/install/turtlebot3_node:/home/vd/turtlebot3_ws/install/turtlebot3_description:/home/vd/turtlebot3_ws/install/ld08_driver:/home/vd/yolobot/install/yolov8_msgs:/home/vd/yolobot/install/yolobot_recognition:/home/vd/yolobot/install/yolobot_gazebo:/home/vd/yolobot/install/yolobot_description:/home/vd/yolobot/install/yolobot_control LD_LIBRARY_PATH=/home/vd/carla-ros-bridge/catkin_ws/install/carla_msgs/lib:/home/vd/microros_test/install/micro_ros_agent/lib:/home/vd/microros_test/install/micro_ros_msgs/lib:/home/vd/ros2_ws/install/rtabmap_slam/lib:/home/vd/ros2_ws/install/rtabmap_odom/lib:/home/vd/ros2_ws/install/rtabmap_util/lib:/home/vd/ros2_ws/install/rtabmap_sync/lib:/home/vd/ros2_ws/install/rtabmap_rviz_plugins/lib:/home/vd/ros2_ws/install/rtabmap_conversions/lib:/home/vd/ros2_ws/install/rtabmap_msgs/lib:/home/vd/ros2_ws/install/rtabmap/lib:/home/vd/ros2_ws/install/realsense2_camera/lib:/home/vd/ros2_ws/install/realsense2_camera_msgs/lib:/home/vd/ros2_ws/install/omnidirectional_controllers/lib:/home/vd/ros2_ws/install/nanosaur_msgs/lib:/home/vd/ros2_ws/install/isaac_ros_visual_slam_interfaces/lib:/home/vd/ros2_ws/install/dynamixel_sdk_custom_interfaces/lib:/home/vd/ros2_ws/install/dynamixel_sdk/lib:/home/vd/yolobot/install/yolov8_msgs/lib:/usr/lib/x86_64-linux-gnu/gazebo-11/plugins:/opt/ros/humble/opt/rviz_ogre_vendor/lib:/opt/ros/humble/lib/x86_64-linux-gnu:/opt/ros/humble/lib:/usr/local/cuda-12.4/lib64::/home/vd/acados/lib PYTHONPATH=/home/vd/carla-ros-bridge/catkin_ws/install/carla_msgs/local/lib/python3.10/dist-packages:${PYTHONPATH} /usr/bin/cmake --install /home/vd/carla-ros-bridge/catkin_ws/build/carla_ackermann_msgs
[3.208s] -- Install configuration: ""
[3.209s] -- Execute custom install script
[3.209s] -- Symlinking: /home/vd/carla-ros-bridge/catkin_ws/install/carla_ackermann_msgs/share/ament_index/resource_index/rosidl_interfaces/carla_ackermann_msgs
[3.216s] -- Symlinking: /home/vd/carla-ros-bridge/catkin_ws/install/carla_ackermann_msgs/include/carla_ackermann_msgs/carla_ackermann_msgs/msg/detail/ego_vehicle_control_current__functions.h
[3.222s] -- Symlinking: /home/vd/carla-ros-bridge/catkin_ws/install/carla_ackermann_msgs/include/carla_ackermann_msgs/carla_ackermann_msgs/msg/detail/ego_vehicle_control_current__struct.h
[3.227s] -- Symlinking: /home/vd/carla-ros-bridge/catkin_ws/install/carla_ackermann_msgs/include/carla_ackermann_msgs/carla_ackermann_msgs/msg/detail/ego_vehicle_control_current__type_support.h
[3.236s] -- Symlinking: /home/vd/carla-ros-bridge/catkin_ws/install/carla_ackermann_msgs/include/carla_ackermann_msgs/carla_ackermann_msgs/msg/detail/ego_vehicle_control_info__functions.h
[3.245s] -- Symlinking: /home/vd/carla-ros-bridge/catkin_ws/install/carla_ackermann_msgs/include/carla_ackermann_msgs/carla_ackermann_msgs/msg/detail/ego_vehicle_control_info__struct.h
[3.251s] -- Symlinking: /home/vd/carla-ros-bridge/catkin_ws/install/carla_ackermann_msgs/include/carla_ackermann_msgs/carla_ackermann_msgs/msg/detail/ego_vehicle_control_info__type_support.h
[3.257s] -- Symlinking: /home/vd/carla-ros-bridge/catkin_ws/install/carla_ackermann_msgs/include/carla_ackermann_msgs/carla_ackermann_msgs/msg/detail/ego_vehicle_control_maxima__functions.h
[3.264s] -- Symlinking: /home/vd/carla-ros-bridge/catkin_ws/install/carla_ackermann_msgs/include/carla_ackermann_msgs/carla_ackermann_msgs/msg/detail/ego_vehicle_control_maxima__struct.h
[3.272s] -- Symlinking: /home/vd/carla-ros-bridge/catkin_ws/install/carla_ackermann_msgs/include/carla_ackermann_msgs/carla_ackermann_msgs/msg/detail/ego_vehicle_control_maxima__type_support.h
[3.278s] -- Symlinking: /home/vd/carla-ros-bridge/catkin_ws/install/carla_ackermann_msgs/include/carla_ackermann_msgs/carla_ackermann_msgs/msg/detail/ego_vehicle_control_status__functions.h
[3.287s] -- Symlinking: /home/vd/carla-ros-bridge/catkin_ws/install/carla_ackermann_msgs/include/carla_ackermann_msgs/carla_ackermann_msgs/msg/detail/ego_vehicle_control_status__struct.h
[3.295s] -- Symlinking: /home/vd/carla-ros-bridge/catkin_ws/install/carla_ackermann_msgs/include/carla_ackermann_msgs/carla_ackermann_msgs/msg/detail/ego_vehicle_control_status__type_support.h
[3.302s] -- Symlinking: /home/vd/carla-ros-bridge/catkin_ws/install/carla_ackermann_msgs/include/carla_ackermann_msgs/carla_ackermann_msgs/msg/detail/ego_vehicle_control_target__functions.h
[3.308s] -- Symlinking: /home/vd/carla-ros-bridge/catkin_ws/install/carla_ackermann_msgs/include/carla_ackermann_msgs/carla_ackermann_msgs/msg/detail/ego_vehicle_control_target__struct.h
[3.314s] -- Symlinking: /home/vd/carla-ros-bridge/catkin_ws/install/carla_ackermann_msgs/include/carla_ackermann_msgs/carla_ackermann_msgs/msg/detail/ego_vehicle_control_target__type_support.h
[3.322s] -- Symlinking: /home/vd/carla-ros-bridge/catkin_ws/install/carla_ackermann_msgs/include/carla_ackermann_msgs/carla_ackermann_msgs/msg/ego_vehicle_control_current.h
[3.329s] -- Symlinking: /home/vd/carla-ros-bridge/catkin_ws/install/carla_ackermann_msgs/include/carla_ackermann_msgs/carla_ackermann_msgs/msg/ego_vehicle_control_info.h
[3.335s] -- Symlinking: /home/vd/carla-ros-bridge/catkin_ws/install/carla_ackermann_msgs/include/carla_ackermann_msgs/carla_ackermann_msgs/msg/ego_vehicle_control_maxima.h
[3.343s] -- Symlinking: /home/vd/carla-ros-bridge/catkin_ws/install/carla_ackermann_msgs/include/carla_ackermann_msgs/carla_ackermann_msgs/msg/ego_vehicle_control_status.h
[3.352s] -- Symlinking: /home/vd/carla-ros-bridge/catkin_ws/install/carla_ackermann_msgs/include/carla_ackermann_msgs/carla_ackermann_msgs/msg/ego_vehicle_control_target.h
[3.358s] -- Symlinking: /home/vd/carla-ros-bridge/catkin_ws/install/carla_ackermann_msgs/include/carla_ackermann_msgs/carla_ackermann_msgs/msg/rosidl_generator_c__visibility_control.h
[3.367s] -- Symlinking: /home/vd/carla-ros-bridge/catkin_ws/install/carla_ackermann_msgs/share/carla_ackermann_msgs/environment/library_path.sh
[3.374s] -- Symlinking: /home/vd/carla-ros-bridge/catkin_ws/install/carla_ackermann_msgs/share/carla_ackermann_msgs/environment/library_path.dsv
[3.381s] -- Symlinking: /home/vd/carla-ros-bridge/catkin_ws/install/carla_ackermann_msgs/include/carla_ackermann_msgs/carla_ackermann_msgs/msg/detail/ego_vehicle_control_current__rosidl_typesupport_fastrtps_c.h
[3.389s] -- Symlinking: /home/vd/carla-ros-bridge/catkin_ws/install/carla_ackermann_msgs/include/carla_ackermann_msgs/carla_ackermann_msgs/msg/detail/ego_vehicle_control_info__rosidl_typesupport_fastrtps_c.h
[3.395s] -- Symlinking: /home/vd/carla-ros-bridge/catkin_ws/install/carla_ackermann_msgs/include/carla_ackermann_msgs/carla_ackermann_msgs/msg/detail/ego_vehicle_control_maxima__rosidl_typesupport_fastrtps_c.h
[3.402s] -- Symlinking: /home/vd/carla-ros-bridge/catkin_ws/install/carla_ackermann_msgs/include/carla_ackermann_msgs/carla_ackermann_msgs/msg/detail/ego_vehicle_control_status__rosidl_typesupport_fastrtps_c.h
[3.409s] -- Symlinking: /home/vd/carla-ros-bridge/catkin_ws/install/carla_ackermann_msgs/include/carla_ackermann_msgs/carla_ackermann_msgs/msg/detail/ego_vehicle_control_target__rosidl_typesupport_fastrtps_c.h
[3.415s] -- Symlinking: /home/vd/carla-ros-bridge/catkin_ws/install/carla_ackermann_msgs/include/carla_ackermann_msgs/carla_ackermann_msgs/msg/rosidl_typesupport_fastrtps_c__visibility_control.h
[3.424s] -- Symlinking: /home/vd/carla-ros-bridge/catkin_ws/install/carla_ackermann_msgs/include/carla_ackermann_msgs/carla_ackermann_msgs/msg/detail/ego_vehicle_control_current__builder.hpp
[3.430s] -- Symlinking: /home/vd/carla-ros-bridge/catkin_ws/install/carla_ackermann_msgs/include/carla_ackermann_msgs/carla_ackermann_msgs/msg/detail/ego_vehicle_control_current__struct.hpp
[3.438s] -- Symlinking: /home/vd/carla-ros-bridge/catkin_ws/install/carla_ackermann_msgs/include/carla_ackermann_msgs/carla_ackermann_msgs/msg/detail/ego_vehicle_control_current__traits.hpp
[3.445s] -- Symlinking: /home/vd/carla-ros-bridge/catkin_ws/install/carla_ackermann_msgs/include/carla_ackermann_msgs/carla_ackermann_msgs/msg/detail/ego_vehicle_control_current__type_support.hpp
[3.451s] -- Symlinking: /home/vd/carla-ros-bridge/catkin_ws/install/carla_ackermann_msgs/include/carla_ackermann_msgs/carla_ackermann_msgs/msg/detail/ego_vehicle_control_info__builder.hpp
[3.458s] -- Symlinking: /home/vd/carla-ros-bridge/catkin_ws/install/carla_ackermann_msgs/include/carla_ackermann_msgs/carla_ackermann_msgs/msg/detail/ego_vehicle_control_info__struct.hpp
[3.464s] -- Symlinking: /home/vd/carla-ros-bridge/catkin_ws/install/carla_ackermann_msgs/include/carla_ackermann_msgs/carla_ackermann_msgs/msg/detail/ego_vehicle_control_info__traits.hpp
[3.470s] -- Symlinking: /home/vd/carla-ros-bridge/catkin_ws/install/carla_ackermann_msgs/include/carla_ackermann_msgs/carla_ackermann_msgs/msg/detail/ego_vehicle_control_info__type_support.hpp
[3.476s] -- Symlinking: /home/vd/carla-ros-bridge/catkin_ws/install/carla_ackermann_msgs/include/carla_ackermann_msgs/carla_ackermann_msgs/msg/detail/ego_vehicle_control_maxima__builder.hpp
[3.484s] -- Symlinking: /home/vd/carla-ros-bridge/catkin_ws/install/carla_ackermann_msgs/include/carla_ackermann_msgs/carla_ackermann_msgs/msg/detail/ego_vehicle_control_maxima__struct.hpp
[3.490s] -- Symlinking: /home/vd/carla-ros-bridge/catkin_ws/install/carla_ackermann_msgs/include/carla_ackermann_msgs/carla_ackermann_msgs/msg/detail/ego_vehicle_control_maxima__traits.hpp
[3.498s] -- Symlinking: /home/vd/carla-ros-bridge/catkin_ws/install/carla_ackermann_msgs/include/carla_ackermann_msgs/carla_ackermann_msgs/msg/detail/ego_vehicle_control_maxima__type_support.hpp
[3.505s] -- Symlinking: /home/vd/carla-ros-bridge/catkin_ws/install/carla_ackermann_msgs/include/carla_ackermann_msgs/carla_ackermann_msgs/msg/detail/ego_vehicle_control_status__builder.hpp
[3.512s] -- Symlinking: /home/vd/carla-ros-bridge/catkin_ws/install/carla_ackermann_msgs/include/carla_ackermann_msgs/carla_ackermann_msgs/msg/detail/ego_vehicle_control_status__struct.hpp
[3.519s] -- Symlinking: /home/vd/carla-ros-bridge/catkin_ws/install/carla_ackermann_msgs/include/carla_ackermann_msgs/carla_ackermann_msgs/msg/detail/ego_vehicle_control_status__traits.hpp
[3.527s] -- Symlinking: /home/vd/carla-ros-bridge/catkin_ws/install/carla_ackermann_msgs/include/carla_ackermann_msgs/carla_ackermann_msgs/msg/detail/ego_vehicle_control_status__type_support.hpp
[3.534s] -- Symlinking: /home/vd/carla-ros-bridge/catkin_ws/install/carla_ackermann_msgs/include/carla_ackermann_msgs/carla_ackermann_msgs/msg/detail/ego_vehicle_control_target__builder.hpp
[3.543s] -- Symlinking: /home/vd/carla-ros-bridge/catkin_ws/install/carla_ackermann_msgs/include/carla_ackermann_msgs/carla_ackermann_msgs/msg/detail/ego_vehicle_control_target__struct.hpp
[3.550s] -- Symlinking: /home/vd/carla-ros-bridge/catkin_ws/install/carla_ackermann_msgs/include/carla_ackermann_msgs/carla_ackermann_msgs/msg/detail/ego_vehicle_control_target__traits.hpp
[3.558s] -- Symlinking: /home/vd/carla-ros-bridge/catkin_ws/install/carla_ackermann_msgs/include/carla_ackermann_msgs/carla_ackermann_msgs/msg/detail/ego_vehicle_control_target__type_support.hpp
[3.565s] -- Symlinking: /home/vd/carla-ros-bridge/catkin_ws/install/carla_ackermann_msgs/include/carla_ackermann_msgs/carla_ackermann_msgs/msg/ego_vehicle_control_current.hpp
[3.573s] -- Symlinking: /home/vd/carla-ros-bridge/catkin_ws/install/carla_ackermann_msgs/include/carla_ackermann_msgs/carla_ackermann_msgs/msg/ego_vehicle_control_info.hpp
[3.581s] -- Symlinking: /home/vd/carla-ros-bridge/catkin_ws/install/carla_ackermann_msgs/include/carla_ackermann_msgs/carla_ackermann_msgs/msg/ego_vehicle_control_maxima.hpp
[3.588s] -- Symlinking: /home/vd/carla-ros-bridge/catkin_ws/install/carla_ackermann_msgs/include/carla_ackermann_msgs/carla_ackermann_msgs/msg/ego_vehicle_control_status.hpp
[3.596s] -- Symlinking: /home/vd/carla-ros-bridge/catkin_ws/install/carla_ackermann_msgs/include/carla_ackermann_msgs/carla_ackermann_msgs/msg/ego_vehicle_control_target.hpp
[3.605s] -- Symlinking: /home/vd/carla-ros-bridge/catkin_ws/install/carla_ackermann_msgs/include/carla_ackermann_msgs/carla_ackermann_msgs/msg/rosidl_generator_cpp__visibility_control.hpp
[3.612s] -- Symlinking: /home/vd/carla-ros-bridge/catkin_ws/install/carla_ackermann_msgs/include/carla_ackermann_msgs/carla_ackermann_msgs/msg/detail/ego_vehicle_control_current__rosidl_typesupport_fastrtps_cpp.hpp
[3.618s] -- Symlinking: /home/vd/carla-ros-bridge/catkin_ws/install/carla_ackermann_msgs/include/carla_ackermann_msgs/carla_ackermann_msgs/msg/detail/ego_vehicle_control_info__rosidl_typesupport_fastrtps_cpp.hpp
[3.626s] -- Symlinking: /home/vd/carla-ros-bridge/catkin_ws/install/carla_ackermann_msgs/include/carla_ackermann_msgs/carla_ackermann_msgs/msg/detail/ego_vehicle_control_maxima__rosidl_typesupport_fastrtps_cpp.hpp
[3.633s] -- Symlinking: /home/vd/carla-ros-bridge/catkin_ws/install/carla_ackermann_msgs/include/carla_ackermann_msgs/carla_ackermann_msgs/msg/detail/ego_vehicle_control_status__rosidl_typesupport_fastrtps_cpp.hpp
[3.642s] -- Symlinking: /home/vd/carla-ros-bridge/catkin_ws/install/carla_ackermann_msgs/include/carla_ackermann_msgs/carla_ackermann_msgs/msg/detail/ego_vehicle_control_target__rosidl_typesupport_fastrtps_cpp.hpp
[3.650s] -- Symlinking: /home/vd/carla-ros-bridge/catkin_ws/install/carla_ackermann_msgs/include/carla_ackermann_msgs/carla_ackermann_msgs/msg/rosidl_typesupport_fastrtps_cpp__visibility_control.h
[3.659s] -- Symlinking: /home/vd/carla-ros-bridge/catkin_ws/install/carla_ackermann_msgs/include/carla_ackermann_msgs/carla_ackermann_msgs/msg/detail/ego_vehicle_control_current__rosidl_typesupport_introspection_c.h
[3.665s] -- Symlinking: /home/vd/carla-ros-bridge/catkin_ws/install/carla_ackermann_msgs/include/carla_ackermann_msgs/carla_ackermann_msgs/msg/detail/ego_vehicle_control_info__rosidl_typesupport_introspection_c.h
[3.673s] -- Symlinking: /home/vd/carla-ros-bridge/catkin_ws/install/carla_ackermann_msgs/include/carla_ackermann_msgs/carla_ackermann_msgs/msg/detail/ego_vehicle_control_maxima__rosidl_typesupport_introspection_c.h
[3.679s] -- Symlinking: /home/vd/carla-ros-bridge/catkin_ws/install/carla_ackermann_msgs/include/carla_ackermann_msgs/carla_ackermann_msgs/msg/detail/ego_vehicle_control_status__rosidl_typesupport_introspection_c.h
[3.685s] -- Symlinking: /home/vd/carla-ros-bridge/catkin_ws/install/carla_ackermann_msgs/include/carla_ackermann_msgs/carla_ackermann_msgs/msg/detail/ego_vehicle_control_target__rosidl_typesupport_introspection_c.h
[3.692s] -- Symlinking: /home/vd/carla-ros-bridge/catkin_ws/install/carla_ackermann_msgs/include/carla_ackermann_msgs/carla_ackermann_msgs/msg/rosidl_typesupport_introspection_c__visibility_control.h
[3.701s] -- Symlinking: /home/vd/carla-ros-bridge/catkin_ws/install/carla_ackermann_msgs/include/carla_ackermann_msgs/carla_ackermann_msgs/msg/detail/ego_vehicle_control_current__rosidl_typesupport_introspection_cpp.hpp
[3.708s] -- Symlinking: /home/vd/carla-ros-bridge/catkin_ws/install/carla_ackermann_msgs/include/carla_ackermann_msgs/carla_ackermann_msgs/msg/detail/ego_vehicle_control_info__rosidl_typesupport_introspection_cpp.hpp
[3.715s] -- Symlinking: /home/vd/carla-ros-bridge/catkin_ws/install/carla_ackermann_msgs/include/carla_ackermann_msgs/carla_ackermann_msgs/msg/detail/ego_vehicle_control_maxima__rosidl_typesupport_introspection_cpp.hpp
[3.721s] -- Symlinking: /home/vd/carla-ros-bridge/catkin_ws/install/carla_ackermann_msgs/include/carla_ackermann_msgs/carla_ackermann_msgs/msg/detail/ego_vehicle_control_status__rosidl_typesupport_introspection_cpp.hpp
[3.728s] -- Symlinking: /home/vd/carla-ros-bridge/catkin_ws/install/carla_ackermann_msgs/include/carla_ackermann_msgs/carla_ackermann_msgs/msg/detail/ego_vehicle_control_target__rosidl_typesupport_introspection_cpp.hpp
[3.735s] -- Symlinking: /home/vd/carla-ros-bridge/catkin_ws/install/carla_ackermann_msgs/share/carla_ackermann_msgs/environment/pythonpath.sh
[3.742s] -- Symlinking: /home/vd/carla-ros-bridge/catkin_ws/install/carla_ackermann_msgs/share/carla_ackermann_msgs/environment/pythonpath.dsv
[3.749s] -- Symlinking: /home/vd/carla-ros-bridge/catkin_ws/install/carla_ackermann_msgs/local/lib/python3.10/dist-packages/carla_ackermann_msgs-1.0.0-py3.10.egg-info/PKG-INFO
[3.755s] -- Symlinking: /home/vd/carla-ros-bridge/catkin_ws/install/carla_ackermann_msgs/local/lib/python3.10/dist-packages/carla_ackermann_msgs-1.0.0-py3.10.egg-info/SOURCES.txt
[3.761s] -- Symlinking: /home/vd/carla-ros-bridge/catkin_ws/install/carla_ackermann_msgs/local/lib/python3.10/dist-packages/carla_ackermann_msgs-1.0.0-py3.10.egg-info/dependency_links.txt
[3.769s] -- Symlinking: /home/vd/carla-ros-bridge/catkin_ws/install/carla_ackermann_msgs/local/lib/python3.10/dist-packages/carla_ackermann_msgs-1.0.0-py3.10.egg-info/top_level.txt
[3.778s] -- Symlinking: /home/vd/carla-ros-bridge/catkin_ws/install/carla_ackermann_msgs/local/lib/python3.10/dist-packages/carla_ackermann_msgs/__init__.py
[3.785s] -- Symlinking: /home/vd/carla-ros-bridge/catkin_ws/install/carla_ackermann_msgs/local/lib/python3.10/dist-packages/carla_ackermann_msgs/_carla_ackermann_msgs_s.ep.rosidl_typesupport_c.c
[3.794s] -- Symlinking: /home/vd/carla-ros-bridge/catkin_ws/install/carla_ackermann_msgs/local/lib/python3.10/dist-packages/carla_ackermann_msgs/_carla_ackermann_msgs_s.ep.rosidl_typesupport_fastrtps_c.c
[3.803s] -- Symlinking: /home/vd/carla-ros-bridge/catkin_ws/install/carla_ackermann_msgs/local/lib/python3.10/dist-packages/carla_ackermann_msgs/_carla_ackermann_msgs_s.ep.rosidl_typesupport_introspection_c.c
[3.811s] -- Symlinking: /home/vd/carla-ros-bridge/catkin_ws/install/carla_ackermann_msgs/local/lib/python3.10/dist-packages/carla_ackermann_msgs/carla_ackermann_msgs_s__rosidl_typesupport_c.cpython-310-x86_64-linux-gnu.so
[3.820s] -- Symlinking: /home/vd/carla-ros-bridge/catkin_ws/install/carla_ackermann_msgs/local/lib/python3.10/dist-packages/carla_ackermann_msgs/carla_ackermann_msgs_s__rosidl_typesupport_fastrtps_c.cpython-310-x86_64-linux-gnu.so
[3.828s] -- Symlinking: /home/vd/carla-ros-bridge/catkin_ws/install/carla_ackermann_msgs/local/lib/python3.10/dist-packages/carla_ackermann_msgs/carla_ackermann_msgs_s__rosidl_typesupport_introspection_c.cpython-310-x86_64-linux-gnu.so
[3.836s] -- Symlinking: /home/vd/carla-ros-bridge/catkin_ws/install/carla_ackermann_msgs/local/lib/python3.10/dist-packages/carla_ackermann_msgs/libcarla_ackermann_msgs__rosidl_generator_py.so
[3.844s] -- Symlinking: /home/vd/carla-ros-bridge/catkin_ws/install/carla_ackermann_msgs/local/lib/python3.10/dist-packages/carla_ackermann_msgs/msg/__init__.py
[3.851s] -- Symlinking: /home/vd/carla-ros-bridge/catkin_ws/install/carla_ackermann_msgs/local/lib/python3.10/dist-packages/carla_ackermann_msgs/msg/_ego_vehicle_control_current.py
[3.859s] -- Symlinking: /home/vd/carla-ros-bridge/catkin_ws/install/carla_ackermann_msgs/local/lib/python3.10/dist-packages/carla_ackermann_msgs/msg/_ego_vehicle_control_current_s.c
[3.865s] -- Symlinking: /home/vd/carla-ros-bridge/catkin_ws/install/carla_ackermann_msgs/local/lib/python3.10/dist-packages/carla_ackermann_msgs/msg/_ego_vehicle_control_info.py
[3.871s] -- Symlinking: /home/vd/carla-ros-bridge/catkin_ws/install/carla_ackermann_msgs/local/lib/python3.10/dist-packages/carla_ackermann_msgs/msg/_ego_vehicle_control_info_s.c
[3.878s] -- Symlinking: /home/vd/carla-ros-bridge/catkin_ws/install/carla_ackermann_msgs/local/lib/python3.10/dist-packages/carla_ackermann_msgs/msg/_ego_vehicle_control_maxima.py
[3.886s] -- Symlinking: /home/vd/carla-ros-bridge/catkin_ws/install/carla_ackermann_msgs/local/lib/python3.10/dist-packages/carla_ackermann_msgs/msg/_ego_vehicle_control_maxima_s.c
[3.894s] -- Symlinking: /home/vd/carla-ros-bridge/catkin_ws/install/carla_ackermann_msgs/local/lib/python3.10/dist-packages/carla_ackermann_msgs/msg/_ego_vehicle_control_status.py
[3.901s] -- Symlinking: /home/vd/carla-ros-bridge/catkin_ws/install/carla_ackermann_msgs/local/lib/python3.10/dist-packages/carla_ackermann_msgs/msg/_ego_vehicle_control_status_s.c
[3.909s] -- Symlinking: /home/vd/carla-ros-bridge/catkin_ws/install/carla_ackermann_msgs/local/lib/python3.10/dist-packages/carla_ackermann_msgs/msg/_ego_vehicle_control_target.py
[3.917s] -- Symlinking: /home/vd/carla-ros-bridge/catkin_ws/install/carla_ackermann_msgs/local/lib/python3.10/dist-packages/carla_ackermann_msgs/msg/_ego_vehicle_control_target_s.c
[3.923s] -- Up-to-date symlink: /home/vd/carla-ros-bridge/catkin_ws/install/carla_ackermann_msgs/local/lib/python3.10/dist-packages/carla_ackermann_msgs/carla_ackermann_msgs_s__rosidl_typesupport_fastrtps_c.cpython-310-x86_64-linux-gnu.so
[3.923s] -- Up-to-date symlink: /home/vd/carla-ros-bridge/catkin_ws/install/carla_ackermann_msgs/local/lib/python3.10/dist-packages/carla_ackermann_msgs/carla_ackermann_msgs_s__rosidl_typesupport_introspection_c.cpython-310-x86_64-linux-gnu.so
[3.923s] -- Up-to-date symlink: /home/vd/carla-ros-bridge/catkin_ws/install/carla_ackermann_msgs/local/lib/python3.10/dist-packages/carla_ackermann_msgs/carla_ackermann_msgs_s__rosidl_typesupport_c.cpython-310-x86_64-linux-gnu.so
[3.923s] -- Symlinking: /home/vd/carla-ros-bridge/catkin_ws/install/carla_ackermann_msgs/share/carla_ackermann_msgs/msg/EgoVehicleControlInfo.idl
[3.931s] -- Symlinking: /home/vd/carla-ros-bridge/catkin_ws/install/carla_ackermann_msgs/share/carla_ackermann_msgs/msg/EgoVehicleControlCurrent.idl
[3.940s] -- Symlinking: /home/vd/carla-ros-bridge/catkin_ws/install/carla_ackermann_msgs/share/carla_ackermann_msgs/msg/EgoVehicleControlMaxima.idl
[3.945s] -- Symlinking: /home/vd/carla-ros-bridge/catkin_ws/install/carla_ackermann_msgs/share/carla_ackermann_msgs/msg/EgoVehicleControlStatus.idl
[3.951s] -- Symlinking: /home/vd/carla-ros-bridge/catkin_ws/install/carla_ackermann_msgs/share/carla_ackermann_msgs/msg/EgoVehicleControlTarget.idl
[3.959s] -- Symlinking: /home/vd/carla-ros-bridge/catkin_ws/install/carla_ackermann_msgs/share/carla_ackermann_msgs/msg/EgoVehicleControlInfo.msg
[3.965s] -- Symlinking: /home/vd/carla-ros-bridge/catkin_ws/install/carla_ackermann_msgs/share/carla_ackermann_msgs/msg/EgoVehicleControlCurrent.msg
[3.972s] -- Symlinking: /home/vd/carla-ros-bridge/catkin_ws/install/carla_ackermann_msgs/share/carla_ackermann_msgs/msg/EgoVehicleControlMaxima.msg
[3.979s] -- Symlinking: /home/vd/carla-ros-bridge/catkin_ws/install/carla_ackermann_msgs/share/carla_ackermann_msgs/msg/EgoVehicleControlStatus.msg
[3.987s] -- Symlinking: /home/vd/carla-ros-bridge/catkin_ws/install/carla_ackermann_msgs/share/carla_ackermann_msgs/msg/EgoVehicleControlTarget.msg
[3.994s] -- Symlinking: /home/vd/carla-ros-bridge/catkin_ws/install/carla_ackermann_msgs/share/ament_index/resource_index/package_run_dependencies/carla_ackermann_msgs
[4.000s] -- Symlinking: /home/vd/carla-ros-bridge/catkin_ws/install/carla_ackermann_msgs/share/ament_index/resource_index/parent_prefix_path/carla_ackermann_msgs
[4.009s] -- Symlinking: /home/vd/carla-ros-bridge/catkin_ws/install/carla_ackermann_msgs/share/carla_ackermann_msgs/environment/ament_prefix_path.sh
[4.014s] -- Symlinking: /home/vd/carla-ros-bridge/catkin_ws/install/carla_ackermann_msgs/share/carla_ackermann_msgs/environment/ament_prefix_path.dsv
[4.020s] -- Symlinking: /home/vd/carla-ros-bridge/catkin_ws/install/carla_ackermann_msgs/share/carla_ackermann_msgs/environment/path.sh
[4.025s] -- Symlinking: /home/vd/carla-ros-bridge/catkin_ws/install/carla_ackermann_msgs/share/carla_ackermann_msgs/environment/path.dsv
[4.032s] -- Symlinking: /home/vd/carla-ros-bridge/catkin_ws/install/carla_ackermann_msgs/share/carla_ackermann_msgs/local_setup.bash
[4.038s] -- Symlinking: /home/vd/carla-ros-bridge/catkin_ws/install/carla_ackermann_msgs/share/carla_ackermann_msgs/local_setup.sh
[4.043s] -- Symlinking: /home/vd/carla-ros-bridge/catkin_ws/install/carla_ackermann_msgs/share/carla_ackermann_msgs/local_setup.zsh
[4.050s] -- Symlinking: /home/vd/carla-ros-bridge/catkin_ws/install/carla_ackermann_msgs/share/carla_ackermann_msgs/local_setup.dsv
[4.056s] -- Symlinking: /home/vd/carla-ros-bridge/catkin_ws/install/carla_ackermann_msgs/share/carla_ackermann_msgs/package.dsv
[4.061s] -- Symlinking: /home/vd/carla-ros-bridge/catkin_ws/install/carla_ackermann_msgs/share/ament_index/resource_index/packages/carla_ackermann_msgs
[4.067s] -- Symlinking: /home/vd/carla-ros-bridge/catkin_ws/install/carla_ackermann_msgs/share/carla_ackermann_msgs/cmake/rosidl_cmake-extras.cmake
[4.074s] -- Symlinking: /home/vd/carla-ros-bridge/catkin_ws/install/carla_ackermann_msgs/share/carla_ackermann_msgs/cmake/ament_cmake_export_dependencies-extras.cmake
[4.080s] -- Symlinking: /home/vd/carla-ros-bridge/catkin_ws/install/carla_ackermann_msgs/share/carla_ackermann_msgs/cmake/ament_cmake_export_include_directories-extras.cmake
[4.085s] -- Symlinking: /home/vd/carla-ros-bridge/catkin_ws/install/carla_ackermann_msgs/share/carla_ackermann_msgs/cmake/ament_cmake_export_libraries-extras.cmake
[4.090s] -- Symlinking: /home/vd/carla-ros-bridge/catkin_ws/install/carla_ackermann_msgs/share/carla_ackermann_msgs/cmake/ament_cmake_export_targets-extras.cmake
[4.095s] -- Symlinking: /home/vd/carla-ros-bridge/catkin_ws/install/carla_ackermann_msgs/share/carla_ackermann_msgs/cmake/rosidl_cmake_export_typesupport_targets-extras.cmake
[4.101s] -- Symlinking: /home/vd/carla-ros-bridge/catkin_ws/install/carla_ackermann_msgs/share/carla_ackermann_msgs/cmake/rosidl_cmake_export_typesupport_libraries-extras.cmake
[4.109s] -- Symlinking: /home/vd/carla-ros-bridge/catkin_ws/install/carla_ackermann_msgs/share/carla_ackermann_msgs/cmake/carla_ackermann_msgsConfig.cmake
[4.114s] -- Symlinking: /home/vd/carla-ros-bridge/catkin_ws/install/carla_ackermann_msgs/share/carla_ackermann_msgs/cmake/carla_ackermann_msgsConfig-version.cmake
[4.121s] -- Symlinking: /home/vd/carla-ros-bridge/catkin_ws/install/carla_ackermann_msgs/share/carla_ackermann_msgs/package.xml
[4.129s] -- Installing: /home/vd/carla-ros-bridge/catkin_ws/install/carla_ackermann_msgs/lib/libcarla_ackermann_msgs__rosidl_generator_c.so
[4.129s] -- Set runtime path of "/home/vd/carla-ros-bridge/catkin_ws/install/carla_ackermann_msgs/lib/libcarla_ackermann_msgs__rosidl_generator_c.so" to ""
[4.129s] -- Installing: /home/vd/carla-ros-bridge/catkin_ws/install/carla_ackermann_msgs/lib/libcarla_ackermann_msgs__rosidl_typesupport_fastrtps_c.so
[4.129s] -- Set runtime path of "/home/vd/carla-ros-bridge/catkin_ws/install/carla_ackermann_msgs/lib/libcarla_ackermann_msgs__rosidl_typesupport_fastrtps_c.so" to ""
[4.129s] -- Installing: /home/vd/carla-ros-bridge/catkin_ws/install/carla_ackermann_msgs/lib/libcarla_ackermann_msgs__rosidl_typesupport_fastrtps_cpp.so
[4.129s] -- Set runtime path of "/home/vd/carla-ros-bridge/catkin_ws/install/carla_ackermann_msgs/lib/libcarla_ackermann_msgs__rosidl_typesupport_fastrtps_cpp.so" to ""
[4.129s] -- Installing: /home/vd/carla-ros-bridge/catkin_ws/install/carla_ackermann_msgs/lib/libcarla_ackermann_msgs__rosidl_typesupport_introspection_c.so
[4.129s] -- Set runtime path of "/home/vd/carla-ros-bridge/catkin_ws/install/carla_ackermann_msgs/lib/libcarla_ackermann_msgs__rosidl_typesupport_introspection_c.so" to ""
[4.129s] -- Installing: /home/vd/carla-ros-bridge/catkin_ws/install/carla_ackermann_msgs/lib/libcarla_ackermann_msgs__rosidl_typesupport_c.so
[4.130s] -- Set runtime path of "/home/vd/carla-ros-bridge/catkin_ws/install/carla_ackermann_msgs/lib/libcarla_ackermann_msgs__rosidl_typesupport_c.so" to ""
[4.130s] -- Installing: /home/vd/carla-ros-bridge/catkin_ws/install/carla_ackermann_msgs/lib/libcarla_ackermann_msgs__rosidl_typesupport_introspection_cpp.so
[4.130s] -- Set runtime path of "/home/vd/carla-ros-bridge/catkin_ws/install/carla_ackermann_msgs/lib/libcarla_ackermann_msgs__rosidl_typesupport_introspection_cpp.so" to ""
[4.130s] -- Installing: /home/vd/carla-ros-bridge/catkin_ws/install/carla_ackermann_msgs/lib/libcarla_ackermann_msgs__rosidl_typesupport_cpp.so
[4.130s] -- Set runtime path of "/home/vd/carla-ros-bridge/catkin_ws/install/carla_ackermann_msgs/lib/libcarla_ackermann_msgs__rosidl_typesupport_cpp.so" to ""
[4.158s] Listing '/home/vd/carla-ros-bridge/catkin_ws/install/carla_ackermann_msgs/local/lib/python3.10/dist-packages/carla_ackermann_msgs'...
[4.158s] Compiling '/home/vd/carla-ros-bridge/catkin_ws/install/carla_ackermann_msgs/local/lib/python3.10/dist-packages/carla_ackermann_msgs/__init__.py'...
[4.158s] Listing '/home/vd/carla-ros-bridge/catkin_ws/install/carla_ackermann_msgs/local/lib/python3.10/dist-packages/carla_ackermann_msgs/msg'...
[4.158s] Compiling '/home/vd/carla-ros-bridge/catkin_ws/install/carla_ackermann_msgs/local/lib/python3.10/dist-packages/carla_ackermann_msgs/msg/__init__.py'...
[4.158s] Compiling '/home/vd/carla-ros-bridge/catkin_ws/install/carla_ackermann_msgs/local/lib/python3.10/dist-packages/carla_ackermann_msgs/msg/_ego_vehicle_control_current.py'...
[4.158s] Compiling '/home/vd/carla-ros-bridge/catkin_ws/install/carla_ackermann_msgs/local/lib/python3.10/dist-packages/carla_ackermann_msgs/msg/_ego_vehicle_control_info.py'...
[4.158s] Compiling '/home/vd/carla-ros-bridge/catkin_ws/install/carla_ackermann_msgs/local/lib/python3.10/dist-packages/carla_ackermann_msgs/msg/_ego_vehicle_control_maxima.py'...
[4.158s] Compiling '/home/vd/carla-ros-bridge/catkin_ws/install/carla_ackermann_msgs/local/lib/python3.10/dist-packages/carla_ackermann_msgs/msg/_ego_vehicle_control_status.py'...
[4.158s] Compiling '/home/vd/carla-ros-bridge/catkin_ws/install/carla_ackermann_msgs/local/lib/python3.10/dist-packages/carla_ackermann_msgs/msg/_ego_vehicle_control_target.py'...
[4.160s] -- Installing: /home/vd/carla-ros-bridge/catkin_ws/install/carla_ackermann_msgs/lib/libcarla_ackermann_msgs__rosidl_generator_py.so
[4.160s] -- Set runtime path of "/home/vd/carla-ros-bridge/catkin_ws/install/carla_ackermann_msgs/lib/libcarla_ackermann_msgs__rosidl_generator_py.so" to ""
[4.160s] -- Installing: /home/vd/carla-ros-bridge/catkin_ws/install/carla_ackermann_msgs/share/carla_ackermann_msgs/cmake/export_carla_ackermann_msgs__rosidl_generator_cExport.cmake
[4.160s] -- Installing: /home/vd/carla-ros-bridge/catkin_ws/install/carla_ackermann_msgs/share/carla_ackermann_msgs/cmake/export_carla_ackermann_msgs__rosidl_generator_cExport-noconfig.cmake
[4.161s] -- Installing: /home/vd/carla-ros-bridge/catkin_ws/install/carla_ackermann_msgs/share/carla_ackermann_msgs/cmake/export_carla_ackermann_msgs__rosidl_typesupport_fastrtps_cExport.cmake
[4.161s] -- Installing: /home/vd/carla-ros-bridge/catkin_ws/install/carla_ackermann_msgs/share/carla_ackermann_msgs/cmake/export_carla_ackermann_msgs__rosidl_typesupport_fastrtps_cExport-noconfig.cmake
[4.161s] -- Installing: /home/vd/carla-ros-bridge/catkin_ws/install/carla_ackermann_msgs/share/carla_ackermann_msgs/cmake/export_carla_ackermann_msgs__rosidl_generator_cppExport.cmake
[4.161s] -- Installing: /home/vd/carla-ros-bridge/catkin_ws/install/carla_ackermann_msgs/share/carla_ackermann_msgs/cmake/export_carla_ackermann_msgs__rosidl_typesupport_fastrtps_cppExport.cmake
[4.161s] -- Installing: /home/vd/carla-ros-bridge/catkin_ws/install/carla_ackermann_msgs/share/carla_ackermann_msgs/cmake/export_carla_ackermann_msgs__rosidl_typesupport_fastrtps_cppExport-noconfig.cmake
[4.161s] -- Installing: /home/vd/carla-ros-bridge/catkin_ws/install/carla_ackermann_msgs/share/carla_ackermann_msgs/cmake/carla_ackermann_msgs__rosidl_typesupport_introspection_cExport.cmake
[4.161s] -- Installing: /home/vd/carla-ros-bridge/catkin_ws/install/carla_ackermann_msgs/share/carla_ackermann_msgs/cmake/carla_ackermann_msgs__rosidl_typesupport_introspection_cExport-noconfig.cmake
[4.161s] -- Installing: /home/vd/carla-ros-bridge/catkin_ws/install/carla_ackermann_msgs/share/carla_ackermann_msgs/cmake/carla_ackermann_msgs__rosidl_typesupport_cExport.cmake
[4.161s] -- Installing: /home/vd/carla-ros-bridge/catkin_ws/install/carla_ackermann_msgs/share/carla_ackermann_msgs/cmake/carla_ackermann_msgs__rosidl_typesupport_cExport-noconfig.cmake
[4.161s] -- Installing: /home/vd/carla-ros-bridge/catkin_ws/install/carla_ackermann_msgs/share/carla_ackermann_msgs/cmake/carla_ackermann_msgs__rosidl_typesupport_introspection_cppExport.cmake
[4.161s] -- Installing: /home/vd/carla-ros-bridge/catkin_ws/install/carla_ackermann_msgs/share/carla_ackermann_msgs/cmake/carla_ackermann_msgs__rosidl_typesupport_introspection_cppExport-noconfig.cmake
[4.161s] -- Installing: /home/vd/carla-ros-bridge/catkin_ws/install/carla_ackermann_msgs/share/carla_ackermann_msgs/cmake/carla_ackermann_msgs__rosidl_typesupport_cppExport.cmake
[4.161s] -- Installing: /home/vd/carla-ros-bridge/catkin_ws/install/carla_ackermann_msgs/share/carla_ackermann_msgs/cmake/carla_ackermann_msgs__rosidl_typesupport_cppExport-noconfig.cmake
[4.161s] -- Installing: /home/vd/carla-ros-bridge/catkin_ws/install/carla_ackermann_msgs/share/carla_ackermann_msgs/cmake/export_carla_ackermann_msgs__rosidl_generator_pyExport.cmake
[4.161s] -- Installing: /home/vd/carla-ros-bridge/catkin_ws/install/carla_ackermann_msgs/share/carla_ackermann_msgs/cmake/export_carla_ackermann_msgs__rosidl_generator_pyExport-noconfig.cmake
[4.163s] Invoked command in '/home/vd/carla-ros-bridge/catkin_ws/build/carla_ackermann_msgs' returned '0': AMENT_PREFIX_PATH=/home/vd/carla-ros-bridge/catkin_ws/install/carla_msgs:${AMENT_PREFIX_PATH} CMAKE_PREFIX_PATH=/home/vd/carla-ros-bridge/catkin_ws/install/carla_msgs:/home/vd/microros_test/install/micro_ros_setup:/home/vd/microros_test/install/micro_ros_agent:/home/vd/microros_test/install/micro_ros_msgs:/home/vd/ros2_ws/install/rtabmap_ros:/home/vd/ros2_ws/install/rtabmap_demos:/home/vd/ros2_ws/install/turtlebot3_gazebo:/home/vd/ros2_ws/install/rtabmap_launch:/home/vd/ros2_ws/install/rtabmap_examples:/home/vd/ros2_ws/install/rtabmap_viz:/home/vd/ros2_ws/install/rtabmap_slam:/home/vd/ros2_ws/install/rtabmap_odom:/home/vd/ros2_ws/install/rtabmap_util:/home/vd/ros2_ws/install/rtabmap_sync:/home/vd/ros2_ws/install/rtabmap_rviz_plugins:/home/vd/ros2_ws/install/rtabmap_conversions:/home/vd/microros_test/install/ackerman_commando:/home/vd/ros2_ws/install/rtabmap_python:/home/vd/ros2_ws/install/robot_math:/home/vd/ros2_ws/install/my_robot_controller:/home/vd/ros2_ws/install/isaac_ros_test:/home/vd/turtlebot3_ws/install/turtlebot3_teleop:/home/vd/turtlebot3_ws/install/turtlebot3_example:/opt/ros/humble:/home/vd/ros2_ws/install/rtabmap_msgs:/home/vd/ros2_ws/install/rtabmap:/home/vd/ros2_ws/install/realsense2_description:/home/vd/ros2_ws/install/realsense2_camera:/home/vd/ros2_ws/install/realsense2_camera_msgs:/home/vd/ros2_ws/install/point_cloud_perception:/home/vd/ros2_ws/install/omnidirectional_controllers:/home/vd/ros2_ws/install/nvidia_kaya:/home/vd/ros2_ws/install/nodes:/home/vd/ros2_ws/install/navigation_tb3:/home/vd/ros2_ws/install/nanosaur_perception:/home/vd/ros2_ws/install/nanosaur:/home/vd/ros2_ws/install/nanosaur_msgs:/home/vd/ros2_ws/install/nanosaur_description:/home/vd/ros2_ws/install/nanosaur_control:/home/vd/ros2_ws/install/my_package:/home/vd/ros2_ws/install/isaac_ros_visual_slam_interfaces:/home/vd/ros2_ws/install/dynamixel_sdk_examples:/home/vd/ros2_ws/install/dynamixel_sdk_custom_interfaces:/home/vd/ros2_ws/install/dynamixel_sdk:/home/vd/ros2_ws/install/articubot_one:/home/vd/turtlebot3_ws/install/turtlebot3:/home/vd/turtlebot3_ws/install/turtlebot3_bringup:/home/vd/turtlebot3_ws/install/turtlebot3_node:/home/vd/turtlebot3_ws/install/turtlebot3_description:/home/vd/turtlebot3_ws/install/ld08_driver:/home/vd/yolobot/install/yolov8_msgs:/home/vd/yolobot/install/yolobot_recognition:/home/vd/yolobot/install/yolobot_gazebo:/home/vd/yolobot/install/yolobot_description:/home/vd/yolobot/install/yolobot_control LD_LIBRARY_PATH=/home/vd/carla-ros-bridge/catkin_ws/install/carla_msgs/lib:/home/vd/microros_test/install/micro_ros_agent/lib:/home/vd/microros_test/install/micro_ros_msgs/lib:/home/vd/ros2_ws/install/rtabmap_slam/lib:/home/vd/ros2_ws/install/rtabmap_odom/lib:/home/vd/ros2_ws/install/rtabmap_util/lib:/home/vd/ros2_ws/install/rtabmap_sync/lib:/home/vd/ros2_ws/install/rtabmap_rviz_plugins/lib:/home/vd/ros2_ws/install/rtabmap_conversions/lib:/home/vd/ros2_ws/install/rtabmap_msgs/lib:/home/vd/ros2_ws/install/rtabmap/lib:/home/vd/ros2_ws/install/realsense2_camera/lib:/home/vd/ros2_ws/install/realsense2_camera_msgs/lib:/home/vd/ros2_ws/install/omnidirectional_controllers/lib:/home/vd/ros2_ws/install/nanosaur_msgs/lib:/home/vd/ros2_ws/install/isaac_ros_visual_slam_interfaces/lib:/home/vd/ros2_ws/install/dynamixel_sdk_custom_interfaces/lib:/home/vd/ros2_ws/install/dynamixel_sdk/lib:/home/vd/yolobot/install/yolov8_msgs/lib:/usr/lib/x86_64-linux-gnu/gazebo-11/plugins:/opt/ros/humble/opt/rviz_ogre_vendor/lib:/opt/ros/humble/lib/x86_64-linux-gnu:/opt/ros/humble/lib:/usr/local/cuda-12.4/lib64::/home/vd/acados/lib PYTHONPATH=/home/vd/carla-ros-bridge/catkin_ws/install/carla_msgs/local/lib/python3.10/dist-packages:${PYTHONPATH} /usr/bin/cmake --install /home/vd/carla-ros-bridge/catkin_ws/build/carla_ackermann_msgs
