[0.666s] Invoking command in '/home/vd/carla-ros-bridge/catkin_ws/build/rviz_carla_plugin': AMENT_PREFIX_PATH=/home/vd/carla-ros-bridge/catkin_ws/install/carla_ros_scenario_runner_types:/home/vd/carla-ros-bridge/catkin_ws/install/carla_msgs:${AMENT_PREFIX_PATH} CMAKE_PREFIX_PATH=/home/vd/carla-ros-bridge/catkin_ws/install/carla_ros_scenario_runner_types:/home/vd/carla-ros-bridge/catkin_ws/install/carla_msgs:/home/vd/microros_test/install/micro_ros_setup:/home/vd/microros_test/install/micro_ros_agent:/home/vd/microros_test/install/micro_ros_msgs:/home/vd/ros2_ws/install/rtabmap_ros:/home/vd/ros2_ws/install/rtabmap_demos:/home/vd/ros2_ws/install/turtlebot3_gazebo:/home/vd/ros2_ws/install/rtabmap_launch:/home/vd/ros2_ws/install/rtabmap_examples:/home/vd/ros2_ws/install/rtabmap_viz:/home/vd/ros2_ws/install/rtabmap_slam:/home/vd/ros2_ws/install/rtabmap_odom:/home/vd/ros2_ws/install/rtabmap_util:/home/vd/ros2_ws/install/rtabmap_sync:/home/vd/ros2_ws/install/rtabmap_rviz_plugins:/home/vd/ros2_ws/install/rtabmap_conversions:/home/vd/microros_test/install/ackerman_commando:/home/vd/ros2_ws/install/rtabmap_python:/home/vd/ros2_ws/install/robot_math:/home/vd/ros2_ws/install/my_robot_controller:/home/vd/ros2_ws/install/isaac_ros_test:/home/vd/turtlebot3_ws/install/turtlebot3_teleop:/home/vd/turtlebot3_ws/install/turtlebot3_example:/opt/ros/humble:/home/vd/ros2_ws/install/rtabmap_msgs:/home/vd/ros2_ws/install/rtabmap:/home/vd/ros2_ws/install/realsense2_description:/home/vd/ros2_ws/install/realsense2_camera:/home/vd/ros2_ws/install/realsense2_camera_msgs:/home/vd/ros2_ws/install/point_cloud_perception:/home/vd/ros2_ws/install/omnidirectional_controllers:/home/vd/ros2_ws/install/nvidia_kaya:/home/vd/ros2_ws/install/nodes:/home/vd/ros2_ws/install/navigation_tb3:/home/vd/ros2_ws/install/nanosaur_perception:/home/vd/ros2_ws/install/nanosaur:/home/vd/ros2_ws/install/nanosaur_msgs:/home/vd/ros2_ws/install/nanosaur_description:/home/vd/ros2_ws/install/nanosaur_control:/home/vd/ros2_ws/install/my_package:/home/vd/ros2_ws/install/isaac_ros_visual_slam_interfaces:/home/vd/ros2_ws/install/dynamixel_sdk_examples:/home/vd/ros2_ws/install/dynamixel_sdk_custom_interfaces:/home/vd/ros2_ws/install/dynamixel_sdk:/home/vd/ros2_ws/install/articubot_one:/home/vd/turtlebot3_ws/install/turtlebot3:/home/vd/turtlebot3_ws/install/turtlebot3_bringup:/home/vd/turtlebot3_ws/install/turtlebot3_node:/home/vd/turtlebot3_ws/install/turtlebot3_description:/home/vd/turtlebot3_ws/install/ld08_driver:/home/vd/yolobot/install/yolov8_msgs:/home/vd/yolobot/install/yolobot_recognition:/home/vd/yolobot/install/yolobot_gazebo:/home/vd/yolobot/install/yolobot_description:/home/vd/yolobot/install/yolobot_control LD_LIBRARY_PATH=/home/vd/carla-ros-bridge/catkin_ws/install/carla_ros_scenario_runner_types/lib:/home/vd/carla-ros-bridge/catkin_ws/install/carla_msgs/lib:/home/vd/microros_test/install/micro_ros_agent/lib:/home/vd/microros_test/install/micro_ros_msgs/lib:/home/vd/ros2_ws/install/rtabmap_slam/lib:/home/vd/ros2_ws/install/rtabmap_odom/lib:/home/vd/ros2_ws/install/rtabmap_util/lib:/home/vd/ros2_ws/install/rtabmap_sync/lib:/home/vd/ros2_ws/install/rtabmap_rviz_plugins/lib:/home/vd/ros2_ws/install/rtabmap_conversions/lib:/home/vd/ros2_ws/install/rtabmap_msgs/lib:/home/vd/ros2_ws/install/rtabmap/lib:/home/vd/ros2_ws/install/realsense2_camera/lib:/home/vd/ros2_ws/install/realsense2_camera_msgs/lib:/home/vd/ros2_ws/install/omnidirectional_controllers/lib:/home/vd/ros2_ws/install/nanosaur_msgs/lib:/home/vd/ros2_ws/install/isaac_ros_visual_slam_interfaces/lib:/home/vd/ros2_ws/install/dynamixel_sdk_custom_interfaces/lib:/home/vd/ros2_ws/install/dynamixel_sdk/lib:/home/vd/yolobot/install/yolov8_msgs/lib:/usr/lib/x86_64-linux-gnu/gazebo-11/plugins:/opt/ros/humble/opt/rviz_ogre_vendor/lib:/opt/ros/humble/lib/x86_64-linux-gnu:/opt/ros/humble/lib:/usr/local/cuda-12.4/lib64:/home/vd/acados/lib PYTHONPATH=/home/vd/carla-ros-bridge/catkin_ws/install/carla_ros_scenario_runner_types/local/lib/python3.10/dist-packages:/home/vd/carla-ros-bridge/catkin_ws/install/carla_msgs/local/lib/python3.10/dist-packages:${PYTHONPATH} /usr/bin/cmake /home/vd/carla-ros-bridge/catkin_ws/src/carla-ros-bridge/rviz_carla_plugin -DAMENT_CMAKE_SYMLINK_INSTALL=1 -DCMAKE_INSTALL_PREFIX=/home/vd/carla-ros-bridge/catkin_ws/install/rviz_carla_plugin
[0.712s] -- The C compiler identification is GNU 12.3.0
[0.755s] -- The CXX compiler identification is GNU 12.3.0
[0.761s] -- Detecting C compiler ABI info
[0.802s] -- Detecting C compiler ABI info - done
[0.807s] -- Check for working C compiler: /usr/lib/ccache/gcc - skipped
[0.807s] -- Detecting C compile features
[0.807s] -- Detecting C compile features - done
[0.808s] -- Detecting CXX compiler ABI info
[0.856s] -- Detecting CXX compiler ABI info - done
[0.863s] -- Check for working CXX compiler: /usr/lib/ccache/g++ - skipped
[0.863s] -- Detecting CXX compile features
[0.864s] -- Detecting CXX compile features - done
[0.868s] -- Found ros_environment: 3.2.2 (/opt/ros/humble/share/ros_environment/cmake)
[0.871s] -- Found ament_cmake: 1.3.11 (/opt/ros/humble/share/ament_cmake/cmake)
[0.990s] -- Found Python3: /usr/bin/python3 (found version "3.10.12") found components: Interpreter 
[1.032s] -- Override CMake install command with custom implementation using symlinks instead of copying resources
[1.061s] -- Found rviz_common: 11.2.16 (/opt/ros/humble/share/rviz_common/cmake)
[1.079s] -- Setting assimp_DIR to: '/opt/ros/humble/share/rviz_assimp_vendor/cmake/../../../opt/rviz_assimp_vendor/lib/cmake/assimp-4.1'
[1.088s] -- Setting OGRE_DIR to: '/opt/ros/humble/share/rviz_ogre_vendor/cmake/../../../opt/rviz_ogre_vendor/lib/OGRE/cmake'
[1.089s] -- Found OGRE
[1.089s] --   static     : OFF
[1.089s] --   components : HLMS;MeshLodGenerator;Overlay;Paging;Property;RTShaderSystem;Terrain;Volume
[1.089s] --   plugins    : Plugin_BSPSceneManager;Plugin_OctreeSceneManager;Plugin_PCZSceneManager;Plugin_ParticleFX;RenderSystem_GL;RenderSystem_GL3Plus;Codec_STBI
[1.089s] --   media      : /opt/ros/humble/opt/rviz_ogre_vendor/share/OGRE/Media
[1.089s] -- OGRE_LIBRARIES: OgreHLMS;OgreMeshLodGenerator;OgreOverlay;OgrePaging;OgreProperty;OgreRTShaderSystem;OgreTerrain;OgreVolume;OgreMain
[1.089s] -- OGRE_LIBRARY_DIRS: /opt/ros/humble/opt/rviz_ogre_vendor/lib
[1.089s] -- OGRE_PLUGINS: Plugin_BSPSceneManager;Plugin_OctreeSceneManager;Plugin_PCZSceneManager;Plugin_ParticleFX;RenderSystem_GL;RenderSystem_GL3Plus;Codec_STBI
[1.089s] -- OGRE_PLUGIN_DIR: /opt/ros/humble/opt/rviz_ogre_vendor/lib/OGRE
[1.089s] -- rviz_ogre_vendor::OgreOverlay for IMPORTED_LOCATION_RELEASE: /opt/ros/humble/opt/rviz_ogre_vendor/lib/libOgreOverlay.so
[1.089s] -- rviz_ogre_vendor::OgreOverlay for IMPORTED_LOCATION_DEBUG: /opt/ros/humble/opt/rviz_ogre_vendor/lib/libOgreOverlay.so
[1.089s] -- rviz_ogre_vendor::OgreMain for IMPORTED_LOCATION_RELEASE: /opt/ros/humble/opt/rviz_ogre_vendor/lib/libOgreMain.so
[1.089s] -- rviz_ogre_vendor::OgreMain for IMPORTED_LOCATION_DEBUG: /opt/ros/humble/opt/rviz_ogre_vendor/lib/libOgreMain.so
[1.107s] -- Found ZLIB: /usr/lib/x86_64-linux-gnu/libz.so (found version "1.2.11") 
[1.111s] -- Found OpenGL: /usr/lib/x86_64-linux-gnu/libOpenGL.so   
[1.192s] -- Found X11: /usr/include   
[1.193s] -- Looking for XOpenDisplay in /usr/lib/x86_64-linux-gnu/libX11.so;/usr/lib/x86_64-linux-gnu/libXext.so
[1.250s] -- Looking for XOpenDisplay in /usr/lib/x86_64-linux-gnu/libX11.so;/usr/lib/x86_64-linux-gnu/libXext.so - found
[1.250s] -- Looking for gethostbyname
[1.300s] -- Looking for gethostbyname - found
[1.300s] -- Looking for connect
[1.353s] -- Looking for connect - found
[1.353s] -- Looking for remove
[1.397s] -- Looking for remove - found
[1.398s] -- Looking for shmat
[1.441s] -- Looking for shmat - found
[1.441s] -- Looking for IceConnectionNumber in ICE
[1.487s] -- Looking for IceConnectionNumber in ICE - found
[1.561s] -- library: /usr/lib/x86_64-linux-gnu/libcurl.so
[1.588s] -- Found rosidl_generator_c: 3.1.6 (/opt/ros/humble/share/rosidl_generator_c/cmake)
[1.592s] -- Found rosidl_adapter: 3.1.6 (/opt/ros/humble/share/rosidl_adapter/cmake)
[1.599s] -- Found rosidl_generator_cpp: 3.1.6 (/opt/ros/humble/share/rosidl_generator_cpp/cmake)
[1.608s] -- Using all available rosidl_typesupport_c: rosidl_typesupport_fastrtps_c;rosidl_typesupport_introspection_c
[1.621s] -- Using all available rosidl_typesupport_cpp: rosidl_typesupport_fastrtps_cpp;rosidl_typesupport_introspection_cpp
[1.693s] -- Found rmw_implementation_cmake: 6.1.2 (/opt/ros/humble/share/rmw_implementation_cmake/cmake)
[1.697s] -- Found rmw_fastrtps_cpp: 6.2.7 (/opt/ros/humble/share/rmw_fastrtps_cpp/cmake)
[1.714s] -- Found TinyXML2 via Config file: TinyXML2_DIR-NOTFOUND
[1.762s] -- Found OpenSSL: /usr/lib/x86_64-linux-gnu/libcrypto.so (found version "3.0.2")  
[1.765s] -- Found TinyXML2 via Config file: TinyXML2_DIR-NOTFOUND
[1.777s] -- Found FastRTPS: /opt/ros/humble/include  
[1.780s] -- Found TinyXML2 via Config file: TinyXML2_DIR-NOTFOUND
[1.786s] -- Found TinyXML2 via Config file: TinyXML2_DIR-NOTFOUND
[1.795s] -- Using RMW implementation 'rmw_fastrtps_cpp' as default
[1.803s] -- Looking for pthread.h
[1.846s] -- Looking for pthread.h - found
[1.846s] -- Performing Test CMAKE_HAVE_LIBC_PTHREAD
[1.893s] -- Performing Test CMAKE_HAVE_LIBC_PTHREAD - Success
[1.894s] -- Found Threads: TRUE  
[1.944s] -- Found Eigen3: TRUE (found version "3.4.0") 
[1.944s] -- Ensuring Eigen3 include directory is part of orocos-kdl CMake target
[2.014s] -- Found carla_msgs: 1.3.0 (/home/vd/carla-ros-bridge/catkin_ws/install/carla_msgs/share/carla_msgs/cmake)
[2.031s] -- Found nav_msgs: 4.8.0 (/opt/ros/humble/share/nav_msgs/cmake)
[2.048s] -- Found carla_ros_scenario_runner_types: 0.1.0 (/home/vd/carla-ros-bridge/catkin_ws/install/carla_ros_scenario_runner_types/share/carla_ros_scenario_runner_types/cmake)
[2.107s] -- Configuring done
[2.125s] -- Generating done
[2.128s] -- Build files have been written to: /home/vd/carla-ros-bridge/catkin_ws/build/rviz_carla_plugin
[2.137s] Invoked command in '/home/vd/carla-ros-bridge/catkin_ws/build/rviz_carla_plugin' returned '0': AMENT_PREFIX_PATH=/home/vd/carla-ros-bridge/catkin_ws/install/carla_ros_scenario_runner_types:/home/vd/carla-ros-bridge/catkin_ws/install/carla_msgs:${AMENT_PREFIX_PATH} CMAKE_PREFIX_PATH=/home/vd/carla-ros-bridge/catkin_ws/install/carla_ros_scenario_runner_types:/home/vd/carla-ros-bridge/catkin_ws/install/carla_msgs:/home/vd/microros_test/install/micro_ros_setup:/home/vd/microros_test/install/micro_ros_agent:/home/vd/microros_test/install/micro_ros_msgs:/home/vd/ros2_ws/install/rtabmap_ros:/home/vd/ros2_ws/install/rtabmap_demos:/home/vd/ros2_ws/install/turtlebot3_gazebo:/home/vd/ros2_ws/install/rtabmap_launch:/home/vd/ros2_ws/install/rtabmap_examples:/home/vd/ros2_ws/install/rtabmap_viz:/home/vd/ros2_ws/install/rtabmap_slam:/home/vd/ros2_ws/install/rtabmap_odom:/home/vd/ros2_ws/install/rtabmap_util:/home/vd/ros2_ws/install/rtabmap_sync:/home/vd/ros2_ws/install/rtabmap_rviz_plugins:/home/vd/ros2_ws/install/rtabmap_conversions:/home/vd/microros_test/install/ackerman_commando:/home/vd/ros2_ws/install/rtabmap_python:/home/vd/ros2_ws/install/robot_math:/home/vd/ros2_ws/install/my_robot_controller:/home/vd/ros2_ws/install/isaac_ros_test:/home/vd/turtlebot3_ws/install/turtlebot3_teleop:/home/vd/turtlebot3_ws/install/turtlebot3_example:/opt/ros/humble:/home/vd/ros2_ws/install/rtabmap_msgs:/home/vd/ros2_ws/install/rtabmap:/home/vd/ros2_ws/install/realsense2_description:/home/vd/ros2_ws/install/realsense2_camera:/home/vd/ros2_ws/install/realsense2_camera_msgs:/home/vd/ros2_ws/install/point_cloud_perception:/home/vd/ros2_ws/install/omnidirectional_controllers:/home/vd/ros2_ws/install/nvidia_kaya:/home/vd/ros2_ws/install/nodes:/home/vd/ros2_ws/install/navigation_tb3:/home/vd/ros2_ws/install/nanosaur_perception:/home/vd/ros2_ws/install/nanosaur:/home/vd/ros2_ws/install/nanosaur_msgs:/home/vd/ros2_ws/install/nanosaur_description:/home/vd/ros2_ws/install/nanosaur_control:/home/vd/ros2_ws/install/my_package:/home/vd/ros2_ws/install/isaac_ros_visual_slam_interfaces:/home/vd/ros2_ws/install/dynamixel_sdk_examples:/home/vd/ros2_ws/install/dynamixel_sdk_custom_interfaces:/home/vd/ros2_ws/install/dynamixel_sdk:/home/vd/ros2_ws/install/articubot_one:/home/vd/turtlebot3_ws/install/turtlebot3:/home/vd/turtlebot3_ws/install/turtlebot3_bringup:/home/vd/turtlebot3_ws/install/turtlebot3_node:/home/vd/turtlebot3_ws/install/turtlebot3_description:/home/vd/turtlebot3_ws/install/ld08_driver:/home/vd/yolobot/install/yolov8_msgs:/home/vd/yolobot/install/yolobot_recognition:/home/vd/yolobot/install/yolobot_gazebo:/home/vd/yolobot/install/yolobot_description:/home/vd/yolobot/install/yolobot_control LD_LIBRARY_PATH=/home/vd/carla-ros-bridge/catkin_ws/install/carla_ros_scenario_runner_types/lib:/home/vd/carla-ros-bridge/catkin_ws/install/carla_msgs/lib:/home/vd/microros_test/install/micro_ros_agent/lib:/home/vd/microros_test/install/micro_ros_msgs/lib:/home/vd/ros2_ws/install/rtabmap_slam/lib:/home/vd/ros2_ws/install/rtabmap_odom/lib:/home/vd/ros2_ws/install/rtabmap_util/lib:/home/vd/ros2_ws/install/rtabmap_sync/lib:/home/vd/ros2_ws/install/rtabmap_rviz_plugins/lib:/home/vd/ros2_ws/install/rtabmap_conversions/lib:/home/vd/ros2_ws/install/rtabmap_msgs/lib:/home/vd/ros2_ws/install/rtabmap/lib:/home/vd/ros2_ws/install/realsense2_camera/lib:/home/vd/ros2_ws/install/realsense2_camera_msgs/lib:/home/vd/ros2_ws/install/omnidirectional_controllers/lib:/home/vd/ros2_ws/install/nanosaur_msgs/lib:/home/vd/ros2_ws/install/isaac_ros_visual_slam_interfaces/lib:/home/vd/ros2_ws/install/dynamixel_sdk_custom_interfaces/lib:/home/vd/ros2_ws/install/dynamixel_sdk/lib:/home/vd/yolobot/install/yolov8_msgs/lib:/usr/lib/x86_64-linux-gnu/gazebo-11/plugins:/opt/ros/humble/opt/rviz_ogre_vendor/lib:/opt/ros/humble/lib/x86_64-linux-gnu:/opt/ros/humble/lib:/usr/local/cuda-12.4/lib64:/home/vd/acados/lib PYTHONPATH=/home/vd/carla-ros-bridge/catkin_ws/install/carla_ros_scenario_runner_types/local/lib/python3.10/dist-packages:/home/vd/carla-ros-bridge/catkin_ws/install/carla_msgs/local/lib/python3.10/dist-packages:${PYTHONPATH} /usr/bin/cmake /home/vd/carla-ros-bridge/catkin_ws/src/carla-ros-bridge/rviz_carla_plugin -DAMENT_CMAKE_SYMLINK_INSTALL=1 -DCMAKE_INSTALL_PREFIX=/home/vd/carla-ros-bridge/catkin_ws/install/rviz_carla_plugin
[2.138s] Invoking command in '/home/vd/carla-ros-bridge/catkin_ws/build/rviz_carla_plugin': AMENT_PREFIX_PATH=/home/vd/carla-ros-bridge/catkin_ws/install/carla_ros_scenario_runner_types:/home/vd/carla-ros-bridge/catkin_ws/install/carla_msgs:${AMENT_PREFIX_PATH} CMAKE_PREFIX_PATH=/home/vd/carla-ros-bridge/catkin_ws/install/carla_ros_scenario_runner_types:/home/vd/carla-ros-bridge/catkin_ws/install/carla_msgs:/home/vd/microros_test/install/micro_ros_setup:/home/vd/microros_test/install/micro_ros_agent:/home/vd/microros_test/install/micro_ros_msgs:/home/vd/ros2_ws/install/rtabmap_ros:/home/vd/ros2_ws/install/rtabmap_demos:/home/vd/ros2_ws/install/turtlebot3_gazebo:/home/vd/ros2_ws/install/rtabmap_launch:/home/vd/ros2_ws/install/rtabmap_examples:/home/vd/ros2_ws/install/rtabmap_viz:/home/vd/ros2_ws/install/rtabmap_slam:/home/vd/ros2_ws/install/rtabmap_odom:/home/vd/ros2_ws/install/rtabmap_util:/home/vd/ros2_ws/install/rtabmap_sync:/home/vd/ros2_ws/install/rtabmap_rviz_plugins:/home/vd/ros2_ws/install/rtabmap_conversions:/home/vd/microros_test/install/ackerman_commando:/home/vd/ros2_ws/install/rtabmap_python:/home/vd/ros2_ws/install/robot_math:/home/vd/ros2_ws/install/my_robot_controller:/home/vd/ros2_ws/install/isaac_ros_test:/home/vd/turtlebot3_ws/install/turtlebot3_teleop:/home/vd/turtlebot3_ws/install/turtlebot3_example:/opt/ros/humble:/home/vd/ros2_ws/install/rtabmap_msgs:/home/vd/ros2_ws/install/rtabmap:/home/vd/ros2_ws/install/realsense2_description:/home/vd/ros2_ws/install/realsense2_camera:/home/vd/ros2_ws/install/realsense2_camera_msgs:/home/vd/ros2_ws/install/point_cloud_perception:/home/vd/ros2_ws/install/omnidirectional_controllers:/home/vd/ros2_ws/install/nvidia_kaya:/home/vd/ros2_ws/install/nodes:/home/vd/ros2_ws/install/navigation_tb3:/home/vd/ros2_ws/install/nanosaur_perception:/home/vd/ros2_ws/install/nanosaur:/home/vd/ros2_ws/install/nanosaur_msgs:/home/vd/ros2_ws/install/nanosaur_description:/home/vd/ros2_ws/install/nanosaur_control:/home/vd/ros2_ws/install/my_package:/home/vd/ros2_ws/install/isaac_ros_visual_slam_interfaces:/home/vd/ros2_ws/install/dynamixel_sdk_examples:/home/vd/ros2_ws/install/dynamixel_sdk_custom_interfaces:/home/vd/ros2_ws/install/dynamixel_sdk:/home/vd/ros2_ws/install/articubot_one:/home/vd/turtlebot3_ws/install/turtlebot3:/home/vd/turtlebot3_ws/install/turtlebot3_bringup:/home/vd/turtlebot3_ws/install/turtlebot3_node:/home/vd/turtlebot3_ws/install/turtlebot3_description:/home/vd/turtlebot3_ws/install/ld08_driver:/home/vd/yolobot/install/yolov8_msgs:/home/vd/yolobot/install/yolobot_recognition:/home/vd/yolobot/install/yolobot_gazebo:/home/vd/yolobot/install/yolobot_description:/home/vd/yolobot/install/yolobot_control LD_LIBRARY_PATH=/home/vd/carla-ros-bridge/catkin_ws/install/carla_ros_scenario_runner_types/lib:/home/vd/carla-ros-bridge/catkin_ws/install/carla_msgs/lib:/home/vd/microros_test/install/micro_ros_agent/lib:/home/vd/microros_test/install/micro_ros_msgs/lib:/home/vd/ros2_ws/install/rtabmap_slam/lib:/home/vd/ros2_ws/install/rtabmap_odom/lib:/home/vd/ros2_ws/install/rtabmap_util/lib:/home/vd/ros2_ws/install/rtabmap_sync/lib:/home/vd/ros2_ws/install/rtabmap_rviz_plugins/lib:/home/vd/ros2_ws/install/rtabmap_conversions/lib:/home/vd/ros2_ws/install/rtabmap_msgs/lib:/home/vd/ros2_ws/install/rtabmap/lib:/home/vd/ros2_ws/install/realsense2_camera/lib:/home/vd/ros2_ws/install/realsense2_camera_msgs/lib:/home/vd/ros2_ws/install/omnidirectional_controllers/lib:/home/vd/ros2_ws/install/nanosaur_msgs/lib:/home/vd/ros2_ws/install/isaac_ros_visual_slam_interfaces/lib:/home/vd/ros2_ws/install/dynamixel_sdk_custom_interfaces/lib:/home/vd/ros2_ws/install/dynamixel_sdk/lib:/home/vd/yolobot/install/yolov8_msgs/lib:/usr/lib/x86_64-linux-gnu/gazebo-11/plugins:/opt/ros/humble/opt/rviz_ogre_vendor/lib:/opt/ros/humble/lib/x86_64-linux-gnu:/opt/ros/humble/lib:/usr/local/cuda-12.4/lib64:/home/vd/acados/lib PYTHONPATH=/home/vd/carla-ros-bridge/catkin_ws/install/carla_ros_scenario_runner_types/local/lib/python3.10/dist-packages:/home/vd/carla-ros-bridge/catkin_ws/install/carla_msgs/local/lib/python3.10/dist-packages:${PYTHONPATH} /usr/bin/cmake --build /home/vd/carla-ros-bridge/catkin_ws/build/rviz_carla_plugin -- -j24 -l24
[2.184s] [ 12%] [34m[1mAutomatic MOC for target rviz_carla_plugin[0m
[2.399s] [ 12%] Built target rviz_carla_plugin_autogen
[2.405s] [ 25%] [34m[1mGenerating qrc_rviz_carla_plugin.cpp[0m
[2.422s] [ 37%] [32mBuilding CXX object CMakeFiles/rviz_carla_plugin.dir/src/carla_control_panel_ROS2.cpp.o[0m
[2.422s] [ 62%] [32mBuilding CXX object CMakeFiles/rviz_carla_plugin.dir/qrc_rviz_carla_plugin.cpp.o[0m
[2.422s] [ 62%] [32mBuilding CXX object CMakeFiles/rviz_carla_plugin.dir/rviz_carla_plugin_autogen/mocs_compilation.cpp.o[0m
[2.424s] [ 87%] [32mBuilding CXX object CMakeFiles/rviz_carla_plugin.dir/src/drive_widget.cpp.o[0m
[2.424s] [ 87%] [32mBuilding CXX object CMakeFiles/rviz_carla_plugin.dir/src/indicator_widget.cpp.o[0m
[2.649s] [100%] [32m[1mLinking CXX shared library librviz_carla_plugin.so[0m
[4.437s] [100%] Built target rviz_carla_plugin
[4.446s] Invoked command in '/home/vd/carla-ros-bridge/catkin_ws/build/rviz_carla_plugin' returned '0': AMENT_PREFIX_PATH=/home/vd/carla-ros-bridge/catkin_ws/install/carla_ros_scenario_runner_types:/home/vd/carla-ros-bridge/catkin_ws/install/carla_msgs:${AMENT_PREFIX_PATH} CMAKE_PREFIX_PATH=/home/vd/carla-ros-bridge/catkin_ws/install/carla_ros_scenario_runner_types:/home/vd/carla-ros-bridge/catkin_ws/install/carla_msgs:/home/vd/microros_test/install/micro_ros_setup:/home/vd/microros_test/install/micro_ros_agent:/home/vd/microros_test/install/micro_ros_msgs:/home/vd/ros2_ws/install/rtabmap_ros:/home/vd/ros2_ws/install/rtabmap_demos:/home/vd/ros2_ws/install/turtlebot3_gazebo:/home/vd/ros2_ws/install/rtabmap_launch:/home/vd/ros2_ws/install/rtabmap_examples:/home/vd/ros2_ws/install/rtabmap_viz:/home/vd/ros2_ws/install/rtabmap_slam:/home/vd/ros2_ws/install/rtabmap_odom:/home/vd/ros2_ws/install/rtabmap_util:/home/vd/ros2_ws/install/rtabmap_sync:/home/vd/ros2_ws/install/rtabmap_rviz_plugins:/home/vd/ros2_ws/install/rtabmap_conversions:/home/vd/microros_test/install/ackerman_commando:/home/vd/ros2_ws/install/rtabmap_python:/home/vd/ros2_ws/install/robot_math:/home/vd/ros2_ws/install/my_robot_controller:/home/vd/ros2_ws/install/isaac_ros_test:/home/vd/turtlebot3_ws/install/turtlebot3_teleop:/home/vd/turtlebot3_ws/install/turtlebot3_example:/opt/ros/humble:/home/vd/ros2_ws/install/rtabmap_msgs:/home/vd/ros2_ws/install/rtabmap:/home/vd/ros2_ws/install/realsense2_description:/home/vd/ros2_ws/install/realsense2_camera:/home/vd/ros2_ws/install/realsense2_camera_msgs:/home/vd/ros2_ws/install/point_cloud_perception:/home/vd/ros2_ws/install/omnidirectional_controllers:/home/vd/ros2_ws/install/nvidia_kaya:/home/vd/ros2_ws/install/nodes:/home/vd/ros2_ws/install/navigation_tb3:/home/vd/ros2_ws/install/nanosaur_perception:/home/vd/ros2_ws/install/nanosaur:/home/vd/ros2_ws/install/nanosaur_msgs:/home/vd/ros2_ws/install/nanosaur_description:/home/vd/ros2_ws/install/nanosaur_control:/home/vd/ros2_ws/install/my_package:/home/vd/ros2_ws/install/isaac_ros_visual_slam_interfaces:/home/vd/ros2_ws/install/dynamixel_sdk_examples:/home/vd/ros2_ws/install/dynamixel_sdk_custom_interfaces:/home/vd/ros2_ws/install/dynamixel_sdk:/home/vd/ros2_ws/install/articubot_one:/home/vd/turtlebot3_ws/install/turtlebot3:/home/vd/turtlebot3_ws/install/turtlebot3_bringup:/home/vd/turtlebot3_ws/install/turtlebot3_node:/home/vd/turtlebot3_ws/install/turtlebot3_description:/home/vd/turtlebot3_ws/install/ld08_driver:/home/vd/yolobot/install/yolov8_msgs:/home/vd/yolobot/install/yolobot_recognition:/home/vd/yolobot/install/yolobot_gazebo:/home/vd/yolobot/install/yolobot_description:/home/vd/yolobot/install/yolobot_control LD_LIBRARY_PATH=/home/vd/carla-ros-bridge/catkin_ws/install/carla_ros_scenario_runner_types/lib:/home/vd/carla-ros-bridge/catkin_ws/install/carla_msgs/lib:/home/vd/microros_test/install/micro_ros_agent/lib:/home/vd/microros_test/install/micro_ros_msgs/lib:/home/vd/ros2_ws/install/rtabmap_slam/lib:/home/vd/ros2_ws/install/rtabmap_odom/lib:/home/vd/ros2_ws/install/rtabmap_util/lib:/home/vd/ros2_ws/install/rtabmap_sync/lib:/home/vd/ros2_ws/install/rtabmap_rviz_plugins/lib:/home/vd/ros2_ws/install/rtabmap_conversions/lib:/home/vd/ros2_ws/install/rtabmap_msgs/lib:/home/vd/ros2_ws/install/rtabmap/lib:/home/vd/ros2_ws/install/realsense2_camera/lib:/home/vd/ros2_ws/install/realsense2_camera_msgs/lib:/home/vd/ros2_ws/install/omnidirectional_controllers/lib:/home/vd/ros2_ws/install/nanosaur_msgs/lib:/home/vd/ros2_ws/install/isaac_ros_visual_slam_interfaces/lib:/home/vd/ros2_ws/install/dynamixel_sdk_custom_interfaces/lib:/home/vd/ros2_ws/install/dynamixel_sdk/lib:/home/vd/yolobot/install/yolov8_msgs/lib:/usr/lib/x86_64-linux-gnu/gazebo-11/plugins:/opt/ros/humble/opt/rviz_ogre_vendor/lib:/opt/ros/humble/lib/x86_64-linux-gnu:/opt/ros/humble/lib:/usr/local/cuda-12.4/lib64:/home/vd/acados/lib PYTHONPATH=/home/vd/carla-ros-bridge/catkin_ws/install/carla_ros_scenario_runner_types/local/lib/python3.10/dist-packages:/home/vd/carla-ros-bridge/catkin_ws/install/carla_msgs/local/lib/python3.10/dist-packages:${PYTHONPATH} /usr/bin/cmake --build /home/vd/carla-ros-bridge/catkin_ws/build/rviz_carla_plugin -- -j24 -l24
[4.447s] Invoking command in '/home/vd/carla-ros-bridge/catkin_ws/build/rviz_carla_plugin': AMENT_PREFIX_PATH=/home/vd/carla-ros-bridge/catkin_ws/install/carla_ros_scenario_runner_types:/home/vd/carla-ros-bridge/catkin_ws/install/carla_msgs:${AMENT_PREFIX_PATH} CMAKE_PREFIX_PATH=/home/vd/carla-ros-bridge/catkin_ws/install/carla_ros_scenario_runner_types:/home/vd/carla-ros-bridge/catkin_ws/install/carla_msgs:/home/vd/microros_test/install/micro_ros_setup:/home/vd/microros_test/install/micro_ros_agent:/home/vd/microros_test/install/micro_ros_msgs:/home/vd/ros2_ws/install/rtabmap_ros:/home/vd/ros2_ws/install/rtabmap_demos:/home/vd/ros2_ws/install/turtlebot3_gazebo:/home/vd/ros2_ws/install/rtabmap_launch:/home/vd/ros2_ws/install/rtabmap_examples:/home/vd/ros2_ws/install/rtabmap_viz:/home/vd/ros2_ws/install/rtabmap_slam:/home/vd/ros2_ws/install/rtabmap_odom:/home/vd/ros2_ws/install/rtabmap_util:/home/vd/ros2_ws/install/rtabmap_sync:/home/vd/ros2_ws/install/rtabmap_rviz_plugins:/home/vd/ros2_ws/install/rtabmap_conversions:/home/vd/microros_test/install/ackerman_commando:/home/vd/ros2_ws/install/rtabmap_python:/home/vd/ros2_ws/install/robot_math:/home/vd/ros2_ws/install/my_robot_controller:/home/vd/ros2_ws/install/isaac_ros_test:/home/vd/turtlebot3_ws/install/turtlebot3_teleop:/home/vd/turtlebot3_ws/install/turtlebot3_example:/opt/ros/humble:/home/vd/ros2_ws/install/rtabmap_msgs:/home/vd/ros2_ws/install/rtabmap:/home/vd/ros2_ws/install/realsense2_description:/home/vd/ros2_ws/install/realsense2_camera:/home/vd/ros2_ws/install/realsense2_camera_msgs:/home/vd/ros2_ws/install/point_cloud_perception:/home/vd/ros2_ws/install/omnidirectional_controllers:/home/vd/ros2_ws/install/nvidia_kaya:/home/vd/ros2_ws/install/nodes:/home/vd/ros2_ws/install/navigation_tb3:/home/vd/ros2_ws/install/nanosaur_perception:/home/vd/ros2_ws/install/nanosaur:/home/vd/ros2_ws/install/nanosaur_msgs:/home/vd/ros2_ws/install/nanosaur_description:/home/vd/ros2_ws/install/nanosaur_control:/home/vd/ros2_ws/install/my_package:/home/vd/ros2_ws/install/isaac_ros_visual_slam_interfaces:/home/vd/ros2_ws/install/dynamixel_sdk_examples:/home/vd/ros2_ws/install/dynamixel_sdk_custom_interfaces:/home/vd/ros2_ws/install/dynamixel_sdk:/home/vd/ros2_ws/install/articubot_one:/home/vd/turtlebot3_ws/install/turtlebot3:/home/vd/turtlebot3_ws/install/turtlebot3_bringup:/home/vd/turtlebot3_ws/install/turtlebot3_node:/home/vd/turtlebot3_ws/install/turtlebot3_description:/home/vd/turtlebot3_ws/install/ld08_driver:/home/vd/yolobot/install/yolov8_msgs:/home/vd/yolobot/install/yolobot_recognition:/home/vd/yolobot/install/yolobot_gazebo:/home/vd/yolobot/install/yolobot_description:/home/vd/yolobot/install/yolobot_control LD_LIBRARY_PATH=/home/vd/carla-ros-bridge/catkin_ws/install/carla_ros_scenario_runner_types/lib:/home/vd/carla-ros-bridge/catkin_ws/install/carla_msgs/lib:/home/vd/microros_test/install/micro_ros_agent/lib:/home/vd/microros_test/install/micro_ros_msgs/lib:/home/vd/ros2_ws/install/rtabmap_slam/lib:/home/vd/ros2_ws/install/rtabmap_odom/lib:/home/vd/ros2_ws/install/rtabmap_util/lib:/home/vd/ros2_ws/install/rtabmap_sync/lib:/home/vd/ros2_ws/install/rtabmap_rviz_plugins/lib:/home/vd/ros2_ws/install/rtabmap_conversions/lib:/home/vd/ros2_ws/install/rtabmap_msgs/lib:/home/vd/ros2_ws/install/rtabmap/lib:/home/vd/ros2_ws/install/realsense2_camera/lib:/home/vd/ros2_ws/install/realsense2_camera_msgs/lib:/home/vd/ros2_ws/install/omnidirectional_controllers/lib:/home/vd/ros2_ws/install/nanosaur_msgs/lib:/home/vd/ros2_ws/install/isaac_ros_visual_slam_interfaces/lib:/home/vd/ros2_ws/install/dynamixel_sdk_custom_interfaces/lib:/home/vd/ros2_ws/install/dynamixel_sdk/lib:/home/vd/yolobot/install/yolov8_msgs/lib:/usr/lib/x86_64-linux-gnu/gazebo-11/plugins:/opt/ros/humble/opt/rviz_ogre_vendor/lib:/opt/ros/humble/lib/x86_64-linux-gnu:/opt/ros/humble/lib:/usr/local/cuda-12.4/lib64:/home/vd/acados/lib PYTHONPATH=/home/vd/carla-ros-bridge/catkin_ws/install/carla_ros_scenario_runner_types/local/lib/python3.10/dist-packages:/home/vd/carla-ros-bridge/catkin_ws/install/carla_msgs/local/lib/python3.10/dist-packages:${PYTHONPATH} /usr/bin/cmake --install /home/vd/carla-ros-bridge/catkin_ws/build/rviz_carla_plugin
[4.453s] -- Install configuration: ""
[4.454s] -- Execute custom install script
[4.454s] -- Symlinking: /home/vd/carla-ros-bridge/catkin_ws/install/rviz_carla_plugin/share/rviz_carla_plugin//plugin_description_ros2.xml
[4.459s] -- Symlinking: /home/vd/carla-ros-bridge/catkin_ws/install/rviz_carla_plugin/share/rviz_carla_plugin/environment/library_path.sh
[4.464s] -- Symlinking: /home/vd/carla-ros-bridge/catkin_ws/install/rviz_carla_plugin/share/rviz_carla_plugin/environment/library_path.dsv
[4.471s] -- Up-to-date symlink: /home/vd/carla-ros-bridge/catkin_ws/install/rviz_carla_plugin/share/rviz_carla_plugin/plugin_description_ros2.xml
[4.472s] -- Symlinking: /home/vd/carla-ros-bridge/catkin_ws/install/rviz_carla_plugin/share/rviz_carla_plugin/classes/CarlaControl.png
[4.477s] -- Symlinking: /home/vd/carla-ros-bridge/catkin_ws/install/rviz_carla_plugin/share/rviz_carla_plugin/pause.png
[4.484s] -- Symlinking: /home/vd/carla-ros-bridge/catkin_ws/install/rviz_carla_plugin/share/rviz_carla_plugin/play.png
[4.489s] -- Symlinking: /home/vd/carla-ros-bridge/catkin_ws/install/rviz_carla_plugin/share/rviz_carla_plugin/step_once.png
[4.495s] -- Symlinking: /home/vd/carla-ros-bridge/catkin_ws/install/rviz_carla_plugin/share/ament_index/resource_index/package_run_dependencies/rviz_carla_plugin
[4.499s] -- Symlinking: /home/vd/carla-ros-bridge/catkin_ws/install/rviz_carla_plugin/share/ament_index/resource_index/parent_prefix_path/rviz_carla_plugin
[4.504s] -- Symlinking: /home/vd/carla-ros-bridge/catkin_ws/install/rviz_carla_plugin/share/rviz_carla_plugin/environment/ament_prefix_path.sh
[4.509s] -- Symlinking: /home/vd/carla-ros-bridge/catkin_ws/install/rviz_carla_plugin/share/rviz_carla_plugin/environment/ament_prefix_path.dsv
[4.516s] -- Symlinking: /home/vd/carla-ros-bridge/catkin_ws/install/rviz_carla_plugin/share/rviz_carla_plugin/environment/path.sh
[4.523s] -- Symlinking: /home/vd/carla-ros-bridge/catkin_ws/install/rviz_carla_plugin/share/rviz_carla_plugin/environment/path.dsv
[4.528s] -- Symlinking: /home/vd/carla-ros-bridge/catkin_ws/install/rviz_carla_plugin/share/rviz_carla_plugin/local_setup.bash
[4.534s] -- Symlinking: /home/vd/carla-ros-bridge/catkin_ws/install/rviz_carla_plugin/share/rviz_carla_plugin/local_setup.sh
[4.540s] -- Symlinking: /home/vd/carla-ros-bridge/catkin_ws/install/rviz_carla_plugin/share/rviz_carla_plugin/local_setup.zsh
[4.545s] -- Symlinking: /home/vd/carla-ros-bridge/catkin_ws/install/rviz_carla_plugin/share/rviz_carla_plugin/local_setup.dsv
[4.550s] -- Symlinking: /home/vd/carla-ros-bridge/catkin_ws/install/rviz_carla_plugin/share/rviz_carla_plugin/package.dsv
[4.557s] -- Symlinking: /home/vd/carla-ros-bridge/catkin_ws/install/rviz_carla_plugin/share/ament_index/resource_index/packages/rviz_carla_plugin
[4.563s] -- Symlinking: /home/vd/carla-ros-bridge/catkin_ws/install/rviz_carla_plugin/share/ament_index/resource_index/rviz_common__pluginlib__plugin/rviz_carla_plugin
[4.570s] -- Symlinking: /home/vd/carla-ros-bridge/catkin_ws/install/rviz_carla_plugin/share/rviz_carla_plugin/cmake/ament_cmake_export_libraries-extras.cmake
[4.576s] -- Symlinking: /home/vd/carla-ros-bridge/catkin_ws/install/rviz_carla_plugin/share/rviz_carla_plugin/cmake/rviz_carla_pluginConfig.cmake
[4.583s] -- Symlinking: /home/vd/carla-ros-bridge/catkin_ws/install/rviz_carla_plugin/share/rviz_carla_plugin/cmake/rviz_carla_pluginConfig-version.cmake
[4.588s] -- Symlinking: /home/vd/carla-ros-bridge/catkin_ws/install/rviz_carla_plugin/share/rviz_carla_plugin/package.xml
[4.593s] -- Installing: /home/vd/carla-ros-bridge/catkin_ws/install/rviz_carla_plugin/lib/librviz_carla_plugin.so
[4.602s] -- Set runtime path of "/home/vd/carla-ros-bridge/catkin_ws/install/rviz_carla_plugin/lib/librviz_carla_plugin.so" to ""
[4.603s] Invoked command in '/home/vd/carla-ros-bridge/catkin_ws/build/rviz_carla_plugin' returned '0': AMENT_PREFIX_PATH=/home/vd/carla-ros-bridge/catkin_ws/install/carla_ros_scenario_runner_types:/home/vd/carla-ros-bridge/catkin_ws/install/carla_msgs:${AMENT_PREFIX_PATH} CMAKE_PREFIX_PATH=/home/vd/carla-ros-bridge/catkin_ws/install/carla_ros_scenario_runner_types:/home/vd/carla-ros-bridge/catkin_ws/install/carla_msgs:/home/vd/microros_test/install/micro_ros_setup:/home/vd/microros_test/install/micro_ros_agent:/home/vd/microros_test/install/micro_ros_msgs:/home/vd/ros2_ws/install/rtabmap_ros:/home/vd/ros2_ws/install/rtabmap_demos:/home/vd/ros2_ws/install/turtlebot3_gazebo:/home/vd/ros2_ws/install/rtabmap_launch:/home/vd/ros2_ws/install/rtabmap_examples:/home/vd/ros2_ws/install/rtabmap_viz:/home/vd/ros2_ws/install/rtabmap_slam:/home/vd/ros2_ws/install/rtabmap_odom:/home/vd/ros2_ws/install/rtabmap_util:/home/vd/ros2_ws/install/rtabmap_sync:/home/vd/ros2_ws/install/rtabmap_rviz_plugins:/home/vd/ros2_ws/install/rtabmap_conversions:/home/vd/microros_test/install/ackerman_commando:/home/vd/ros2_ws/install/rtabmap_python:/home/vd/ros2_ws/install/robot_math:/home/vd/ros2_ws/install/my_robot_controller:/home/vd/ros2_ws/install/isaac_ros_test:/home/vd/turtlebot3_ws/install/turtlebot3_teleop:/home/vd/turtlebot3_ws/install/turtlebot3_example:/opt/ros/humble:/home/vd/ros2_ws/install/rtabmap_msgs:/home/vd/ros2_ws/install/rtabmap:/home/vd/ros2_ws/install/realsense2_description:/home/vd/ros2_ws/install/realsense2_camera:/home/vd/ros2_ws/install/realsense2_camera_msgs:/home/vd/ros2_ws/install/point_cloud_perception:/home/vd/ros2_ws/install/omnidirectional_controllers:/home/vd/ros2_ws/install/nvidia_kaya:/home/vd/ros2_ws/install/nodes:/home/vd/ros2_ws/install/navigation_tb3:/home/vd/ros2_ws/install/nanosaur_perception:/home/vd/ros2_ws/install/nanosaur:/home/vd/ros2_ws/install/nanosaur_msgs:/home/vd/ros2_ws/install/nanosaur_description:/home/vd/ros2_ws/install/nanosaur_control:/home/vd/ros2_ws/install/my_package:/home/vd/ros2_ws/install/isaac_ros_visual_slam_interfaces:/home/vd/ros2_ws/install/dynamixel_sdk_examples:/home/vd/ros2_ws/install/dynamixel_sdk_custom_interfaces:/home/vd/ros2_ws/install/dynamixel_sdk:/home/vd/ros2_ws/install/articubot_one:/home/vd/turtlebot3_ws/install/turtlebot3:/home/vd/turtlebot3_ws/install/turtlebot3_bringup:/home/vd/turtlebot3_ws/install/turtlebot3_node:/home/vd/turtlebot3_ws/install/turtlebot3_description:/home/vd/turtlebot3_ws/install/ld08_driver:/home/vd/yolobot/install/yolov8_msgs:/home/vd/yolobot/install/yolobot_recognition:/home/vd/yolobot/install/yolobot_gazebo:/home/vd/yolobot/install/yolobot_description:/home/vd/yolobot/install/yolobot_control LD_LIBRARY_PATH=/home/vd/carla-ros-bridge/catkin_ws/install/carla_ros_scenario_runner_types/lib:/home/vd/carla-ros-bridge/catkin_ws/install/carla_msgs/lib:/home/vd/microros_test/install/micro_ros_agent/lib:/home/vd/microros_test/install/micro_ros_msgs/lib:/home/vd/ros2_ws/install/rtabmap_slam/lib:/home/vd/ros2_ws/install/rtabmap_odom/lib:/home/vd/ros2_ws/install/rtabmap_util/lib:/home/vd/ros2_ws/install/rtabmap_sync/lib:/home/vd/ros2_ws/install/rtabmap_rviz_plugins/lib:/home/vd/ros2_ws/install/rtabmap_conversions/lib:/home/vd/ros2_ws/install/rtabmap_msgs/lib:/home/vd/ros2_ws/install/rtabmap/lib:/home/vd/ros2_ws/install/realsense2_camera/lib:/home/vd/ros2_ws/install/realsense2_camera_msgs/lib:/home/vd/ros2_ws/install/omnidirectional_controllers/lib:/home/vd/ros2_ws/install/nanosaur_msgs/lib:/home/vd/ros2_ws/install/isaac_ros_visual_slam_interfaces/lib:/home/vd/ros2_ws/install/dynamixel_sdk_custom_interfaces/lib:/home/vd/ros2_ws/install/dynamixel_sdk/lib:/home/vd/yolobot/install/yolov8_msgs/lib:/usr/lib/x86_64-linux-gnu/gazebo-11/plugins:/opt/ros/humble/opt/rviz_ogre_vendor/lib:/opt/ros/humble/lib/x86_64-linux-gnu:/opt/ros/humble/lib:/usr/local/cuda-12.4/lib64:/home/vd/acados/lib PYTHONPATH=/home/vd/carla-ros-bridge/catkin_ws/install/carla_ros_scenario_runner_types/local/lib/python3.10/dist-packages:/home/vd/carla-ros-bridge/catkin_ws/install/carla_msgs/local/lib/python3.10/dist-packages:${PYTHONPATH} /usr/bin/cmake --install /home/vd/carla-ros-bridge/catkin_ws/build/rviz_carla_plugin
