[0.235s] Invoking command in '/home/vd/carla-ros-bridge/catkin_ws/build/carla_waypoint_types': CMAKE_PREFIX_PATH=/home/vd/carla-ros-bridge/catkin_ws/install/pcl_recorder:/home/vd/carla-ros-bridge/catkin_ws/install/carla_ad_demo:/home/vd/carla-ros-bridge/catkin_ws/install/rviz_carla_plugin:/home/vd/carla-ros-bridge/catkin_ws/install/carla_waypoint_types:/home/vd/carla-ros-bridge/catkin_ws/install/carla_ros_scenario_runner_types:/home/vd/carla-ros-bridge/catkin_ws/install/carla_ackermann_msgs:/home/vd/carla-ros-bridge/catkin_ws/install/carla_msgs:/home/vd/microros_test/install/micro_ros_setup:/home/vd/microros_test/install/micro_ros_agent:/home/vd/microros_test/install/micro_ros_msgs:/home/vd/ros2_ws/install/rtabmap_ros:/home/vd/ros2_ws/install/rtabmap_demos:/home/vd/ros2_ws/install/turtlebot3_gazebo:/home/vd/ros2_ws/install/rtabmap_launch:/home/vd/ros2_ws/install/rtabmap_examples:/home/vd/ros2_ws/install/rtabmap_viz:/home/vd/ros2_ws/install/rtabmap_slam:/home/vd/ros2_ws/install/rtabmap_odom:/home/vd/ros2_ws/install/rtabmap_util:/home/vd/ros2_ws/install/rtabmap_sync:/home/vd/ros2_ws/install/rtabmap_rviz_plugins:/home/vd/ros2_ws/install/rtabmap_conversions:/home/vd/carla-ros-bridge/catkin_ws/install/carla_ackermann_control:/home/vd/carla-ros-bridge/catkin_ws/install/carla_ros_bridge:/home/vd/carla-ros-bridge/catkin_ws/install/mpc_ros:/home/vd/carla-ros-bridge/catkin_ws/install/rqt_carla_control:/home/vd/carla-ros-bridge/catkin_ws/install/carla_waypoint_publisher:/home/vd/carla-ros-bridge/catkin_ws/install/carla_spawn_objects:/home/vd/carla-ros-bridge/catkin_ws/install/carla_manual_control:/home/vd/carla-ros-bridge/catkin_ws/install/carla_ad_agent:/home/vd/carla-ros-bridge/catkin_ws/install/ros_compatibility:/home/vd/carla-ros-bridge/catkin_ws/install/carla_walker_agent:/home/vd/carla-ros-bridge/catkin_ws/install/carla_twist_to_control:/home/vd/carla-ros-bridge/catkin_ws/install/carla_ros_scenario_runner:/home/vd/carla-ros-bridge/catkin_ws/install/carla_common:/home/vd/microros_test/install/ackerman_commando:/home/vd/ros2_ws/install/rtabmap_python:/home/vd/ros2_ws/install/robot_math:/home/vd/ros2_ws/install/my_robot_controller:/home/vd/ros2_ws/install/isaac_ros_test:/home/vd/turtlebot3_ws/install/turtlebot3_teleop:/home/vd/turtlebot3_ws/install/turtlebot3_example:/opt/ros/humble:/home/vd/ros2_ws/install/rtabmap_msgs:/home/vd/ros2_ws/install/rtabmap:/home/vd/ros2_ws/install/realsense2_description:/home/vd/ros2_ws/install/realsense2_camera:/home/vd/ros2_ws/install/realsense2_camera_msgs:/home/vd/ros2_ws/install/point_cloud_perception:/home/vd/ros2_ws/install/omnidirectional_controllers:/home/vd/ros2_ws/install/nvidia_kaya:/home/vd/ros2_ws/install/nodes:/home/vd/ros2_ws/install/navigation_tb3:/home/vd/ros2_ws/install/nanosaur_perception:/home/vd/ros2_ws/install/nanosaur:/home/vd/ros2_ws/install/nanosaur_msgs:/home/vd/ros2_ws/install/nanosaur_description:/home/vd/ros2_ws/install/nanosaur_control:/home/vd/ros2_ws/install/my_package:/home/vd/ros2_ws/install/isaac_ros_visual_slam_interfaces:/home/vd/ros2_ws/install/dynamixel_sdk_examples:/home/vd/ros2_ws/install/dynamixel_sdk_custom_interfaces:/home/vd/ros2_ws/install/dynamixel_sdk:/home/vd/ros2_ws/install/articubot_one:/home/vd/turtlebot3_ws/install/turtlebot3:/home/vd/turtlebot3_ws/install/turtlebot3_bringup:/home/vd/turtlebot3_ws/install/turtlebot3_node:/home/vd/turtlebot3_ws/install/turtlebot3_description:/home/vd/turtlebot3_ws/install/ld08_driver:/home/vd/yolobot/install/yolov8_msgs:/home/vd/yolobot/install/yolobot_recognition:/home/vd/yolobot/install/yolobot_gazebo:/home/vd/yolobot/install/yolobot_description:/home/vd/yolobot/install/yolobot_control /usr/bin/cmake --build /home/vd/carla-ros-bridge/catkin_ws/build/carla_waypoint_types -- -j24 -l24
[0.872s] [ 10%] Built target carla_waypoint_types__rosidl_generator_c
[0.873s] [ 12%] Built target carla_waypoint_types__cpp
[0.873s] [ 12%] Built target ament_cmake_python_symlink_carla_waypoint_types
[0.873s] [ 23%] Built target carla_waypoint_types__rosidl_typesupport_cpp
[0.873s] [ 34%] Built target carla_waypoint_types__rosidl_typesupport_introspection_c
[0.873s] [ 44%] Built target carla_waypoint_types__rosidl_typesupport_introspection_cpp
[0.873s] [ 55%] Built target carla_waypoint_types__rosidl_typesupport_fastrtps_c
[0.873s] [ 65%] Built target carla_waypoint_types__rosidl_typesupport_c
[0.873s] [ 76%] Built target carla_waypoint_types__rosidl_typesupport_fastrtps_cpp
[0.873s] [ 76%] Built target carla_waypoint_types
[0.873s] [ 78%] Built target carla_waypoint_types__py
[0.873s] [ 87%] Built target carla_waypoint_types__rosidl_generator_py
[0.873s] [ 91%] Built target carla_waypoint_types__rosidl_typesupport_fastrtps_c__pyext
[0.873s] [ 95%] Built target carla_waypoint_types__rosidl_typesupport_c__pyext
[0.873s] [100%] Built target carla_waypoint_types__rosidl_typesupport_introspection_c__pyext
[0.873s] running egg_info
[0.873s] writing carla_waypoint_types.egg-info/PKG-INFO
[0.873s] writing dependency_links to carla_waypoint_types.egg-info/dependency_links.txt
[0.873s] writing top-level names to carla_waypoint_types.egg-info/top_level.txt
[0.873s] reading manifest file 'carla_waypoint_types.egg-info/SOURCES.txt'
[0.873s] writing manifest file 'carla_waypoint_types.egg-info/SOURCES.txt'
[0.873s] [100%] Built target ament_cmake_python_build_carla_waypoint_types_egg
[0.875s] Invoked command in '/home/vd/carla-ros-bridge/catkin_ws/build/carla_waypoint_types' returned '0': CMAKE_PREFIX_PATH=/home/vd/carla-ros-bridge/catkin_ws/install/pcl_recorder:/home/vd/carla-ros-bridge/catkin_ws/install/carla_ad_demo:/home/vd/carla-ros-bridge/catkin_ws/install/rviz_carla_plugin:/home/vd/carla-ros-bridge/catkin_ws/install/carla_waypoint_types:/home/vd/carla-ros-bridge/catkin_ws/install/carla_ros_scenario_runner_types:/home/vd/carla-ros-bridge/catkin_ws/install/carla_ackermann_msgs:/home/vd/carla-ros-bridge/catkin_ws/install/carla_msgs:/home/vd/microros_test/install/micro_ros_setup:/home/vd/microros_test/install/micro_ros_agent:/home/vd/microros_test/install/micro_ros_msgs:/home/vd/ros2_ws/install/rtabmap_ros:/home/vd/ros2_ws/install/rtabmap_demos:/home/vd/ros2_ws/install/turtlebot3_gazebo:/home/vd/ros2_ws/install/rtabmap_launch:/home/vd/ros2_ws/install/rtabmap_examples:/home/vd/ros2_ws/install/rtabmap_viz:/home/vd/ros2_ws/install/rtabmap_slam:/home/vd/ros2_ws/install/rtabmap_odom:/home/vd/ros2_ws/install/rtabmap_util:/home/vd/ros2_ws/install/rtabmap_sync:/home/vd/ros2_ws/install/rtabmap_rviz_plugins:/home/vd/ros2_ws/install/rtabmap_conversions:/home/vd/carla-ros-bridge/catkin_ws/install/carla_ackermann_control:/home/vd/carla-ros-bridge/catkin_ws/install/carla_ros_bridge:/home/vd/carla-ros-bridge/catkin_ws/install/mpc_ros:/home/vd/carla-ros-bridge/catkin_ws/install/rqt_carla_control:/home/vd/carla-ros-bridge/catkin_ws/install/carla_waypoint_publisher:/home/vd/carla-ros-bridge/catkin_ws/install/carla_spawn_objects:/home/vd/carla-ros-bridge/catkin_ws/install/carla_manual_control:/home/vd/carla-ros-bridge/catkin_ws/install/carla_ad_agent:/home/vd/carla-ros-bridge/catkin_ws/install/ros_compatibility:/home/vd/carla-ros-bridge/catkin_ws/install/carla_walker_agent:/home/vd/carla-ros-bridge/catkin_ws/install/carla_twist_to_control:/home/vd/carla-ros-bridge/catkin_ws/install/carla_ros_scenario_runner:/home/vd/carla-ros-bridge/catkin_ws/install/carla_common:/home/vd/microros_test/install/ackerman_commando:/home/vd/ros2_ws/install/rtabmap_python:/home/vd/ros2_ws/install/robot_math:/home/vd/ros2_ws/install/my_robot_controller:/home/vd/ros2_ws/install/isaac_ros_test:/home/vd/turtlebot3_ws/install/turtlebot3_teleop:/home/vd/turtlebot3_ws/install/turtlebot3_example:/opt/ros/humble:/home/vd/ros2_ws/install/rtabmap_msgs:/home/vd/ros2_ws/install/rtabmap:/home/vd/ros2_ws/install/realsense2_description:/home/vd/ros2_ws/install/realsense2_camera:/home/vd/ros2_ws/install/realsense2_camera_msgs:/home/vd/ros2_ws/install/point_cloud_perception:/home/vd/ros2_ws/install/omnidirectional_controllers:/home/vd/ros2_ws/install/nvidia_kaya:/home/vd/ros2_ws/install/nodes:/home/vd/ros2_ws/install/navigation_tb3:/home/vd/ros2_ws/install/nanosaur_perception:/home/vd/ros2_ws/install/nanosaur:/home/vd/ros2_ws/install/nanosaur_msgs:/home/vd/ros2_ws/install/nanosaur_description:/home/vd/ros2_ws/install/nanosaur_control:/home/vd/ros2_ws/install/my_package:/home/vd/ros2_ws/install/isaac_ros_visual_slam_interfaces:/home/vd/ros2_ws/install/dynamixel_sdk_examples:/home/vd/ros2_ws/install/dynamixel_sdk_custom_interfaces:/home/vd/ros2_ws/install/dynamixel_sdk:/home/vd/ros2_ws/install/articubot_one:/home/vd/turtlebot3_ws/install/turtlebot3:/home/vd/turtlebot3_ws/install/turtlebot3_bringup:/home/vd/turtlebot3_ws/install/turtlebot3_node:/home/vd/turtlebot3_ws/install/turtlebot3_description:/home/vd/turtlebot3_ws/install/ld08_driver:/home/vd/yolobot/install/yolov8_msgs:/home/vd/yolobot/install/yolobot_recognition:/home/vd/yolobot/install/yolobot_gazebo:/home/vd/yolobot/install/yolobot_description:/home/vd/yolobot/install/yolobot_control /usr/bin/cmake --build /home/vd/carla-ros-bridge/catkin_ws/build/carla_waypoint_types -- -j24 -l24
[0.883s] Invoking command in '/home/vd/carla-ros-bridge/catkin_ws/build/carla_waypoint_types': CMAKE_PREFIX_PATH=/home/vd/carla-ros-bridge/catkin_ws/install/pcl_recorder:/home/vd/carla-ros-bridge/catkin_ws/install/carla_ad_demo:/home/vd/carla-ros-bridge/catkin_ws/install/rviz_carla_plugin:/home/vd/carla-ros-bridge/catkin_ws/install/carla_waypoint_types:/home/vd/carla-ros-bridge/catkin_ws/install/carla_ros_scenario_runner_types:/home/vd/carla-ros-bridge/catkin_ws/install/carla_ackermann_msgs:/home/vd/carla-ros-bridge/catkin_ws/install/carla_msgs:/home/vd/microros_test/install/micro_ros_setup:/home/vd/microros_test/install/micro_ros_agent:/home/vd/microros_test/install/micro_ros_msgs:/home/vd/ros2_ws/install/rtabmap_ros:/home/vd/ros2_ws/install/rtabmap_demos:/home/vd/ros2_ws/install/turtlebot3_gazebo:/home/vd/ros2_ws/install/rtabmap_launch:/home/vd/ros2_ws/install/rtabmap_examples:/home/vd/ros2_ws/install/rtabmap_viz:/home/vd/ros2_ws/install/rtabmap_slam:/home/vd/ros2_ws/install/rtabmap_odom:/home/vd/ros2_ws/install/rtabmap_util:/home/vd/ros2_ws/install/rtabmap_sync:/home/vd/ros2_ws/install/rtabmap_rviz_plugins:/home/vd/ros2_ws/install/rtabmap_conversions:/home/vd/carla-ros-bridge/catkin_ws/install/carla_ackermann_control:/home/vd/carla-ros-bridge/catkin_ws/install/carla_ros_bridge:/home/vd/carla-ros-bridge/catkin_ws/install/mpc_ros:/home/vd/carla-ros-bridge/catkin_ws/install/rqt_carla_control:/home/vd/carla-ros-bridge/catkin_ws/install/carla_waypoint_publisher:/home/vd/carla-ros-bridge/catkin_ws/install/carla_spawn_objects:/home/vd/carla-ros-bridge/catkin_ws/install/carla_manual_control:/home/vd/carla-ros-bridge/catkin_ws/install/carla_ad_agent:/home/vd/carla-ros-bridge/catkin_ws/install/ros_compatibility:/home/vd/carla-ros-bridge/catkin_ws/install/carla_walker_agent:/home/vd/carla-ros-bridge/catkin_ws/install/carla_twist_to_control:/home/vd/carla-ros-bridge/catkin_ws/install/carla_ros_scenario_runner:/home/vd/carla-ros-bridge/catkin_ws/install/carla_common:/home/vd/microros_test/install/ackerman_commando:/home/vd/ros2_ws/install/rtabmap_python:/home/vd/ros2_ws/install/robot_math:/home/vd/ros2_ws/install/my_robot_controller:/home/vd/ros2_ws/install/isaac_ros_test:/home/vd/turtlebot3_ws/install/turtlebot3_teleop:/home/vd/turtlebot3_ws/install/turtlebot3_example:/opt/ros/humble:/home/vd/ros2_ws/install/rtabmap_msgs:/home/vd/ros2_ws/install/rtabmap:/home/vd/ros2_ws/install/realsense2_description:/home/vd/ros2_ws/install/realsense2_camera:/home/vd/ros2_ws/install/realsense2_camera_msgs:/home/vd/ros2_ws/install/point_cloud_perception:/home/vd/ros2_ws/install/omnidirectional_controllers:/home/vd/ros2_ws/install/nvidia_kaya:/home/vd/ros2_ws/install/nodes:/home/vd/ros2_ws/install/navigation_tb3:/home/vd/ros2_ws/install/nanosaur_perception:/home/vd/ros2_ws/install/nanosaur:/home/vd/ros2_ws/install/nanosaur_msgs:/home/vd/ros2_ws/install/nanosaur_description:/home/vd/ros2_ws/install/nanosaur_control:/home/vd/ros2_ws/install/my_package:/home/vd/ros2_ws/install/isaac_ros_visual_slam_interfaces:/home/vd/ros2_ws/install/dynamixel_sdk_examples:/home/vd/ros2_ws/install/dynamixel_sdk_custom_interfaces:/home/vd/ros2_ws/install/dynamixel_sdk:/home/vd/ros2_ws/install/articubot_one:/home/vd/turtlebot3_ws/install/turtlebot3:/home/vd/turtlebot3_ws/install/turtlebot3_bringup:/home/vd/turtlebot3_ws/install/turtlebot3_node:/home/vd/turtlebot3_ws/install/turtlebot3_description:/home/vd/turtlebot3_ws/install/ld08_driver:/home/vd/yolobot/install/yolov8_msgs:/home/vd/yolobot/install/yolobot_recognition:/home/vd/yolobot/install/yolobot_gazebo:/home/vd/yolobot/install/yolobot_description:/home/vd/yolobot/install/yolobot_control /usr/bin/cmake --install /home/vd/carla-ros-bridge/catkin_ws/build/carla_waypoint_types
[1.080s] -- Install configuration: ""
[1.080s] -- Execute custom install script
[1.080s] -- Up-to-date symlink: /home/vd/carla-ros-bridge/catkin_ws/install/carla_waypoint_types/share/ament_index/resource_index/rosidl_interfaces/carla_waypoint_types
[1.080s] -- Up-to-date symlink: /home/vd/carla-ros-bridge/catkin_ws/install/carla_waypoint_types/include/carla_waypoint_types/carla_waypoint_types/msg/carla_waypoint.h
[1.080s] -- Up-to-date symlink: /home/vd/carla-ros-bridge/catkin_ws/install/carla_waypoint_types/include/carla_waypoint_types/carla_waypoint_types/msg/detail/carla_waypoint__functions.h
[1.080s] -- Up-to-date symlink: /home/vd/carla-ros-bridge/catkin_ws/install/carla_waypoint_types/include/carla_waypoint_types/carla_waypoint_types/msg/detail/carla_waypoint__struct.h
[1.080s] -- Up-to-date symlink: /home/vd/carla-ros-bridge/catkin_ws/install/carla_waypoint_types/include/carla_waypoint_types/carla_waypoint_types/msg/detail/carla_waypoint__type_support.h
[1.080s] -- Up-to-date symlink: /home/vd/carla-ros-bridge/catkin_ws/install/carla_waypoint_types/include/carla_waypoint_types/carla_waypoint_types/msg/rosidl_generator_c__visibility_control.h
[1.080s] -- Up-to-date symlink: /home/vd/carla-ros-bridge/catkin_ws/install/carla_waypoint_types/include/carla_waypoint_types/carla_waypoint_types/srv/detail/get_actor_waypoint__functions.h
[1.080s] -- Up-to-date symlink: /home/vd/carla-ros-bridge/catkin_ws/install/carla_waypoint_types/include/carla_waypoint_types/carla_waypoint_types/srv/detail/get_actor_waypoint__struct.h
[1.080s] -- Up-to-date symlink: /home/vd/carla-ros-bridge/catkin_ws/install/carla_waypoint_types/include/carla_waypoint_types/carla_waypoint_types/srv/detail/get_actor_waypoint__type_support.h
[1.080s] -- Up-to-date symlink: /home/vd/carla-ros-bridge/catkin_ws/install/carla_waypoint_types/include/carla_waypoint_types/carla_waypoint_types/srv/detail/get_waypoint__functions.h
[1.080s] -- Up-to-date symlink: /home/vd/carla-ros-bridge/catkin_ws/install/carla_waypoint_types/include/carla_waypoint_types/carla_waypoint_types/srv/detail/get_waypoint__struct.h
[1.081s] -- Up-to-date symlink: /home/vd/carla-ros-bridge/catkin_ws/install/carla_waypoint_types/include/carla_waypoint_types/carla_waypoint_types/srv/detail/get_waypoint__type_support.h
[1.081s] -- Up-to-date symlink: /home/vd/carla-ros-bridge/catkin_ws/install/carla_waypoint_types/include/carla_waypoint_types/carla_waypoint_types/srv/get_actor_waypoint.h
[1.081s] -- Up-to-date symlink: /home/vd/carla-ros-bridge/catkin_ws/install/carla_waypoint_types/include/carla_waypoint_types/carla_waypoint_types/srv/get_waypoint.h
[1.081s] -- Up-to-date symlink: /home/vd/carla-ros-bridge/catkin_ws/install/carla_waypoint_types/share/carla_waypoint_types/environment/library_path.sh
[1.081s] -- Up-to-date symlink: /home/vd/carla-ros-bridge/catkin_ws/install/carla_waypoint_types/share/carla_waypoint_types/environment/library_path.dsv
[1.081s] -- Up-to-date symlink: /home/vd/carla-ros-bridge/catkin_ws/install/carla_waypoint_types/include/carla_waypoint_types/carla_waypoint_types/msg/detail/carla_waypoint__rosidl_typesupport_fastrtps_c.h
[1.081s] -- Up-to-date symlink: /home/vd/carla-ros-bridge/catkin_ws/install/carla_waypoint_types/include/carla_waypoint_types/carla_waypoint_types/msg/rosidl_typesupport_fastrtps_c__visibility_control.h
[1.081s] -- Up-to-date symlink: /home/vd/carla-ros-bridge/catkin_ws/install/carla_waypoint_types/include/carla_waypoint_types/carla_waypoint_types/srv/detail/get_actor_waypoint__rosidl_typesupport_fastrtps_c.h
[1.081s] -- Up-to-date symlink: /home/vd/carla-ros-bridge/catkin_ws/install/carla_waypoint_types/include/carla_waypoint_types/carla_waypoint_types/srv/detail/get_waypoint__rosidl_typesupport_fastrtps_c.h
[1.081s] -- Up-to-date symlink: /home/vd/carla-ros-bridge/catkin_ws/install/carla_waypoint_types/include/carla_waypoint_types/carla_waypoint_types/msg/carla_waypoint.hpp
[1.081s] -- Up-to-date symlink: /home/vd/carla-ros-bridge/catkin_ws/install/carla_waypoint_types/include/carla_waypoint_types/carla_waypoint_types/msg/detail/carla_waypoint__builder.hpp
[1.081s] -- Up-to-date symlink: /home/vd/carla-ros-bridge/catkin_ws/install/carla_waypoint_types/include/carla_waypoint_types/carla_waypoint_types/msg/detail/carla_waypoint__struct.hpp
[1.081s] -- Up-to-date symlink: /home/vd/carla-ros-bridge/catkin_ws/install/carla_waypoint_types/include/carla_waypoint_types/carla_waypoint_types/msg/detail/carla_waypoint__traits.hpp
[1.081s] -- Up-to-date symlink: /home/vd/carla-ros-bridge/catkin_ws/install/carla_waypoint_types/include/carla_waypoint_types/carla_waypoint_types/msg/detail/carla_waypoint__type_support.hpp
[1.081s] -- Up-to-date symlink: /home/vd/carla-ros-bridge/catkin_ws/install/carla_waypoint_types/include/carla_waypoint_types/carla_waypoint_types/msg/rosidl_generator_cpp__visibility_control.hpp
[1.081s] -- Up-to-date symlink: /home/vd/carla-ros-bridge/catkin_ws/install/carla_waypoint_types/include/carla_waypoint_types/carla_waypoint_types/srv/detail/get_actor_waypoint__builder.hpp
[1.081s] -- Up-to-date symlink: /home/vd/carla-ros-bridge/catkin_ws/install/carla_waypoint_types/include/carla_waypoint_types/carla_waypoint_types/srv/detail/get_actor_waypoint__struct.hpp
[1.082s] -- Up-to-date symlink: /home/vd/carla-ros-bridge/catkin_ws/install/carla_waypoint_types/include/carla_waypoint_types/carla_waypoint_types/srv/detail/get_actor_waypoint__traits.hpp
[1.082s] -- Up-to-date symlink: /home/vd/carla-ros-bridge/catkin_ws/install/carla_waypoint_types/include/carla_waypoint_types/carla_waypoint_types/srv/detail/get_actor_waypoint__type_support.hpp
[1.082s] -- Up-to-date symlink: /home/vd/carla-ros-bridge/catkin_ws/install/carla_waypoint_types/include/carla_waypoint_types/carla_waypoint_types/srv/detail/get_waypoint__builder.hpp
[1.082s] -- Up-to-date symlink: /home/vd/carla-ros-bridge/catkin_ws/install/carla_waypoint_types/include/carla_waypoint_types/carla_waypoint_types/srv/detail/get_waypoint__struct.hpp
[1.082s] -- Up-to-date symlink: /home/vd/carla-ros-bridge/catkin_ws/install/carla_waypoint_types/include/carla_waypoint_types/carla_waypoint_types/srv/detail/get_waypoint__traits.hpp
[1.082s] -- Up-to-date symlink: /home/vd/carla-ros-bridge/catkin_ws/install/carla_waypoint_types/include/carla_waypoint_types/carla_waypoint_types/srv/detail/get_waypoint__type_support.hpp
[1.082s] -- Up-to-date symlink: /home/vd/carla-ros-bridge/catkin_ws/install/carla_waypoint_types/include/carla_waypoint_types/carla_waypoint_types/srv/get_actor_waypoint.hpp
[1.082s] -- Up-to-date symlink: /home/vd/carla-ros-bridge/catkin_ws/install/carla_waypoint_types/include/carla_waypoint_types/carla_waypoint_types/srv/get_waypoint.hpp
[1.082s] -- Up-to-date symlink: /home/vd/carla-ros-bridge/catkin_ws/install/carla_waypoint_types/include/carla_waypoint_types/carla_waypoint_types/msg/detail/carla_waypoint__rosidl_typesupport_fastrtps_cpp.hpp
[1.082s] -- Up-to-date symlink: /home/vd/carla-ros-bridge/catkin_ws/install/carla_waypoint_types/include/carla_waypoint_types/carla_waypoint_types/msg/rosidl_typesupport_fastrtps_cpp__visibility_control.h
[1.082s] -- Up-to-date symlink: /home/vd/carla-ros-bridge/catkin_ws/install/carla_waypoint_types/include/carla_waypoint_types/carla_waypoint_types/srv/detail/get_actor_waypoint__rosidl_typesupport_fastrtps_cpp.hpp
[1.082s] -- Up-to-date symlink: /home/vd/carla-ros-bridge/catkin_ws/install/carla_waypoint_types/include/carla_waypoint_types/carla_waypoint_types/srv/detail/get_waypoint__rosidl_typesupport_fastrtps_cpp.hpp
[1.082s] -- Up-to-date symlink: /home/vd/carla-ros-bridge/catkin_ws/install/carla_waypoint_types/include/carla_waypoint_types/carla_waypoint_types/msg/detail/carla_waypoint__rosidl_typesupport_introspection_c.h
[1.082s] -- Up-to-date symlink: /home/vd/carla-ros-bridge/catkin_ws/install/carla_waypoint_types/include/carla_waypoint_types/carla_waypoint_types/msg/rosidl_typesupport_introspection_c__visibility_control.h
[1.082s] -- Up-to-date symlink: /home/vd/carla-ros-bridge/catkin_ws/install/carla_waypoint_types/include/carla_waypoint_types/carla_waypoint_types/srv/detail/get_actor_waypoint__rosidl_typesupport_introspection_c.h
[1.082s] -- Up-to-date symlink: /home/vd/carla-ros-bridge/catkin_ws/install/carla_waypoint_types/include/carla_waypoint_types/carla_waypoint_types/srv/detail/get_waypoint__rosidl_typesupport_introspection_c.h
[1.083s] -- Up-to-date symlink: /home/vd/carla-ros-bridge/catkin_ws/install/carla_waypoint_types/include/carla_waypoint_types/carla_waypoint_types/msg/detail/carla_waypoint__rosidl_typesupport_introspection_cpp.hpp
[1.083s] -- Up-to-date symlink: /home/vd/carla-ros-bridge/catkin_ws/install/carla_waypoint_types/include/carla_waypoint_types/carla_waypoint_types/srv/detail/get_actor_waypoint__rosidl_typesupport_introspection_cpp.hpp
[1.083s] -- Up-to-date symlink: /home/vd/carla-ros-bridge/catkin_ws/install/carla_waypoint_types/include/carla_waypoint_types/carla_waypoint_types/srv/detail/get_waypoint__rosidl_typesupport_introspection_cpp.hpp
[1.083s] -- Up-to-date symlink: /home/vd/carla-ros-bridge/catkin_ws/install/carla_waypoint_types/share/carla_waypoint_types/environment/pythonpath.sh
[1.083s] -- Up-to-date symlink: /home/vd/carla-ros-bridge/catkin_ws/install/carla_waypoint_types/share/carla_waypoint_types/environment/pythonpath.dsv
[1.083s] -- Up-to-date symlink: /home/vd/carla-ros-bridge/catkin_ws/install/carla_waypoint_types/local/lib/python3.10/dist-packages/carla_waypoint_types-0.1.0-py3.10.egg-info/PKG-INFO
[1.083s] -- Up-to-date symlink: /home/vd/carla-ros-bridge/catkin_ws/install/carla_waypoint_types/local/lib/python3.10/dist-packages/carla_waypoint_types-0.1.0-py3.10.egg-info/SOURCES.txt
[1.083s] -- Up-to-date symlink: /home/vd/carla-ros-bridge/catkin_ws/install/carla_waypoint_types/local/lib/python3.10/dist-packages/carla_waypoint_types-0.1.0-py3.10.egg-info/dependency_links.txt
[1.083s] -- Up-to-date symlink: /home/vd/carla-ros-bridge/catkin_ws/install/carla_waypoint_types/local/lib/python3.10/dist-packages/carla_waypoint_types-0.1.0-py3.10.egg-info/top_level.txt
[1.083s] -- Up-to-date symlink: /home/vd/carla-ros-bridge/catkin_ws/install/carla_waypoint_types/local/lib/python3.10/dist-packages/carla_waypoint_types/__init__.py
[1.083s] -- Up-to-date symlink: /home/vd/carla-ros-bridge/catkin_ws/install/carla_waypoint_types/local/lib/python3.10/dist-packages/carla_waypoint_types/_carla_waypoint_types_s.ep.rosidl_typesupport_c.c
[1.083s] -- Up-to-date symlink: /home/vd/carla-ros-bridge/catkin_ws/install/carla_waypoint_types/local/lib/python3.10/dist-packages/carla_waypoint_types/_carla_waypoint_types_s.ep.rosidl_typesupport_fastrtps_c.c
[1.083s] -- Up-to-date symlink: /home/vd/carla-ros-bridge/catkin_ws/install/carla_waypoint_types/local/lib/python3.10/dist-packages/carla_waypoint_types/_carla_waypoint_types_s.ep.rosidl_typesupport_introspection_c.c
[1.083s] -- Up-to-date symlink: /home/vd/carla-ros-bridge/catkin_ws/install/carla_waypoint_types/local/lib/python3.10/dist-packages/carla_waypoint_types/carla_waypoint_types_s__rosidl_typesupport_c.cpython-310-x86_64-linux-gnu.so
[1.083s] -- Up-to-date symlink: /home/vd/carla-ros-bridge/catkin_ws/install/carla_waypoint_types/local/lib/python3.10/dist-packages/carla_waypoint_types/carla_waypoint_types_s__rosidl_typesupport_fastrtps_c.cpython-310-x86_64-linux-gnu.so
[1.083s] -- Up-to-date symlink: /home/vd/carla-ros-bridge/catkin_ws/install/carla_waypoint_types/local/lib/python3.10/dist-packages/carla_waypoint_types/carla_waypoint_types_s__rosidl_typesupport_introspection_c.cpython-310-x86_64-linux-gnu.so
[1.083s] -- Up-to-date symlink: /home/vd/carla-ros-bridge/catkin_ws/install/carla_waypoint_types/local/lib/python3.10/dist-packages/carla_waypoint_types/libcarla_waypoint_types__rosidl_generator_py.so
[1.083s] -- Up-to-date symlink: /home/vd/carla-ros-bridge/catkin_ws/install/carla_waypoint_types/local/lib/python3.10/dist-packages/carla_waypoint_types/msg/__init__.py
[1.083s] -- Up-to-date symlink: /home/vd/carla-ros-bridge/catkin_ws/install/carla_waypoint_types/local/lib/python3.10/dist-packages/carla_waypoint_types/msg/_carla_waypoint.py
[1.083s] -- Up-to-date symlink: /home/vd/carla-ros-bridge/catkin_ws/install/carla_waypoint_types/local/lib/python3.10/dist-packages/carla_waypoint_types/msg/_carla_waypoint_s.c
[1.084s] -- Up-to-date symlink: /home/vd/carla-ros-bridge/catkin_ws/install/carla_waypoint_types/local/lib/python3.10/dist-packages/carla_waypoint_types/srv/__init__.py
[1.084s] -- Up-to-date symlink: /home/vd/carla-ros-bridge/catkin_ws/install/carla_waypoint_types/local/lib/python3.10/dist-packages/carla_waypoint_types/srv/_get_actor_waypoint.py
[1.084s] -- Up-to-date symlink: /home/vd/carla-ros-bridge/catkin_ws/install/carla_waypoint_types/local/lib/python3.10/dist-packages/carla_waypoint_types/srv/_get_actor_waypoint_s.c
[1.084s] -- Up-to-date symlink: /home/vd/carla-ros-bridge/catkin_ws/install/carla_waypoint_types/local/lib/python3.10/dist-packages/carla_waypoint_types/srv/_get_waypoint.py
[1.084s] -- Up-to-date symlink: /home/vd/carla-ros-bridge/catkin_ws/install/carla_waypoint_types/local/lib/python3.10/dist-packages/carla_waypoint_types/srv/_get_waypoint_s.c
[1.084s] -- Up-to-date symlink: /home/vd/carla-ros-bridge/catkin_ws/install/carla_waypoint_types/local/lib/python3.10/dist-packages/carla_waypoint_types/carla_waypoint_types_s__rosidl_typesupport_fastrtps_c.cpython-310-x86_64-linux-gnu.so
[1.084s] -- Up-to-date symlink: /home/vd/carla-ros-bridge/catkin_ws/install/carla_waypoint_types/local/lib/python3.10/dist-packages/carla_waypoint_types/carla_waypoint_types_s__rosidl_typesupport_introspection_c.cpython-310-x86_64-linux-gnu.so
[1.084s] -- Up-to-date symlink: /home/vd/carla-ros-bridge/catkin_ws/install/carla_waypoint_types/local/lib/python3.10/dist-packages/carla_waypoint_types/carla_waypoint_types_s__rosidl_typesupport_c.cpython-310-x86_64-linux-gnu.so
[1.084s] -- Up-to-date symlink: /home/vd/carla-ros-bridge/catkin_ws/install/carla_waypoint_types/share/carla_waypoint_types/msg/CarlaWaypoint.idl
[1.084s] -- Up-to-date symlink: /home/vd/carla-ros-bridge/catkin_ws/install/carla_waypoint_types/share/carla_waypoint_types/srv/GetWaypoint.idl
[1.084s] -- Up-to-date symlink: /home/vd/carla-ros-bridge/catkin_ws/install/carla_waypoint_types/share/carla_waypoint_types/srv/GetActorWaypoint.idl
[1.084s] -- Up-to-date symlink: /home/vd/carla-ros-bridge/catkin_ws/install/carla_waypoint_types/share/carla_waypoint_types/msg/CarlaWaypoint.msg
[1.084s] -- Up-to-date symlink: /home/vd/carla-ros-bridge/catkin_ws/install/carla_waypoint_types/share/carla_waypoint_types/srv/GetWaypoint.srv
[1.084s] -- Up-to-date symlink: /home/vd/carla-ros-bridge/catkin_ws/install/carla_waypoint_types/share/carla_waypoint_types/srv/GetWaypoint_Request.msg
[1.084s] -- Up-to-date symlink: /home/vd/carla-ros-bridge/catkin_ws/install/carla_waypoint_types/share/carla_waypoint_types/srv/GetWaypoint_Response.msg
[1.084s] -- Up-to-date symlink: /home/vd/carla-ros-bridge/catkin_ws/install/carla_waypoint_types/share/carla_waypoint_types/srv/GetActorWaypoint.srv
[1.084s] -- Up-to-date symlink: /home/vd/carla-ros-bridge/catkin_ws/install/carla_waypoint_types/share/carla_waypoint_types/srv/GetActorWaypoint_Request.msg
[1.084s] -- Up-to-date symlink: /home/vd/carla-ros-bridge/catkin_ws/install/carla_waypoint_types/share/carla_waypoint_types/srv/GetActorWaypoint_Response.msg
[1.084s] -- Up-to-date symlink: /home/vd/carla-ros-bridge/catkin_ws/install/carla_waypoint_types/share/ament_index/resource_index/package_run_dependencies/carla_waypoint_types
[1.085s] -- Up-to-date symlink: /home/vd/carla-ros-bridge/catkin_ws/install/carla_waypoint_types/share/ament_index/resource_index/parent_prefix_path/carla_waypoint_types
[1.085s] -- Up-to-date symlink: /home/vd/carla-ros-bridge/catkin_ws/install/carla_waypoint_types/share/carla_waypoint_types/environment/ament_prefix_path.sh
[1.085s] -- Up-to-date symlink: /home/vd/carla-ros-bridge/catkin_ws/install/carla_waypoint_types/share/carla_waypoint_types/environment/ament_prefix_path.dsv
[1.085s] -- Up-to-date symlink: /home/vd/carla-ros-bridge/catkin_ws/install/carla_waypoint_types/share/carla_waypoint_types/environment/path.sh
[1.085s] -- Up-to-date symlink: /home/vd/carla-ros-bridge/catkin_ws/install/carla_waypoint_types/share/carla_waypoint_types/environment/path.dsv
[1.085s] -- Up-to-date symlink: /home/vd/carla-ros-bridge/catkin_ws/install/carla_waypoint_types/share/carla_waypoint_types/local_setup.bash
[1.085s] -- Up-to-date symlink: /home/vd/carla-ros-bridge/catkin_ws/install/carla_waypoint_types/share/carla_waypoint_types/local_setup.sh
[1.085s] -- Up-to-date symlink: /home/vd/carla-ros-bridge/catkin_ws/install/carla_waypoint_types/share/carla_waypoint_types/local_setup.zsh
[1.085s] -- Up-to-date symlink: /home/vd/carla-ros-bridge/catkin_ws/install/carla_waypoint_types/share/carla_waypoint_types/local_setup.dsv
[1.085s] -- Symlinking: /home/vd/carla-ros-bridge/catkin_ws/install/carla_waypoint_types/share/carla_waypoint_types/package.dsv
[1.085s] -- Up-to-date symlink: /home/vd/carla-ros-bridge/catkin_ws/install/carla_waypoint_types/share/ament_index/resource_index/packages/carla_waypoint_types
[1.085s] -- Up-to-date symlink: /home/vd/carla-ros-bridge/catkin_ws/install/carla_waypoint_types/share/carla_waypoint_types/cmake/rosidl_cmake-extras.cmake
[1.085s] -- Up-to-date symlink: /home/vd/carla-ros-bridge/catkin_ws/install/carla_waypoint_types/share/carla_waypoint_types/cmake/ament_cmake_export_dependencies-extras.cmake
[1.085s] -- Up-to-date symlink: /home/vd/carla-ros-bridge/catkin_ws/install/carla_waypoint_types/share/carla_waypoint_types/cmake/ament_cmake_export_include_directories-extras.cmake
[1.085s] -- Up-to-date symlink: /home/vd/carla-ros-bridge/catkin_ws/install/carla_waypoint_types/share/carla_waypoint_types/cmake/ament_cmake_export_libraries-extras.cmake
[1.085s] -- Up-to-date symlink: /home/vd/carla-ros-bridge/catkin_ws/install/carla_waypoint_types/share/carla_waypoint_types/cmake/ament_cmake_export_targets-extras.cmake
[1.085s] -- Up-to-date symlink: /home/vd/carla-ros-bridge/catkin_ws/install/carla_waypoint_types/share/carla_waypoint_types/cmake/rosidl_cmake_export_typesupport_targets-extras.cmake
[1.085s] -- Up-to-date symlink: /home/vd/carla-ros-bridge/catkin_ws/install/carla_waypoint_types/share/carla_waypoint_types/cmake/rosidl_cmake_export_typesupport_libraries-extras.cmake
[1.085s] -- Up-to-date symlink: /home/vd/carla-ros-bridge/catkin_ws/install/carla_waypoint_types/share/carla_waypoint_types/cmake/carla_waypoint_typesConfig.cmake
[1.085s] -- Up-to-date symlink: /home/vd/carla-ros-bridge/catkin_ws/install/carla_waypoint_types/share/carla_waypoint_types/cmake/carla_waypoint_typesConfig-version.cmake
[1.085s] -- Up-to-date symlink: /home/vd/carla-ros-bridge/catkin_ws/install/carla_waypoint_types/share/carla_waypoint_types/package.xml
[1.085s] -- Up-to-date: /home/vd/carla-ros-bridge/catkin_ws/install/carla_waypoint_types/lib/libcarla_waypoint_types__rosidl_generator_c.so
[1.085s] -- Up-to-date: /home/vd/carla-ros-bridge/catkin_ws/install/carla_waypoint_types/lib/libcarla_waypoint_types__rosidl_typesupport_fastrtps_c.so
[1.085s] -- Up-to-date: /home/vd/carla-ros-bridge/catkin_ws/install/carla_waypoint_types/lib/libcarla_waypoint_types__rosidl_typesupport_fastrtps_cpp.so
[1.085s] -- Up-to-date: /home/vd/carla-ros-bridge/catkin_ws/install/carla_waypoint_types/lib/libcarla_waypoint_types__rosidl_typesupport_introspection_c.so
[1.085s] -- Up-to-date: /home/vd/carla-ros-bridge/catkin_ws/install/carla_waypoint_types/lib/libcarla_waypoint_types__rosidl_typesupport_c.so
[1.085s] -- Up-to-date: /home/vd/carla-ros-bridge/catkin_ws/install/carla_waypoint_types/lib/libcarla_waypoint_types__rosidl_typesupport_introspection_cpp.so
[1.085s] -- Up-to-date: /home/vd/carla-ros-bridge/catkin_ws/install/carla_waypoint_types/lib/libcarla_waypoint_types__rosidl_typesupport_cpp.so
[1.114s] Listing '/home/vd/carla-ros-bridge/catkin_ws/install/carla_waypoint_types/local/lib/python3.10/dist-packages/carla_waypoint_types'...
[1.114s] Listing '/home/vd/carla-ros-bridge/catkin_ws/install/carla_waypoint_types/local/lib/python3.10/dist-packages/carla_waypoint_types/msg'...
[1.114s] Listing '/home/vd/carla-ros-bridge/catkin_ws/install/carla_waypoint_types/local/lib/python3.10/dist-packages/carla_waypoint_types/srv'...
[1.117s] -- Up-to-date: /home/vd/carla-ros-bridge/catkin_ws/install/carla_waypoint_types/lib/libcarla_waypoint_types__rosidl_generator_py.so
[1.117s] -- Up-to-date: /home/vd/carla-ros-bridge/catkin_ws/install/carla_waypoint_types/share/carla_waypoint_types/cmake/export_carla_waypoint_types__rosidl_generator_cExport.cmake
[1.117s] -- Up-to-date: /home/vd/carla-ros-bridge/catkin_ws/install/carla_waypoint_types/share/carla_waypoint_types/cmake/export_carla_waypoint_types__rosidl_generator_cExport-noconfig.cmake
[1.117s] -- Up-to-date: /home/vd/carla-ros-bridge/catkin_ws/install/carla_waypoint_types/share/carla_waypoint_types/cmake/export_carla_waypoint_types__rosidl_typesupport_fastrtps_cExport.cmake
[1.117s] -- Up-to-date: /home/vd/carla-ros-bridge/catkin_ws/install/carla_waypoint_types/share/carla_waypoint_types/cmake/export_carla_waypoint_types__rosidl_typesupport_fastrtps_cExport-noconfig.cmake
[1.117s] -- Up-to-date: /home/vd/carla-ros-bridge/catkin_ws/install/carla_waypoint_types/share/carla_waypoint_types/cmake/export_carla_waypoint_types__rosidl_generator_cppExport.cmake
[1.117s] -- Up-to-date: /home/vd/carla-ros-bridge/catkin_ws/install/carla_waypoint_types/share/carla_waypoint_types/cmake/export_carla_waypoint_types__rosidl_typesupport_fastrtps_cppExport.cmake
[1.117s] -- Up-to-date: /home/vd/carla-ros-bridge/catkin_ws/install/carla_waypoint_types/share/carla_waypoint_types/cmake/export_carla_waypoint_types__rosidl_typesupport_fastrtps_cppExport-noconfig.cmake
[1.117s] -- Up-to-date: /home/vd/carla-ros-bridge/catkin_ws/install/carla_waypoint_types/share/carla_waypoint_types/cmake/carla_waypoint_types__rosidl_typesupport_introspection_cExport.cmake
[1.117s] -- Up-to-date: /home/vd/carla-ros-bridge/catkin_ws/install/carla_waypoint_types/share/carla_waypoint_types/cmake/carla_waypoint_types__rosidl_typesupport_introspection_cExport-noconfig.cmake
[1.117s] -- Up-to-date: /home/vd/carla-ros-bridge/catkin_ws/install/carla_waypoint_types/share/carla_waypoint_types/cmake/carla_waypoint_types__rosidl_typesupport_cExport.cmake
[1.117s] -- Up-to-date: /home/vd/carla-ros-bridge/catkin_ws/install/carla_waypoint_types/share/carla_waypoint_types/cmake/carla_waypoint_types__rosidl_typesupport_cExport-noconfig.cmake
[1.117s] -- Up-to-date: /home/vd/carla-ros-bridge/catkin_ws/install/carla_waypoint_types/share/carla_waypoint_types/cmake/carla_waypoint_types__rosidl_typesupport_introspection_cppExport.cmake
[1.117s] -- Up-to-date: /home/vd/carla-ros-bridge/catkin_ws/install/carla_waypoint_types/share/carla_waypoint_types/cmake/carla_waypoint_types__rosidl_typesupport_introspection_cppExport-noconfig.cmake
[1.117s] -- Up-to-date: /home/vd/carla-ros-bridge/catkin_ws/install/carla_waypoint_types/share/carla_waypoint_types/cmake/carla_waypoint_types__rosidl_typesupport_cppExport.cmake
[1.117s] -- Up-to-date: /home/vd/carla-ros-bridge/catkin_ws/install/carla_waypoint_types/share/carla_waypoint_types/cmake/carla_waypoint_types__rosidl_typesupport_cppExport-noconfig.cmake
[1.117s] -- Up-to-date: /home/vd/carla-ros-bridge/catkin_ws/install/carla_waypoint_types/share/carla_waypoint_types/cmake/export_carla_waypoint_types__rosidl_generator_pyExport.cmake
[1.117s] -- Up-to-date: /home/vd/carla-ros-bridge/catkin_ws/install/carla_waypoint_types/share/carla_waypoint_types/cmake/export_carla_waypoint_types__rosidl_generator_pyExport-noconfig.cmake
[1.119s] Invoked command in '/home/vd/carla-ros-bridge/catkin_ws/build/carla_waypoint_types' returned '0': CMAKE_PREFIX_PATH=/home/vd/carla-ros-bridge/catkin_ws/install/pcl_recorder:/home/vd/carla-ros-bridge/catkin_ws/install/carla_ad_demo:/home/vd/carla-ros-bridge/catkin_ws/install/rviz_carla_plugin:/home/vd/carla-ros-bridge/catkin_ws/install/carla_waypoint_types:/home/vd/carla-ros-bridge/catkin_ws/install/carla_ros_scenario_runner_types:/home/vd/carla-ros-bridge/catkin_ws/install/carla_ackermann_msgs:/home/vd/carla-ros-bridge/catkin_ws/install/carla_msgs:/home/vd/microros_test/install/micro_ros_setup:/home/vd/microros_test/install/micro_ros_agent:/home/vd/microros_test/install/micro_ros_msgs:/home/vd/ros2_ws/install/rtabmap_ros:/home/vd/ros2_ws/install/rtabmap_demos:/home/vd/ros2_ws/install/turtlebot3_gazebo:/home/vd/ros2_ws/install/rtabmap_launch:/home/vd/ros2_ws/install/rtabmap_examples:/home/vd/ros2_ws/install/rtabmap_viz:/home/vd/ros2_ws/install/rtabmap_slam:/home/vd/ros2_ws/install/rtabmap_odom:/home/vd/ros2_ws/install/rtabmap_util:/home/vd/ros2_ws/install/rtabmap_sync:/home/vd/ros2_ws/install/rtabmap_rviz_plugins:/home/vd/ros2_ws/install/rtabmap_conversions:/home/vd/carla-ros-bridge/catkin_ws/install/carla_ackermann_control:/home/vd/carla-ros-bridge/catkin_ws/install/carla_ros_bridge:/home/vd/carla-ros-bridge/catkin_ws/install/mpc_ros:/home/vd/carla-ros-bridge/catkin_ws/install/rqt_carla_control:/home/vd/carla-ros-bridge/catkin_ws/install/carla_waypoint_publisher:/home/vd/carla-ros-bridge/catkin_ws/install/carla_spawn_objects:/home/vd/carla-ros-bridge/catkin_ws/install/carla_manual_control:/home/vd/carla-ros-bridge/catkin_ws/install/carla_ad_agent:/home/vd/carla-ros-bridge/catkin_ws/install/ros_compatibility:/home/vd/carla-ros-bridge/catkin_ws/install/carla_walker_agent:/home/vd/carla-ros-bridge/catkin_ws/install/carla_twist_to_control:/home/vd/carla-ros-bridge/catkin_ws/install/carla_ros_scenario_runner:/home/vd/carla-ros-bridge/catkin_ws/install/carla_common:/home/vd/microros_test/install/ackerman_commando:/home/vd/ros2_ws/install/rtabmap_python:/home/vd/ros2_ws/install/robot_math:/home/vd/ros2_ws/install/my_robot_controller:/home/vd/ros2_ws/install/isaac_ros_test:/home/vd/turtlebot3_ws/install/turtlebot3_teleop:/home/vd/turtlebot3_ws/install/turtlebot3_example:/opt/ros/humble:/home/vd/ros2_ws/install/rtabmap_msgs:/home/vd/ros2_ws/install/rtabmap:/home/vd/ros2_ws/install/realsense2_description:/home/vd/ros2_ws/install/realsense2_camera:/home/vd/ros2_ws/install/realsense2_camera_msgs:/home/vd/ros2_ws/install/point_cloud_perception:/home/vd/ros2_ws/install/omnidirectional_controllers:/home/vd/ros2_ws/install/nvidia_kaya:/home/vd/ros2_ws/install/nodes:/home/vd/ros2_ws/install/navigation_tb3:/home/vd/ros2_ws/install/nanosaur_perception:/home/vd/ros2_ws/install/nanosaur:/home/vd/ros2_ws/install/nanosaur_msgs:/home/vd/ros2_ws/install/nanosaur_description:/home/vd/ros2_ws/install/nanosaur_control:/home/vd/ros2_ws/install/my_package:/home/vd/ros2_ws/install/isaac_ros_visual_slam_interfaces:/home/vd/ros2_ws/install/dynamixel_sdk_examples:/home/vd/ros2_ws/install/dynamixel_sdk_custom_interfaces:/home/vd/ros2_ws/install/dynamixel_sdk:/home/vd/ros2_ws/install/articubot_one:/home/vd/turtlebot3_ws/install/turtlebot3:/home/vd/turtlebot3_ws/install/turtlebot3_bringup:/home/vd/turtlebot3_ws/install/turtlebot3_node:/home/vd/turtlebot3_ws/install/turtlebot3_description:/home/vd/turtlebot3_ws/install/ld08_driver:/home/vd/yolobot/install/yolov8_msgs:/home/vd/yolobot/install/yolobot_recognition:/home/vd/yolobot/install/yolobot_gazebo:/home/vd/yolobot/install/yolobot_description:/home/vd/yolobot/install/yolobot_control /usr/bin/cmake --install /home/vd/carla-ros-bridge/catkin_ws/build/carla_waypoint_types
