[0.035s] Invoking command in '/home/vd/carla-ros-bridge/catkin_ws/build/carla_msgs': CMAKE_PREFIX_PATH=/home/vd/carla-ros-bridge/catkin_ws/install/pcl_recorder:/home/vd/carla-ros-bridge/catkin_ws/install/carla_ad_demo:/home/vd/carla-ros-bridge/catkin_ws/install/rviz_carla_plugin:/home/vd/carla-ros-bridge/catkin_ws/install/carla_waypoint_types:/home/vd/carla-ros-bridge/catkin_ws/install/carla_ros_scenario_runner_types:/home/vd/carla-ros-bridge/catkin_ws/install/carla_ackermann_msgs:/home/vd/carla-ros-bridge/catkin_ws/install/carla_msgs:/home/vd/microros_test/install/micro_ros_setup:/home/vd/microros_test/install/micro_ros_agent:/home/vd/microros_test/install/micro_ros_msgs:/home/vd/ros2_ws/install/rtabmap_ros:/home/vd/ros2_ws/install/rtabmap_demos:/home/vd/ros2_ws/install/turtlebot3_gazebo:/home/vd/ros2_ws/install/rtabmap_launch:/home/vd/ros2_ws/install/rtabmap_examples:/home/vd/ros2_ws/install/rtabmap_viz:/home/vd/ros2_ws/install/rtabmap_slam:/home/vd/ros2_ws/install/rtabmap_odom:/home/vd/ros2_ws/install/rtabmap_util:/home/vd/ros2_ws/install/rtabmap_sync:/home/vd/ros2_ws/install/rtabmap_rviz_plugins:/home/vd/ros2_ws/install/rtabmap_conversions:/home/vd/carla-ros-bridge/catkin_ws/install/carla_ackermann_control:/home/vd/carla-ros-bridge/catkin_ws/install/carla_ros_bridge:/home/vd/carla-ros-bridge/catkin_ws/install/mpc_ros:/home/vd/carla-ros-bridge/catkin_ws/install/rqt_carla_control:/home/vd/carla-ros-bridge/catkin_ws/install/carla_waypoint_publisher:/home/vd/carla-ros-bridge/catkin_ws/install/carla_spawn_objects:/home/vd/carla-ros-bridge/catkin_ws/install/carla_manual_control:/home/vd/carla-ros-bridge/catkin_ws/install/carla_ad_agent:/home/vd/carla-ros-bridge/catkin_ws/install/ros_compatibility:/home/vd/carla-ros-bridge/catkin_ws/install/carla_walker_agent:/home/vd/carla-ros-bridge/catkin_ws/install/carla_twist_to_control:/home/vd/carla-ros-bridge/catkin_ws/install/carla_ros_scenario_runner:/home/vd/carla-ros-bridge/catkin_ws/install/carla_common:/home/vd/microros_test/install/ackerman_commando:/home/vd/ros2_ws/install/rtabmap_python:/home/vd/ros2_ws/install/robot_math:/home/vd/ros2_ws/install/my_robot_controller:/home/vd/ros2_ws/install/isaac_ros_test:/home/vd/turtlebot3_ws/install/turtlebot3_teleop:/home/vd/turtlebot3_ws/install/turtlebot3_example:/opt/ros/humble:/home/vd/ros2_ws/install/rtabmap_msgs:/home/vd/ros2_ws/install/rtabmap:/home/vd/ros2_ws/install/realsense2_description:/home/vd/ros2_ws/install/realsense2_camera:/home/vd/ros2_ws/install/realsense2_camera_msgs:/home/vd/ros2_ws/install/point_cloud_perception:/home/vd/ros2_ws/install/omnidirectional_controllers:/home/vd/ros2_ws/install/nvidia_kaya:/home/vd/ros2_ws/install/nodes:/home/vd/ros2_ws/install/navigation_tb3:/home/vd/ros2_ws/install/nanosaur_perception:/home/vd/ros2_ws/install/nanosaur:/home/vd/ros2_ws/install/nanosaur_msgs:/home/vd/ros2_ws/install/nanosaur_description:/home/vd/ros2_ws/install/nanosaur_control:/home/vd/ros2_ws/install/my_package:/home/vd/ros2_ws/install/isaac_ros_visual_slam_interfaces:/home/vd/ros2_ws/install/dynamixel_sdk_examples:/home/vd/ros2_ws/install/dynamixel_sdk_custom_interfaces:/home/vd/ros2_ws/install/dynamixel_sdk:/home/vd/ros2_ws/install/articubot_one:/home/vd/turtlebot3_ws/install/turtlebot3:/home/vd/turtlebot3_ws/install/turtlebot3_bringup:/home/vd/turtlebot3_ws/install/turtlebot3_node:/home/vd/turtlebot3_ws/install/turtlebot3_description:/home/vd/turtlebot3_ws/install/ld08_driver:/home/vd/yolobot/install/yolov8_msgs:/home/vd/yolobot/install/yolobot_recognition:/home/vd/yolobot/install/yolobot_gazebo:/home/vd/yolobot/install/yolobot_description:/home/vd/yolobot/install/yolobot_control /usr/bin/cmake --build /home/vd/carla-ros-bridge/catkin_ws/build/carla_msgs -- -j24 -l24
[0.590s] [  0%] Built target carla_msgs__cpp
[0.590s] [ 12%] Built target carla_msgs__rosidl_generator_c
[0.590s] [ 12%] Built target ament_cmake_python_symlink_carla_msgs
[0.590s] [ 24%] Built target carla_msgs__rosidl_typesupport_c
[0.590s] [ 36%] Built target carla_msgs__rosidl_typesupport_introspection_c
[0.590s] [ 48%] Built target carla_msgs__rosidl_typesupport_fastrtps_cpp
[0.590s] [ 60%] Built target carla_msgs__rosidl_typesupport_fastrtps_c
[0.590s] [ 72%] Built target carla_msgs__rosidl_typesupport_cpp
[0.590s] [ 85%] Built target carla_msgs__rosidl_typesupport_introspection_cpp
[0.591s] [ 85%] Built target carla_msgs
[0.591s] [ 86%] Built target carla_msgs__py
[0.591s] [ 97%] Built target carla_msgs__rosidl_generator_py
[0.591s] [ 98%] Built target carla_msgs__rosidl_typesupport_introspection_c__pyext
[0.591s] [ 99%] Built target carla_msgs__rosidl_typesupport_c__pyext
[0.591s] [100%] Built target carla_msgs__rosidl_typesupport_fastrtps_c__pyext
[0.591s] running egg_info
[0.591s] writing carla_msgs.egg-info/PKG-INFO
[0.591s] writing dependency_links to carla_msgs.egg-info/dependency_links.txt
[0.591s] writing top-level names to carla_msgs.egg-info/top_level.txt
[0.591s] reading manifest file 'carla_msgs.egg-info/SOURCES.txt'
[0.591s] writing manifest file 'carla_msgs.egg-info/SOURCES.txt'
[0.591s] [100%] Built target ament_cmake_python_build_carla_msgs_egg
[0.593s] Invoked command in '/home/vd/carla-ros-bridge/catkin_ws/build/carla_msgs' returned '0': CMAKE_PREFIX_PATH=/home/vd/carla-ros-bridge/catkin_ws/install/pcl_recorder:/home/vd/carla-ros-bridge/catkin_ws/install/carla_ad_demo:/home/vd/carla-ros-bridge/catkin_ws/install/rviz_carla_plugin:/home/vd/carla-ros-bridge/catkin_ws/install/carla_waypoint_types:/home/vd/carla-ros-bridge/catkin_ws/install/carla_ros_scenario_runner_types:/home/vd/carla-ros-bridge/catkin_ws/install/carla_ackermann_msgs:/home/vd/carla-ros-bridge/catkin_ws/install/carla_msgs:/home/vd/microros_test/install/micro_ros_setup:/home/vd/microros_test/install/micro_ros_agent:/home/vd/microros_test/install/micro_ros_msgs:/home/vd/ros2_ws/install/rtabmap_ros:/home/vd/ros2_ws/install/rtabmap_demos:/home/vd/ros2_ws/install/turtlebot3_gazebo:/home/vd/ros2_ws/install/rtabmap_launch:/home/vd/ros2_ws/install/rtabmap_examples:/home/vd/ros2_ws/install/rtabmap_viz:/home/vd/ros2_ws/install/rtabmap_slam:/home/vd/ros2_ws/install/rtabmap_odom:/home/vd/ros2_ws/install/rtabmap_util:/home/vd/ros2_ws/install/rtabmap_sync:/home/vd/ros2_ws/install/rtabmap_rviz_plugins:/home/vd/ros2_ws/install/rtabmap_conversions:/home/vd/carla-ros-bridge/catkin_ws/install/carla_ackermann_control:/home/vd/carla-ros-bridge/catkin_ws/install/carla_ros_bridge:/home/vd/carla-ros-bridge/catkin_ws/install/mpc_ros:/home/vd/carla-ros-bridge/catkin_ws/install/rqt_carla_control:/home/vd/carla-ros-bridge/catkin_ws/install/carla_waypoint_publisher:/home/vd/carla-ros-bridge/catkin_ws/install/carla_spawn_objects:/home/vd/carla-ros-bridge/catkin_ws/install/carla_manual_control:/home/vd/carla-ros-bridge/catkin_ws/install/carla_ad_agent:/home/vd/carla-ros-bridge/catkin_ws/install/ros_compatibility:/home/vd/carla-ros-bridge/catkin_ws/install/carla_walker_agent:/home/vd/carla-ros-bridge/catkin_ws/install/carla_twist_to_control:/home/vd/carla-ros-bridge/catkin_ws/install/carla_ros_scenario_runner:/home/vd/carla-ros-bridge/catkin_ws/install/carla_common:/home/vd/microros_test/install/ackerman_commando:/home/vd/ros2_ws/install/rtabmap_python:/home/vd/ros2_ws/install/robot_math:/home/vd/ros2_ws/install/my_robot_controller:/home/vd/ros2_ws/install/isaac_ros_test:/home/vd/turtlebot3_ws/install/turtlebot3_teleop:/home/vd/turtlebot3_ws/install/turtlebot3_example:/opt/ros/humble:/home/vd/ros2_ws/install/rtabmap_msgs:/home/vd/ros2_ws/install/rtabmap:/home/vd/ros2_ws/install/realsense2_description:/home/vd/ros2_ws/install/realsense2_camera:/home/vd/ros2_ws/install/realsense2_camera_msgs:/home/vd/ros2_ws/install/point_cloud_perception:/home/vd/ros2_ws/install/omnidirectional_controllers:/home/vd/ros2_ws/install/nvidia_kaya:/home/vd/ros2_ws/install/nodes:/home/vd/ros2_ws/install/navigation_tb3:/home/vd/ros2_ws/install/nanosaur_perception:/home/vd/ros2_ws/install/nanosaur:/home/vd/ros2_ws/install/nanosaur_msgs:/home/vd/ros2_ws/install/nanosaur_description:/home/vd/ros2_ws/install/nanosaur_control:/home/vd/ros2_ws/install/my_package:/home/vd/ros2_ws/install/isaac_ros_visual_slam_interfaces:/home/vd/ros2_ws/install/dynamixel_sdk_examples:/home/vd/ros2_ws/install/dynamixel_sdk_custom_interfaces:/home/vd/ros2_ws/install/dynamixel_sdk:/home/vd/ros2_ws/install/articubot_one:/home/vd/turtlebot3_ws/install/turtlebot3:/home/vd/turtlebot3_ws/install/turtlebot3_bringup:/home/vd/turtlebot3_ws/install/turtlebot3_node:/home/vd/turtlebot3_ws/install/turtlebot3_description:/home/vd/turtlebot3_ws/install/ld08_driver:/home/vd/yolobot/install/yolov8_msgs:/home/vd/yolobot/install/yolobot_recognition:/home/vd/yolobot/install/yolobot_gazebo:/home/vd/yolobot/install/yolobot_description:/home/vd/yolobot/install/yolobot_control /usr/bin/cmake --build /home/vd/carla-ros-bridge/catkin_ws/build/carla_msgs -- -j24 -l24
[0.601s] Invoking command in '/home/vd/carla-ros-bridge/catkin_ws/build/carla_msgs': CMAKE_PREFIX_PATH=/home/vd/carla-ros-bridge/catkin_ws/install/pcl_recorder:/home/vd/carla-ros-bridge/catkin_ws/install/carla_ad_demo:/home/vd/carla-ros-bridge/catkin_ws/install/rviz_carla_plugin:/home/vd/carla-ros-bridge/catkin_ws/install/carla_waypoint_types:/home/vd/carla-ros-bridge/catkin_ws/install/carla_ros_scenario_runner_types:/home/vd/carla-ros-bridge/catkin_ws/install/carla_ackermann_msgs:/home/vd/carla-ros-bridge/catkin_ws/install/carla_msgs:/home/vd/microros_test/install/micro_ros_setup:/home/vd/microros_test/install/micro_ros_agent:/home/vd/microros_test/install/micro_ros_msgs:/home/vd/ros2_ws/install/rtabmap_ros:/home/vd/ros2_ws/install/rtabmap_demos:/home/vd/ros2_ws/install/turtlebot3_gazebo:/home/vd/ros2_ws/install/rtabmap_launch:/home/vd/ros2_ws/install/rtabmap_examples:/home/vd/ros2_ws/install/rtabmap_viz:/home/vd/ros2_ws/install/rtabmap_slam:/home/vd/ros2_ws/install/rtabmap_odom:/home/vd/ros2_ws/install/rtabmap_util:/home/vd/ros2_ws/install/rtabmap_sync:/home/vd/ros2_ws/install/rtabmap_rviz_plugins:/home/vd/ros2_ws/install/rtabmap_conversions:/home/vd/carla-ros-bridge/catkin_ws/install/carla_ackermann_control:/home/vd/carla-ros-bridge/catkin_ws/install/carla_ros_bridge:/home/vd/carla-ros-bridge/catkin_ws/install/mpc_ros:/home/vd/carla-ros-bridge/catkin_ws/install/rqt_carla_control:/home/vd/carla-ros-bridge/catkin_ws/install/carla_waypoint_publisher:/home/vd/carla-ros-bridge/catkin_ws/install/carla_spawn_objects:/home/vd/carla-ros-bridge/catkin_ws/install/carla_manual_control:/home/vd/carla-ros-bridge/catkin_ws/install/carla_ad_agent:/home/vd/carla-ros-bridge/catkin_ws/install/ros_compatibility:/home/vd/carla-ros-bridge/catkin_ws/install/carla_walker_agent:/home/vd/carla-ros-bridge/catkin_ws/install/carla_twist_to_control:/home/vd/carla-ros-bridge/catkin_ws/install/carla_ros_scenario_runner:/home/vd/carla-ros-bridge/catkin_ws/install/carla_common:/home/vd/microros_test/install/ackerman_commando:/home/vd/ros2_ws/install/rtabmap_python:/home/vd/ros2_ws/install/robot_math:/home/vd/ros2_ws/install/my_robot_controller:/home/vd/ros2_ws/install/isaac_ros_test:/home/vd/turtlebot3_ws/install/turtlebot3_teleop:/home/vd/turtlebot3_ws/install/turtlebot3_example:/opt/ros/humble:/home/vd/ros2_ws/install/rtabmap_msgs:/home/vd/ros2_ws/install/rtabmap:/home/vd/ros2_ws/install/realsense2_description:/home/vd/ros2_ws/install/realsense2_camera:/home/vd/ros2_ws/install/realsense2_camera_msgs:/home/vd/ros2_ws/install/point_cloud_perception:/home/vd/ros2_ws/install/omnidirectional_controllers:/home/vd/ros2_ws/install/nvidia_kaya:/home/vd/ros2_ws/install/nodes:/home/vd/ros2_ws/install/navigation_tb3:/home/vd/ros2_ws/install/nanosaur_perception:/home/vd/ros2_ws/install/nanosaur:/home/vd/ros2_ws/install/nanosaur_msgs:/home/vd/ros2_ws/install/nanosaur_description:/home/vd/ros2_ws/install/nanosaur_control:/home/vd/ros2_ws/install/my_package:/home/vd/ros2_ws/install/isaac_ros_visual_slam_interfaces:/home/vd/ros2_ws/install/dynamixel_sdk_examples:/home/vd/ros2_ws/install/dynamixel_sdk_custom_interfaces:/home/vd/ros2_ws/install/dynamixel_sdk:/home/vd/ros2_ws/install/articubot_one:/home/vd/turtlebot3_ws/install/turtlebot3:/home/vd/turtlebot3_ws/install/turtlebot3_bringup:/home/vd/turtlebot3_ws/install/turtlebot3_node:/home/vd/turtlebot3_ws/install/turtlebot3_description:/home/vd/turtlebot3_ws/install/ld08_driver:/home/vd/yolobot/install/yolov8_msgs:/home/vd/yolobot/install/yolobot_recognition:/home/vd/yolobot/install/yolobot_gazebo:/home/vd/yolobot/install/yolobot_description:/home/vd/yolobot/install/yolobot_control /usr/bin/cmake --install /home/vd/carla-ros-bridge/catkin_ws/build/carla_msgs
[0.781s] -- Install configuration: ""
[0.781s] -- Execute custom install script
[0.781s] -- Up-to-date symlink: /home/vd/carla-ros-bridge/catkin_ws/install/carla_msgs/share/ament_index/resource_index/rosidl_interfaces/carla_msgs
[0.781s] -- Up-to-date symlink: /home/vd/carla-ros-bridge/catkin_ws/install/carla_msgs/include/carla_msgs/carla_msgs/msg/carla_actor_info.h
[0.781s] -- Up-to-date symlink: /home/vd/carla-ros-bridge/catkin_ws/install/carla_msgs/include/carla_msgs/carla_msgs/msg/carla_actor_list.h
[0.781s] -- Up-to-date symlink: /home/vd/carla-ros-bridge/catkin_ws/install/carla_msgs/include/carla_msgs/carla_msgs/msg/carla_bounding_box.h
[0.781s] -- Up-to-date symlink: /home/vd/carla-ros-bridge/catkin_ws/install/carla_msgs/include/carla_msgs/carla_msgs/msg/carla_collision_event.h
[0.781s] -- Up-to-date symlink: /home/vd/carla-ros-bridge/catkin_ws/install/carla_msgs/include/carla_msgs/carla_msgs/msg/carla_control.h
[0.781s] -- Up-to-date symlink: /home/vd/carla-ros-bridge/catkin_ws/install/carla_msgs/include/carla_msgs/carla_msgs/msg/carla_ego_vehicle_control.h
[0.781s] -- Up-to-date symlink: /home/vd/carla-ros-bridge/catkin_ws/install/carla_msgs/include/carla_msgs/carla_msgs/msg/carla_ego_vehicle_info.h
[0.781s] -- Up-to-date symlink: /home/vd/carla-ros-bridge/catkin_ws/install/carla_msgs/include/carla_msgs/carla_msgs/msg/carla_ego_vehicle_info_wheel.h
[0.781s] -- Up-to-date symlink: /home/vd/carla-ros-bridge/catkin_ws/install/carla_msgs/include/carla_msgs/carla_msgs/msg/carla_ego_vehicle_status.h
[0.781s] -- Up-to-date symlink: /home/vd/carla-ros-bridge/catkin_ws/install/carla_msgs/include/carla_msgs/carla_msgs/msg/carla_lane_invasion_event.h
[0.781s] -- Up-to-date symlink: /home/vd/carla-ros-bridge/catkin_ws/install/carla_msgs/include/carla_msgs/carla_msgs/msg/carla_status.h
[0.781s] -- Up-to-date symlink: /home/vd/carla-ros-bridge/catkin_ws/install/carla_msgs/include/carla_msgs/carla_msgs/msg/carla_traffic_light_info.h
[0.781s] -- Up-to-date symlink: /home/vd/carla-ros-bridge/catkin_ws/install/carla_msgs/include/carla_msgs/carla_msgs/msg/carla_traffic_light_info_list.h
[0.781s] -- Up-to-date symlink: /home/vd/carla-ros-bridge/catkin_ws/install/carla_msgs/include/carla_msgs/carla_msgs/msg/carla_traffic_light_status.h
[0.782s] -- Up-to-date symlink: /home/vd/carla-ros-bridge/catkin_ws/install/carla_msgs/include/carla_msgs/carla_msgs/msg/carla_traffic_light_status_list.h
[0.782s] -- Up-to-date symlink: /home/vd/carla-ros-bridge/catkin_ws/install/carla_msgs/include/carla_msgs/carla_msgs/msg/carla_walker_control.h
[0.782s] -- Up-to-date symlink: /home/vd/carla-ros-bridge/catkin_ws/install/carla_msgs/include/carla_msgs/carla_msgs/msg/carla_weather_parameters.h
[0.782s] -- Up-to-date symlink: /home/vd/carla-ros-bridge/catkin_ws/install/carla_msgs/include/carla_msgs/carla_msgs/msg/carla_world_info.h
[0.782s] -- Up-to-date symlink: /home/vd/carla-ros-bridge/catkin_ws/install/carla_msgs/include/carla_msgs/carla_msgs/msg/detail/carla_actor_info__functions.h
[0.782s] -- Up-to-date symlink: /home/vd/carla-ros-bridge/catkin_ws/install/carla_msgs/include/carla_msgs/carla_msgs/msg/detail/carla_actor_info__struct.h
[0.782s] -- Up-to-date symlink: /home/vd/carla-ros-bridge/catkin_ws/install/carla_msgs/include/carla_msgs/carla_msgs/msg/detail/carla_actor_info__type_support.h
[0.782s] -- Up-to-date symlink: /home/vd/carla-ros-bridge/catkin_ws/install/carla_msgs/include/carla_msgs/carla_msgs/msg/detail/carla_actor_list__functions.h
[0.782s] -- Up-to-date symlink: /home/vd/carla-ros-bridge/catkin_ws/install/carla_msgs/include/carla_msgs/carla_msgs/msg/detail/carla_actor_list__struct.h
[0.782s] -- Up-to-date symlink: /home/vd/carla-ros-bridge/catkin_ws/install/carla_msgs/include/carla_msgs/carla_msgs/msg/detail/carla_actor_list__type_support.h
[0.782s] -- Up-to-date symlink: /home/vd/carla-ros-bridge/catkin_ws/install/carla_msgs/include/carla_msgs/carla_msgs/msg/detail/carla_bounding_box__functions.h
[0.783s] -- Up-to-date symlink: /home/vd/carla-ros-bridge/catkin_ws/install/carla_msgs/include/carla_msgs/carla_msgs/msg/detail/carla_bounding_box__struct.h
[0.783s] -- Up-to-date symlink: /home/vd/carla-ros-bridge/catkin_ws/install/carla_msgs/include/carla_msgs/carla_msgs/msg/detail/carla_bounding_box__type_support.h
[0.783s] -- Up-to-date symlink: /home/vd/carla-ros-bridge/catkin_ws/install/carla_msgs/include/carla_msgs/carla_msgs/msg/detail/carla_collision_event__functions.h
[0.783s] -- Up-to-date symlink: /home/vd/carla-ros-bridge/catkin_ws/install/carla_msgs/include/carla_msgs/carla_msgs/msg/detail/carla_collision_event__struct.h
[0.783s] -- Up-to-date symlink: /home/vd/carla-ros-bridge/catkin_ws/install/carla_msgs/include/carla_msgs/carla_msgs/msg/detail/carla_collision_event__type_support.h
[0.783s] -- Up-to-date symlink: /home/vd/carla-ros-bridge/catkin_ws/install/carla_msgs/include/carla_msgs/carla_msgs/msg/detail/carla_control__functions.h
[0.783s] -- Up-to-date symlink: /home/vd/carla-ros-bridge/catkin_ws/install/carla_msgs/include/carla_msgs/carla_msgs/msg/detail/carla_control__struct.h
[0.783s] -- Up-to-date symlink: /home/vd/carla-ros-bridge/catkin_ws/install/carla_msgs/include/carla_msgs/carla_msgs/msg/detail/carla_control__type_support.h
[0.783s] -- Up-to-date symlink: /home/vd/carla-ros-bridge/catkin_ws/install/carla_msgs/include/carla_msgs/carla_msgs/msg/detail/carla_ego_vehicle_control__functions.h
[0.783s] -- Up-to-date symlink: /home/vd/carla-ros-bridge/catkin_ws/install/carla_msgs/include/carla_msgs/carla_msgs/msg/detail/carla_ego_vehicle_control__struct.h
[0.783s] -- Up-to-date symlink: /home/vd/carla-ros-bridge/catkin_ws/install/carla_msgs/include/carla_msgs/carla_msgs/msg/detail/carla_ego_vehicle_control__type_support.h
[0.783s] -- Up-to-date symlink: /home/vd/carla-ros-bridge/catkin_ws/install/carla_msgs/include/carla_msgs/carla_msgs/msg/detail/carla_ego_vehicle_info__functions.h
[0.783s] -- Up-to-date symlink: /home/vd/carla-ros-bridge/catkin_ws/install/carla_msgs/include/carla_msgs/carla_msgs/msg/detail/carla_ego_vehicle_info__struct.h
[0.783s] -- Up-to-date symlink: /home/vd/carla-ros-bridge/catkin_ws/install/carla_msgs/include/carla_msgs/carla_msgs/msg/detail/carla_ego_vehicle_info__type_support.h
[0.783s] -- Up-to-date symlink: /home/vd/carla-ros-bridge/catkin_ws/install/carla_msgs/include/carla_msgs/carla_msgs/msg/detail/carla_ego_vehicle_info_wheel__functions.h
[0.783s] -- Up-to-date symlink: /home/vd/carla-ros-bridge/catkin_ws/install/carla_msgs/include/carla_msgs/carla_msgs/msg/detail/carla_ego_vehicle_info_wheel__struct.h
[0.783s] -- Up-to-date symlink: /home/vd/carla-ros-bridge/catkin_ws/install/carla_msgs/include/carla_msgs/carla_msgs/msg/detail/carla_ego_vehicle_info_wheel__type_support.h
[0.783s] -- Up-to-date symlink: /home/vd/carla-ros-bridge/catkin_ws/install/carla_msgs/include/carla_msgs/carla_msgs/msg/detail/carla_ego_vehicle_status__functions.h
[0.783s] -- Up-to-date symlink: /home/vd/carla-ros-bridge/catkin_ws/install/carla_msgs/include/carla_msgs/carla_msgs/msg/detail/carla_ego_vehicle_status__struct.h
[0.783s] -- Up-to-date symlink: /home/vd/carla-ros-bridge/catkin_ws/install/carla_msgs/include/carla_msgs/carla_msgs/msg/detail/carla_ego_vehicle_status__type_support.h
[0.783s] -- Up-to-date symlink: /home/vd/carla-ros-bridge/catkin_ws/install/carla_msgs/include/carla_msgs/carla_msgs/msg/detail/carla_lane_invasion_event__functions.h
[0.784s] -- Up-to-date symlink: /home/vd/carla-ros-bridge/catkin_ws/install/carla_msgs/include/carla_msgs/carla_msgs/msg/detail/carla_lane_invasion_event__struct.h
[0.784s] -- Up-to-date symlink: /home/vd/carla-ros-bridge/catkin_ws/install/carla_msgs/include/carla_msgs/carla_msgs/msg/detail/carla_lane_invasion_event__type_support.h
[0.784s] -- Up-to-date symlink: /home/vd/carla-ros-bridge/catkin_ws/install/carla_msgs/include/carla_msgs/carla_msgs/msg/detail/carla_status__functions.h
[0.784s] -- Up-to-date symlink: /home/vd/carla-ros-bridge/catkin_ws/install/carla_msgs/include/carla_msgs/carla_msgs/msg/detail/carla_status__struct.h
[0.784s] -- Up-to-date symlink: /home/vd/carla-ros-bridge/catkin_ws/install/carla_msgs/include/carla_msgs/carla_msgs/msg/detail/carla_status__type_support.h
[0.784s] -- Up-to-date symlink: /home/vd/carla-ros-bridge/catkin_ws/install/carla_msgs/include/carla_msgs/carla_msgs/msg/detail/carla_traffic_light_info__functions.h
[0.784s] -- Up-to-date symlink: /home/vd/carla-ros-bridge/catkin_ws/install/carla_msgs/include/carla_msgs/carla_msgs/msg/detail/carla_traffic_light_info__struct.h
[0.784s] -- Up-to-date symlink: /home/vd/carla-ros-bridge/catkin_ws/install/carla_msgs/include/carla_msgs/carla_msgs/msg/detail/carla_traffic_light_info__type_support.h
[0.784s] -- Up-to-date symlink: /home/vd/carla-ros-bridge/catkin_ws/install/carla_msgs/include/carla_msgs/carla_msgs/msg/detail/carla_traffic_light_info_list__functions.h
[0.784s] -- Up-to-date symlink: /home/vd/carla-ros-bridge/catkin_ws/install/carla_msgs/include/carla_msgs/carla_msgs/msg/detail/carla_traffic_light_info_list__struct.h
[0.784s] -- Up-to-date symlink: /home/vd/carla-ros-bridge/catkin_ws/install/carla_msgs/include/carla_msgs/carla_msgs/msg/detail/carla_traffic_light_info_list__type_support.h
[0.784s] -- Up-to-date symlink: /home/vd/carla-ros-bridge/catkin_ws/install/carla_msgs/include/carla_msgs/carla_msgs/msg/detail/carla_traffic_light_status__functions.h
[0.784s] -- Up-to-date symlink: /home/vd/carla-ros-bridge/catkin_ws/install/carla_msgs/include/carla_msgs/carla_msgs/msg/detail/carla_traffic_light_status__struct.h
[0.784s] -- Up-to-date symlink: /home/vd/carla-ros-bridge/catkin_ws/install/carla_msgs/include/carla_msgs/carla_msgs/msg/detail/carla_traffic_light_status__type_support.h
[0.784s] -- Up-to-date symlink: /home/vd/carla-ros-bridge/catkin_ws/install/carla_msgs/include/carla_msgs/carla_msgs/msg/detail/carla_traffic_light_status_list__functions.h
[0.784s] -- Up-to-date symlink: /home/vd/carla-ros-bridge/catkin_ws/install/carla_msgs/include/carla_msgs/carla_msgs/msg/detail/carla_traffic_light_status_list__struct.h
[0.784s] -- Up-to-date symlink: /home/vd/carla-ros-bridge/catkin_ws/install/carla_msgs/include/carla_msgs/carla_msgs/msg/detail/carla_traffic_light_status_list__type_support.h
[0.784s] -- Up-to-date symlink: /home/vd/carla-ros-bridge/catkin_ws/install/carla_msgs/include/carla_msgs/carla_msgs/msg/detail/carla_walker_control__functions.h
[0.784s] -- Up-to-date symlink: /home/vd/carla-ros-bridge/catkin_ws/install/carla_msgs/include/carla_msgs/carla_msgs/msg/detail/carla_walker_control__struct.h
[0.784s] -- Up-to-date symlink: /home/vd/carla-ros-bridge/catkin_ws/install/carla_msgs/include/carla_msgs/carla_msgs/msg/detail/carla_walker_control__type_support.h
[0.784s] -- Up-to-date symlink: /home/vd/carla-ros-bridge/catkin_ws/install/carla_msgs/include/carla_msgs/carla_msgs/msg/detail/carla_weather_parameters__functions.h
[0.784s] -- Up-to-date symlink: /home/vd/carla-ros-bridge/catkin_ws/install/carla_msgs/include/carla_msgs/carla_msgs/msg/detail/carla_weather_parameters__struct.h
[0.784s] -- Up-to-date symlink: /home/vd/carla-ros-bridge/catkin_ws/install/carla_msgs/include/carla_msgs/carla_msgs/msg/detail/carla_weather_parameters__type_support.h
[0.784s] -- Up-to-date symlink: /home/vd/carla-ros-bridge/catkin_ws/install/carla_msgs/include/carla_msgs/carla_msgs/msg/detail/carla_world_info__functions.h
[0.784s] -- Up-to-date symlink: /home/vd/carla-ros-bridge/catkin_ws/install/carla_msgs/include/carla_msgs/carla_msgs/msg/detail/carla_world_info__struct.h
[0.784s] -- Up-to-date symlink: /home/vd/carla-ros-bridge/catkin_ws/install/carla_msgs/include/carla_msgs/carla_msgs/msg/detail/carla_world_info__type_support.h
[0.784s] -- Up-to-date symlink: /home/vd/carla-ros-bridge/catkin_ws/install/carla_msgs/include/carla_msgs/carla_msgs/msg/rosidl_generator_c__visibility_control.h
[0.784s] -- Up-to-date symlink: /home/vd/carla-ros-bridge/catkin_ws/install/carla_msgs/include/carla_msgs/carla_msgs/srv/destroy_object.h
[0.784s] -- Up-to-date symlink: /home/vd/carla-ros-bridge/catkin_ws/install/carla_msgs/include/carla_msgs/carla_msgs/srv/detail/destroy_object__functions.h
[0.784s] -- Up-to-date symlink: /home/vd/carla-ros-bridge/catkin_ws/install/carla_msgs/include/carla_msgs/carla_msgs/srv/detail/destroy_object__struct.h
[0.784s] -- Up-to-date symlink: /home/vd/carla-ros-bridge/catkin_ws/install/carla_msgs/include/carla_msgs/carla_msgs/srv/detail/destroy_object__type_support.h
[0.784s] -- Up-to-date symlink: /home/vd/carla-ros-bridge/catkin_ws/install/carla_msgs/include/carla_msgs/carla_msgs/srv/detail/get_blueprints__functions.h
[0.784s] -- Up-to-date symlink: /home/vd/carla-ros-bridge/catkin_ws/install/carla_msgs/include/carla_msgs/carla_msgs/srv/detail/get_blueprints__struct.h
[0.784s] -- Up-to-date symlink: /home/vd/carla-ros-bridge/catkin_ws/install/carla_msgs/include/carla_msgs/carla_msgs/srv/detail/get_blueprints__type_support.h
[0.785s] -- Up-to-date symlink: /home/vd/carla-ros-bridge/catkin_ws/install/carla_msgs/include/carla_msgs/carla_msgs/srv/detail/spawn_object__functions.h
[0.785s] -- Up-to-date symlink: /home/vd/carla-ros-bridge/catkin_ws/install/carla_msgs/include/carla_msgs/carla_msgs/srv/detail/spawn_object__struct.h
[0.785s] -- Up-to-date symlink: /home/vd/carla-ros-bridge/catkin_ws/install/carla_msgs/include/carla_msgs/carla_msgs/srv/detail/spawn_object__type_support.h
[0.785s] -- Up-to-date symlink: /home/vd/carla-ros-bridge/catkin_ws/install/carla_msgs/include/carla_msgs/carla_msgs/srv/get_blueprints.h
[0.785s] -- Up-to-date symlink: /home/vd/carla-ros-bridge/catkin_ws/install/carla_msgs/include/carla_msgs/carla_msgs/srv/spawn_object.h
[0.785s] -- Up-to-date symlink: /home/vd/carla-ros-bridge/catkin_ws/install/carla_msgs/share/carla_msgs/environment/library_path.sh
[0.785s] -- Up-to-date symlink: /home/vd/carla-ros-bridge/catkin_ws/install/carla_msgs/share/carla_msgs/environment/library_path.dsv
[0.785s] -- Up-to-date symlink: /home/vd/carla-ros-bridge/catkin_ws/install/carla_msgs/include/carla_msgs/carla_msgs/msg/detail/carla_actor_info__rosidl_typesupport_fastrtps_c.h
[0.785s] -- Up-to-date symlink: /home/vd/carla-ros-bridge/catkin_ws/install/carla_msgs/include/carla_msgs/carla_msgs/msg/detail/carla_actor_list__rosidl_typesupport_fastrtps_c.h
[0.785s] -- Up-to-date symlink: /home/vd/carla-ros-bridge/catkin_ws/install/carla_msgs/include/carla_msgs/carla_msgs/msg/detail/carla_bounding_box__rosidl_typesupport_fastrtps_c.h
[0.785s] -- Up-to-date symlink: /home/vd/carla-ros-bridge/catkin_ws/install/carla_msgs/include/carla_msgs/carla_msgs/msg/detail/carla_collision_event__rosidl_typesupport_fastrtps_c.h
[0.785s] -- Up-to-date symlink: /home/vd/carla-ros-bridge/catkin_ws/install/carla_msgs/include/carla_msgs/carla_msgs/msg/detail/carla_control__rosidl_typesupport_fastrtps_c.h
[0.785s] -- Up-to-date symlink: /home/vd/carla-ros-bridge/catkin_ws/install/carla_msgs/include/carla_msgs/carla_msgs/msg/detail/carla_ego_vehicle_control__rosidl_typesupport_fastrtps_c.h
[0.785s] -- Up-to-date symlink: /home/vd/carla-ros-bridge/catkin_ws/install/carla_msgs/include/carla_msgs/carla_msgs/msg/detail/carla_ego_vehicle_info__rosidl_typesupport_fastrtps_c.h
[0.785s] -- Up-to-date symlink: /home/vd/carla-ros-bridge/catkin_ws/install/carla_msgs/include/carla_msgs/carla_msgs/msg/detail/carla_ego_vehicle_info_wheel__rosidl_typesupport_fastrtps_c.h
[0.785s] -- Up-to-date symlink: /home/vd/carla-ros-bridge/catkin_ws/install/carla_msgs/include/carla_msgs/carla_msgs/msg/detail/carla_ego_vehicle_status__rosidl_typesupport_fastrtps_c.h
[0.785s] -- Up-to-date symlink: /home/vd/carla-ros-bridge/catkin_ws/install/carla_msgs/include/carla_msgs/carla_msgs/msg/detail/carla_lane_invasion_event__rosidl_typesupport_fastrtps_c.h
[0.785s] -- Up-to-date symlink: /home/vd/carla-ros-bridge/catkin_ws/install/carla_msgs/include/carla_msgs/carla_msgs/msg/detail/carla_status__rosidl_typesupport_fastrtps_c.h
[0.785s] -- Up-to-date symlink: /home/vd/carla-ros-bridge/catkin_ws/install/carla_msgs/include/carla_msgs/carla_msgs/msg/detail/carla_traffic_light_info__rosidl_typesupport_fastrtps_c.h
[0.785s] -- Up-to-date symlink: /home/vd/carla-ros-bridge/catkin_ws/install/carla_msgs/include/carla_msgs/carla_msgs/msg/detail/carla_traffic_light_info_list__rosidl_typesupport_fastrtps_c.h
[0.785s] -- Up-to-date symlink: /home/vd/carla-ros-bridge/catkin_ws/install/carla_msgs/include/carla_msgs/carla_msgs/msg/detail/carla_traffic_light_status__rosidl_typesupport_fastrtps_c.h
[0.785s] -- Up-to-date symlink: /home/vd/carla-ros-bridge/catkin_ws/install/carla_msgs/include/carla_msgs/carla_msgs/msg/detail/carla_traffic_light_status_list__rosidl_typesupport_fastrtps_c.h
[0.785s] -- Up-to-date symlink: /home/vd/carla-ros-bridge/catkin_ws/install/carla_msgs/include/carla_msgs/carla_msgs/msg/detail/carla_walker_control__rosidl_typesupport_fastrtps_c.h
[0.785s] -- Up-to-date symlink: /home/vd/carla-ros-bridge/catkin_ws/install/carla_msgs/include/carla_msgs/carla_msgs/msg/detail/carla_weather_parameters__rosidl_typesupport_fastrtps_c.h
[0.785s] -- Up-to-date symlink: /home/vd/carla-ros-bridge/catkin_ws/install/carla_msgs/include/carla_msgs/carla_msgs/msg/detail/carla_world_info__rosidl_typesupport_fastrtps_c.h
[0.785s] -- Up-to-date symlink: /home/vd/carla-ros-bridge/catkin_ws/install/carla_msgs/include/carla_msgs/carla_msgs/msg/rosidl_typesupport_fastrtps_c__visibility_control.h
[0.785s] -- Up-to-date symlink: /home/vd/carla-ros-bridge/catkin_ws/install/carla_msgs/include/carla_msgs/carla_msgs/srv/detail/destroy_object__rosidl_typesupport_fastrtps_c.h
[0.785s] -- Up-to-date symlink: /home/vd/carla-ros-bridge/catkin_ws/install/carla_msgs/include/carla_msgs/carla_msgs/srv/detail/get_blueprints__rosidl_typesupport_fastrtps_c.h
[0.785s] -- Up-to-date symlink: /home/vd/carla-ros-bridge/catkin_ws/install/carla_msgs/include/carla_msgs/carla_msgs/srv/detail/spawn_object__rosidl_typesupport_fastrtps_c.h
[0.785s] -- Up-to-date symlink: /home/vd/carla-ros-bridge/catkin_ws/install/carla_msgs/include/carla_msgs/carla_msgs/msg/carla_actor_info.hpp
[0.785s] -- Up-to-date symlink: /home/vd/carla-ros-bridge/catkin_ws/install/carla_msgs/include/carla_msgs/carla_msgs/msg/carla_actor_list.hpp
[0.785s] -- Up-to-date symlink: /home/vd/carla-ros-bridge/catkin_ws/install/carla_msgs/include/carla_msgs/carla_msgs/msg/carla_bounding_box.hpp
[0.785s] -- Up-to-date symlink: /home/vd/carla-ros-bridge/catkin_ws/install/carla_msgs/include/carla_msgs/carla_msgs/msg/carla_collision_event.hpp
[0.785s] -- Up-to-date symlink: /home/vd/carla-ros-bridge/catkin_ws/install/carla_msgs/include/carla_msgs/carla_msgs/msg/carla_control.hpp
[0.785s] -- Up-to-date symlink: /home/vd/carla-ros-bridge/catkin_ws/install/carla_msgs/include/carla_msgs/carla_msgs/msg/carla_ego_vehicle_control.hpp
[0.785s] -- Up-to-date symlink: /home/vd/carla-ros-bridge/catkin_ws/install/carla_msgs/include/carla_msgs/carla_msgs/msg/carla_ego_vehicle_info.hpp
[0.785s] -- Up-to-date symlink: /home/vd/carla-ros-bridge/catkin_ws/install/carla_msgs/include/carla_msgs/carla_msgs/msg/carla_ego_vehicle_info_wheel.hpp
[0.785s] -- Up-to-date symlink: /home/vd/carla-ros-bridge/catkin_ws/install/carla_msgs/include/carla_msgs/carla_msgs/msg/carla_ego_vehicle_status.hpp
[0.785s] -- Up-to-date symlink: /home/vd/carla-ros-bridge/catkin_ws/install/carla_msgs/include/carla_msgs/carla_msgs/msg/carla_lane_invasion_event.hpp
[0.785s] -- Up-to-date symlink: /home/vd/carla-ros-bridge/catkin_ws/install/carla_msgs/include/carla_msgs/carla_msgs/msg/carla_status.hpp
[0.785s] -- Up-to-date symlink: /home/vd/carla-ros-bridge/catkin_ws/install/carla_msgs/include/carla_msgs/carla_msgs/msg/carla_traffic_light_info.hpp
[0.785s] -- Up-to-date symlink: /home/vd/carla-ros-bridge/catkin_ws/install/carla_msgs/include/carla_msgs/carla_msgs/msg/carla_traffic_light_info_list.hpp
[0.785s] -- Up-to-date symlink: /home/vd/carla-ros-bridge/catkin_ws/install/carla_msgs/include/carla_msgs/carla_msgs/msg/carla_traffic_light_status.hpp
[0.786s] -- Up-to-date symlink: /home/vd/carla-ros-bridge/catkin_ws/install/carla_msgs/include/carla_msgs/carla_msgs/msg/carla_traffic_light_status_list.hpp
[0.786s] -- Up-to-date symlink: /home/vd/carla-ros-bridge/catkin_ws/install/carla_msgs/include/carla_msgs/carla_msgs/msg/carla_walker_control.hpp
[0.786s] -- Up-to-date symlink: /home/vd/carla-ros-bridge/catkin_ws/install/carla_msgs/include/carla_msgs/carla_msgs/msg/carla_weather_parameters.hpp
[0.786s] -- Up-to-date symlink: /home/vd/carla-ros-bridge/catkin_ws/install/carla_msgs/include/carla_msgs/carla_msgs/msg/carla_world_info.hpp
[0.786s] -- Up-to-date symlink: /home/vd/carla-ros-bridge/catkin_ws/install/carla_msgs/include/carla_msgs/carla_msgs/msg/detail/carla_actor_info__builder.hpp
[0.786s] -- Up-to-date symlink: /home/vd/carla-ros-bridge/catkin_ws/install/carla_msgs/include/carla_msgs/carla_msgs/msg/detail/carla_actor_info__struct.hpp
[0.786s] -- Up-to-date symlink: /home/vd/carla-ros-bridge/catkin_ws/install/carla_msgs/include/carla_msgs/carla_msgs/msg/detail/carla_actor_info__traits.hpp
[0.786s] -- Up-to-date symlink: /home/vd/carla-ros-bridge/catkin_ws/install/carla_msgs/include/carla_msgs/carla_msgs/msg/detail/carla_actor_info__type_support.hpp
[0.786s] -- Up-to-date symlink: /home/vd/carla-ros-bridge/catkin_ws/install/carla_msgs/include/carla_msgs/carla_msgs/msg/detail/carla_actor_list__builder.hpp
[0.787s] -- Up-to-date symlink: /home/vd/carla-ros-bridge/catkin_ws/install/carla_msgs/include/carla_msgs/carla_msgs/msg/detail/carla_actor_list__struct.hpp
[0.787s] -- Up-to-date symlink: /home/vd/carla-ros-bridge/catkin_ws/install/carla_msgs/include/carla_msgs/carla_msgs/msg/detail/carla_actor_list__traits.hpp
[0.787s] -- Up-to-date symlink: /home/vd/carla-ros-bridge/catkin_ws/install/carla_msgs/include/carla_msgs/carla_msgs/msg/detail/carla_actor_list__type_support.hpp
[0.787s] -- Up-to-date symlink: /home/vd/carla-ros-bridge/catkin_ws/install/carla_msgs/include/carla_msgs/carla_msgs/msg/detail/carla_bounding_box__builder.hpp
[0.787s] -- Up-to-date symlink: /home/vd/carla-ros-bridge/catkin_ws/install/carla_msgs/include/carla_msgs/carla_msgs/msg/detail/carla_bounding_box__struct.hpp
[0.787s] -- Up-to-date symlink: /home/vd/carla-ros-bridge/catkin_ws/install/carla_msgs/include/carla_msgs/carla_msgs/msg/detail/carla_bounding_box__traits.hpp
[0.787s] -- Up-to-date symlink: /home/vd/carla-ros-bridge/catkin_ws/install/carla_msgs/include/carla_msgs/carla_msgs/msg/detail/carla_bounding_box__type_support.hpp
[0.787s] -- Up-to-date symlink: /home/vd/carla-ros-bridge/catkin_ws/install/carla_msgs/include/carla_msgs/carla_msgs/msg/detail/carla_collision_event__builder.hpp
[0.787s] -- Up-to-date symlink: /home/vd/carla-ros-bridge/catkin_ws/install/carla_msgs/include/carla_msgs/carla_msgs/msg/detail/carla_collision_event__struct.hpp
[0.787s] -- Up-to-date symlink: /home/vd/carla-ros-bridge/catkin_ws/install/carla_msgs/include/carla_msgs/carla_msgs/msg/detail/carla_collision_event__traits.hpp
[0.787s] -- Up-to-date symlink: /home/vd/carla-ros-bridge/catkin_ws/install/carla_msgs/include/carla_msgs/carla_msgs/msg/detail/carla_collision_event__type_support.hpp
[0.787s] -- Up-to-date symlink: /home/vd/carla-ros-bridge/catkin_ws/install/carla_msgs/include/carla_msgs/carla_msgs/msg/detail/carla_control__builder.hpp
[0.787s] -- Up-to-date symlink: /home/vd/carla-ros-bridge/catkin_ws/install/carla_msgs/include/carla_msgs/carla_msgs/msg/detail/carla_control__struct.hpp
[0.787s] -- Up-to-date symlink: /home/vd/carla-ros-bridge/catkin_ws/install/carla_msgs/include/carla_msgs/carla_msgs/msg/detail/carla_control__traits.hpp
[0.787s] -- Up-to-date symlink: /home/vd/carla-ros-bridge/catkin_ws/install/carla_msgs/include/carla_msgs/carla_msgs/msg/detail/carla_control__type_support.hpp
[0.787s] -- Up-to-date symlink: /home/vd/carla-ros-bridge/catkin_ws/install/carla_msgs/include/carla_msgs/carla_msgs/msg/detail/carla_ego_vehicle_control__builder.hpp
[0.787s] -- Up-to-date symlink: /home/vd/carla-ros-bridge/catkin_ws/install/carla_msgs/include/carla_msgs/carla_msgs/msg/detail/carla_ego_vehicle_control__struct.hpp
[0.787s] -- Up-to-date symlink: /home/vd/carla-ros-bridge/catkin_ws/install/carla_msgs/include/carla_msgs/carla_msgs/msg/detail/carla_ego_vehicle_control__traits.hpp
[0.787s] -- Up-to-date symlink: /home/vd/carla-ros-bridge/catkin_ws/install/carla_msgs/include/carla_msgs/carla_msgs/msg/detail/carla_ego_vehicle_control__type_support.hpp
[0.787s] -- Up-to-date symlink: /home/vd/carla-ros-bridge/catkin_ws/install/carla_msgs/include/carla_msgs/carla_msgs/msg/detail/carla_ego_vehicle_info__builder.hpp
[0.787s] -- Up-to-date symlink: /home/vd/carla-ros-bridge/catkin_ws/install/carla_msgs/include/carla_msgs/carla_msgs/msg/detail/carla_ego_vehicle_info__struct.hpp
[0.787s] -- Up-to-date symlink: /home/vd/carla-ros-bridge/catkin_ws/install/carla_msgs/include/carla_msgs/carla_msgs/msg/detail/carla_ego_vehicle_info__traits.hpp
[0.788s] -- Up-to-date symlink: /home/vd/carla-ros-bridge/catkin_ws/install/carla_msgs/include/carla_msgs/carla_msgs/msg/detail/carla_ego_vehicle_info__type_support.hpp
[0.793s] -- Up-to-date symlink: /home/vd/carla-ros-bridge/catkin_ws/install/carla_msgs/include/carla_msgs/carla_msgs/msg/detail/carla_ego_vehicle_info_wheel__builder.hpp
[0.794s] -- Up-to-date symlink: /home/vd/carla-ros-bridge/catkin_ws/install/carla_msgs/include/carla_msgs/carla_msgs/msg/detail/carla_ego_vehicle_info_wheel__struct.hpp
[0.794s] -- Up-to-date symlink: /home/vd/carla-ros-bridge/catkin_ws/install/carla_msgs/include/carla_msgs/carla_msgs/msg/detail/carla_ego_vehicle_info_wheel__traits.hpp
[0.794s] -- Up-to-date symlink: /home/vd/carla-ros-bridge/catkin_ws/install/carla_msgs/include/carla_msgs/carla_msgs/msg/detail/carla_ego_vehicle_info_wheel__type_support.hpp
[0.794s] -- Up-to-date symlink: /home/vd/carla-ros-bridge/catkin_ws/install/carla_msgs/include/carla_msgs/carla_msgs/msg/detail/carla_ego_vehicle_status__builder.hpp
[0.794s] -- Up-to-date symlink: /home/vd/carla-ros-bridge/catkin_ws/install/carla_msgs/include/carla_msgs/carla_msgs/msg/detail/carla_ego_vehicle_status__struct.hpp
[0.794s] -- Up-to-date symlink: /home/vd/carla-ros-bridge/catkin_ws/install/carla_msgs/include/carla_msgs/carla_msgs/msg/detail/carla_ego_vehicle_status__traits.hpp
[0.794s] -- Up-to-date symlink: /home/vd/carla-ros-bridge/catkin_ws/install/carla_msgs/include/carla_msgs/carla_msgs/msg/detail/carla_ego_vehicle_status__type_support.hpp
[0.794s] -- Up-to-date symlink: /home/vd/carla-ros-bridge/catkin_ws/install/carla_msgs/include/carla_msgs/carla_msgs/msg/detail/carla_lane_invasion_event__builder.hpp
[0.794s] -- Up-to-date symlink: /home/vd/carla-ros-bridge/catkin_ws/install/carla_msgs/include/carla_msgs/carla_msgs/msg/detail/carla_lane_invasion_event__struct.hpp
[0.794s] -- Up-to-date symlink: /home/vd/carla-ros-bridge/catkin_ws/install/carla_msgs/include/carla_msgs/carla_msgs/msg/detail/carla_lane_invasion_event__traits.hpp
[0.794s] -- Up-to-date symlink: /home/vd/carla-ros-bridge/catkin_ws/install/carla_msgs/include/carla_msgs/carla_msgs/msg/detail/carla_lane_invasion_event__type_support.hpp
[0.794s] -- Up-to-date symlink: /home/vd/carla-ros-bridge/catkin_ws/install/carla_msgs/include/carla_msgs/carla_msgs/msg/detail/carla_status__builder.hpp
[0.794s] -- Up-to-date symlink: /home/vd/carla-ros-bridge/catkin_ws/install/carla_msgs/include/carla_msgs/carla_msgs/msg/detail/carla_status__struct.hpp
[0.794s] -- Up-to-date symlink: /home/vd/carla-ros-bridge/catkin_ws/install/carla_msgs/include/carla_msgs/carla_msgs/msg/detail/carla_status__traits.hpp
[0.794s] -- Up-to-date symlink: /home/vd/carla-ros-bridge/catkin_ws/install/carla_msgs/include/carla_msgs/carla_msgs/msg/detail/carla_status__type_support.hpp
[0.794s] -- Up-to-date symlink: /home/vd/carla-ros-bridge/catkin_ws/install/carla_msgs/include/carla_msgs/carla_msgs/msg/detail/carla_traffic_light_info__builder.hpp
[0.794s] -- Up-to-date symlink: /home/vd/carla-ros-bridge/catkin_ws/install/carla_msgs/include/carla_msgs/carla_msgs/msg/detail/carla_traffic_light_info__struct.hpp
[0.794s] -- Up-to-date symlink: /home/vd/carla-ros-bridge/catkin_ws/install/carla_msgs/include/carla_msgs/carla_msgs/msg/detail/carla_traffic_light_info__traits.hpp
[0.794s] -- Up-to-date symlink: /home/vd/carla-ros-bridge/catkin_ws/install/carla_msgs/include/carla_msgs/carla_msgs/msg/detail/carla_traffic_light_info__type_support.hpp
[0.794s] -- Up-to-date symlink: /home/vd/carla-ros-bridge/catkin_ws/install/carla_msgs/include/carla_msgs/carla_msgs/msg/detail/carla_traffic_light_info_list__builder.hpp
[0.794s] -- Up-to-date symlink: /home/vd/carla-ros-bridge/catkin_ws/install/carla_msgs/include/carla_msgs/carla_msgs/msg/detail/carla_traffic_light_info_list__struct.hpp
[0.794s] -- Up-to-date symlink: /home/vd/carla-ros-bridge/catkin_ws/install/carla_msgs/include/carla_msgs/carla_msgs/msg/detail/carla_traffic_light_info_list__traits.hpp
[0.794s] -- Up-to-date symlink: /home/vd/carla-ros-bridge/catkin_ws/install/carla_msgs/include/carla_msgs/carla_msgs/msg/detail/carla_traffic_light_info_list__type_support.hpp
[0.794s] -- Up-to-date symlink: /home/vd/carla-ros-bridge/catkin_ws/install/carla_msgs/include/carla_msgs/carla_msgs/msg/detail/carla_traffic_light_status__builder.hpp
[0.794s] -- Up-to-date symlink: /home/vd/carla-ros-bridge/catkin_ws/install/carla_msgs/include/carla_msgs/carla_msgs/msg/detail/carla_traffic_light_status__struct.hpp
[0.794s] -- Up-to-date symlink: /home/vd/carla-ros-bridge/catkin_ws/install/carla_msgs/include/carla_msgs/carla_msgs/msg/detail/carla_traffic_light_status__traits.hpp
[0.794s] -- Up-to-date symlink: /home/vd/carla-ros-bridge/catkin_ws/install/carla_msgs/include/carla_msgs/carla_msgs/msg/detail/carla_traffic_light_status__type_support.hpp
[0.794s] -- Up-to-date symlink: /home/vd/carla-ros-bridge/catkin_ws/install/carla_msgs/include/carla_msgs/carla_msgs/msg/detail/carla_traffic_light_status_list__builder.hpp
[0.794s] -- Up-to-date symlink: /home/vd/carla-ros-bridge/catkin_ws/install/carla_msgs/include/carla_msgs/carla_msgs/msg/detail/carla_traffic_light_status_list__struct.hpp
[0.795s] -- Up-to-date symlink: /home/vd/carla-ros-bridge/catkin_ws/install/carla_msgs/include/carla_msgs/carla_msgs/msg/detail/carla_traffic_light_status_list__traits.hpp
[0.795s] -- Up-to-date symlink: /home/vd/carla-ros-bridge/catkin_ws/install/carla_msgs/include/carla_msgs/carla_msgs/msg/detail/carla_traffic_light_status_list__type_support.hpp
[0.795s] -- Up-to-date symlink: /home/vd/carla-ros-bridge/catkin_ws/install/carla_msgs/include/carla_msgs/carla_msgs/msg/detail/carla_walker_control__builder.hpp
[0.795s] -- Up-to-date symlink: /home/vd/carla-ros-bridge/catkin_ws/install/carla_msgs/include/carla_msgs/carla_msgs/msg/detail/carla_walker_control__struct.hpp
[0.795s] -- Up-to-date symlink: /home/vd/carla-ros-bridge/catkin_ws/install/carla_msgs/include/carla_msgs/carla_msgs/msg/detail/carla_walker_control__traits.hpp
[0.795s] -- Up-to-date symlink: /home/vd/carla-ros-bridge/catkin_ws/install/carla_msgs/include/carla_msgs/carla_msgs/msg/detail/carla_walker_control__type_support.hpp
[0.795s] -- Up-to-date symlink: /home/vd/carla-ros-bridge/catkin_ws/install/carla_msgs/include/carla_msgs/carla_msgs/msg/detail/carla_weather_parameters__builder.hpp
[0.795s] -- Up-to-date symlink: /home/vd/carla-ros-bridge/catkin_ws/install/carla_msgs/include/carla_msgs/carla_msgs/msg/detail/carla_weather_parameters__struct.hpp
[0.795s] -- Up-to-date symlink: /home/vd/carla-ros-bridge/catkin_ws/install/carla_msgs/include/carla_msgs/carla_msgs/msg/detail/carla_weather_parameters__traits.hpp
[0.795s] -- Up-to-date symlink: /home/vd/carla-ros-bridge/catkin_ws/install/carla_msgs/include/carla_msgs/carla_msgs/msg/detail/carla_weather_parameters__type_support.hpp
[0.795s] -- Up-to-date symlink: /home/vd/carla-ros-bridge/catkin_ws/install/carla_msgs/include/carla_msgs/carla_msgs/msg/detail/carla_world_info__builder.hpp
[0.795s] -- Up-to-date symlink: /home/vd/carla-ros-bridge/catkin_ws/install/carla_msgs/include/carla_msgs/carla_msgs/msg/detail/carla_world_info__struct.hpp
[0.795s] -- Up-to-date symlink: /home/vd/carla-ros-bridge/catkin_ws/install/carla_msgs/include/carla_msgs/carla_msgs/msg/detail/carla_world_info__traits.hpp
[0.795s] -- Up-to-date symlink: /home/vd/carla-ros-bridge/catkin_ws/install/carla_msgs/include/carla_msgs/carla_msgs/msg/detail/carla_world_info__type_support.hpp
[0.795s] -- Up-to-date symlink: /home/vd/carla-ros-bridge/catkin_ws/install/carla_msgs/include/carla_msgs/carla_msgs/msg/rosidl_generator_cpp__visibility_control.hpp
[0.795s] -- Up-to-date symlink: /home/vd/carla-ros-bridge/catkin_ws/install/carla_msgs/include/carla_msgs/carla_msgs/srv/destroy_object.hpp
[0.795s] -- Up-to-date symlink: /home/vd/carla-ros-bridge/catkin_ws/install/carla_msgs/include/carla_msgs/carla_msgs/srv/detail/destroy_object__builder.hpp
[0.795s] -- Up-to-date symlink: /home/vd/carla-ros-bridge/catkin_ws/install/carla_msgs/include/carla_msgs/carla_msgs/srv/detail/destroy_object__struct.hpp
[0.795s] -- Up-to-date symlink: /home/vd/carla-ros-bridge/catkin_ws/install/carla_msgs/include/carla_msgs/carla_msgs/srv/detail/destroy_object__traits.hpp
[0.795s] -- Up-to-date symlink: /home/vd/carla-ros-bridge/catkin_ws/install/carla_msgs/include/carla_msgs/carla_msgs/srv/detail/destroy_object__type_support.hpp
[0.795s] -- Up-to-date symlink: /home/vd/carla-ros-bridge/catkin_ws/install/carla_msgs/include/carla_msgs/carla_msgs/srv/detail/get_blueprints__builder.hpp
[0.795s] -- Up-to-date symlink: /home/vd/carla-ros-bridge/catkin_ws/install/carla_msgs/include/carla_msgs/carla_msgs/srv/detail/get_blueprints__struct.hpp
[0.795s] -- Up-to-date symlink: /home/vd/carla-ros-bridge/catkin_ws/install/carla_msgs/include/carla_msgs/carla_msgs/srv/detail/get_blueprints__traits.hpp
[0.795s] -- Up-to-date symlink: /home/vd/carla-ros-bridge/catkin_ws/install/carla_msgs/include/carla_msgs/carla_msgs/srv/detail/get_blueprints__type_support.hpp
[0.795s] -- Up-to-date symlink: /home/vd/carla-ros-bridge/catkin_ws/install/carla_msgs/include/carla_msgs/carla_msgs/srv/detail/spawn_object__builder.hpp
[0.795s] -- Up-to-date symlink: /home/vd/carla-ros-bridge/catkin_ws/install/carla_msgs/include/carla_msgs/carla_msgs/srv/detail/spawn_object__struct.hpp
[0.795s] -- Up-to-date symlink: /home/vd/carla-ros-bridge/catkin_ws/install/carla_msgs/include/carla_msgs/carla_msgs/srv/detail/spawn_object__traits.hpp
[0.795s] -- Up-to-date symlink: /home/vd/carla-ros-bridge/catkin_ws/install/carla_msgs/include/carla_msgs/carla_msgs/srv/detail/spawn_object__type_support.hpp
[0.795s] -- Up-to-date symlink: /home/vd/carla-ros-bridge/catkin_ws/install/carla_msgs/include/carla_msgs/carla_msgs/srv/get_blueprints.hpp
[0.795s] -- Up-to-date symlink: /home/vd/carla-ros-bridge/catkin_ws/install/carla_msgs/include/carla_msgs/carla_msgs/srv/spawn_object.hpp
[0.795s] -- Up-to-date symlink: /home/vd/carla-ros-bridge/catkin_ws/install/carla_msgs/include/carla_msgs/carla_msgs/msg/detail/carla_actor_info__rosidl_typesupport_fastrtps_cpp.hpp
[0.795s] -- Up-to-date symlink: /home/vd/carla-ros-bridge/catkin_ws/install/carla_msgs/include/carla_msgs/carla_msgs/msg/detail/carla_actor_list__rosidl_typesupport_fastrtps_cpp.hpp
[0.795s] -- Up-to-date symlink: /home/vd/carla-ros-bridge/catkin_ws/install/carla_msgs/include/carla_msgs/carla_msgs/msg/detail/carla_bounding_box__rosidl_typesupport_fastrtps_cpp.hpp
[0.796s] -- Up-to-date symlink: /home/vd/carla-ros-bridge/catkin_ws/install/carla_msgs/include/carla_msgs/carla_msgs/msg/detail/carla_collision_event__rosidl_typesupport_fastrtps_cpp.hpp
[0.796s] -- Up-to-date symlink: /home/vd/carla-ros-bridge/catkin_ws/install/carla_msgs/include/carla_msgs/carla_msgs/msg/detail/carla_control__rosidl_typesupport_fastrtps_cpp.hpp
[0.796s] -- Up-to-date symlink: /home/vd/carla-ros-bridge/catkin_ws/install/carla_msgs/include/carla_msgs/carla_msgs/msg/detail/carla_ego_vehicle_control__rosidl_typesupport_fastrtps_cpp.hpp
[0.796s] -- Up-to-date symlink: /home/vd/carla-ros-bridge/catkin_ws/install/carla_msgs/include/carla_msgs/carla_msgs/msg/detail/carla_ego_vehicle_info__rosidl_typesupport_fastrtps_cpp.hpp
[0.796s] -- Up-to-date symlink: /home/vd/carla-ros-bridge/catkin_ws/install/carla_msgs/include/carla_msgs/carla_msgs/msg/detail/carla_ego_vehicle_info_wheel__rosidl_typesupport_fastrtps_cpp.hpp
[0.796s] -- Up-to-date symlink: /home/vd/carla-ros-bridge/catkin_ws/install/carla_msgs/include/carla_msgs/carla_msgs/msg/detail/carla_ego_vehicle_status__rosidl_typesupport_fastrtps_cpp.hpp
[0.796s] -- Up-to-date symlink: /home/vd/carla-ros-bridge/catkin_ws/install/carla_msgs/include/carla_msgs/carla_msgs/msg/detail/carla_lane_invasion_event__rosidl_typesupport_fastrtps_cpp.hpp
[0.796s] -- Up-to-date symlink: /home/vd/carla-ros-bridge/catkin_ws/install/carla_msgs/include/carla_msgs/carla_msgs/msg/detail/carla_status__rosidl_typesupport_fastrtps_cpp.hpp
[0.796s] -- Up-to-date symlink: /home/vd/carla-ros-bridge/catkin_ws/install/carla_msgs/include/carla_msgs/carla_msgs/msg/detail/carla_traffic_light_info__rosidl_typesupport_fastrtps_cpp.hpp
[0.796s] -- Up-to-date symlink: /home/vd/carla-ros-bridge/catkin_ws/install/carla_msgs/include/carla_msgs/carla_msgs/msg/detail/carla_traffic_light_info_list__rosidl_typesupport_fastrtps_cpp.hpp
[0.796s] -- Up-to-date symlink: /home/vd/carla-ros-bridge/catkin_ws/install/carla_msgs/include/carla_msgs/carla_msgs/msg/detail/carla_traffic_light_status__rosidl_typesupport_fastrtps_cpp.hpp
[0.796s] -- Up-to-date symlink: /home/vd/carla-ros-bridge/catkin_ws/install/carla_msgs/include/carla_msgs/carla_msgs/msg/detail/carla_traffic_light_status_list__rosidl_typesupport_fastrtps_cpp.hpp
[0.796s] -- Up-to-date symlink: /home/vd/carla-ros-bridge/catkin_ws/install/carla_msgs/include/carla_msgs/carla_msgs/msg/detail/carla_walker_control__rosidl_typesupport_fastrtps_cpp.hpp
[0.796s] -- Up-to-date symlink: /home/vd/carla-ros-bridge/catkin_ws/install/carla_msgs/include/carla_msgs/carla_msgs/msg/detail/carla_weather_parameters__rosidl_typesupport_fastrtps_cpp.hpp
[0.796s] -- Up-to-date symlink: /home/vd/carla-ros-bridge/catkin_ws/install/carla_msgs/include/carla_msgs/carla_msgs/msg/detail/carla_world_info__rosidl_typesupport_fastrtps_cpp.hpp
[0.796s] -- Up-to-date symlink: /home/vd/carla-ros-bridge/catkin_ws/install/carla_msgs/include/carla_msgs/carla_msgs/msg/rosidl_typesupport_fastrtps_cpp__visibility_control.h
[0.796s] -- Up-to-date symlink: /home/vd/carla-ros-bridge/catkin_ws/install/carla_msgs/include/carla_msgs/carla_msgs/srv/detail/destroy_object__rosidl_typesupport_fastrtps_cpp.hpp
[0.796s] -- Up-to-date symlink: /home/vd/carla-ros-bridge/catkin_ws/install/carla_msgs/include/carla_msgs/carla_msgs/srv/detail/get_blueprints__rosidl_typesupport_fastrtps_cpp.hpp
[0.796s] -- Up-to-date symlink: /home/vd/carla-ros-bridge/catkin_ws/install/carla_msgs/include/carla_msgs/carla_msgs/srv/detail/spawn_object__rosidl_typesupport_fastrtps_cpp.hpp
[0.796s] -- Up-to-date symlink: /home/vd/carla-ros-bridge/catkin_ws/install/carla_msgs/include/carla_msgs/carla_msgs/msg/detail/carla_actor_info__rosidl_typesupport_introspection_c.h
[0.796s] -- Up-to-date symlink: /home/vd/carla-ros-bridge/catkin_ws/install/carla_msgs/include/carla_msgs/carla_msgs/msg/detail/carla_actor_list__rosidl_typesupport_introspection_c.h
[0.796s] -- Up-to-date symlink: /home/vd/carla-ros-bridge/catkin_ws/install/carla_msgs/include/carla_msgs/carla_msgs/msg/detail/carla_bounding_box__rosidl_typesupport_introspection_c.h
[0.796s] -- Up-to-date symlink: /home/vd/carla-ros-bridge/catkin_ws/install/carla_msgs/include/carla_msgs/carla_msgs/msg/detail/carla_collision_event__rosidl_typesupport_introspection_c.h
[0.796s] -- Up-to-date symlink: /home/vd/carla-ros-bridge/catkin_ws/install/carla_msgs/include/carla_msgs/carla_msgs/msg/detail/carla_control__rosidl_typesupport_introspection_c.h
[0.796s] -- Up-to-date symlink: /home/vd/carla-ros-bridge/catkin_ws/install/carla_msgs/include/carla_msgs/carla_msgs/msg/detail/carla_ego_vehicle_control__rosidl_typesupport_introspection_c.h
[0.796s] -- Up-to-date symlink: /home/vd/carla-ros-bridge/catkin_ws/install/carla_msgs/include/carla_msgs/carla_msgs/msg/detail/carla_ego_vehicle_info__rosidl_typesupport_introspection_c.h
[0.796s] -- Up-to-date symlink: /home/vd/carla-ros-bridge/catkin_ws/install/carla_msgs/include/carla_msgs/carla_msgs/msg/detail/carla_ego_vehicle_info_wheel__rosidl_typesupport_introspection_c.h
[0.796s] -- Up-to-date symlink: /home/vd/carla-ros-bridge/catkin_ws/install/carla_msgs/include/carla_msgs/carla_msgs/msg/detail/carla_ego_vehicle_status__rosidl_typesupport_introspection_c.h
[0.796s] -- Up-to-date symlink: /home/vd/carla-ros-bridge/catkin_ws/install/carla_msgs/include/carla_msgs/carla_msgs/msg/detail/carla_lane_invasion_event__rosidl_typesupport_introspection_c.h
[0.796s] -- Up-to-date symlink: /home/vd/carla-ros-bridge/catkin_ws/install/carla_msgs/include/carla_msgs/carla_msgs/msg/detail/carla_status__rosidl_typesupport_introspection_c.h
[0.796s] -- Up-to-date symlink: /home/vd/carla-ros-bridge/catkin_ws/install/carla_msgs/include/carla_msgs/carla_msgs/msg/detail/carla_traffic_light_info__rosidl_typesupport_introspection_c.h
[0.796s] -- Up-to-date symlink: /home/vd/carla-ros-bridge/catkin_ws/install/carla_msgs/include/carla_msgs/carla_msgs/msg/detail/carla_traffic_light_info_list__rosidl_typesupport_introspection_c.h
[0.796s] -- Up-to-date symlink: /home/vd/carla-ros-bridge/catkin_ws/install/carla_msgs/include/carla_msgs/carla_msgs/msg/detail/carla_traffic_light_status__rosidl_typesupport_introspection_c.h
[0.796s] -- Up-to-date symlink: /home/vd/carla-ros-bridge/catkin_ws/install/carla_msgs/include/carla_msgs/carla_msgs/msg/detail/carla_traffic_light_status_list__rosidl_typesupport_introspection_c.h
[0.796s] -- Up-to-date symlink: /home/vd/carla-ros-bridge/catkin_ws/install/carla_msgs/include/carla_msgs/carla_msgs/msg/detail/carla_walker_control__rosidl_typesupport_introspection_c.h
[0.796s] -- Up-to-date symlink: /home/vd/carla-ros-bridge/catkin_ws/install/carla_msgs/include/carla_msgs/carla_msgs/msg/detail/carla_weather_parameters__rosidl_typesupport_introspection_c.h
[0.796s] -- Up-to-date symlink: /home/vd/carla-ros-bridge/catkin_ws/install/carla_msgs/include/carla_msgs/carla_msgs/msg/detail/carla_world_info__rosidl_typesupport_introspection_c.h
[0.796s] -- Up-to-date symlink: /home/vd/carla-ros-bridge/catkin_ws/install/carla_msgs/include/carla_msgs/carla_msgs/msg/rosidl_typesupport_introspection_c__visibility_control.h
[0.796s] -- Up-to-date symlink: /home/vd/carla-ros-bridge/catkin_ws/install/carla_msgs/include/carla_msgs/carla_msgs/srv/detail/destroy_object__rosidl_typesupport_introspection_c.h
[0.797s] -- Up-to-date symlink: /home/vd/carla-ros-bridge/catkin_ws/install/carla_msgs/include/carla_msgs/carla_msgs/srv/detail/get_blueprints__rosidl_typesupport_introspection_c.h
[0.797s] -- Up-to-date symlink: /home/vd/carla-ros-bridge/catkin_ws/install/carla_msgs/include/carla_msgs/carla_msgs/srv/detail/spawn_object__rosidl_typesupport_introspection_c.h
[0.797s] -- Up-to-date symlink: /home/vd/carla-ros-bridge/catkin_ws/install/carla_msgs/include/carla_msgs/carla_msgs/msg/detail/carla_actor_info__rosidl_typesupport_introspection_cpp.hpp
[0.797s] -- Up-to-date symlink: /home/vd/carla-ros-bridge/catkin_ws/install/carla_msgs/include/carla_msgs/carla_msgs/msg/detail/carla_actor_list__rosidl_typesupport_introspection_cpp.hpp
[0.797s] -- Up-to-date symlink: /home/vd/carla-ros-bridge/catkin_ws/install/carla_msgs/include/carla_msgs/carla_msgs/msg/detail/carla_bounding_box__rosidl_typesupport_introspection_cpp.hpp
[0.797s] -- Up-to-date symlink: /home/vd/carla-ros-bridge/catkin_ws/install/carla_msgs/include/carla_msgs/carla_msgs/msg/detail/carla_collision_event__rosidl_typesupport_introspection_cpp.hpp
[0.797s] -- Up-to-date symlink: /home/vd/carla-ros-bridge/catkin_ws/install/carla_msgs/include/carla_msgs/carla_msgs/msg/detail/carla_control__rosidl_typesupport_introspection_cpp.hpp
[0.797s] -- Up-to-date symlink: /home/vd/carla-ros-bridge/catkin_ws/install/carla_msgs/include/carla_msgs/carla_msgs/msg/detail/carla_ego_vehicle_control__rosidl_typesupport_introspection_cpp.hpp
[0.797s] -- Up-to-date symlink: /home/vd/carla-ros-bridge/catkin_ws/install/carla_msgs/include/carla_msgs/carla_msgs/msg/detail/carla_ego_vehicle_info__rosidl_typesupport_introspection_cpp.hpp
[0.797s] -- Up-to-date symlink: /home/vd/carla-ros-bridge/catkin_ws/install/carla_msgs/include/carla_msgs/carla_msgs/msg/detail/carla_ego_vehicle_info_wheel__rosidl_typesupport_introspection_cpp.hpp
[0.797s] -- Up-to-date symlink: /home/vd/carla-ros-bridge/catkin_ws/install/carla_msgs/include/carla_msgs/carla_msgs/msg/detail/carla_ego_vehicle_status__rosidl_typesupport_introspection_cpp.hpp
[0.797s] -- Up-to-date symlink: /home/vd/carla-ros-bridge/catkin_ws/install/carla_msgs/include/carla_msgs/carla_msgs/msg/detail/carla_lane_invasion_event__rosidl_typesupport_introspection_cpp.hpp
[0.797s] -- Up-to-date symlink: /home/vd/carla-ros-bridge/catkin_ws/install/carla_msgs/include/carla_msgs/carla_msgs/msg/detail/carla_status__rosidl_typesupport_introspection_cpp.hpp
[0.797s] -- Up-to-date symlink: /home/vd/carla-ros-bridge/catkin_ws/install/carla_msgs/include/carla_msgs/carla_msgs/msg/detail/carla_traffic_light_info__rosidl_typesupport_introspection_cpp.hpp
[0.797s] -- Up-to-date symlink: /home/vd/carla-ros-bridge/catkin_ws/install/carla_msgs/include/carla_msgs/carla_msgs/msg/detail/carla_traffic_light_info_list__rosidl_typesupport_introspection_cpp.hpp
[0.797s] -- Up-to-date symlink: /home/vd/carla-ros-bridge/catkin_ws/install/carla_msgs/include/carla_msgs/carla_msgs/msg/detail/carla_traffic_light_status__rosidl_typesupport_introspection_cpp.hpp
[0.797s] -- Up-to-date symlink: /home/vd/carla-ros-bridge/catkin_ws/install/carla_msgs/include/carla_msgs/carla_msgs/msg/detail/carla_traffic_light_status_list__rosidl_typesupport_introspection_cpp.hpp
[0.797s] -- Up-to-date symlink: /home/vd/carla-ros-bridge/catkin_ws/install/carla_msgs/include/carla_msgs/carla_msgs/msg/detail/carla_walker_control__rosidl_typesupport_introspection_cpp.hpp
[0.797s] -- Up-to-date symlink: /home/vd/carla-ros-bridge/catkin_ws/install/carla_msgs/include/carla_msgs/carla_msgs/msg/detail/carla_weather_parameters__rosidl_typesupport_introspection_cpp.hpp
[0.798s] -- Up-to-date symlink: /home/vd/carla-ros-bridge/catkin_ws/install/carla_msgs/include/carla_msgs/carla_msgs/msg/detail/carla_world_info__rosidl_typesupport_introspection_cpp.hpp
[0.798s] -- Up-to-date symlink: /home/vd/carla-ros-bridge/catkin_ws/install/carla_msgs/include/carla_msgs/carla_msgs/srv/detail/destroy_object__rosidl_typesupport_introspection_cpp.hpp
[0.798s] -- Up-to-date symlink: /home/vd/carla-ros-bridge/catkin_ws/install/carla_msgs/include/carla_msgs/carla_msgs/srv/detail/get_blueprints__rosidl_typesupport_introspection_cpp.hpp
[0.798s] -- Up-to-date symlink: /home/vd/carla-ros-bridge/catkin_ws/install/carla_msgs/include/carla_msgs/carla_msgs/srv/detail/spawn_object__rosidl_typesupport_introspection_cpp.hpp
[0.798s] -- Up-to-date symlink: /home/vd/carla-ros-bridge/catkin_ws/install/carla_msgs/share/carla_msgs/environment/pythonpath.sh
[0.798s] -- Up-to-date symlink: /home/vd/carla-ros-bridge/catkin_ws/install/carla_msgs/share/carla_msgs/environment/pythonpath.dsv
[0.798s] -- Up-to-date symlink: /home/vd/carla-ros-bridge/catkin_ws/install/carla_msgs/local/lib/python3.10/dist-packages/carla_msgs-1.3.0-py3.10.egg-info/PKG-INFO
[0.798s] -- Up-to-date symlink: /home/vd/carla-ros-bridge/catkin_ws/install/carla_msgs/local/lib/python3.10/dist-packages/carla_msgs-1.3.0-py3.10.egg-info/SOURCES.txt
[0.798s] -- Up-to-date symlink: /home/vd/carla-ros-bridge/catkin_ws/install/carla_msgs/local/lib/python3.10/dist-packages/carla_msgs-1.3.0-py3.10.egg-info/dependency_links.txt
[0.798s] -- Up-to-date symlink: /home/vd/carla-ros-bridge/catkin_ws/install/carla_msgs/local/lib/python3.10/dist-packages/carla_msgs-1.3.0-py3.10.egg-info/top_level.txt
[0.798s] -- Up-to-date symlink: /home/vd/carla-ros-bridge/catkin_ws/install/carla_msgs/local/lib/python3.10/dist-packages/carla_msgs/__init__.py
[0.798s] -- Up-to-date symlink: /home/vd/carla-ros-bridge/catkin_ws/install/carla_msgs/local/lib/python3.10/dist-packages/carla_msgs/_carla_msgs_s.ep.rosidl_typesupport_c.c
[0.798s] -- Up-to-date symlink: /home/vd/carla-ros-bridge/catkin_ws/install/carla_msgs/local/lib/python3.10/dist-packages/carla_msgs/_carla_msgs_s.ep.rosidl_typesupport_fastrtps_c.c
[0.799s] -- Up-to-date symlink: /home/vd/carla-ros-bridge/catkin_ws/install/carla_msgs/local/lib/python3.10/dist-packages/carla_msgs/_carla_msgs_s.ep.rosidl_typesupport_introspection_c.c
[0.799s] -- Up-to-date symlink: /home/vd/carla-ros-bridge/catkin_ws/install/carla_msgs/local/lib/python3.10/dist-packages/carla_msgs/carla_msgs_s__rosidl_typesupport_c.cpython-310-x86_64-linux-gnu.so
[0.799s] -- Up-to-date symlink: /home/vd/carla-ros-bridge/catkin_ws/install/carla_msgs/local/lib/python3.10/dist-packages/carla_msgs/carla_msgs_s__rosidl_typesupport_fastrtps_c.cpython-310-x86_64-linux-gnu.so
[0.799s] -- Up-to-date symlink: /home/vd/carla-ros-bridge/catkin_ws/install/carla_msgs/local/lib/python3.10/dist-packages/carla_msgs/carla_msgs_s__rosidl_typesupport_introspection_c.cpython-310-x86_64-linux-gnu.so
[0.799s] -- Up-to-date symlink: /home/vd/carla-ros-bridge/catkin_ws/install/carla_msgs/local/lib/python3.10/dist-packages/carla_msgs/libcarla_msgs__rosidl_generator_py.so
[0.799s] -- Up-to-date symlink: /home/vd/carla-ros-bridge/catkin_ws/install/carla_msgs/local/lib/python3.10/dist-packages/carla_msgs/msg/__init__.py
[0.799s] -- Up-to-date symlink: /home/vd/carla-ros-bridge/catkin_ws/install/carla_msgs/local/lib/python3.10/dist-packages/carla_msgs/msg/_carla_actor_info.py
[0.799s] -- Up-to-date symlink: /home/vd/carla-ros-bridge/catkin_ws/install/carla_msgs/local/lib/python3.10/dist-packages/carla_msgs/msg/_carla_actor_info_s.c
[0.799s] -- Up-to-date symlink: /home/vd/carla-ros-bridge/catkin_ws/install/carla_msgs/local/lib/python3.10/dist-packages/carla_msgs/msg/_carla_actor_list.py
[0.799s] -- Up-to-date symlink: /home/vd/carla-ros-bridge/catkin_ws/install/carla_msgs/local/lib/python3.10/dist-packages/carla_msgs/msg/_carla_actor_list_s.c
[0.799s] -- Up-to-date symlink: /home/vd/carla-ros-bridge/catkin_ws/install/carla_msgs/local/lib/python3.10/dist-packages/carla_msgs/msg/_carla_bounding_box.py
[0.799s] -- Up-to-date symlink: /home/vd/carla-ros-bridge/catkin_ws/install/carla_msgs/local/lib/python3.10/dist-packages/carla_msgs/msg/_carla_bounding_box_s.c
[0.799s] -- Up-to-date symlink: /home/vd/carla-ros-bridge/catkin_ws/install/carla_msgs/local/lib/python3.10/dist-packages/carla_msgs/msg/_carla_collision_event.py
[0.799s] -- Up-to-date symlink: /home/vd/carla-ros-bridge/catkin_ws/install/carla_msgs/local/lib/python3.10/dist-packages/carla_msgs/msg/_carla_collision_event_s.c
[0.799s] -- Up-to-date symlink: /home/vd/carla-ros-bridge/catkin_ws/install/carla_msgs/local/lib/python3.10/dist-packages/carla_msgs/msg/_carla_control.py
[0.799s] -- Up-to-date symlink: /home/vd/carla-ros-bridge/catkin_ws/install/carla_msgs/local/lib/python3.10/dist-packages/carla_msgs/msg/_carla_control_s.c
[0.799s] -- Up-to-date symlink: /home/vd/carla-ros-bridge/catkin_ws/install/carla_msgs/local/lib/python3.10/dist-packages/carla_msgs/msg/_carla_ego_vehicle_control.py
[0.799s] -- Up-to-date symlink: /home/vd/carla-ros-bridge/catkin_ws/install/carla_msgs/local/lib/python3.10/dist-packages/carla_msgs/msg/_carla_ego_vehicle_control_s.c
[0.800s] -- Up-to-date symlink: /home/vd/carla-ros-bridge/catkin_ws/install/carla_msgs/local/lib/python3.10/dist-packages/carla_msgs/msg/_carla_ego_vehicle_info.py
[0.800s] -- Up-to-date symlink: /home/vd/carla-ros-bridge/catkin_ws/install/carla_msgs/local/lib/python3.10/dist-packages/carla_msgs/msg/_carla_ego_vehicle_info_s.c
[0.800s] -- Up-to-date symlink: /home/vd/carla-ros-bridge/catkin_ws/install/carla_msgs/local/lib/python3.10/dist-packages/carla_msgs/msg/_carla_ego_vehicle_info_wheel.py
[0.800s] -- Up-to-date symlink: /home/vd/carla-ros-bridge/catkin_ws/install/carla_msgs/local/lib/python3.10/dist-packages/carla_msgs/msg/_carla_ego_vehicle_info_wheel_s.c
[0.800s] -- Up-to-date symlink: /home/vd/carla-ros-bridge/catkin_ws/install/carla_msgs/local/lib/python3.10/dist-packages/carla_msgs/msg/_carla_ego_vehicle_status.py
[0.800s] -- Up-to-date symlink: /home/vd/carla-ros-bridge/catkin_ws/install/carla_msgs/local/lib/python3.10/dist-packages/carla_msgs/msg/_carla_ego_vehicle_status_s.c
[0.800s] -- Up-to-date symlink: /home/vd/carla-ros-bridge/catkin_ws/install/carla_msgs/local/lib/python3.10/dist-packages/carla_msgs/msg/_carla_lane_invasion_event.py
[0.800s] -- Up-to-date symlink: /home/vd/carla-ros-bridge/catkin_ws/install/carla_msgs/local/lib/python3.10/dist-packages/carla_msgs/msg/_carla_lane_invasion_event_s.c
[0.800s] -- Up-to-date symlink: /home/vd/carla-ros-bridge/catkin_ws/install/carla_msgs/local/lib/python3.10/dist-packages/carla_msgs/msg/_carla_status.py
[0.800s] -- Up-to-date symlink: /home/vd/carla-ros-bridge/catkin_ws/install/carla_msgs/local/lib/python3.10/dist-packages/carla_msgs/msg/_carla_status_s.c
[0.800s] -- Up-to-date symlink: /home/vd/carla-ros-bridge/catkin_ws/install/carla_msgs/local/lib/python3.10/dist-packages/carla_msgs/msg/_carla_traffic_light_info.py
[0.800s] -- Up-to-date symlink: /home/vd/carla-ros-bridge/catkin_ws/install/carla_msgs/local/lib/python3.10/dist-packages/carla_msgs/msg/_carla_traffic_light_info_list.py
[0.800s] -- Up-to-date symlink: /home/vd/carla-ros-bridge/catkin_ws/install/carla_msgs/local/lib/python3.10/dist-packages/carla_msgs/msg/_carla_traffic_light_info_list_s.c
[0.800s] -- Up-to-date symlink: /home/vd/carla-ros-bridge/catkin_ws/install/carla_msgs/local/lib/python3.10/dist-packages/carla_msgs/msg/_carla_traffic_light_info_s.c
[0.801s] -- Up-to-date symlink: /home/vd/carla-ros-bridge/catkin_ws/install/carla_msgs/local/lib/python3.10/dist-packages/carla_msgs/msg/_carla_traffic_light_status.py
[0.801s] -- Up-to-date symlink: /home/vd/carla-ros-bridge/catkin_ws/install/carla_msgs/local/lib/python3.10/dist-packages/carla_msgs/msg/_carla_traffic_light_status_list.py
[0.801s] -- Up-to-date symlink: /home/vd/carla-ros-bridge/catkin_ws/install/carla_msgs/local/lib/python3.10/dist-packages/carla_msgs/msg/_carla_traffic_light_status_list_s.c
[0.801s] -- Up-to-date symlink: /home/vd/carla-ros-bridge/catkin_ws/install/carla_msgs/local/lib/python3.10/dist-packages/carla_msgs/msg/_carla_traffic_light_status_s.c
[0.801s] -- Up-to-date symlink: /home/vd/carla-ros-bridge/catkin_ws/install/carla_msgs/local/lib/python3.10/dist-packages/carla_msgs/msg/_carla_walker_control.py
[0.801s] -- Up-to-date symlink: /home/vd/carla-ros-bridge/catkin_ws/install/carla_msgs/local/lib/python3.10/dist-packages/carla_msgs/msg/_carla_walker_control_s.c
[0.801s] -- Up-to-date symlink: /home/vd/carla-ros-bridge/catkin_ws/install/carla_msgs/local/lib/python3.10/dist-packages/carla_msgs/msg/_carla_weather_parameters.py
[0.801s] -- Up-to-date symlink: /home/vd/carla-ros-bridge/catkin_ws/install/carla_msgs/local/lib/python3.10/dist-packages/carla_msgs/msg/_carla_weather_parameters_s.c
[0.801s] -- Up-to-date symlink: /home/vd/carla-ros-bridge/catkin_ws/install/carla_msgs/local/lib/python3.10/dist-packages/carla_msgs/msg/_carla_world_info.py
[0.801s] -- Up-to-date symlink: /home/vd/carla-ros-bridge/catkin_ws/install/carla_msgs/local/lib/python3.10/dist-packages/carla_msgs/msg/_carla_world_info_s.c
[0.801s] -- Up-to-date symlink: /home/vd/carla-ros-bridge/catkin_ws/install/carla_msgs/local/lib/python3.10/dist-packages/carla_msgs/srv/__init__.py
[0.801s] -- Up-to-date symlink: /home/vd/carla-ros-bridge/catkin_ws/install/carla_msgs/local/lib/python3.10/dist-packages/carla_msgs/srv/_destroy_object.py
[0.801s] -- Up-to-date symlink: /home/vd/carla-ros-bridge/catkin_ws/install/carla_msgs/local/lib/python3.10/dist-packages/carla_msgs/srv/_destroy_object_s.c
[0.801s] -- Up-to-date symlink: /home/vd/carla-ros-bridge/catkin_ws/install/carla_msgs/local/lib/python3.10/dist-packages/carla_msgs/srv/_get_blueprints.py
[0.801s] -- Up-to-date symlink: /home/vd/carla-ros-bridge/catkin_ws/install/carla_msgs/local/lib/python3.10/dist-packages/carla_msgs/srv/_get_blueprints_s.c
[0.801s] -- Up-to-date symlink: /home/vd/carla-ros-bridge/catkin_ws/install/carla_msgs/local/lib/python3.10/dist-packages/carla_msgs/srv/_spawn_object.py
[0.801s] -- Up-to-date symlink: /home/vd/carla-ros-bridge/catkin_ws/install/carla_msgs/local/lib/python3.10/dist-packages/carla_msgs/srv/_spawn_object_s.c
[0.802s] -- Up-to-date symlink: /home/vd/carla-ros-bridge/catkin_ws/install/carla_msgs/local/lib/python3.10/dist-packages/carla_msgs/carla_msgs_s__rosidl_typesupport_fastrtps_c.cpython-310-x86_64-linux-gnu.so
[0.802s] -- Up-to-date symlink: /home/vd/carla-ros-bridge/catkin_ws/install/carla_msgs/local/lib/python3.10/dist-packages/carla_msgs/carla_msgs_s__rosidl_typesupport_introspection_c.cpython-310-x86_64-linux-gnu.so
[0.802s] -- Up-to-date symlink: /home/vd/carla-ros-bridge/catkin_ws/install/carla_msgs/local/lib/python3.10/dist-packages/carla_msgs/carla_msgs_s__rosidl_typesupport_c.cpython-310-x86_64-linux-gnu.so
[0.802s] -- Up-to-date symlink: /home/vd/carla-ros-bridge/catkin_ws/install/carla_msgs/share/carla_msgs/msg/CarlaBoundingBox.idl
[0.802s] -- Up-to-date symlink: /home/vd/carla-ros-bridge/catkin_ws/install/carla_msgs/share/carla_msgs/msg/CarlaEgoVehicleControl.idl
[0.802s] -- Up-to-date symlink: /home/vd/carla-ros-bridge/catkin_ws/install/carla_msgs/share/carla_msgs/msg/CarlaEgoVehicleStatus.idl
[0.802s] -- Up-to-date symlink: /home/vd/carla-ros-bridge/catkin_ws/install/carla_msgs/share/carla_msgs/msg/CarlaEgoVehicleInfoWheel.idl
[0.802s] -- Up-to-date symlink: /home/vd/carla-ros-bridge/catkin_ws/install/carla_msgs/share/carla_msgs/msg/CarlaEgoVehicleInfo.idl
[0.802s] -- Up-to-date symlink: /home/vd/carla-ros-bridge/catkin_ws/install/carla_msgs/share/carla_msgs/msg/CarlaCollisionEvent.idl
[0.802s] -- Up-to-date symlink: /home/vd/carla-ros-bridge/catkin_ws/install/carla_msgs/share/carla_msgs/msg/CarlaLaneInvasionEvent.idl
[0.802s] -- Up-to-date symlink: /home/vd/carla-ros-bridge/catkin_ws/install/carla_msgs/share/carla_msgs/msg/CarlaWorldInfo.idl
[0.802s] -- Up-to-date symlink: /home/vd/carla-ros-bridge/catkin_ws/install/carla_msgs/share/carla_msgs/msg/CarlaActorInfo.idl
[0.802s] -- Up-to-date symlink: /home/vd/carla-ros-bridge/catkin_ws/install/carla_msgs/share/carla_msgs/msg/CarlaActorList.idl
[0.802s] -- Up-to-date symlink: /home/vd/carla-ros-bridge/catkin_ws/install/carla_msgs/share/carla_msgs/msg/CarlaControl.idl
[0.802s] -- Up-to-date symlink: /home/vd/carla-ros-bridge/catkin_ws/install/carla_msgs/share/carla_msgs/msg/CarlaStatus.idl
[0.802s] -- Up-to-date symlink: /home/vd/carla-ros-bridge/catkin_ws/install/carla_msgs/share/carla_msgs/msg/CarlaTrafficLightInfo.idl
[0.802s] -- Up-to-date symlink: /home/vd/carla-ros-bridge/catkin_ws/install/carla_msgs/share/carla_msgs/msg/CarlaTrafficLightInfoList.idl
[0.802s] -- Up-to-date symlink: /home/vd/carla-ros-bridge/catkin_ws/install/carla_msgs/share/carla_msgs/msg/CarlaTrafficLightStatus.idl
[0.802s] -- Up-to-date symlink: /home/vd/carla-ros-bridge/catkin_ws/install/carla_msgs/share/carla_msgs/msg/CarlaTrafficLightStatusList.idl
[0.803s] -- Up-to-date symlink: /home/vd/carla-ros-bridge/catkin_ws/install/carla_msgs/share/carla_msgs/msg/CarlaWalkerControl.idl
[0.803s] -- Up-to-date symlink: /home/vd/carla-ros-bridge/catkin_ws/install/carla_msgs/share/carla_msgs/msg/CarlaWeatherParameters.idl
[0.803s] -- Up-to-date symlink: /home/vd/carla-ros-bridge/catkin_ws/install/carla_msgs/share/carla_msgs/srv/SpawnObject.idl
[0.803s] -- Up-to-date symlink: /home/vd/carla-ros-bridge/catkin_ws/install/carla_msgs/share/carla_msgs/srv/DestroyObject.idl
[0.803s] -- Up-to-date symlink: /home/vd/carla-ros-bridge/catkin_ws/install/carla_msgs/share/carla_msgs/srv/GetBlueprints.idl
[0.803s] -- Up-to-date symlink: /home/vd/carla-ros-bridge/catkin_ws/install/carla_msgs/share/carla_msgs/msg/CarlaBoundingBox.msg
[0.803s] -- Up-to-date symlink: /home/vd/carla-ros-bridge/catkin_ws/install/carla_msgs/share/carla_msgs/msg/CarlaEgoVehicleControl.msg
[0.803s] -- Up-to-date symlink: /home/vd/carla-ros-bridge/catkin_ws/install/carla_msgs/share/carla_msgs/msg/CarlaEgoVehicleStatus.msg
[0.803s] -- Up-to-date symlink: /home/vd/carla-ros-bridge/catkin_ws/install/carla_msgs/share/carla_msgs/msg/CarlaEgoVehicleInfoWheel.msg
[0.803s] -- Up-to-date symlink: /home/vd/carla-ros-bridge/catkin_ws/install/carla_msgs/share/carla_msgs/msg/CarlaEgoVehicleInfo.msg
[0.803s] -- Up-to-date symlink: /home/vd/carla-ros-bridge/catkin_ws/install/carla_msgs/share/carla_msgs/msg/CarlaCollisionEvent.msg
[0.803s] -- Up-to-date symlink: /home/vd/carla-ros-bridge/catkin_ws/install/carla_msgs/share/carla_msgs/msg/CarlaLaneInvasionEvent.msg
[0.803s] -- Up-to-date symlink: /home/vd/carla-ros-bridge/catkin_ws/install/carla_msgs/share/carla_msgs/msg/CarlaWorldInfo.msg
[0.803s] -- Up-to-date symlink: /home/vd/carla-ros-bridge/catkin_ws/install/carla_msgs/share/carla_msgs/msg/CarlaActorInfo.msg
[0.803s] -- Up-to-date symlink: /home/vd/carla-ros-bridge/catkin_ws/install/carla_msgs/share/carla_msgs/msg/CarlaActorList.msg
[0.803s] -- Up-to-date symlink: /home/vd/carla-ros-bridge/catkin_ws/install/carla_msgs/share/carla_msgs/msg/CarlaControl.msg
[0.803s] -- Up-to-date symlink: /home/vd/carla-ros-bridge/catkin_ws/install/carla_msgs/share/carla_msgs/msg/CarlaStatus.msg
[0.803s] -- Up-to-date symlink: /home/vd/carla-ros-bridge/catkin_ws/install/carla_msgs/share/carla_msgs/msg/CarlaTrafficLightInfo.msg
[0.804s] -- Up-to-date symlink: /home/vd/carla-ros-bridge/catkin_ws/install/carla_msgs/share/carla_msgs/msg/CarlaTrafficLightInfoList.msg
[0.804s] -- Up-to-date symlink: /home/vd/carla-ros-bridge/catkin_ws/install/carla_msgs/share/carla_msgs/msg/CarlaTrafficLightStatus.msg
[0.804s] -- Up-to-date symlink: /home/vd/carla-ros-bridge/catkin_ws/install/carla_msgs/share/carla_msgs/msg/CarlaTrafficLightStatusList.msg
[0.804s] -- Up-to-date symlink: /home/vd/carla-ros-bridge/catkin_ws/install/carla_msgs/share/carla_msgs/msg/CarlaWalkerControl.msg
[0.804s] -- Up-to-date symlink: /home/vd/carla-ros-bridge/catkin_ws/install/carla_msgs/share/carla_msgs/msg/CarlaWeatherParameters.msg
[0.804s] -- Up-to-date symlink: /home/vd/carla-ros-bridge/catkin_ws/install/carla_msgs/share/carla_msgs/srv/SpawnObject.srv
[0.804s] -- Up-to-date symlink: /home/vd/carla-ros-bridge/catkin_ws/install/carla_msgs/share/carla_msgs/srv/SpawnObject_Request.msg
[0.804s] -- Up-to-date symlink: /home/vd/carla-ros-bridge/catkin_ws/install/carla_msgs/share/carla_msgs/srv/SpawnObject_Response.msg
[0.804s] -- Up-to-date symlink: /home/vd/carla-ros-bridge/catkin_ws/install/carla_msgs/share/carla_msgs/srv/DestroyObject.srv
[0.804s] -- Up-to-date symlink: /home/vd/carla-ros-bridge/catkin_ws/install/carla_msgs/share/carla_msgs/srv/DestroyObject_Request.msg
[0.804s] -- Up-to-date symlink: /home/vd/carla-ros-bridge/catkin_ws/install/carla_msgs/share/carla_msgs/srv/DestroyObject_Response.msg
[0.804s] -- Up-to-date symlink: /home/vd/carla-ros-bridge/catkin_ws/install/carla_msgs/share/carla_msgs/srv/GetBlueprints.srv
[0.804s] -- Up-to-date symlink: /home/vd/carla-ros-bridge/catkin_ws/install/carla_msgs/share/carla_msgs/srv/GetBlueprints_Request.msg
[0.804s] -- Up-to-date symlink: /home/vd/carla-ros-bridge/catkin_ws/install/carla_msgs/share/carla_msgs/srv/GetBlueprints_Response.msg
[0.804s] -- Up-to-date symlink: /home/vd/carla-ros-bridge/catkin_ws/install/carla_msgs/share/ament_index/resource_index/package_run_dependencies/carla_msgs
[0.804s] -- Up-to-date symlink: /home/vd/carla-ros-bridge/catkin_ws/install/carla_msgs/share/ament_index/resource_index/parent_prefix_path/carla_msgs
[0.804s] -- Up-to-date symlink: /home/vd/carla-ros-bridge/catkin_ws/install/carla_msgs/share/carla_msgs/environment/ament_prefix_path.sh
[0.805s] -- Up-to-date symlink: /home/vd/carla-ros-bridge/catkin_ws/install/carla_msgs/share/carla_msgs/environment/ament_prefix_path.dsv
[0.805s] -- Up-to-date symlink: /home/vd/carla-ros-bridge/catkin_ws/install/carla_msgs/share/carla_msgs/environment/path.sh
[0.805s] -- Up-to-date symlink: /home/vd/carla-ros-bridge/catkin_ws/install/carla_msgs/share/carla_msgs/environment/path.dsv
[0.805s] -- Up-to-date symlink: /home/vd/carla-ros-bridge/catkin_ws/install/carla_msgs/share/carla_msgs/local_setup.bash
[0.805s] -- Up-to-date symlink: /home/vd/carla-ros-bridge/catkin_ws/install/carla_msgs/share/carla_msgs/local_setup.sh
[0.805s] -- Up-to-date symlink: /home/vd/carla-ros-bridge/catkin_ws/install/carla_msgs/share/carla_msgs/local_setup.zsh
[0.805s] -- Up-to-date symlink: /home/vd/carla-ros-bridge/catkin_ws/install/carla_msgs/share/carla_msgs/local_setup.dsv
[0.805s] -- Symlinking: /home/vd/carla-ros-bridge/catkin_ws/install/carla_msgs/share/carla_msgs/package.dsv
[0.806s] -- Up-to-date symlink: /home/vd/carla-ros-bridge/catkin_ws/install/carla_msgs/share/ament_index/resource_index/packages/carla_msgs
[0.806s] -- Up-to-date symlink: /home/vd/carla-ros-bridge/catkin_ws/install/carla_msgs/share/carla_msgs/cmake/rosidl_cmake-extras.cmake
[0.806s] -- Up-to-date symlink: /home/vd/carla-ros-bridge/catkin_ws/install/carla_msgs/share/carla_msgs/cmake/ament_cmake_export_dependencies-extras.cmake
[0.806s] -- Up-to-date symlink: /home/vd/carla-ros-bridge/catkin_ws/install/carla_msgs/share/carla_msgs/cmake/ament_cmake_export_include_directories-extras.cmake
[0.806s] -- Up-to-date symlink: /home/vd/carla-ros-bridge/catkin_ws/install/carla_msgs/share/carla_msgs/cmake/ament_cmake_export_libraries-extras.cmake
[0.806s] -- Up-to-date symlink: /home/vd/carla-ros-bridge/catkin_ws/install/carla_msgs/share/carla_msgs/cmake/ament_cmake_export_targets-extras.cmake
[0.806s] -- Up-to-date symlink: /home/vd/carla-ros-bridge/catkin_ws/install/carla_msgs/share/carla_msgs/cmake/rosidl_cmake_export_typesupport_targets-extras.cmake
[0.806s] -- Up-to-date symlink: /home/vd/carla-ros-bridge/catkin_ws/install/carla_msgs/share/carla_msgs/cmake/rosidl_cmake_export_typesupport_libraries-extras.cmake
[0.806s] -- Up-to-date symlink: /home/vd/carla-ros-bridge/catkin_ws/install/carla_msgs/share/carla_msgs/cmake/carla_msgsConfig.cmake
[0.806s] -- Up-to-date symlink: /home/vd/carla-ros-bridge/catkin_ws/install/carla_msgs/share/carla_msgs/cmake/carla_msgsConfig-version.cmake
[0.806s] -- Up-to-date symlink: /home/vd/carla-ros-bridge/catkin_ws/install/carla_msgs/share/carla_msgs/package.xml
[0.806s] -- Up-to-date: /home/vd/carla-ros-bridge/catkin_ws/install/carla_msgs/lib/libcarla_msgs__rosidl_generator_c.so
[0.806s] -- Up-to-date: /home/vd/carla-ros-bridge/catkin_ws/install/carla_msgs/lib/libcarla_msgs__rosidl_typesupport_fastrtps_c.so
[0.807s] -- Up-to-date: /home/vd/carla-ros-bridge/catkin_ws/install/carla_msgs/lib/libcarla_msgs__rosidl_typesupport_fastrtps_cpp.so
[0.807s] -- Up-to-date: /home/vd/carla-ros-bridge/catkin_ws/install/carla_msgs/lib/libcarla_msgs__rosidl_typesupport_introspection_c.so
[0.807s] -- Up-to-date: /home/vd/carla-ros-bridge/catkin_ws/install/carla_msgs/lib/libcarla_msgs__rosidl_typesupport_c.so
[0.807s] -- Up-to-date: /home/vd/carla-ros-bridge/catkin_ws/install/carla_msgs/lib/libcarla_msgs__rosidl_typesupport_introspection_cpp.so
[0.807s] -- Up-to-date: /home/vd/carla-ros-bridge/catkin_ws/install/carla_msgs/lib/libcarla_msgs__rosidl_typesupport_cpp.so
[0.839s] Listing '/home/vd/carla-ros-bridge/catkin_ws/install/carla_msgs/local/lib/python3.10/dist-packages/carla_msgs'...
[0.839s] Listing '/home/vd/carla-ros-bridge/catkin_ws/install/carla_msgs/local/lib/python3.10/dist-packages/carla_msgs/msg'...
[0.839s] Listing '/home/vd/carla-ros-bridge/catkin_ws/install/carla_msgs/local/lib/python3.10/dist-packages/carla_msgs/srv'...
[0.841s] -- Up-to-date: /home/vd/carla-ros-bridge/catkin_ws/install/carla_msgs/lib/libcarla_msgs__rosidl_generator_py.so
[0.842s] -- Up-to-date: /home/vd/carla-ros-bridge/catkin_ws/install/carla_msgs/share/carla_msgs/cmake/export_carla_msgs__rosidl_generator_cExport.cmake
[0.842s] -- Up-to-date: /home/vd/carla-ros-bridge/catkin_ws/install/carla_msgs/share/carla_msgs/cmake/export_carla_msgs__rosidl_generator_cExport-noconfig.cmake
[0.842s] -- Up-to-date: /home/vd/carla-ros-bridge/catkin_ws/install/carla_msgs/share/carla_msgs/cmake/export_carla_msgs__rosidl_typesupport_fastrtps_cExport.cmake
[0.842s] -- Up-to-date: /home/vd/carla-ros-bridge/catkin_ws/install/carla_msgs/share/carla_msgs/cmake/export_carla_msgs__rosidl_typesupport_fastrtps_cExport-noconfig.cmake
[0.842s] -- Up-to-date: /home/vd/carla-ros-bridge/catkin_ws/install/carla_msgs/share/carla_msgs/cmake/export_carla_msgs__rosidl_generator_cppExport.cmake
[0.842s] -- Up-to-date: /home/vd/carla-ros-bridge/catkin_ws/install/carla_msgs/share/carla_msgs/cmake/export_carla_msgs__rosidl_typesupport_fastrtps_cppExport.cmake
[0.842s] -- Up-to-date: /home/vd/carla-ros-bridge/catkin_ws/install/carla_msgs/share/carla_msgs/cmake/export_carla_msgs__rosidl_typesupport_fastrtps_cppExport-noconfig.cmake
[0.842s] -- Up-to-date: /home/vd/carla-ros-bridge/catkin_ws/install/carla_msgs/share/carla_msgs/cmake/carla_msgs__rosidl_typesupport_introspection_cExport.cmake
[0.842s] -- Up-to-date: /home/vd/carla-ros-bridge/catkin_ws/install/carla_msgs/share/carla_msgs/cmake/carla_msgs__rosidl_typesupport_introspection_cExport-noconfig.cmake
[0.843s] -- Up-to-date: /home/vd/carla-ros-bridge/catkin_ws/install/carla_msgs/share/carla_msgs/cmake/carla_msgs__rosidl_typesupport_cExport.cmake
[0.843s] -- Up-to-date: /home/vd/carla-ros-bridge/catkin_ws/install/carla_msgs/share/carla_msgs/cmake/carla_msgs__rosidl_typesupport_cExport-noconfig.cmake
[0.843s] -- Up-to-date: /home/vd/carla-ros-bridge/catkin_ws/install/carla_msgs/share/carla_msgs/cmake/carla_msgs__rosidl_typesupport_introspection_cppExport.cmake
[0.843s] -- Up-to-date: /home/vd/carla-ros-bridge/catkin_ws/install/carla_msgs/share/carla_msgs/cmake/carla_msgs__rosidl_typesupport_introspection_cppExport-noconfig.cmake
[0.843s] -- Up-to-date: /home/vd/carla-ros-bridge/catkin_ws/install/carla_msgs/share/carla_msgs/cmake/carla_msgs__rosidl_typesupport_cppExport.cmake
[0.843s] -- Up-to-date: /home/vd/carla-ros-bridge/catkin_ws/install/carla_msgs/share/carla_msgs/cmake/carla_msgs__rosidl_typesupport_cppExport-noconfig.cmake
[0.843s] -- Up-to-date: /home/vd/carla-ros-bridge/catkin_ws/install/carla_msgs/share/carla_msgs/cmake/export_carla_msgs__rosidl_generator_pyExport.cmake
[0.843s] -- Up-to-date: /home/vd/carla-ros-bridge/catkin_ws/install/carla_msgs/share/carla_msgs/cmake/export_carla_msgs__rosidl_generator_pyExport-noconfig.cmake
[0.853s] Invoked command in '/home/vd/carla-ros-bridge/catkin_ws/build/carla_msgs' returned '0': CMAKE_PREFIX_PATH=/home/vd/carla-ros-bridge/catkin_ws/install/pcl_recorder:/home/vd/carla-ros-bridge/catkin_ws/install/carla_ad_demo:/home/vd/carla-ros-bridge/catkin_ws/install/rviz_carla_plugin:/home/vd/carla-ros-bridge/catkin_ws/install/carla_waypoint_types:/home/vd/carla-ros-bridge/catkin_ws/install/carla_ros_scenario_runner_types:/home/vd/carla-ros-bridge/catkin_ws/install/carla_ackermann_msgs:/home/vd/carla-ros-bridge/catkin_ws/install/carla_msgs:/home/vd/microros_test/install/micro_ros_setup:/home/vd/microros_test/install/micro_ros_agent:/home/vd/microros_test/install/micro_ros_msgs:/home/vd/ros2_ws/install/rtabmap_ros:/home/vd/ros2_ws/install/rtabmap_demos:/home/vd/ros2_ws/install/turtlebot3_gazebo:/home/vd/ros2_ws/install/rtabmap_launch:/home/vd/ros2_ws/install/rtabmap_examples:/home/vd/ros2_ws/install/rtabmap_viz:/home/vd/ros2_ws/install/rtabmap_slam:/home/vd/ros2_ws/install/rtabmap_odom:/home/vd/ros2_ws/install/rtabmap_util:/home/vd/ros2_ws/install/rtabmap_sync:/home/vd/ros2_ws/install/rtabmap_rviz_plugins:/home/vd/ros2_ws/install/rtabmap_conversions:/home/vd/carla-ros-bridge/catkin_ws/install/carla_ackermann_control:/home/vd/carla-ros-bridge/catkin_ws/install/carla_ros_bridge:/home/vd/carla-ros-bridge/catkin_ws/install/mpc_ros:/home/vd/carla-ros-bridge/catkin_ws/install/rqt_carla_control:/home/vd/carla-ros-bridge/catkin_ws/install/carla_waypoint_publisher:/home/vd/carla-ros-bridge/catkin_ws/install/carla_spawn_objects:/home/vd/carla-ros-bridge/catkin_ws/install/carla_manual_control:/home/vd/carla-ros-bridge/catkin_ws/install/carla_ad_agent:/home/vd/carla-ros-bridge/catkin_ws/install/ros_compatibility:/home/vd/carla-ros-bridge/catkin_ws/install/carla_walker_agent:/home/vd/carla-ros-bridge/catkin_ws/install/carla_twist_to_control:/home/vd/carla-ros-bridge/catkin_ws/install/carla_ros_scenario_runner:/home/vd/carla-ros-bridge/catkin_ws/install/carla_common:/home/vd/microros_test/install/ackerman_commando:/home/vd/ros2_ws/install/rtabmap_python:/home/vd/ros2_ws/install/robot_math:/home/vd/ros2_ws/install/my_robot_controller:/home/vd/ros2_ws/install/isaac_ros_test:/home/vd/turtlebot3_ws/install/turtlebot3_teleop:/home/vd/turtlebot3_ws/install/turtlebot3_example:/opt/ros/humble:/home/vd/ros2_ws/install/rtabmap_msgs:/home/vd/ros2_ws/install/rtabmap:/home/vd/ros2_ws/install/realsense2_description:/home/vd/ros2_ws/install/realsense2_camera:/home/vd/ros2_ws/install/realsense2_camera_msgs:/home/vd/ros2_ws/install/point_cloud_perception:/home/vd/ros2_ws/install/omnidirectional_controllers:/home/vd/ros2_ws/install/nvidia_kaya:/home/vd/ros2_ws/install/nodes:/home/vd/ros2_ws/install/navigation_tb3:/home/vd/ros2_ws/install/nanosaur_perception:/home/vd/ros2_ws/install/nanosaur:/home/vd/ros2_ws/install/nanosaur_msgs:/home/vd/ros2_ws/install/nanosaur_description:/home/vd/ros2_ws/install/nanosaur_control:/home/vd/ros2_ws/install/my_package:/home/vd/ros2_ws/install/isaac_ros_visual_slam_interfaces:/home/vd/ros2_ws/install/dynamixel_sdk_examples:/home/vd/ros2_ws/install/dynamixel_sdk_custom_interfaces:/home/vd/ros2_ws/install/dynamixel_sdk:/home/vd/ros2_ws/install/articubot_one:/home/vd/turtlebot3_ws/install/turtlebot3:/home/vd/turtlebot3_ws/install/turtlebot3_bringup:/home/vd/turtlebot3_ws/install/turtlebot3_node:/home/vd/turtlebot3_ws/install/turtlebot3_description:/home/vd/turtlebot3_ws/install/ld08_driver:/home/vd/yolobot/install/yolov8_msgs:/home/vd/yolobot/install/yolobot_recognition:/home/vd/yolobot/install/yolobot_gazebo:/home/vd/yolobot/install/yolobot_description:/home/vd/yolobot/install/yolobot_control /usr/bin/cmake --install /home/vd/carla-ros-bridge/catkin_ws/build/carla_msgs
